# Logfile created on 2026-02-16 21:08:28 +0100 by logger.rb/v1.6.0
2026-02-16 21:08:28 +0100: Memory Usage (422084K) : Starting running IHP-SG13G2 KLayout DRC runset on /home/cmaier/EDA/PUDDING/gds/analog_wires.gds
2026-02-16 21:08:28 +0100: Memory Usage (422084K) : Ruby Version for klayout: 3.3.10
2026-02-16 21:08:28 +0100: Memory Usage (423116K) : Loading database to memory is complete.
2026-02-16 21:08:28 +0100: Memory Usage (423116K) : IHP-SG13G2 KLayout DRC runset output at: /home/cmaier/EDA/PUDDING/gds/drc_run_pmos_buffer_cap/analog_wires_pmos_buffer_cap_main.lyrdb
2026-02-16 21:08:28 +0100: Memory Usage (423284K) : Evaluate switches.
2026-02-16 21:08:28 +0100: Memory Usage (423284K) : tables selected: main
2026-02-16 21:08:28 +0100: Memory Usage (423284K) : KLayout will use 1 thread(s) in tiling mode.
2026-02-16 21:08:28 +0100: Memory Usage (423284K) : deep mode is enabled.
2026-02-16 21:08:28 +0100: Memory Usage (423284K) : FEOL enabled: true
2026-02-16 21:08:28 +0100: Memory Usage (423284K) : BEOL enabled: true
2026-02-16 21:08:28 +0100: Memory Usage (423284K) : OFFGRID enabled: true
2026-02-16 21:08:28 +0100: Memory Usage (423284K) : PIN enabled: true
2026-02-16 21:08:28 +0100: Memory Usage (423284K) : FORBIDDEN enabled: true
2026-02-16 21:08:28 +0100: Memory Usage (423284K) : RECOMMENDED enabled: true
2026-02-16 21:08:28 +0100: Memory Usage (423284K) : PreCheck DRC enabled: false
2026-02-16 21:08:28 +0100: Memory Usage (423284K) : CONNECTIVITY_RULES enabled: true.
2026-02-16 21:08:28 +0100: Memory Usage (423284K) : Read in polygons from layers.
2026-02-16 21:08:28 +0100: Memory Usage (424468K) : activ_drw has 5 polygons
2026-02-16 21:08:28 +0100: Memory Usage (424468K) : activ_pin has 0 polygons
2026-02-16 21:08:28 +0100: Memory Usage (424468K) : activ_mask has 0 polygons
2026-02-16 21:08:28 +0100: Memory Usage (424468K) : activ_filler has 0 polygons
2026-02-16 21:08:28 +0100: Memory Usage (424468K) : activ_nofill has 0 polygons
2026-02-16 21:08:28 +0100: Memory Usage (424468K) : activ_opc has 0 polygons
2026-02-16 21:08:28 +0100: Memory Usage (424468K) : activ_iopc has 0 polygons
2026-02-16 21:08:28 +0100: Memory Usage (424468K) : activ_noqrc has 0 polygons
2026-02-16 21:08:28 +0100: Memory Usage (424468K) : biwind_drw has 0 polygons
2026-02-16 21:08:28 +0100: Memory Usage (424468K) : biwind_opc has 0 polygons
2026-02-16 21:08:28 +0100: Memory Usage (424468K) : pemwind_drw has 0 polygons
2026-02-16 21:08:28 +0100: Memory Usage (424468K) : gatpoly_drw has 2 polygons
2026-02-16 21:08:28 +0100: Memory Usage (424468K) : gatpoly_pin has 1 polygons
2026-02-16 21:08:28 +0100: Memory Usage (424468K) : gatpoly_filler has 0 polygons
2026-02-16 21:08:28 +0100: Memory Usage (424468K) : gatpoly_nofill has 0 polygons
2026-02-16 21:08:28 +0100: Memory Usage (424468K) : gatpoly_opc has 0 polygons
2026-02-16 21:08:28 +0100: Memory Usage (424468K) : gatpoly_iopc has 0 polygons
2026-02-16 21:08:28 +0100: Memory Usage (424596K) : gatpoly_noqrc has 0 polygons
2026-02-16 21:08:28 +0100: Memory Usage (424596K) : cont_drw has 138 polygons
2026-02-16 21:08:28 +0100: Memory Usage (424596K) : cont_opc has 0 polygons
2026-02-16 21:08:28 +0100: Memory Usage (424596K) : nsd_drw has 0 polygons
2026-02-16 21:08:28 +0100: Memory Usage (424596K) : nsd_block has 0 polygons
2026-02-16 21:08:28 +0100: Memory Usage (424596K) : metal1_drw has 7 polygons
2026-02-16 21:08:28 +0100: Memory Usage (424724K) : metal1_pin has 2 polygons
2026-02-16 21:08:28 +0100: Memory Usage (424724K) : metal1_mask has 0 polygons
2026-02-16 21:08:28 +0100: Memory Usage (424724K) : metal1_filler has 0 polygons
2026-02-16 21:08:28 +0100: Memory Usage (424724K) : metal1_nofill has 0 polygons
2026-02-16 21:08:28 +0100: Memory Usage (424724K) : metal1_slit has 0 polygons
2026-02-16 21:08:28 +0100: Memory Usage (424724K) : metal1_text has 0 polygons
2026-02-16 21:08:28 +0100: Memory Usage (424724K) : metal1_opc has 0 polygons
2026-02-16 21:08:28 +0100: Memory Usage (424724K) : metal1_noqrc has 0 polygons
2026-02-16 21:08:28 +0100: Memory Usage (424724K) : metal1_res has 0 polygons
2026-02-16 21:08:28 +0100: Memory Usage (424852K) : metal1_iprobe has 0 polygons
2026-02-16 21:08:28 +0100: Memory Usage (424980K) : metal1_diffprb has 0 polygons
2026-02-16 21:08:28 +0100: Memory Usage (424980K) : passiv_drw has 0 polygons
2026-02-16 21:08:28 +0100: Memory Usage (424980K) : passiv_pin has 0 polygons
2026-02-16 21:08:28 +0100: Memory Usage (424980K) : passiv_sbump has 0 polygons
2026-02-16 21:08:28 +0100: Memory Usage (424980K) : passiv_pillar has 0 polygons
2026-02-16 21:08:28 +0100: Memory Usage (424980K) : passiv_pdl has 0 polygons
2026-02-16 21:08:28 +0100: Memory Usage (424980K) : metal2_drw has 0 polygons
2026-02-16 21:08:28 +0100: Memory Usage (425108K) : metal2_pin has 0 polygons
2026-02-16 21:08:28 +0100: Memory Usage (425108K) : metal2_mask has 0 polygons
2026-02-16 21:08:28 +0100: Memory Usage (425236K) : metal2_filler has 0 polygons
2026-02-16 21:08:28 +0100: Memory Usage (425236K) : metal2_nofill has 0 polygons
2026-02-16 21:08:28 +0100: Memory Usage (425364K) : metal2_slit has 0 polygons
2026-02-16 21:08:28 +0100: Memory Usage (425364K) : metal2_text has 0 polygons
2026-02-16 21:08:28 +0100: Memory Usage (425492K) : metal2_opc has 0 polygons
2026-02-16 21:08:28 +0100: Memory Usage (425492K) : metal2_noqrc has 0 polygons
2026-02-16 21:08:28 +0100: Memory Usage (425620K) : metal2_res has 0 polygons
2026-02-16 21:08:28 +0100: Memory Usage (425620K) : metal2_iprobe has 0 polygons
2026-02-16 21:08:28 +0100: Memory Usage (425748K) : metal2_diffprb has 0 polygons
2026-02-16 21:08:28 +0100: Memory Usage (425748K) : baspoly_drw has 0 polygons
2026-02-16 21:08:28 +0100: Memory Usage (425748K) : baspoly_pin has 0 polygons
2026-02-16 21:08:28 +0100: Memory Usage (425748K) : psd_drw has 1 polygons
2026-02-16 21:08:28 +0100: Memory Usage (425748K) : nldb_drw has 0 polygons
2026-02-16 21:08:28 +0100: Memory Usage (425748K) : digibnd_drw has 0 polygons
2026-02-16 21:08:28 +0100: Memory Usage (425748K) : via1_drw has 0 polygons
2026-02-16 21:08:28 +0100: Memory Usage (425876K) : backmetal1_drw has 0 polygons
2026-02-16 21:08:28 +0100: Memory Usage (425876K) : backmetal1_pin has 0 polygons
2026-02-16 21:08:28 +0100: Memory Usage (426004K) : backmetal1_mask has 0 polygons
2026-02-16 21:08:28 +0100: Memory Usage (426004K) : backmetal1_filler has 0 polygons
2026-02-16 21:08:28 +0100: Memory Usage (426132K) : backmetal1_nofill has 0 polygons
2026-02-16 21:08:28 +0100: Memory Usage (426132K) : backmetal1_slit has 0 polygons
2026-02-16 21:08:28 +0100: Memory Usage (426132K) : backmetal1_text has 0 polygons
2026-02-16 21:08:28 +0100: Memory Usage (426260K) : backmetal1_opc has 0 polygons
2026-02-16 21:08:28 +0100: Memory Usage (426260K) : backmetal1_noqrc has 0 polygons
2026-02-16 21:08:28 +0100: Memory Usage (426388K) : backmetal1_res has 0 polygons
2026-02-16 21:08:28 +0100: Memory Usage (426388K) : backmetal1_iprobe has 0 polygons
2026-02-16 21:08:28 +0100: Memory Usage (426516K) : backmetal1_diffprb has 0 polygons
2026-02-16 21:08:28 +0100: Memory Usage (426644K) : backpassiv_drw has 0 polygons
2026-02-16 21:08:28 +0100: Memory Usage (426644K) : res_drw has 0 polygons
2026-02-16 21:08:28 +0100: Memory Usage (426772K) : sram_drw has 0 polygons
2026-02-16 21:08:28 +0100: Memory Usage (426772K) : trans_drw has 0 polygons
2026-02-16 21:08:28 +0100: Memory Usage (426900K) : ind_drw has 0 polygons
2026-02-16 21:08:28 +0100: Memory Usage (426900K) : ind_pin has 0 polygons
2026-02-16 21:08:28 +0100: Memory Usage (426900K) : ind_text has 0 polygons
2026-02-16 21:08:28 +0100: Memory Usage (427028K) : salblock_drw has 0 polygons
2026-02-16 21:08:28 +0100: Memory Usage (427028K) : via2_drw has 0 polygons
2026-02-16 21:08:28 +0100: Memory Usage (427156K) : metal3_drw has 0 polygons
2026-02-16 21:08:28 +0100: Memory Usage (427284K) : metal3_pin has 0 polygons
2026-02-16 21:08:28 +0100: Memory Usage (427284K) : metal3_mask has 0 polygons
2026-02-16 21:08:28 +0100: Memory Usage (427412K) : metal3_filler has 0 polygons
2026-02-16 21:08:28 +0100: Memory Usage (427412K) : metal3_nofill has 0 polygons
2026-02-16 21:08:28 +0100: Memory Usage (427412K) : metal3_slit has 0 polygons
2026-02-16 21:08:28 +0100: Memory Usage (427540K) : metal3_text has 0 polygons
2026-02-16 21:08:28 +0100: Memory Usage (427540K) : metal3_opc has 0 polygons
2026-02-16 21:08:28 +0100: Memory Usage (427668K) : metal3_noqrc has 0 polygons
2026-02-16 21:08:28 +0100: Memory Usage (427668K) : metal3_res has 0 polygons
2026-02-16 21:08:28 +0100: Memory Usage (427796K) : metal3_iprobe has 0 polygons
2026-02-16 21:08:28 +0100: Memory Usage (427796K) : metal3_diffprb has 0 polygons
2026-02-16 21:08:28 +0100: Memory Usage (427924K) : nwell_drw has 2 polygons
2026-02-16 21:08:28 +0100: Memory Usage (428180K) : nwell_pin has 0 polygons
2026-02-16 21:08:28 +0100: Memory Usage (428180K) : nbulay_drw has 0 polygons
2026-02-16 21:08:28 +0100: Memory Usage (428308K) : nbulay_pin has 0 polygons
2026-02-16 21:08:28 +0100: Memory Usage (428308K) : nbulay_block has 0 polygons
2026-02-16 21:08:28 +0100: Memory Usage (428308K) : emwind_drw has 0 polygons
2026-02-16 21:08:28 +0100: Memory Usage (428308K) : emwind_opc has 0 polygons
2026-02-16 21:08:28 +0100: Memory Usage (428308K) : deepco_drw has 0 polygons
2026-02-16 21:08:28 +0100: Memory Usage (428308K) : deepco_drw has 0 polygons
2026-02-16 21:08:28 +0100: Memory Usage (428436K) : mim_drw has 0 polygons
2026-02-16 21:08:28 +0100: Memory Usage (428436K) : edgeseal_drw has 0 polygons
2026-02-16 21:08:28 +0100: Memory Usage (428564K) : edgeseal_bound has 0 polygons
2026-02-16 21:08:28 +0100: Memory Usage (428564K) : substrate_drw has 1 polygons
2026-02-16 21:08:28 +0100: Memory Usage (428692K) : substrate_text has 0 polygons
2026-02-16 21:08:28 +0100: Memory Usage (428692K) : dfpad_drw has 0 polygons
2026-02-16 21:08:28 +0100: Memory Usage (428820K) : dfpad_pillar has 0 polygons
2026-02-16 21:08:28 +0100: Memory Usage (428820K) : dfpad_sbump has 0 polygons
2026-02-16 21:08:28 +0100: Memory Usage (428948K) : thickgateox_drw has 1 polygons
2026-02-16 21:08:28 +0100: Memory Usage (428948K) : pldb_drw has 0 polygons
2026-02-16 21:08:28 +0100: Memory Usage (429076K) : pwell_drw has 0 polygons
2026-02-16 21:08:28 +0100: Memory Usage (429076K) : pwell_pin has 0 polygons
2026-02-16 21:08:28 +0100: Memory Usage (429204K) : pwell_block has 0 polygons
2026-02-16 21:08:28 +0100: Memory Usage (429204K) : ic_drw has 0 polygons
2026-02-16 21:08:28 +0100: Memory Usage (429332K) : via3_drw has 0 polygons
2026-02-16 21:08:28 +0100: Memory Usage (429332K) : metal4_drw has 0 polygons
2026-02-16 21:08:28 +0100: Memory Usage (429460K) : metal4_pin has 0 polygons
2026-02-16 21:08:28 +0100: Memory Usage (429460K) : metal4_mask has 0 polygons
2026-02-16 21:08:28 +0100: Memory Usage (429588K) : metal4_filler has 0 polygons
2026-02-16 21:08:28 +0100: Memory Usage (429588K) : metal4_nofill has 0 polygons
2026-02-16 21:08:28 +0100: Memory Usage (429716K) : metal4_slit has 0 polygons
2026-02-16 21:08:28 +0100: Memory Usage (429716K) : metal4_text has 0 polygons
2026-02-16 21:08:28 +0100: Memory Usage (429844K) : metal4_opc has 0 polygons
2026-02-16 21:08:28 +0100: Memory Usage (429844K) : metal4_noqrc has 0 polygons
2026-02-16 21:08:28 +0100: Memory Usage (429972K) : metal4_res has 0 polygons
2026-02-16 21:08:28 +0100: Memory Usage (429972K) : metal4_iprobe has 0 polygons
2026-02-16 21:08:28 +0100: Memory Usage (430100K) : metal4_diffprb has 0 polygons
2026-02-16 21:08:28 +0100: Memory Usage (430100K) : heattrans_drw has 1 polygons
2026-02-16 21:08:28 +0100: Memory Usage (430228K) : heatres_drw has 0 polygons
2026-02-16 21:08:28 +0100: Memory Usage (430228K) : pempoly_drw has 0 polygons
2026-02-16 21:08:28 +0100: Memory Usage (430356K) : fbe_drw has 0 polygons
2026-02-16 21:08:28 +0100: Memory Usage (430356K) : empoly_drw has 0 polygons
2026-02-16 21:08:28 +0100: Memory Usage (430484K) : ldmos_drw has 0 polygons
2026-02-16 21:08:28 +0100: Memory Usage (430484K) : pbiwind_drw has 0 polygons
2026-02-16 21:08:28 +0100: Memory Usage (430612K) : digisub_drw has 0 polygons
2026-02-16 21:08:28 +0100: Memory Usage (430612K) : nodrc_drw has 0 polygons
2026-02-16 21:08:28 +0100: Memory Usage (430880K) : text_drw has 1 polygons
2026-02-16 21:08:28 +0100: Memory Usage (430880K) : via4_drw has 0 polygons
2026-02-16 21:08:28 +0100: Memory Usage (431008K) : metal5_drw has 0 polygons
2026-02-16 21:08:28 +0100: Memory Usage (431008K) : metal5_pin has 0 polygons
2026-02-16 21:08:28 +0100: Memory Usage (431136K) : metal5_mask has 0 polygons
2026-02-16 21:08:28 +0100: Memory Usage (431136K) : metal5_filler has 0 polygons
2026-02-16 21:08:28 +0100: Memory Usage (431264K) : metal5_nofill has 0 polygons
2026-02-16 21:08:28 +0100: Memory Usage (431264K) : metal5_slit has 0 polygons
2026-02-16 21:08:28 +0100: Memory Usage (431392K) : metal5_text has 0 polygons
2026-02-16 21:08:28 +0100: Memory Usage (431392K) : metal5_opc has 0 polygons
2026-02-16 21:08:28 +0100: Memory Usage (431520K) : metal5_noqrc has 0 polygons
2026-02-16 21:08:28 +0100: Memory Usage (431520K) : metal5_res has 0 polygons
2026-02-16 21:08:28 +0100: Memory Usage (431648K) : metal5_iprobe has 0 polygons
2026-02-16 21:08:28 +0100: Memory Usage (431648K) : metal5_diffprb has 0 polygons
2026-02-16 21:08:28 +0100: Memory Usage (431776K) : radhard_drw has 0 polygons
2026-02-16 21:08:28 +0100: Memory Usage (431776K) : memcap_drw has 0 polygons
2026-02-16 21:08:28 +0100: Memory Usage (431904K) : varicap_drw has 0 polygons
2026-02-16 21:08:28 +0100: Memory Usage (431904K) : flash_drw has 0 polygons
2026-02-16 21:08:28 +0100: Memory Usage (432032K) : intbondvia_drw has 0 polygons
2026-02-16 21:08:28 +0100: Memory Usage (432160K) : intbondmet_drw has 0 polygons
2026-02-16 21:08:28 +0100: Memory Usage (432160K) : devbondvia_drw has 0 polygons
2026-02-16 21:08:28 +0100: Memory Usage (432160K) : devbondmet_drw has 0 polygons
2026-02-16 21:08:28 +0100: Memory Usage (432160K) : devtrench_drw has 0 polygons
2026-02-16 21:08:28 +0100: Memory Usage (432160K) : redist_drw has 0 polygons
2026-02-16 21:08:28 +0100: Memory Usage (432160K) : graphbot_drw has 0 polygons
2026-02-16 21:08:28 +0100: Memory Usage (432160K) : graphtop_drw has 0 polygons
2026-02-16 21:08:28 +0100: Memory Usage (432160K) : antvia1_drw has 0 polygons
2026-02-16 21:08:28 +0100: Memory Usage (432160K) : antmetal2_drw has 0 polygons
2026-02-16 21:08:28 +0100: Memory Usage (432160K) : graphcont_drw has 0 polygons
2026-02-16 21:08:28 +0100: Memory Usage (432160K) : siwg_drw has 0 polygons
2026-02-16 21:08:28 +0100: Memory Usage (432160K) : siwg_filler has 0 polygons
2026-02-16 21:08:28 +0100: Memory Usage (432160K) : siwg_nofill has 0 polygons
2026-02-16 21:08:28 +0100: Memory Usage (432160K) : sigrating_drw has 0 polygons
2026-02-16 21:08:28 +0100: Memory Usage (432160K) : singrating_drw has 0 polygons
2026-02-16 21:08:28 +0100: Memory Usage (432160K) : graphpas_drw has 0 polygons
2026-02-16 21:08:28 +0100: Memory Usage (432160K) : emwind3_drw has 0 polygons
2026-02-16 21:08:28 +0100: Memory Usage (432160K) : emwihv3_drw has 0 polygons
2026-02-16 21:08:28 +0100: Memory Usage (432160K) : redbulay_drw has 0 polygons
2026-02-16 21:08:28 +0100: Memory Usage (432160K) : smos_drw has 0 polygons
2026-02-16 21:08:28 +0100: Memory Usage (432160K) : graphpad_drw has 0 polygons
2026-02-16 21:08:28 +0100: Memory Usage (432160K) : polimide_drw has 0 polygons
2026-02-16 21:08:28 +0100: Memory Usage (432160K) : polimide_pin has 0 polygons
2026-02-16 21:08:28 +0100: Memory Usage (432160K) : recog_drw has 0 polygons
2026-02-16 21:08:28 +0100: Memory Usage (432160K) : recog_pin has 0 polygons
2026-02-16 21:08:28 +0100: Memory Usage (432160K) : recog_esd has 0 polygons
2026-02-16 21:08:28 +0100: Memory Usage (432160K) : recog_diode has 0 polygons
2026-02-16 21:08:28 +0100: Memory Usage (432160K) : recog_tsv has 0 polygons
2026-02-16 21:08:28 +0100: Memory Usage (432160K) : recog_iprobe has 0 polygons
2026-02-16 21:08:28 +0100: Memory Usage (432160K) : recog_diffprb has 0 polygons
2026-02-16 21:08:28 +0100: Memory Usage (432160K) : recog_pillar has 0 polygons
2026-02-16 21:08:28 +0100: Memory Usage (432160K) : recog_sbump has 0 polygons
2026-02-16 21:08:28 +0100: Memory Usage (432160K) : recog_otp has 0 polygons
2026-02-16 21:08:28 +0100: Memory Usage (432160K) : recog_pdiode has 0 polygons
2026-02-16 21:08:28 +0100: Memory Usage (432160K) : recog_mom has 0 polygons
2026-02-16 21:08:28 +0100: Memory Usage (432160K) : recog_pcm has 0 polygons
2026-02-16 21:08:28 +0100: Memory Usage (432160K) : colopen_drw has 0 polygons
2026-02-16 21:08:28 +0100: Memory Usage (432160K) : graphmetal1_drw has 0 polygons
2026-02-16 21:08:28 +0100: Memory Usage (432160K) : graphmetal1_filler has 0 polygons
2026-02-16 21:08:28 +0100: Memory Usage (432160K) : graphmetal1_nofill has 0 polygons
2026-02-16 21:08:28 +0100: Memory Usage (432160K) : graphmetal1_slit has 0 polygons
2026-02-16 21:08:28 +0100: Memory Usage (432160K) : graphmetal1_opc has 0 polygons
2026-02-16 21:08:28 +0100: Memory Usage (432160K) : graphmet1l_drw has 0 polygons
2026-02-16 21:08:28 +0100: Memory Usage (432160K) : graphmet1l_filler has 0 polygons
2026-02-16 21:08:28 +0100: Memory Usage (432160K) : graphmet1l_nofill has 0 polygons
2026-02-16 21:08:28 +0100: Memory Usage (432160K) : graphmet1l_slit has 0 polygons
2026-02-16 21:08:28 +0100: Memory Usage (432160K) : graphmet1l_opc has 0 polygons
2026-02-16 21:08:28 +0100: Memory Usage (432160K) : extblock_drw has 0 polygons
2026-02-16 21:08:28 +0100: Memory Usage (432160K) : nldd_drw has 0 polygons
2026-02-16 21:08:28 +0100: Memory Usage (432160K) : pldd_drw has 0 polygons
2026-02-16 21:08:28 +0100: Memory Usage (432160K) : next_drw has 0 polygons
2026-02-16 21:08:28 +0100: Memory Usage (432160K) : pext_drw has 0 polygons
2026-02-16 21:08:28 +0100: Memory Usage (432160K) : nexthv_drw has 0 polygons
2026-02-16 21:08:28 +0100: Memory Usage (432160K) : pexthv_drw has 0 polygons
2026-02-16 21:08:28 +0100: Memory Usage (432160K) : graphgate_drw has 0 polygons
2026-02-16 21:08:28 +0100: Memory Usage (432160K) : sinwg_drw has 0 polygons
2026-02-16 21:08:28 +0100: Memory Usage (432288K) : sinwg_filler has 0 polygons
2026-02-16 21:08:28 +0100: Memory Usage (432288K) : sinwg_nofill has 0 polygons
2026-02-16 21:08:28 +0100: Memory Usage (432416K) : mempad_drw has 0 polygons
2026-02-16 21:08:28 +0100: Memory Usage (432416K) : topvia1_drw has 0 polygons
2026-02-16 21:08:28 +0100: Memory Usage (432544K) : topmetal1_drw has 0 polygons
2026-02-16 21:08:28 +0100: Memory Usage (432544K) : topmetal1_pin has 0 polygons
2026-02-16 21:08:28 +0100: Memory Usage (432672K) : topmetal1_mask has 0 polygons
2026-02-16 21:08:28 +0100: Memory Usage (432672K) : topmetal1_filler has 0 polygons
2026-02-16 21:08:28 +0100: Memory Usage (432800K) : topmetal1_nofill has 0 polygons
2026-02-16 21:08:28 +0100: Memory Usage (432800K) : topmetal1_slit has 0 polygons
2026-02-16 21:08:28 +0100: Memory Usage (432928K) : topmetal1_text has 0 polygons
2026-02-16 21:08:28 +0100: Memory Usage (432928K) : topmetal1_noqrc has 0 polygons
2026-02-16 21:08:28 +0100: Memory Usage (433056K) : topmetal1_res has 0 polygons
2026-02-16 21:08:28 +0100: Memory Usage (433056K) : topmetal1_iprobe has 0 polygons
2026-02-16 21:08:28 +0100: Memory Usage (433184K) : topmetal1_diffprb has 0 polygons
2026-02-16 21:08:28 +0100: Memory Usage (433184K) : inldpwl_drw has 0 polygons
2026-02-16 21:08:28 +0100: Memory Usage (433312K) : polyres_drw has 0 polygons
2026-02-16 21:08:28 +0100: Memory Usage (433312K) : polyres_pin has 0 polygons
2026-02-16 21:08:28 +0100: Memory Usage (433440K) : vmim_drw has 0 polygons
2026-02-16 21:08:28 +0100: Memory Usage (433440K) : nbulaycut_drw has 0 polygons
2026-02-16 21:08:28 +0100: Memory Usage (433568K) : antmetal1_drw has 0 polygons
2026-02-16 21:08:28 +0100: Memory Usage (433568K) : topvia2_drw has 0 polygons
2026-02-16 21:08:28 +0100: Memory Usage (433696K) : topmetal2_drw has 0 polygons
2026-02-16 21:08:28 +0100: Memory Usage (433696K) : topmetal2_pin has 0 polygons
2026-02-16 21:08:28 +0100: Memory Usage (433824K) : topmetal2_mask has 0 polygons
2026-02-16 21:08:28 +0100: Memory Usage (433824K) : topmetal2_filler has 0 polygons
2026-02-16 21:08:28 +0100: Memory Usage (433952K) : topmetal2_nofill has 0 polygons
2026-02-16 21:08:28 +0100: Memory Usage (433952K) : topmetal2_slit has 0 polygons
2026-02-16 21:08:28 +0100: Memory Usage (434080K) : topmetal2_text has 0 polygons
2026-02-16 21:08:28 +0100: Memory Usage (434080K) : topmetal2_noqrc has 0 polygons
2026-02-16 21:08:28 +0100: Memory Usage (434208K) : topmetal2_res has 0 polygons
2026-02-16 21:08:28 +0100: Memory Usage (434208K) : topmetal2_iprobe has 0 polygons
2026-02-16 21:08:28 +0100: Memory Usage (434336K) : topmetal2_diffprb has 0 polygons
2026-02-16 21:08:28 +0100: Memory Usage (434336K) : snsring_drw has 0 polygons
2026-02-16 21:08:28 +0100: Memory Usage (434464K) : sensor_drw has 0 polygons
2026-02-16 21:08:28 +0100: Memory Usage (434464K) : snsarms_drw has 0 polygons
2026-02-16 21:08:28 +0100: Memory Usage (434592K) : snscmosvia_drw has 0 polygons
2026-02-16 21:08:28 +0100: Memory Usage (434592K) : colwind_drw has 0 polygons
2026-02-16 21:08:28 +0100: Memory Usage (434720K) : flm_drw has 0 polygons
2026-02-16 21:08:28 +0100: Memory Usage (434720K) : hafniumox_drw has 0 polygons
2026-02-16 21:08:28 +0100: Memory Usage (434848K) : memvia_drw has 0 polygons
2026-02-16 21:08:28 +0100: Memory Usage (434848K) : thinfilmres_drw has 0 polygons
2026-02-16 21:08:28 +0100: Memory Usage (434976K) : rfmem_drw has 0 polygons
2026-02-16 21:08:28 +0100: Memory Usage (434976K) : norcx_drw has 0 polygons
2026-02-16 21:08:28 +0100: Memory Usage (435104K) : norcx_m2m3 has 0 polygons
2026-02-16 21:08:28 +0100: Memory Usage (435232K) : norcx_m2m4 has 0 polygons
2026-02-16 21:08:28 +0100: Memory Usage (435232K) : norcx_m2m5 has 0 polygons
2026-02-16 21:08:28 +0100: Memory Usage (435232K) : norcx_m2tm1 has 0 polygons
2026-02-16 21:08:28 +0100: Memory Usage (435232K) : norcx_m2tm2 has 0 polygons
2026-02-16 21:08:28 +0100: Memory Usage (435232K) : norcx_m3m4 has 0 polygons
2026-02-16 21:08:28 +0100: Memory Usage (435232K) : norcx_m3m5 has 0 polygons
2026-02-16 21:08:28 +0100: Memory Usage (435232K) : norcx_m3tm1 has 0 polygons
2026-02-16 21:08:28 +0100: Memory Usage (435232K) : norcx_m3tm2 has 0 polygons
2026-02-16 21:08:28 +0100: Memory Usage (435232K) : norcx_m4m5 has 0 polygons
2026-02-16 21:08:28 +0100: Memory Usage (435232K) : norcx_m4tm1 has 0 polygons
2026-02-16 21:08:28 +0100: Memory Usage (435232K) : norcx_m4tm2 has 0 polygons
2026-02-16 21:08:28 +0100: Memory Usage (435232K) : norcx_m5tm1 has 0 polygons
2026-02-16 21:08:28 +0100: Memory Usage (435232K) : norcx_m5tm2 has 0 polygons
2026-02-16 21:08:28 +0100: Memory Usage (435232K) : norcx_tm1tm2 has 0 polygons
2026-02-16 21:08:28 +0100: Memory Usage (435232K) : norcx_m1sub has 0 polygons
2026-02-16 21:08:28 +0100: Memory Usage (435232K) : norcx_m2sub has 0 polygons
2026-02-16 21:08:28 +0100: Memory Usage (435232K) : norcx_m3sub has 0 polygons
2026-02-16 21:08:28 +0100: Memory Usage (435232K) : norcx_m4sub has 0 polygons
2026-02-16 21:08:28 +0100: Memory Usage (435232K) : norcx_m5sub has 0 polygons
2026-02-16 21:08:28 +0100: Memory Usage (435232K) : norcx_tm1sub has 0 polygons
2026-02-16 21:08:28 +0100: Memory Usage (435232K) : norcx_tm2sub has 0 polygons
2026-02-16 21:08:28 +0100: Memory Usage (435232K) : snsbotvia_drw has 0 polygons
2026-02-16 21:08:28 +0100: Memory Usage (435232K) : snstopvia_drw has 0 polygons
2026-02-16 21:08:28 +0100: Memory Usage (435232K) : deepvia_drw has 0 polygons
2026-02-16 21:08:28 +0100: Memory Usage (435232K) : fgetch_drw has 0 polygons
2026-02-16 21:08:28 +0100: Memory Usage (435232K) : ctrgat_drw has 0 polygons
2026-02-16 21:08:28 +0100: Memory Usage (435232K) : fgimp_drw has 0 polygons
2026-02-16 21:08:28 +0100: Memory Usage (435232K) : emwihv_drw has 0 polygons
2026-02-16 21:08:28 +0100: Memory Usage (435232K) : lbe_drw has 0 polygons
2026-02-16 21:08:28 +0100: Memory Usage (435232K) : alcustop_drw has 0 polygons
2026-02-16 21:08:28 +0100: Memory Usage (435232K) : nometfiller_drw has 0 polygons
2026-02-16 21:08:28 +0100: Memory Usage (435232K) : prboundary_drw has 0 polygons
2026-02-16 21:08:28 +0100: Memory Usage (435232K) : exchange0_drw has 0 polygons
2026-02-16 21:08:28 +0100: Memory Usage (435232K) : exchange0_pin has 0 polygons
2026-02-16 21:08:28 +0100: Memory Usage (435232K) : exchange0_text has 0 polygons
2026-02-16 21:08:28 +0100: Memory Usage (435232K) : exchange1_drw has 0 polygons
2026-02-16 21:08:28 +0100: Memory Usage (435232K) : exchange1_pin has 0 polygons
2026-02-16 21:08:28 +0100: Memory Usage (435232K) : exchange1_text has 0 polygons
2026-02-16 21:08:29 +0100: Memory Usage (435232K) : exchange2_drw has 0 polygons
2026-02-16 21:08:29 +0100: Memory Usage (435232K) : exchange2_pin has 0 polygons
2026-02-16 21:08:29 +0100: Memory Usage (435232K) : exchange2_text has 0 polygons
2026-02-16 21:08:29 +0100: Memory Usage (435232K) : exchange3_drw has 0 polygons
2026-02-16 21:08:29 +0100: Memory Usage (435232K) : exchange3_pin has 0 polygons
2026-02-16 21:08:29 +0100: Memory Usage (435232K) : exchange3_text has 0 polygons
2026-02-16 21:08:29 +0100: Memory Usage (435232K) : exchange4_drw has 0 polygons
2026-02-16 21:08:29 +0100: Memory Usage (435232K) : exchange4_pin has 0 polygons
2026-02-16 21:08:29 +0100: Memory Usage (435232K) : exchange4_text has 0 polygons
2026-02-16 21:08:29 +0100: Memory Usage (435232K) : isonwell_drw has 0 polygons
2026-02-16 21:08:29 +0100: Memory Usage (435232K) : Total no. of polygons in the design is 162
2026-02-16 21:08:29 +0100: Memory Usage (435232K) : Loaded TECH DRC rules values from /home/cmaier/.ciel/ciel/ihp-sg13g2/versions/c4b8b4e5e7a05f375cca3815d51b3a37721fbf5c/ihp-sg13g2/libs.tech/klayout/python/sg13g2_pycell_lib/sg13g2_tech_mod.json
2026-02-16 21:08:29 +0100: Memory Usage (435232K) : Loaded default DRC rules values from /home/cmaier/.ciel/ciel/ihp-sg13g2/versions/c4b8b4e5e7a05f375cca3815d51b3a37721fbf5c/ihp-sg13g2/libs.tech/klayout/tech/drc/rule_decks/sg13g2_tech_default.json
2026-02-16 21:08:29 +0100: Memory Usage (435232K) : The following rules values were missing in tech json and default values were used:
2026-02-16 21:08:29 +0100: Memory Usage (435232K) :   - Cnt_c_digibnd
2026-02-16 21:08:29 +0100: Memory Usage (436056K) : Total area of the design is 102.10199999999999 um^2.
2026-02-16 21:08:29 +0100: Memory Usage (436056K) : The design dimensions are 9.24 µm * 11.05 µm.
2026-02-16 21:08:29 +0100: Memory Usage (436056K) : Starting general IHP-SG13G2 derivations.
2026-02-16 21:08:29 +0100: Memory Usage (436056K) : Starting Pwell derivations
2026-02-16 21:08:29 +0100: Memory Usage (436224K) : Starting n-Activ derivations
2026-02-16 21:08:29 +0100: Memory Usage (437512K) : Starting p-Activ derivations
2026-02-16 21:08:29 +0100: Memory Usage (437512K) : Starting ptap derivations
2026-02-16 21:08:29 +0100: Memory Usage (437512K) : Starting ntap derivations
2026-02-16 21:08:29 +0100: Memory Usage (437640K) : Starting pact FET derivations
2026-02-16 21:08:29 +0100: Memory Usage (437640K) : Starting nact FET derivations
2026-02-16 21:08:29 +0100: Memory Usage (437640K) : Starting Gate derivations
2026-02-16 21:08:29 +0100: Memory Usage (437640K) : Starting cont/contbar general derivations
2026-02-16 21:08:29 +0100: Memory Usage (437640K) : Starting pad general derivations
2026-02-16 21:08:29 +0100: Memory Usage (437640K) : Starting IHP-SG13G2 DRC connectivity related derivations.
2026-02-16 21:08:29 +0100: Memory Usage (438536K) : Starting IHP-SG13G2 DRC connectivity setup
2026-02-16 21:08:29 +0100: Memory Usage (438936K) : Starting IHP-SG13G2 DRC rules.
2026-02-16 21:08:29 +0100: Memory Usage (438936K) : Running all FEOL rules
2026-02-16 21:08:29 +0100: Memory Usage (438936K) : Running all BEOL rules
2026-02-16 21:08:29 +0100: Memory Usage (438936K) : Running all PIN rules
2026-02-16 21:08:29 +0100: Memory Usage (438936K) : Running all FORBIDDEN rules
2026-02-16 21:08:29 +0100: Memory Usage (438936K) : Starting 5.1 NWell table
2026-02-16 21:08:29 +0100: Memory Usage (438936K) : Executing rule NW.b
2026-02-16 21:08:29 +0100: Memory Usage (439504K) : Executing rule NW.b1
2026-02-16 21:08:29 +0100: Memory Usage (439888K) : Starting 5.2 PWell:block
2026-02-16 21:08:29 +0100: Memory Usage (439888K) : Executing rule PWB.e
2026-02-16 21:08:29 +0100: Memory Usage (440016K) : Executing rule PWB.e1
2026-02-16 21:08:29 +0100: Memory Usage (440144K) : Executing rule PWB.f
2026-02-16 21:08:29 +0100: Memory Usage (440400K) : Executing rule PWB.f1
2026-02-16 21:08:29 +0100: Memory Usage (441040K) : Starting 5.3 nBuLay table
2026-02-16 21:08:29 +0100: Memory Usage (441296K) : Executing rule NBL.b
2026-02-16 21:08:29 +0100: Memory Usage (441296K) : Executing rule NBL.c
2026-02-16 21:08:29 +0100: Memory Usage (441680K) : Executing rule NBL.d
2026-02-16 21:08:29 +0100: Memory Usage (441680K) : Executing rule NBL.e
2026-02-16 21:08:29 +0100: Memory Usage (441680K) : Executing rule NBL.f
2026-02-16 21:08:29 +0100: Memory Usage (441680K) : Starting 5.5. Activ table
2026-02-16 21:08:29 +0100: Memory Usage (441680K) : Executing rule Act.a
2026-02-16 21:08:29 +0100: Memory Usage (441680K) : Executing rule Act.b
2026-02-16 21:08:29 +0100: Memory Usage (441828K) : Starting 5.6 Activ:filler table
2026-02-16 21:08:29 +0100: Memory Usage (441828K) : Executing rule AFil.c1
2026-02-16 21:08:29 +0100: Memory Usage (441828K) : Executing rule AFil.c
2026-02-16 21:08:29 +0100: Memory Usage (441828K) : Executing rule AFil.d
2026-02-16 21:08:29 +0100: Memory Usage (441828K) : Executing rule AFil.e
2026-02-16 21:08:29 +0100: Memory Usage (441828K) : Executing rule AFil.j
2026-02-16 21:08:29 +0100: Memory Usage (441828K) : Starting 5.7. ThickGateOx table
2026-02-16 21:08:29 +0100: Memory Usage (441828K) : Executing rule TGO.f
2026-02-16 21:08:29 +0100: Memory Usage (441828K) : Starting 5.8. GatPoly table
2026-02-16 21:08:29 +0100: Memory Usage (441828K) : Executing rule Gat.a
2026-02-16 21:08:29 +0100: Memory Usage (441828K) : Executing rule Gat.b
2026-02-16 21:08:29 +0100: Memory Usage (441828K) : Executing rule Gat.d
2026-02-16 21:08:29 +0100: Memory Usage (441828K) : Executing rule Gat.a1
2026-02-16 21:08:29 +0100: Memory Usage (442132K) : Executing rule Gat.a2
2026-02-16 21:08:29 +0100: Memory Usage (442132K) : Executing rule Gat.g
2026-02-16 21:08:29 +0100: Memory Usage (442300K) : Starting 5.9 GatPoly:filler
2026-02-16 21:08:29 +0100: Memory Usage (442300K) : Executing rule GFil.d
2026-02-16 21:08:29 +0100: Memory Usage (442300K) : Executing rule GFil.e
2026-02-16 21:08:29 +0100: Memory Usage (442300K) : Executing rule GFil.i
2026-02-16 21:08:29 +0100: Memory Usage (442300K) : Starting 5.10 pSD table
2026-02-16 21:08:29 +0100: Memory Usage (442300K) : Executing rule pSD.c1
2026-02-16 21:08:29 +0100: Memory Usage (442300K) : Starting 5.14. Cont table
2026-02-16 21:08:29 +0100: Memory Usage (442300K) : Executing rule Cnt.a
2026-02-16 21:08:29 +0100: Memory Usage (442300K) : Executing rule Cnt.b
2026-02-16 21:08:29 +0100: Memory Usage (442300K) : Executing rule Cnt.c
2026-02-16 21:08:29 +0100: Memory Usage (442300K) : Executing rule Cnt.c
2026-02-16 21:08:29 +0100: Memory Usage (442300K) : Executing rule Cnt.d
2026-02-16 21:08:29 +0100: Memory Usage (442300K) : Executing rule Cnt.e
2026-02-16 21:08:29 +0100: Memory Usage (442300K) : Executing rule Cnt.g1
2026-02-16 21:08:29 +0100: Memory Usage (442300K) : Executing rule Cnt.g2
2026-02-16 21:08:29 +0100: Memory Usage (442300K) : Starting 5.15. ContBar table
2026-02-16 21:08:29 +0100: Memory Usage (442300K) : Executing rule CntB.b1
2026-02-16 21:08:29 +0100: Memory Usage (442300K) : Executing rule CntB.h1
2026-02-16 21:08:29 +0100: Memory Usage (442300K) : Starting 6.1.3 NPN Substrate-Tie table
2026-02-16 21:08:29 +0100: Memory Usage (442300K) : Executing rule npn13G2.bR 
2026-02-16 21:08:29 +0100: Memory Usage (442300K) : Executing rule npn13G2L.cR 
2026-02-16 21:08:29 +0100: Memory Usage (442300K) : Executing rule npn13G2V.cR 
2026-02-16 21:08:29 +0100: Memory Usage (442300K) : Starting 6.7 Schottky diode table
2026-02-16 21:08:29 +0100: Memory Usage (442300K) : Executing rule Sdiod.d
2026-02-16 21:08:29 +0100: Memory Usage (442300K) : Executing rule Sdiod.e
2026-02-16 21:08:29 +0100: Memory Usage (442300K) : Starting 7.2 Latch-up table
2026-02-16 21:08:29 +0100: Memory Usage (442300K) : Executing rule LU.b
2026-02-16 21:08:29 +0100: Memory Usage (442300K) : Starting 5.16. Metal1 table
2026-02-16 21:08:29 +0100: Memory Usage (442300K) : Executing rule M1.a
2026-02-16 21:08:29 +0100: Memory Usage (442300K) : Executing rule M1.b
2026-02-16 21:08:29 +0100: Memory Usage (442300K) : Executing rule M1.e
2026-02-16 21:08:29 +0100: Memory Usage (442300K) : Executing rule M1.f
2026-02-16 21:08:29 +0100: Memory Usage (442300K) : Executing rule M1.g
2026-02-16 21:08:29 +0100: Memory Usage (442300K) : Executing rule M1.i
2026-02-16 21:08:29 +0100: Memory Usage (442428K) : Starting 5.17 Metaln table
2026-02-16 21:08:29 +0100: Memory Usage (442428K) : Executing rule M2.a
2026-02-16 21:08:29 +0100: Memory Usage (442428K) : Executing rule M2.b
2026-02-16 21:08:29 +0100: Memory Usage (442428K) : Executing rule M2.e
2026-02-16 21:08:29 +0100: Memory Usage (442428K) : Executing rule M2.f
2026-02-16 21:08:29 +0100: Memory Usage (442428K) : Executing rule M2.g
2026-02-16 21:08:29 +0100: Memory Usage (442428K) : Executing rule M2.i
2026-02-16 21:08:29 +0100: Memory Usage (442428K) : Executing rule M3.a
2026-02-16 21:08:29 +0100: Memory Usage (442428K) : Executing rule M3.b
2026-02-16 21:08:29 +0100: Memory Usage (442428K) : Executing rule M3.e
2026-02-16 21:08:29 +0100: Memory Usage (442428K) : Executing rule M3.f
2026-02-16 21:08:29 +0100: Memory Usage (442428K) : Executing rule M3.g
2026-02-16 21:08:29 +0100: Memory Usage (442428K) : Executing rule M3.i
2026-02-16 21:08:29 +0100: Memory Usage (442428K) : Executing rule M4.a
2026-02-16 21:08:29 +0100: Memory Usage (442428K) : Executing rule M4.b
2026-02-16 21:08:29 +0100: Memory Usage (442428K) : Executing rule M4.e
2026-02-16 21:08:29 +0100: Memory Usage (442428K) : Executing rule M4.f
2026-02-16 21:08:29 +0100: Memory Usage (442428K) : Executing rule M4.g
2026-02-16 21:08:29 +0100: Memory Usage (442428K) : Executing rule M4.i
2026-02-16 21:08:29 +0100: Memory Usage (442428K) : Executing rule M5.a
2026-02-16 21:08:29 +0100: Memory Usage (442428K) : Executing rule M5.b
2026-02-16 21:08:29 +0100: Memory Usage (442428K) : Executing rule M5.e
2026-02-16 21:08:29 +0100: Memory Usage (442428K) : Executing rule M5.f
2026-02-16 21:08:29 +0100: Memory Usage (442428K) : Executing rule M5.g
2026-02-16 21:08:29 +0100: Memory Usage (442428K) : Executing rule M5.i
2026-02-16 21:08:29 +0100: Memory Usage (442428K) : Starting 5.18 Metaln:filler table
2026-02-16 21:08:29 +0100: Memory Usage (442428K) : Executing rule M1Fil.c
2026-02-16 21:08:29 +0100: Memory Usage (442428K) : Executing rule M1Fil.a2
2026-02-16 21:08:29 +0100: Memory Usage (442428K) : Executing rule M2Fil.c
2026-02-16 21:08:29 +0100: Memory Usage (442684K) : Executing rule M2Fil.a2
2026-02-16 21:08:29 +0100: Memory Usage (442812K) : Executing rule M3Fil.c
2026-02-16 21:08:29 +0100: Memory Usage (442940K) : Executing rule M3Fil.a2
2026-02-16 21:08:29 +0100: Memory Usage (443068K) : Executing rule M4Fil.c
2026-02-16 21:08:29 +0100: Memory Usage (443196K) : Executing rule M4Fil.a2
2026-02-16 21:08:29 +0100: Memory Usage (443452K) : Executing rule M5Fil.c
2026-02-16 21:08:29 +0100: Memory Usage (443580K) : Executing rule M5Fil.a2
2026-02-16 21:08:29 +0100: Memory Usage (443708K) : Starting 5.19. Via1 table
2026-02-16 21:08:29 +0100: Memory Usage (443708K) : Starting 5.19. Via1 table derivations
2026-02-16 21:08:29 +0100: Memory Usage (443836K) : Executing rule V1.a
2026-02-16 21:08:29 +0100: Memory Usage (443836K) : Executing rule V1.b
2026-02-16 21:08:29 +0100: Memory Usage (443836K) : Executing rule V1.c
2026-02-16 21:08:29 +0100: Memory Usage (443836K) : Starting 5.20. Vian table
2026-02-16 21:08:29 +0100: Memory Usage (443836K) : Executing rule V2.a
2026-02-16 21:08:29 +0100: Memory Usage (443836K) : Executing rule V2.b
2026-02-16 21:08:29 +0100: Memory Usage (443836K) : Executing rule V2.c
2026-02-16 21:08:29 +0100: Memory Usage (443836K) : Executing rule V3.a
2026-02-16 21:08:29 +0100: Memory Usage (443836K) : Executing rule V3.b
2026-02-16 21:08:29 +0100: Memory Usage (443836K) : Executing rule V3.c
2026-02-16 21:08:29 +0100: Memory Usage (443836K) : Executing rule V4.a
2026-02-16 21:08:29 +0100: Memory Usage (443836K) : Executing rule V4.b
2026-02-16 21:08:29 +0100: Memory Usage (443836K) : Executing rule V4.c
2026-02-16 21:08:29 +0100: Memory Usage (443836K) : Starting 5.21. TopVia1 table
2026-02-16 21:08:29 +0100: Memory Usage (443836K) : Executing rule TV1.a
2026-02-16 21:08:29 +0100: Memory Usage (443836K) : Executing rule TV1.b
2026-02-16 21:08:29 +0100: Memory Usage (443836K) : Executing rule TV1.c
2026-02-16 21:08:29 +0100: Memory Usage (443836K) : Executing rule TV1.d
2026-02-16 21:08:29 +0100: Memory Usage (443836K) : Starting 5.22. TopMetal1 table
2026-02-16 21:08:29 +0100: Memory Usage (443836K) : Executing rule TM1.a
2026-02-16 21:08:29 +0100: Memory Usage (443836K) : Executing rule TM1.b
2026-02-16 21:08:29 +0100: Memory Usage (443836K) : Starting 5.23 TopMetal1:filler table
2026-02-16 21:08:29 +0100: Memory Usage (443836K) : Executing rule TM1Fil.c
2026-02-16 21:08:29 +0100: Memory Usage (443836K) : Executing rule TM1Fil.a1
2026-02-16 21:08:29 +0100: Memory Usage (443836K) : Starting 5.24. TopVia2 table
2026-02-16 21:08:29 +0100: Memory Usage (443836K) : Executing rule TV2.a
2026-02-16 21:08:29 +0100: Memory Usage (443836K) : Executing rule TV2.b
2026-02-16 21:08:29 +0100: Memory Usage (443836K) : Executing rule TV2.c
2026-02-16 21:08:29 +0100: Memory Usage (443836K) : Executing rule TV2.d
2026-02-16 21:08:29 +0100: Memory Usage (443836K) : Starting 5.25. TopMetal2 table
2026-02-16 21:08:29 +0100: Memory Usage (443836K) : Executing rule TM2.a
2026-02-16 21:08:29 +0100: Memory Usage (443836K) : Executing rule TM2.b
2026-02-16 21:08:29 +0100: Memory Usage (443836K) : Executing rule TM2.bR
2026-02-16 21:08:29 +0100: Memory Usage (443836K) : Starting 5.26 TopMetal2:filler table
2026-02-16 21:08:29 +0100: Memory Usage (443836K) : Executing rule TM2Fil.c
2026-02-16 21:08:29 +0100: Memory Usage (443836K) : Executing rule TM2Fil.a1
2026-02-16 21:08:29 +0100: Memory Usage (443836K) : Starting 5.27. Passiv table
2026-02-16 21:08:29 +0100: Memory Usage (443836K) : Executing rule Pas.a
2026-02-16 21:08:29 +0100: Memory Usage (443836K) : Executing rule Pas.b
2026-02-16 21:08:29 +0100: Memory Usage (443836K) : Executing rule Pas.c
2026-02-16 21:08:29 +0100: Memory Usage (443836K) : Starting 6.9.2 Copper Pillar table
2026-02-16 21:08:29 +0100: Memory Usage (443836K) : Executing rule Padc.a
2026-02-16 21:08:29 +0100: Memory Usage (443836K) : Executing rule Padc.b
2026-02-16 21:08:29 +0100: Memory Usage (443836K) : Executing rule Padc.c
2026-02-16 21:08:29 +0100: Memory Usage (443836K) : Executing rule Padb.f
2026-02-16 21:08:29 +0100: Memory Usage (443836K) : Starting 6.9 Pad table
2026-02-16 21:08:29 +0100: Memory Usage (443836K) : Executing rule Pad.m
2026-02-16 21:08:29 +0100: Memory Usage (443836K) : Executing rule Pad.fR_M1
2026-02-16 21:08:29 +0100: Memory Usage (443836K) : Executing rule Pad.fR_M2
2026-02-16 21:08:29 +0100: Memory Usage (443836K) : Executing rule Pad.fR_M3
2026-02-16 21:08:29 +0100: Memory Usage (443836K) : Executing rule Pad.fR_M4
2026-02-16 21:08:29 +0100: Memory Usage (443836K) : Executing rule Pad.fR_M5
2026-02-16 21:08:29 +0100: Memory Usage (443836K) : Executing rule Pad.fR_TM1
2026-02-16 21:08:29 +0100: Memory Usage (443836K) : Executing rule Pad.fR_TM2
2026-02-16 21:08:29 +0100: Memory Usage (443836K) : Executing rule Pad.i
2026-02-16 21:08:29 +0100: Memory Usage (443836K) : Starting 6.9.1 Solder Bump
2026-02-16 21:08:29 +0100: Memory Usage (443836K) : Executing rule Padb.a
2026-02-16 21:08:29 +0100: Memory Usage (443836K) : Executing rule Padb.b
2026-02-16 21:08:29 +0100: Memory Usage (443836K) : Executing rule Padb.c
2026-02-16 21:08:29 +0100: Memory Usage (443836K) : Executing rule Padb.f
2026-02-16 21:08:29 +0100: Memory Usage (443964K) : Executing rule Padb.d
2026-02-16 21:08:29 +0100: Memory Usage (443964K) : Starting 6.10 Sealring table
2026-02-16 21:08:29 +0100: Memory Usage (443964K) : Executing rule Seal.l
2026-02-16 21:08:29 +0100: Memory Usage (443964K) : Executing rule Seal.n
2026-02-16 21:08:29 +0100: Memory Usage (443964K) : Executing rule seal.b_metal1
2026-02-16 21:08:29 +0100: Memory Usage (443964K) : Executing rule seal.b_metal2
2026-02-16 21:08:29 +0100: Memory Usage (443964K) : Executing rule seal.b_metal3
2026-02-16 21:08:29 +0100: Memory Usage (443964K) : Executing rule seal.b_metal4
2026-02-16 21:08:29 +0100: Memory Usage (443964K) : Executing rule seal.b_metal5
2026-02-16 21:08:29 +0100: Memory Usage (443964K) : Executing rule seal.b_topmetal1
2026-02-16 21:08:29 +0100: Memory Usage (443964K) : Executing rule seal.b_topmetal2
2026-02-16 21:08:29 +0100: Memory Usage (443964K) : Executing rule seal.b_activ
2026-02-16 21:08:29 +0100: Memory Usage (443964K) : Executing rule seal.b_psd
2026-02-16 21:08:29 +0100: Memory Usage (443964K) : Executing rule Seal.k
2026-02-16 21:08:29 +0100: Memory Usage (443964K) : Executing rule Seal.m
2026-02-16 21:08:29 +0100: Memory Usage (443964K) : Starting 6.11 MIM table
2026-02-16 21:08:29 +0100: Memory Usage (443964K) : Executing rule MIM.c
2026-02-16 21:08:29 +0100: Memory Usage (443964K) : Executing rule MIM.d
2026-02-16 21:08:29 +0100: Memory Usage (443964K) : Executing rule MIM.gR
2026-02-16 21:08:29 +0100: Memory Usage (443964K) : Starting 7.3 Metal Slits table
2026-02-16 21:08:29 +0100: Memory Usage (443964K) : Executing rule Slt.e1_M1
2026-02-16 21:08:29 +0100: Memory Usage (443964K) : Executing rule Slt.e1_M2
2026-02-16 21:08:29 +0100: Memory Usage (443964K) : Executing rule Slt.e1_M3
2026-02-16 21:08:29 +0100: Memory Usage (443964K) : Executing rule Slt.e1_M4
2026-02-16 21:08:29 +0100: Memory Usage (443964K) : Executing rule Slt.e1_M5
2026-02-16 21:08:29 +0100: Memory Usage (443964K) : Executing rule Slt.e1_TM1
2026-02-16 21:08:29 +0100: Memory Usage (443964K) : Executing rule Slt.e1_TM2
2026-02-16 21:08:29 +0100: Memory Usage (443964K) : Starting 9.1. LBE table
2026-02-16 21:08:29 +0100: Memory Usage (443964K) : Executing rule LBE.a
2026-02-16 21:08:29 +0100: Memory Usage (443964K) : Executing rule LBE.b
2026-02-16 21:08:29 +0100: Memory Usage (443964K) : Executing rule LBE.b1
2026-02-16 21:08:29 +0100: Memory Usage (443964K) : Executing rule LBE.c
2026-02-16 21:08:29 +0100: Memory Usage (443964K) : Executing rule LBE.d
2026-02-16 21:08:29 +0100: Memory Usage (443964K) : Executing rule LBE.h
2026-02-16 21:08:29 +0100: Memory Usage (443964K) : Starting 7.4. PIN table
2026-02-16 21:08:29 +0100: Memory Usage (443964K) : Executing rule Pin.a
2026-02-16 21:08:29 +0100: Memory Usage (443964K) : Executing rule Pin.b
2026-02-16 21:08:29 +0100: Memory Usage (443964K) : Executing rule Pin.e
2026-02-16 21:08:29 +0100: Memory Usage (443964K) : Executing rule Pin.f_M2
2026-02-16 21:08:29 +0100: Memory Usage (443964K) : Executing rule Pin.f_M3
2026-02-16 21:08:29 +0100: Memory Usage (443964K) : Executing rule Pin.f_M4
2026-02-16 21:08:29 +0100: Memory Usage (443964K) : Executing rule Pin.f_M5
2026-02-16 21:08:29 +0100: Memory Usage (443964K) : Executing rule Pin.g
2026-02-16 21:08:29 +0100: Memory Usage (443964K) : Executing rule Pin.h
2026-02-16 21:08:29 +0100: Memory Usage (443964K) : Starting 3.2. FORBIDDEN table
2026-02-16 21:08:29 +0100: Memory Usage (443964K) : Executing rule forbidden.biwind
2026-02-16 21:08:29 +0100: Memory Usage (443964K) : Executing rule forbidden.pemwind
2026-02-16 21:08:29 +0100: Memory Usage (443964K) : Executing rule forbidden.baspoly
2026-02-16 21:08:29 +0100: Memory Usage (443964K) : Executing rule forbidden.deepco
2026-02-16 21:08:29 +0100: Memory Usage (443964K) : Executing rule forbidden.pempoly
2026-02-16 21:08:29 +0100: Memory Usage (443964K) : Executing rule forbidden.empoly
2026-02-16 21:08:29 +0100: Memory Usage (443964K) : Executing rule forbidden.ldmos
2026-02-16 21:08:29 +0100: Memory Usage (443964K) : Executing rule forbidden.pbiwind
2026-02-16 21:08:29 +0100: Memory Usage (443964K) : Executing rule forbidden.nodrc
2026-02-16 21:08:29 +0100: Memory Usage (443964K) : Executing rule forbidden.flash
2026-02-16 21:08:29 +0100: Memory Usage (443964K) : Executing rule forbidden.colwind
2026-02-16 21:08:29 +0100: Memory Usage (443964K) : KLayout DRC run for tables 'main' completed in 1.11 seconds
