# Logfile created on 2026-03-13 18:15:27 +0100 by logger.rb/v1.6.0
2026-03-13 18:15:27 +0100: Memory Usage (421988K) : Starting running IHP-SG13G2 KLayout DRC runset on /home/cmaier/EDA/PUDDING/gds/pmos_buffer_cap.gds
2026-03-13 18:15:27 +0100: Memory Usage (421988K) : Ruby Version for klayout: 3.3.10
2026-03-13 18:15:27 +0100: Memory Usage (422952K) : Loading database to memory is complete.
2026-03-13 18:15:27 +0100: Memory Usage (422952K) : IHP-SG13G2 KLayout DRC runset output at: /home/cmaier/EDA/PUDDING/gds/drc_run_pmos_buffer_cap/pmos_buffer_cap_pmos_buffer_cap_main.lyrdb
2026-03-13 18:15:27 +0100: Memory Usage (422952K) : Evaluate switches.
2026-03-13 18:15:27 +0100: Memory Usage (422952K) : tables selected: main
2026-03-13 18:15:27 +0100: Memory Usage (422952K) : KLayout will use 1 thread(s) in tiling mode.
2026-03-13 18:15:27 +0100: Memory Usage (422952K) : deep mode is enabled.
2026-03-13 18:15:27 +0100: Memory Usage (422952K) : FEOL enabled: true
2026-03-13 18:15:27 +0100: Memory Usage (422952K) : BEOL enabled: true
2026-03-13 18:15:27 +0100: Memory Usage (422952K) : OFFGRID enabled: true
2026-03-13 18:15:27 +0100: Memory Usage (422952K) : PIN enabled: true
2026-03-13 18:15:27 +0100: Memory Usage (422952K) : FORBIDDEN enabled: true
2026-03-13 18:15:27 +0100: Memory Usage (422952K) : RECOMMENDED enabled: true
2026-03-13 18:15:27 +0100: Memory Usage (422952K) : PreCheck DRC enabled: false
2026-03-13 18:15:27 +0100: Memory Usage (422952K) : CONNECTIVITY_RULES enabled: true.
2026-03-13 18:15:27 +0100: Memory Usage (422952K) : Read in polygons from layers.
2026-03-13 18:15:27 +0100: Memory Usage (424104K) : activ_drw has 5 polygons
2026-03-13 18:15:27 +0100: Memory Usage (424104K) : activ_pin has 0 polygons
2026-03-13 18:15:27 +0100: Memory Usage (424104K) : activ_mask has 0 polygons
2026-03-13 18:15:27 +0100: Memory Usage (424104K) : activ_filler has 0 polygons
2026-03-13 18:15:27 +0100: Memory Usage (424104K) : activ_nofill has 0 polygons
2026-03-13 18:15:27 +0100: Memory Usage (424104K) : activ_opc has 0 polygons
2026-03-13 18:15:27 +0100: Memory Usage (424104K) : activ_iopc has 0 polygons
2026-03-13 18:15:27 +0100: Memory Usage (424104K) : activ_noqrc has 0 polygons
2026-03-13 18:15:27 +0100: Memory Usage (424104K) : biwind_drw has 0 polygons
2026-03-13 18:15:27 +0100: Memory Usage (424104K) : biwind_opc has 0 polygons
2026-03-13 18:15:27 +0100: Memory Usage (424104K) : pemwind_drw has 0 polygons
2026-03-13 18:15:27 +0100: Memory Usage (424104K) : gatpoly_drw has 2 polygons
2026-03-13 18:15:27 +0100: Memory Usage (424104K) : gatpoly_pin has 1 polygons
2026-03-13 18:15:27 +0100: Memory Usage (424104K) : gatpoly_filler has 0 polygons
2026-03-13 18:15:27 +0100: Memory Usage (424104K) : gatpoly_nofill has 0 polygons
2026-03-13 18:15:27 +0100: Memory Usage (424104K) : gatpoly_opc has 0 polygons
2026-03-13 18:15:27 +0100: Memory Usage (424104K) : gatpoly_iopc has 0 polygons
2026-03-13 18:15:27 +0100: Memory Usage (424104K) : gatpoly_noqrc has 0 polygons
2026-03-13 18:15:27 +0100: Memory Usage (424232K) : cont_drw has 138 polygons
2026-03-13 18:15:27 +0100: Memory Usage (424232K) : cont_opc has 0 polygons
2026-03-13 18:15:27 +0100: Memory Usage (424232K) : nsd_drw has 0 polygons
2026-03-13 18:15:27 +0100: Memory Usage (424232K) : nsd_block has 0 polygons
2026-03-13 18:15:27 +0100: Memory Usage (424232K) : metal1_drw has 7 polygons
2026-03-13 18:15:27 +0100: Memory Usage (424232K) : metal1_pin has 2 polygons
2026-03-13 18:15:27 +0100: Memory Usage (424360K) : metal1_mask has 0 polygons
2026-03-13 18:15:27 +0100: Memory Usage (424360K) : metal1_filler has 0 polygons
2026-03-13 18:15:27 +0100: Memory Usage (424360K) : metal1_nofill has 0 polygons
2026-03-13 18:15:27 +0100: Memory Usage (424488K) : metal1_slit has 0 polygons
2026-03-13 18:15:27 +0100: Memory Usage (424488K) : metal1_text has 0 polygons
2026-03-13 18:15:27 +0100: Memory Usage (424488K) : metal1_opc has 0 polygons
2026-03-13 18:15:27 +0100: Memory Usage (424744K) : metal1_noqrc has 0 polygons
2026-03-13 18:15:27 +0100: Memory Usage (424744K) : metal1_res has 0 polygons
2026-03-13 18:15:27 +0100: Memory Usage (424872K) : metal1_iprobe has 0 polygons
2026-03-13 18:15:27 +0100: Memory Usage (424872K) : metal1_diffprb has 0 polygons
2026-03-13 18:15:27 +0100: Memory Usage (424872K) : passiv_drw has 0 polygons
2026-03-13 18:15:27 +0100: Memory Usage (424872K) : passiv_pin has 0 polygons
2026-03-13 18:15:27 +0100: Memory Usage (424872K) : passiv_sbump has 0 polygons
2026-03-13 18:15:27 +0100: Memory Usage (424872K) : passiv_pillar has 0 polygons
2026-03-13 18:15:27 +0100: Memory Usage (425000K) : passiv_pdl has 0 polygons
2026-03-13 18:15:27 +0100: Memory Usage (425000K) : metal2_drw has 0 polygons
2026-03-13 18:15:27 +0100: Memory Usage (425128K) : metal2_pin has 0 polygons
2026-03-13 18:15:27 +0100: Memory Usage (425128K) : metal2_mask has 0 polygons
2026-03-13 18:15:27 +0100: Memory Usage (425256K) : metal2_filler has 0 polygons
2026-03-13 18:15:27 +0100: Memory Usage (425256K) : metal2_nofill has 0 polygons
2026-03-13 18:15:27 +0100: Memory Usage (425384K) : metal2_slit has 0 polygons
2026-03-13 18:15:27 +0100: Memory Usage (425384K) : metal2_text has 0 polygons
2026-03-13 18:15:27 +0100: Memory Usage (425512K) : metal2_opc has 0 polygons
2026-03-13 18:15:27 +0100: Memory Usage (425512K) : metal2_noqrc has 0 polygons
2026-03-13 18:15:27 +0100: Memory Usage (425512K) : metal2_res has 0 polygons
2026-03-13 18:15:27 +0100: Memory Usage (425640K) : metal2_iprobe has 0 polygons
2026-03-13 18:15:27 +0100: Memory Usage (425640K) : metal2_diffprb has 0 polygons
2026-03-13 18:15:27 +0100: Memory Usage (425768K) : baspoly_drw has 0 polygons
2026-03-13 18:15:27 +0100: Memory Usage (425768K) : baspoly_pin has 0 polygons
2026-03-13 18:15:27 +0100: Memory Usage (425768K) : psd_drw has 1 polygons
2026-03-13 18:15:27 +0100: Memory Usage (425768K) : nldb_drw has 0 polygons
2026-03-13 18:15:27 +0100: Memory Usage (425768K) : digibnd_drw has 0 polygons
2026-03-13 18:15:27 +0100: Memory Usage (425768K) : via1_drw has 0 polygons
2026-03-13 18:15:27 +0100: Memory Usage (425768K) : backmetal1_drw has 0 polygons
2026-03-13 18:15:27 +0100: Memory Usage (425896K) : backmetal1_pin has 0 polygons
2026-03-13 18:15:27 +0100: Memory Usage (425896K) : backmetal1_mask has 0 polygons
2026-03-13 18:15:27 +0100: Memory Usage (426024K) : backmetal1_filler has 0 polygons
2026-03-13 18:15:27 +0100: Memory Usage (426024K) : backmetal1_nofill has 0 polygons
2026-03-13 18:15:27 +0100: Memory Usage (426152K) : backmetal1_slit has 0 polygons
2026-03-13 18:15:27 +0100: Memory Usage (426152K) : backmetal1_text has 0 polygons
2026-03-13 18:15:27 +0100: Memory Usage (426280K) : backmetal1_opc has 0 polygons
2026-03-13 18:15:27 +0100: Memory Usage (426280K) : backmetal1_noqrc has 0 polygons
2026-03-13 18:15:27 +0100: Memory Usage (426408K) : backmetal1_res has 0 polygons
2026-03-13 18:15:27 +0100: Memory Usage (426408K) : backmetal1_iprobe has 0 polygons
2026-03-13 18:15:27 +0100: Memory Usage (426536K) : backmetal1_diffprb has 0 polygons
2026-03-13 18:15:27 +0100: Memory Usage (426536K) : backpassiv_drw has 0 polygons
2026-03-13 18:15:27 +0100: Memory Usage (426664K) : res_drw has 0 polygons
2026-03-13 18:15:27 +0100: Memory Usage (426664K) : sram_drw has 0 polygons
2026-03-13 18:15:27 +0100: Memory Usage (426792K) : trans_drw has 0 polygons
2026-03-13 18:15:27 +0100: Memory Usage (426792K) : ind_drw has 0 polygons
2026-03-13 18:15:27 +0100: Memory Usage (426920K) : ind_pin has 0 polygons
2026-03-13 18:15:27 +0100: Memory Usage (426920K) : ind_text has 0 polygons
2026-03-13 18:15:27 +0100: Memory Usage (427048K) : salblock_drw has 0 polygons
2026-03-13 18:15:27 +0100: Memory Usage (427048K) : via2_drw has 0 polygons
2026-03-13 18:15:27 +0100: Memory Usage (427176K) : metal3_drw has 0 polygons
2026-03-13 18:15:27 +0100: Memory Usage (427176K) : metal3_pin has 0 polygons
2026-03-13 18:15:27 +0100: Memory Usage (427304K) : metal3_mask has 0 polygons
2026-03-13 18:15:27 +0100: Memory Usage (427304K) : metal3_filler has 0 polygons
2026-03-13 18:15:27 +0100: Memory Usage (427432K) : metal3_nofill has 0 polygons
2026-03-13 18:15:27 +0100: Memory Usage (427432K) : metal3_slit has 0 polygons
2026-03-13 18:15:27 +0100: Memory Usage (427432K) : metal3_text has 0 polygons
2026-03-13 18:15:27 +0100: Memory Usage (427560K) : metal3_opc has 0 polygons
2026-03-13 18:15:27 +0100: Memory Usage (427560K) : metal3_noqrc has 0 polygons
2026-03-13 18:15:27 +0100: Memory Usage (427688K) : metal3_res has 0 polygons
2026-03-13 18:15:27 +0100: Memory Usage (427688K) : metal3_iprobe has 0 polygons
2026-03-13 18:15:27 +0100: Memory Usage (427816K) : metal3_diffprb has 0 polygons
2026-03-13 18:15:27 +0100: Memory Usage (428072K) : nwell_drw has 1 polygons
2026-03-13 18:15:27 +0100: Memory Usage (428072K) : nwell_pin has 0 polygons
2026-03-13 18:15:27 +0100: Memory Usage (428200K) : nbulay_drw has 0 polygons
2026-03-13 18:15:27 +0100: Memory Usage (428200K) : nbulay_pin has 0 polygons
2026-03-13 18:15:27 +0100: Memory Usage (428200K) : nbulay_block has 0 polygons
2026-03-13 18:15:27 +0100: Memory Usage (428200K) : emwind_drw has 0 polygons
2026-03-13 18:15:27 +0100: Memory Usage (428200K) : emwind_opc has 0 polygons
2026-03-13 18:15:27 +0100: Memory Usage (428200K) : deepco_drw has 0 polygons
2026-03-13 18:15:27 +0100: Memory Usage (428328K) : deepco_drw has 0 polygons
2026-03-13 18:15:27 +0100: Memory Usage (428328K) : mim_drw has 0 polygons
2026-03-13 18:15:27 +0100: Memory Usage (428456K) : edgeseal_drw has 0 polygons
2026-03-13 18:15:27 +0100: Memory Usage (428456K) : edgeseal_bound has 0 polygons
2026-03-13 18:15:27 +0100: Memory Usage (428584K) : substrate_drw has 1 polygons
2026-03-13 18:15:27 +0100: Memory Usage (428584K) : substrate_text has 0 polygons
2026-03-13 18:15:27 +0100: Memory Usage (428712K) : dfpad_drw has 0 polygons
2026-03-13 18:15:27 +0100: Memory Usage (428712K) : dfpad_pillar has 0 polygons
2026-03-13 18:15:27 +0100: Memory Usage (428840K) : dfpad_sbump has 0 polygons
2026-03-13 18:15:27 +0100: Memory Usage (428840K) : thickgateox_drw has 1 polygons
2026-03-13 18:15:27 +0100: Memory Usage (428968K) : pldb_drw has 0 polygons
2026-03-13 18:15:27 +0100: Memory Usage (428968K) : pwell_drw has 0 polygons
2026-03-13 18:15:27 +0100: Memory Usage (429096K) : pwell_pin has 0 polygons
2026-03-13 18:15:27 +0100: Memory Usage (429096K) : pwell_block has 0 polygons
2026-03-13 18:15:27 +0100: Memory Usage (429224K) : ic_drw has 0 polygons
2026-03-13 18:15:27 +0100: Memory Usage (429224K) : via3_drw has 0 polygons
2026-03-13 18:15:27 +0100: Memory Usage (429352K) : metal4_drw has 0 polygons
2026-03-13 18:15:27 +0100: Memory Usage (429352K) : metal4_pin has 0 polygons
2026-03-13 18:15:27 +0100: Memory Usage (429352K) : metal4_mask has 0 polygons
2026-03-13 18:15:27 +0100: Memory Usage (429480K) : metal4_filler has 0 polygons
2026-03-13 18:15:27 +0100: Memory Usage (429480K) : metal4_nofill has 0 polygons
2026-03-13 18:15:27 +0100: Memory Usage (429608K) : metal4_slit has 0 polygons
2026-03-13 18:15:27 +0100: Memory Usage (429608K) : metal4_text has 0 polygons
2026-03-13 18:15:27 +0100: Memory Usage (429736K) : metal4_opc has 0 polygons
2026-03-13 18:15:27 +0100: Memory Usage (429736K) : metal4_noqrc has 0 polygons
2026-03-13 18:15:27 +0100: Memory Usage (429864K) : metal4_res has 0 polygons
2026-03-13 18:15:27 +0100: Memory Usage (429864K) : metal4_iprobe has 0 polygons
2026-03-13 18:15:27 +0100: Memory Usage (429992K) : metal4_diffprb has 0 polygons
2026-03-13 18:15:27 +0100: Memory Usage (429992K) : heattrans_drw has 1 polygons
2026-03-13 18:15:27 +0100: Memory Usage (430120K) : heatres_drw has 0 polygons
2026-03-13 18:15:27 +0100: Memory Usage (430120K) : pempoly_drw has 0 polygons
2026-03-13 18:15:27 +0100: Memory Usage (430248K) : fbe_drw has 0 polygons
2026-03-13 18:15:27 +0100: Memory Usage (430248K) : empoly_drw has 0 polygons
2026-03-13 18:15:27 +0100: Memory Usage (430376K) : ldmos_drw has 0 polygons
2026-03-13 18:15:27 +0100: Memory Usage (430376K) : pbiwind_drw has 0 polygons
2026-03-13 18:15:27 +0100: Memory Usage (430504K) : digisub_drw has 0 polygons
2026-03-13 18:15:27 +0100: Memory Usage (430504K) : nodrc_drw has 0 polygons
2026-03-13 18:15:27 +0100: Memory Usage (430772K) : text_drw has 1 polygons
2026-03-13 18:15:27 +0100: Memory Usage (430772K) : via4_drw has 0 polygons
2026-03-13 18:15:27 +0100: Memory Usage (430900K) : metal5_drw has 0 polygons
2026-03-13 18:15:27 +0100: Memory Usage (430900K) : metal5_pin has 0 polygons
2026-03-13 18:15:27 +0100: Memory Usage (431028K) : metal5_mask has 0 polygons
2026-03-13 18:15:27 +0100: Memory Usage (431028K) : metal5_filler has 0 polygons
2026-03-13 18:15:27 +0100: Memory Usage (431156K) : metal5_nofill has 0 polygons
2026-03-13 18:15:27 +0100: Memory Usage (431156K) : metal5_slit has 0 polygons
2026-03-13 18:15:27 +0100: Memory Usage (431284K) : metal5_text has 0 polygons
2026-03-13 18:15:27 +0100: Memory Usage (431284K) : metal5_opc has 0 polygons
2026-03-13 18:15:27 +0100: Memory Usage (431412K) : metal5_noqrc has 0 polygons
2026-03-13 18:15:27 +0100: Memory Usage (431412K) : metal5_res has 0 polygons
2026-03-13 18:15:27 +0100: Memory Usage (431540K) : metal5_iprobe has 0 polygons
2026-03-13 18:15:27 +0100: Memory Usage (431540K) : metal5_diffprb has 0 polygons
2026-03-13 18:15:27 +0100: Memory Usage (431668K) : radhard_drw has 0 polygons
2026-03-13 18:15:27 +0100: Memory Usage (431668K) : memcap_drw has 0 polygons
2026-03-13 18:15:27 +0100: Memory Usage (431796K) : varicap_drw has 0 polygons
2026-03-13 18:15:27 +0100: Memory Usage (431796K) : flash_drw has 0 polygons
2026-03-13 18:15:27 +0100: Memory Usage (431924K) : intbondvia_drw has 0 polygons
2026-03-13 18:15:27 +0100: Memory Usage (432052K) : intbondmet_drw has 0 polygons
2026-03-13 18:15:27 +0100: Memory Usage (432052K) : devbondvia_drw has 0 polygons
2026-03-13 18:15:27 +0100: Memory Usage (432052K) : devbondmet_drw has 0 polygons
2026-03-13 18:15:27 +0100: Memory Usage (432052K) : devtrench_drw has 0 polygons
2026-03-13 18:15:27 +0100: Memory Usage (432052K) : redist_drw has 0 polygons
2026-03-13 18:15:27 +0100: Memory Usage (432052K) : graphbot_drw has 0 polygons
2026-03-13 18:15:27 +0100: Memory Usage (432052K) : graphtop_drw has 0 polygons
2026-03-13 18:15:27 +0100: Memory Usage (432052K) : antvia1_drw has 0 polygons
2026-03-13 18:15:27 +0100: Memory Usage (432052K) : antmetal2_drw has 0 polygons
2026-03-13 18:15:27 +0100: Memory Usage (432052K) : graphcont_drw has 0 polygons
2026-03-13 18:15:27 +0100: Memory Usage (432052K) : siwg_drw has 0 polygons
2026-03-13 18:15:27 +0100: Memory Usage (432052K) : siwg_filler has 0 polygons
2026-03-13 18:15:27 +0100: Memory Usage (432052K) : siwg_nofill has 0 polygons
2026-03-13 18:15:27 +0100: Memory Usage (432052K) : sigrating_drw has 0 polygons
2026-03-13 18:15:27 +0100: Memory Usage (432052K) : singrating_drw has 0 polygons
2026-03-13 18:15:27 +0100: Memory Usage (432052K) : graphpas_drw has 0 polygons
2026-03-13 18:15:27 +0100: Memory Usage (432052K) : emwind3_drw has 0 polygons
2026-03-13 18:15:27 +0100: Memory Usage (432052K) : emwihv3_drw has 0 polygons
2026-03-13 18:15:27 +0100: Memory Usage (432052K) : redbulay_drw has 0 polygons
2026-03-13 18:15:27 +0100: Memory Usage (432052K) : smos_drw has 0 polygons
2026-03-13 18:15:27 +0100: Memory Usage (432052K) : graphpad_drw has 0 polygons
2026-03-13 18:15:27 +0100: Memory Usage (432052K) : polimide_drw has 0 polygons
2026-03-13 18:15:27 +0100: Memory Usage (432052K) : polimide_pin has 0 polygons
2026-03-13 18:15:27 +0100: Memory Usage (432052K) : recog_drw has 0 polygons
2026-03-13 18:15:27 +0100: Memory Usage (432052K) : recog_pin has 0 polygons
2026-03-13 18:15:27 +0100: Memory Usage (432052K) : recog_esd has 0 polygons
2026-03-13 18:15:27 +0100: Memory Usage (432052K) : recog_diode has 0 polygons
2026-03-13 18:15:27 +0100: Memory Usage (432052K) : recog_tsv has 0 polygons
2026-03-13 18:15:27 +0100: Memory Usage (432052K) : recog_iprobe has 0 polygons
2026-03-13 18:15:27 +0100: Memory Usage (432052K) : recog_diffprb has 0 polygons
2026-03-13 18:15:27 +0100: Memory Usage (432052K) : recog_pillar has 0 polygons
2026-03-13 18:15:27 +0100: Memory Usage (432052K) : recog_sbump has 0 polygons
2026-03-13 18:15:27 +0100: Memory Usage (432052K) : recog_otp has 0 polygons
2026-03-13 18:15:27 +0100: Memory Usage (432052K) : recog_pdiode has 0 polygons
2026-03-13 18:15:27 +0100: Memory Usage (432052K) : recog_mom has 0 polygons
2026-03-13 18:15:27 +0100: Memory Usage (432052K) : recog_pcm has 0 polygons
2026-03-13 18:15:27 +0100: Memory Usage (432052K) : colopen_drw has 0 polygons
2026-03-13 18:15:27 +0100: Memory Usage (432052K) : graphmetal1_drw has 0 polygons
2026-03-13 18:15:27 +0100: Memory Usage (432052K) : graphmetal1_filler has 0 polygons
2026-03-13 18:15:27 +0100: Memory Usage (432052K) : graphmetal1_nofill has 0 polygons
2026-03-13 18:15:27 +0100: Memory Usage (432052K) : graphmetal1_slit has 0 polygons
2026-03-13 18:15:27 +0100: Memory Usage (432052K) : graphmetal1_opc has 0 polygons
2026-03-13 18:15:27 +0100: Memory Usage (432052K) : graphmet1l_drw has 0 polygons
2026-03-13 18:15:27 +0100: Memory Usage (432052K) : graphmet1l_filler has 0 polygons
2026-03-13 18:15:27 +0100: Memory Usage (432052K) : graphmet1l_nofill has 0 polygons
2026-03-13 18:15:27 +0100: Memory Usage (432052K) : graphmet1l_slit has 0 polygons
2026-03-13 18:15:27 +0100: Memory Usage (432052K) : graphmet1l_opc has 0 polygons
2026-03-13 18:15:27 +0100: Memory Usage (432052K) : extblock_drw has 0 polygons
2026-03-13 18:15:27 +0100: Memory Usage (432052K) : nldd_drw has 0 polygons
2026-03-13 18:15:27 +0100: Memory Usage (432052K) : pldd_drw has 0 polygons
2026-03-13 18:15:27 +0100: Memory Usage (432052K) : next_drw has 0 polygons
2026-03-13 18:15:27 +0100: Memory Usage (432052K) : pext_drw has 0 polygons
2026-03-13 18:15:27 +0100: Memory Usage (432052K) : nexthv_drw has 0 polygons
2026-03-13 18:15:27 +0100: Memory Usage (432052K) : pexthv_drw has 0 polygons
2026-03-13 18:15:27 +0100: Memory Usage (432052K) : graphgate_drw has 0 polygons
2026-03-13 18:15:27 +0100: Memory Usage (432052K) : sinwg_drw has 0 polygons
2026-03-13 18:15:27 +0100: Memory Usage (432052K) : sinwg_filler has 0 polygons
2026-03-13 18:15:27 +0100: Memory Usage (432180K) : sinwg_nofill has 0 polygons
2026-03-13 18:15:27 +0100: Memory Usage (432180K) : mempad_drw has 0 polygons
2026-03-13 18:15:27 +0100: Memory Usage (432308K) : topvia1_drw has 0 polygons
2026-03-13 18:15:27 +0100: Memory Usage (432308K) : topmetal1_drw has 0 polygons
2026-03-13 18:15:27 +0100: Memory Usage (432436K) : topmetal1_pin has 0 polygons
2026-03-13 18:15:27 +0100: Memory Usage (432436K) : topmetal1_mask has 0 polygons
2026-03-13 18:15:27 +0100: Memory Usage (432564K) : topmetal1_filler has 0 polygons
2026-03-13 18:15:27 +0100: Memory Usage (432564K) : topmetal1_nofill has 0 polygons
2026-03-13 18:15:27 +0100: Memory Usage (432692K) : topmetal1_slit has 0 polygons
2026-03-13 18:15:27 +0100: Memory Usage (432692K) : topmetal1_text has 0 polygons
2026-03-13 18:15:27 +0100: Memory Usage (432820K) : topmetal1_noqrc has 0 polygons
2026-03-13 18:15:27 +0100: Memory Usage (432820K) : topmetal1_res has 0 polygons
2026-03-13 18:15:27 +0100: Memory Usage (432948K) : topmetal1_iprobe has 0 polygons
2026-03-13 18:15:27 +0100: Memory Usage (432948K) : topmetal1_diffprb has 0 polygons
2026-03-13 18:15:27 +0100: Memory Usage (433076K) : inldpwl_drw has 0 polygons
2026-03-13 18:15:27 +0100: Memory Usage (433076K) : polyres_drw has 0 polygons
2026-03-13 18:15:27 +0100: Memory Usage (433204K) : polyres_pin has 0 polygons
2026-03-13 18:15:27 +0100: Memory Usage (433204K) : vmim_drw has 0 polygons
2026-03-13 18:15:27 +0100: Memory Usage (433332K) : nbulaycut_drw has 0 polygons
2026-03-13 18:15:27 +0100: Memory Usage (433332K) : antmetal1_drw has 0 polygons
2026-03-13 18:15:27 +0100: Memory Usage (433460K) : topvia2_drw has 0 polygons
2026-03-13 18:15:27 +0100: Memory Usage (433460K) : topmetal2_drw has 0 polygons
2026-03-13 18:15:27 +0100: Memory Usage (433588K) : topmetal2_pin has 0 polygons
2026-03-13 18:15:27 +0100: Memory Usage (433588K) : topmetal2_mask has 0 polygons
2026-03-13 18:15:27 +0100: Memory Usage (433716K) : topmetal2_filler has 0 polygons
2026-03-13 18:15:27 +0100: Memory Usage (433716K) : topmetal2_nofill has 0 polygons
2026-03-13 18:15:27 +0100: Memory Usage (433844K) : topmetal2_slit has 0 polygons
2026-03-13 18:15:27 +0100: Memory Usage (433844K) : topmetal2_text has 0 polygons
2026-03-13 18:15:27 +0100: Memory Usage (433972K) : topmetal2_noqrc has 0 polygons
2026-03-13 18:15:27 +0100: Memory Usage (433972K) : topmetal2_res has 0 polygons
2026-03-13 18:15:27 +0100: Memory Usage (434100K) : topmetal2_iprobe has 0 polygons
2026-03-13 18:15:27 +0100: Memory Usage (434100K) : topmetal2_diffprb has 0 polygons
2026-03-13 18:15:27 +0100: Memory Usage (434228K) : snsring_drw has 0 polygons
2026-03-13 18:15:27 +0100: Memory Usage (434228K) : sensor_drw has 0 polygons
2026-03-13 18:15:27 +0100: Memory Usage (434356K) : snsarms_drw has 0 polygons
2026-03-13 18:15:27 +0100: Memory Usage (434356K) : snscmosvia_drw has 0 polygons
2026-03-13 18:15:27 +0100: Memory Usage (434484K) : colwind_drw has 0 polygons
2026-03-13 18:15:27 +0100: Memory Usage (434484K) : flm_drw has 0 polygons
2026-03-13 18:15:27 +0100: Memory Usage (434612K) : hafniumox_drw has 0 polygons
2026-03-13 18:15:27 +0100: Memory Usage (434612K) : memvia_drw has 0 polygons
2026-03-13 18:15:27 +0100: Memory Usage (434740K) : thinfilmres_drw has 0 polygons
2026-03-13 18:15:27 +0100: Memory Usage (434740K) : rfmem_drw has 0 polygons
2026-03-13 18:15:27 +0100: Memory Usage (434868K) : norcx_drw has 0 polygons
2026-03-13 18:15:27 +0100: Memory Usage (434868K) : norcx_m2m3 has 0 polygons
2026-03-13 18:15:27 +0100: Memory Usage (434996K) : norcx_m2m4 has 0 polygons
2026-03-13 18:15:27 +0100: Memory Usage (435124K) : norcx_m2m5 has 0 polygons
2026-03-13 18:15:27 +0100: Memory Usage (435124K) : norcx_m2tm1 has 0 polygons
2026-03-13 18:15:27 +0100: Memory Usage (435124K) : norcx_m2tm2 has 0 polygons
2026-03-13 18:15:27 +0100: Memory Usage (435124K) : norcx_m3m4 has 0 polygons
2026-03-13 18:15:27 +0100: Memory Usage (435124K) : norcx_m3m5 has 0 polygons
2026-03-13 18:15:27 +0100: Memory Usage (435124K) : norcx_m3tm1 has 0 polygons
2026-03-13 18:15:27 +0100: Memory Usage (435124K) : norcx_m3tm2 has 0 polygons
2026-03-13 18:15:27 +0100: Memory Usage (435124K) : norcx_m4m5 has 0 polygons
2026-03-13 18:15:27 +0100: Memory Usage (435124K) : norcx_m4tm1 has 0 polygons
2026-03-13 18:15:27 +0100: Memory Usage (435124K) : norcx_m4tm2 has 0 polygons
2026-03-13 18:15:27 +0100: Memory Usage (435124K) : norcx_m5tm1 has 0 polygons
2026-03-13 18:15:27 +0100: Memory Usage (435124K) : norcx_m5tm2 has 0 polygons
2026-03-13 18:15:27 +0100: Memory Usage (435124K) : norcx_tm1tm2 has 0 polygons
2026-03-13 18:15:27 +0100: Memory Usage (435124K) : norcx_m1sub has 0 polygons
2026-03-13 18:15:27 +0100: Memory Usage (435124K) : norcx_m2sub has 0 polygons
2026-03-13 18:15:27 +0100: Memory Usage (435124K) : norcx_m3sub has 0 polygons
2026-03-13 18:15:27 +0100: Memory Usage (435124K) : norcx_m4sub has 0 polygons
2026-03-13 18:15:27 +0100: Memory Usage (435124K) : norcx_m5sub has 0 polygons
2026-03-13 18:15:27 +0100: Memory Usage (435124K) : norcx_tm1sub has 0 polygons
2026-03-13 18:15:27 +0100: Memory Usage (435124K) : norcx_tm2sub has 0 polygons
2026-03-13 18:15:27 +0100: Memory Usage (435124K) : snsbotvia_drw has 0 polygons
2026-03-13 18:15:27 +0100: Memory Usage (435124K) : snstopvia_drw has 0 polygons
2026-03-13 18:15:27 +0100: Memory Usage (435124K) : deepvia_drw has 0 polygons
2026-03-13 18:15:27 +0100: Memory Usage (435124K) : fgetch_drw has 0 polygons
2026-03-13 18:15:27 +0100: Memory Usage (435124K) : ctrgat_drw has 0 polygons
2026-03-13 18:15:27 +0100: Memory Usage (435124K) : fgimp_drw has 0 polygons
2026-03-13 18:15:27 +0100: Memory Usage (435124K) : emwihv_drw has 0 polygons
2026-03-13 18:15:27 +0100: Memory Usage (435124K) : lbe_drw has 0 polygons
2026-03-13 18:15:27 +0100: Memory Usage (435124K) : alcustop_drw has 0 polygons
2026-03-13 18:15:27 +0100: Memory Usage (435124K) : nometfiller_drw has 0 polygons
2026-03-13 18:15:27 +0100: Memory Usage (435124K) : prboundary_drw has 0 polygons
2026-03-13 18:15:27 +0100: Memory Usage (435124K) : exchange0_drw has 0 polygons
2026-03-13 18:15:27 +0100: Memory Usage (435124K) : exchange0_pin has 0 polygons
2026-03-13 18:15:27 +0100: Memory Usage (435124K) : exchange0_text has 0 polygons
2026-03-13 18:15:27 +0100: Memory Usage (435124K) : exchange1_drw has 0 polygons
2026-03-13 18:15:27 +0100: Memory Usage (435124K) : exchange1_pin has 0 polygons
2026-03-13 18:15:27 +0100: Memory Usage (435124K) : exchange1_text has 0 polygons
2026-03-13 18:15:27 +0100: Memory Usage (435124K) : exchange2_drw has 0 polygons
2026-03-13 18:15:27 +0100: Memory Usage (435124K) : exchange2_pin has 0 polygons
2026-03-13 18:15:27 +0100: Memory Usage (435124K) : exchange2_text has 0 polygons
2026-03-13 18:15:27 +0100: Memory Usage (435124K) : exchange3_drw has 0 polygons
2026-03-13 18:15:27 +0100: Memory Usage (435124K) : exchange3_pin has 0 polygons
2026-03-13 18:15:27 +0100: Memory Usage (435124K) : exchange3_text has 0 polygons
2026-03-13 18:15:27 +0100: Memory Usage (435124K) : exchange4_drw has 0 polygons
2026-03-13 18:15:27 +0100: Memory Usage (435124K) : exchange4_pin has 0 polygons
2026-03-13 18:15:27 +0100: Memory Usage (435124K) : exchange4_text has 0 polygons
2026-03-13 18:15:27 +0100: Memory Usage (435124K) : isonwell_drw has 0 polygons
2026-03-13 18:15:27 +0100: Memory Usage (435124K) : Total no. of polygons in the design is 161
2026-03-13 18:15:27 +0100: Memory Usage (435124K) : Loaded TECH DRC rules values from /home/cmaier/.ciel/ciel/ihp-sg13g2/versions/c4b8b4e5e7a05f375cca3815d51b3a37721fbf5c/ihp-sg13g2/libs.tech/klayout/python/sg13g2_pycell_lib/sg13g2_tech_mod.json
2026-03-13 18:15:27 +0100: Memory Usage (435124K) : Loaded default DRC rules values from /home/cmaier/.ciel/ciel/ihp-sg13g2/versions/c4b8b4e5e7a05f375cca3815d51b3a37721fbf5c/ihp-sg13g2/libs.tech/klayout/tech/drc/rule_decks/sg13g2_tech_default.json
2026-03-13 18:15:27 +0100: Memory Usage (435124K) : The following rules values were missing in tech json and default values were used:
2026-03-13 18:15:27 +0100: Memory Usage (435124K) :   - Cnt_c_digibnd
2026-03-13 18:15:27 +0100: Memory Usage (436020K) : Total area of the design is 101.0856 um^2.
2026-03-13 18:15:27 +0100: Memory Usage (436020K) : The design dimensions are 9.24 µm * 10.940000000000001 µm.
2026-03-13 18:15:27 +0100: Memory Usage (436020K) : Starting general IHP-SG13G2 derivations.
2026-03-13 18:15:27 +0100: Memory Usage (436020K) : Starting Pwell derivations
2026-03-13 18:15:27 +0100: Memory Usage (437128K) : Starting n-Activ derivations
2026-03-13 18:15:27 +0100: Memory Usage (437296K) : Starting p-Activ derivations
2026-03-13 18:15:27 +0100: Memory Usage (437296K) : Starting ptap derivations
2026-03-13 18:15:27 +0100: Memory Usage (437296K) : Starting ntap derivations
2026-03-13 18:15:27 +0100: Memory Usage (437296K) : Starting pact FET derivations
2026-03-13 18:15:27 +0100: Memory Usage (437296K) : Starting nact FET derivations
2026-03-13 18:15:27 +0100: Memory Usage (437296K) : Starting Gate derivations
2026-03-13 18:15:27 +0100: Memory Usage (437296K) : Starting cont/contbar general derivations
2026-03-13 18:15:27 +0100: Memory Usage (437484K) : Starting pad general derivations
2026-03-13 18:15:27 +0100: Memory Usage (437484K) : Starting IHP-SG13G2 DRC connectivity related derivations.
2026-03-13 18:15:27 +0100: Memory Usage (438124K) : Starting IHP-SG13G2 DRC connectivity setup
2026-03-13 18:15:27 +0100: Memory Usage (438380K) : Starting IHP-SG13G2 DRC rules.
2026-03-13 18:15:27 +0100: Memory Usage (438380K) : Running all FEOL rules
2026-03-13 18:15:27 +0100: Memory Usage (438380K) : Running all BEOL rules
2026-03-13 18:15:27 +0100: Memory Usage (438380K) : Running all PIN rules
2026-03-13 18:15:27 +0100: Memory Usage (438380K) : Running all FORBIDDEN rules
2026-03-13 18:15:27 +0100: Memory Usage (438380K) : Starting 5.1 NWell table
2026-03-13 18:15:27 +0100: Memory Usage (438380K) : Executing rule NW.b
2026-03-13 18:15:27 +0100: Memory Usage (439264K) : Executing rule NW.b1
2026-03-13 18:15:27 +0100: Memory Usage (439520K) : Starting 5.2 PWell:block
2026-03-13 18:15:27 +0100: Memory Usage (439520K) : Executing rule PWB.e
2026-03-13 18:15:27 +0100: Memory Usage (439776K) : Executing rule PWB.e1
2026-03-13 18:15:27 +0100: Memory Usage (439904K) : Executing rule PWB.f
2026-03-13 18:15:27 +0100: Memory Usage (440032K) : Executing rule PWB.f1
2026-03-13 18:15:27 +0100: Memory Usage (440672K) : Starting 5.3 nBuLay table
2026-03-13 18:15:27 +0100: Memory Usage (440928K) : Executing rule NBL.b
2026-03-13 18:15:27 +0100: Memory Usage (441056K) : Executing rule NBL.c
2026-03-13 18:15:27 +0100: Memory Usage (441312K) : Executing rule NBL.d
2026-03-13 18:15:27 +0100: Memory Usage (441440K) : Executing rule NBL.e
2026-03-13 18:15:27 +0100: Memory Usage (441440K) : Executing rule NBL.f
2026-03-13 18:15:27 +0100: Memory Usage (441440K) : Starting 5.5. Activ table
2026-03-13 18:15:27 +0100: Memory Usage (441440K) : Executing rule Act.a
2026-03-13 18:15:27 +0100: Memory Usage (441440K) : Executing rule Act.b
2026-03-13 18:15:27 +0100: Memory Usage (441744K) : Starting 5.6 Activ:filler table
2026-03-13 18:15:27 +0100: Memory Usage (441744K) : Executing rule AFil.c1
2026-03-13 18:15:27 +0100: Memory Usage (441744K) : Executing rule AFil.c
2026-03-13 18:15:27 +0100: Memory Usage (441744K) : Executing rule AFil.d
2026-03-13 18:15:27 +0100: Memory Usage (441744K) : Executing rule AFil.e
2026-03-13 18:15:27 +0100: Memory Usage (441744K) : Executing rule AFil.j
2026-03-13 18:15:27 +0100: Memory Usage (441744K) : Starting 5.7. ThickGateOx table
2026-03-13 18:15:27 +0100: Memory Usage (441744K) : Executing rule TGO.f
2026-03-13 18:15:27 +0100: Memory Usage (441744K) : Starting 5.8. GatPoly table
2026-03-13 18:15:27 +0100: Memory Usage (441744K) : Executing rule Gat.a
2026-03-13 18:15:27 +0100: Memory Usage (441744K) : Executing rule Gat.b
2026-03-13 18:15:27 +0100: Memory Usage (441744K) : Executing rule Gat.d
2026-03-13 18:15:27 +0100: Memory Usage (441744K) : Executing rule Gat.a1
2026-03-13 18:15:27 +0100: Memory Usage (441872K) : Executing rule Gat.a2
2026-03-13 18:15:27 +0100: Memory Usage (441872K) : Executing rule Gat.g
2026-03-13 18:15:27 +0100: Memory Usage (442044K) : Starting 5.9 GatPoly:filler
2026-03-13 18:15:27 +0100: Memory Usage (442044K) : Executing rule GFil.d
2026-03-13 18:15:27 +0100: Memory Usage (442044K) : Executing rule GFil.e
2026-03-13 18:15:27 +0100: Memory Usage (442044K) : Executing rule GFil.i
2026-03-13 18:15:27 +0100: Memory Usage (442044K) : Starting 5.10 pSD table
2026-03-13 18:15:27 +0100: Memory Usage (442044K) : Executing rule pSD.c1
2026-03-13 18:15:27 +0100: Memory Usage (442044K) : Starting 5.14. Cont table
2026-03-13 18:15:27 +0100: Memory Usage (442044K) : Executing rule Cnt.a
2026-03-13 18:15:27 +0100: Memory Usage (442044K) : Executing rule Cnt.b
2026-03-13 18:15:27 +0100: Memory Usage (442044K) : Executing rule Cnt.c
2026-03-13 18:15:27 +0100: Memory Usage (442044K) : Executing rule Cnt.c
2026-03-13 18:15:27 +0100: Memory Usage (442044K) : Executing rule Cnt.d
2026-03-13 18:15:27 +0100: Memory Usage (442044K) : Executing rule Cnt.e
2026-03-13 18:15:27 +0100: Memory Usage (442044K) : Executing rule Cnt.g1
2026-03-13 18:15:27 +0100: Memory Usage (442044K) : Executing rule Cnt.g2
2026-03-13 18:15:27 +0100: Memory Usage (442044K) : Starting 5.15. ContBar table
2026-03-13 18:15:27 +0100: Memory Usage (442044K) : Executing rule CntB.b1
2026-03-13 18:15:27 +0100: Memory Usage (442044K) : Executing rule CntB.h1
2026-03-13 18:15:27 +0100: Memory Usage (442044K) : Starting 6.1.3 NPN Substrate-Tie table
2026-03-13 18:15:27 +0100: Memory Usage (442044K) : Executing rule npn13G2.bR 
2026-03-13 18:15:27 +0100: Memory Usage (442044K) : Executing rule npn13G2L.cR 
2026-03-13 18:15:27 +0100: Memory Usage (442044K) : Executing rule npn13G2V.cR 
2026-03-13 18:15:27 +0100: Memory Usage (442044K) : Starting 6.7 Schottky diode table
2026-03-13 18:15:27 +0100: Memory Usage (442044K) : Executing rule Sdiod.d
2026-03-13 18:15:27 +0100: Memory Usage (442044K) : Executing rule Sdiod.e
2026-03-13 18:15:27 +0100: Memory Usage (442044K) : Starting 7.2 Latch-up table
2026-03-13 18:15:27 +0100: Memory Usage (442044K) : Executing rule LU.b
2026-03-13 18:15:27 +0100: Memory Usage (442044K) : Starting 5.16. Metal1 table
2026-03-13 18:15:27 +0100: Memory Usage (442044K) : Executing rule M1.a
2026-03-13 18:15:27 +0100: Memory Usage (442044K) : Executing rule M1.b
2026-03-13 18:15:27 +0100: Memory Usage (442044K) : Executing rule M1.e
2026-03-13 18:15:27 +0100: Memory Usage (442044K) : Executing rule M1.f
2026-03-13 18:15:27 +0100: Memory Usage (442044K) : Executing rule M1.g
2026-03-13 18:15:27 +0100: Memory Usage (442044K) : Executing rule M1.i
2026-03-13 18:15:27 +0100: Memory Usage (442172K) : Starting 5.17 Metaln table
2026-03-13 18:15:27 +0100: Memory Usage (442172K) : Executing rule M2.a
2026-03-13 18:15:27 +0100: Memory Usage (442172K) : Executing rule M2.b
2026-03-13 18:15:27 +0100: Memory Usage (442172K) : Executing rule M2.e
2026-03-13 18:15:28 +0100: Memory Usage (442172K) : Executing rule M2.f
2026-03-13 18:15:28 +0100: Memory Usage (442172K) : Executing rule M2.g
2026-03-13 18:15:28 +0100: Memory Usage (442172K) : Executing rule M2.i
2026-03-13 18:15:28 +0100: Memory Usage (442172K) : Executing rule M3.a
2026-03-13 18:15:28 +0100: Memory Usage (442172K) : Executing rule M3.b
2026-03-13 18:15:28 +0100: Memory Usage (442172K) : Executing rule M3.e
2026-03-13 18:15:28 +0100: Memory Usage (442172K) : Executing rule M3.f
2026-03-13 18:15:28 +0100: Memory Usage (442172K) : Executing rule M3.g
2026-03-13 18:15:28 +0100: Memory Usage (442172K) : Executing rule M3.i
2026-03-13 18:15:28 +0100: Memory Usage (442172K) : Executing rule M4.a
2026-03-13 18:15:28 +0100: Memory Usage (442172K) : Executing rule M4.b
2026-03-13 18:15:28 +0100: Memory Usage (442172K) : Executing rule M4.e
2026-03-13 18:15:28 +0100: Memory Usage (442172K) : Executing rule M4.f
2026-03-13 18:15:28 +0100: Memory Usage (442172K) : Executing rule M4.g
2026-03-13 18:15:28 +0100: Memory Usage (442172K) : Executing rule M4.i
2026-03-13 18:15:28 +0100: Memory Usage (442172K) : Executing rule M5.a
2026-03-13 18:15:28 +0100: Memory Usage (442172K) : Executing rule M5.b
2026-03-13 18:15:28 +0100: Memory Usage (442172K) : Executing rule M5.e
2026-03-13 18:15:28 +0100: Memory Usage (442172K) : Executing rule M5.f
2026-03-13 18:15:28 +0100: Memory Usage (442428K) : Executing rule M5.g
2026-03-13 18:15:28 +0100: Memory Usage (442812K) : Executing rule M5.i
2026-03-13 18:15:28 +0100: Memory Usage (443196K) : Starting 5.18 Metaln:filler table
2026-03-13 18:15:28 +0100: Memory Usage (443196K) : Executing rule M1Fil.c
2026-03-13 18:15:28 +0100: Memory Usage (443324K) : Executing rule M1Fil.a2
2026-03-13 18:15:28 +0100: Memory Usage (443324K) : Executing rule M2Fil.c
2026-03-13 18:15:28 +0100: Memory Usage (443324K) : Executing rule M2Fil.a2
2026-03-13 18:15:28 +0100: Memory Usage (443324K) : Executing rule M3Fil.c
2026-03-13 18:15:28 +0100: Memory Usage (443324K) : Executing rule M3Fil.a2
2026-03-13 18:15:28 +0100: Memory Usage (443324K) : Executing rule M4Fil.c
2026-03-13 18:15:28 +0100: Memory Usage (443324K) : Executing rule M4Fil.a2
2026-03-13 18:15:28 +0100: Memory Usage (443324K) : Executing rule M5Fil.c
2026-03-13 18:15:28 +0100: Memory Usage (443324K) : Executing rule M5Fil.a2
2026-03-13 18:15:28 +0100: Memory Usage (443324K) : Starting 5.19. Via1 table
2026-03-13 18:15:28 +0100: Memory Usage (443324K) : Starting 5.19. Via1 table derivations
2026-03-13 18:15:28 +0100: Memory Usage (443324K) : Executing rule V1.a
2026-03-13 18:15:28 +0100: Memory Usage (443324K) : Executing rule V1.b
2026-03-13 18:15:28 +0100: Memory Usage (443324K) : Executing rule V1.c
2026-03-13 18:15:28 +0100: Memory Usage (443324K) : Starting 5.20. Vian table
2026-03-13 18:15:28 +0100: Memory Usage (443324K) : Executing rule V2.a
2026-03-13 18:15:28 +0100: Memory Usage (443324K) : Executing rule V2.b
2026-03-13 18:15:28 +0100: Memory Usage (443324K) : Executing rule V2.c
2026-03-13 18:15:28 +0100: Memory Usage (443324K) : Executing rule V3.a
2026-03-13 18:15:28 +0100: Memory Usage (443324K) : Executing rule V3.b
2026-03-13 18:15:28 +0100: Memory Usage (443324K) : Executing rule V3.c
2026-03-13 18:15:28 +0100: Memory Usage (443324K) : Executing rule V4.a
2026-03-13 18:15:28 +0100: Memory Usage (443324K) : Executing rule V4.b
2026-03-13 18:15:28 +0100: Memory Usage (443324K) : Executing rule V4.c
2026-03-13 18:15:28 +0100: Memory Usage (443324K) : Starting 5.21. TopVia1 table
2026-03-13 18:15:28 +0100: Memory Usage (443324K) : Executing rule TV1.a
2026-03-13 18:15:28 +0100: Memory Usage (443324K) : Executing rule TV1.b
2026-03-13 18:15:28 +0100: Memory Usage (443324K) : Executing rule TV1.c
2026-03-13 18:15:28 +0100: Memory Usage (443324K) : Executing rule TV1.d
2026-03-13 18:15:28 +0100: Memory Usage (443324K) : Starting 5.22. TopMetal1 table
2026-03-13 18:15:28 +0100: Memory Usage (443324K) : Executing rule TM1.a
2026-03-13 18:15:28 +0100: Memory Usage (443324K) : Executing rule TM1.b
2026-03-13 18:15:28 +0100: Memory Usage (443324K) : Starting 5.23 TopMetal1:filler table
2026-03-13 18:15:28 +0100: Memory Usage (443324K) : Executing rule TM1Fil.c
2026-03-13 18:15:28 +0100: Memory Usage (443324K) : Executing rule TM1Fil.a1
2026-03-13 18:15:28 +0100: Memory Usage (443324K) : Starting 5.24. TopVia2 table
2026-03-13 18:15:28 +0100: Memory Usage (443324K) : Executing rule TV2.a
2026-03-13 18:15:28 +0100: Memory Usage (443324K) : Executing rule TV2.b
2026-03-13 18:15:28 +0100: Memory Usage (443324K) : Executing rule TV2.c
2026-03-13 18:15:28 +0100: Memory Usage (443324K) : Executing rule TV2.d
2026-03-13 18:15:28 +0100: Memory Usage (443324K) : Starting 5.25. TopMetal2 table
2026-03-13 18:15:28 +0100: Memory Usage (443324K) : Executing rule TM2.a
2026-03-13 18:15:28 +0100: Memory Usage (443324K) : Executing rule TM2.b
2026-03-13 18:15:28 +0100: Memory Usage (443324K) : Executing rule TM2.bR
2026-03-13 18:15:28 +0100: Memory Usage (443324K) : Starting 5.26 TopMetal2:filler table
2026-03-13 18:15:28 +0100: Memory Usage (443324K) : Executing rule TM2Fil.c
2026-03-13 18:15:28 +0100: Memory Usage (443324K) : Executing rule TM2Fil.a1
2026-03-13 18:15:28 +0100: Memory Usage (443324K) : Starting 5.27. Passiv table
2026-03-13 18:15:28 +0100: Memory Usage (443324K) : Executing rule Pas.a
2026-03-13 18:15:28 +0100: Memory Usage (443324K) : Executing rule Pas.b
2026-03-13 18:15:28 +0100: Memory Usage (443324K) : Executing rule Pas.c
2026-03-13 18:15:28 +0100: Memory Usage (443324K) : Starting 6.9.2 Copper Pillar table
2026-03-13 18:15:28 +0100: Memory Usage (443324K) : Executing rule Padc.a
2026-03-13 18:15:28 +0100: Memory Usage (443324K) : Executing rule Padc.b
2026-03-13 18:15:28 +0100: Memory Usage (443324K) : Executing rule Padc.c
2026-03-13 18:15:28 +0100: Memory Usage (443324K) : Executing rule Padb.f
2026-03-13 18:15:28 +0100: Memory Usage (443324K) : Starting 6.9 Pad table
2026-03-13 18:15:28 +0100: Memory Usage (443324K) : Executing rule Pad.m
2026-03-13 18:15:28 +0100: Memory Usage (443324K) : Executing rule Pad.fR_M1
2026-03-13 18:15:28 +0100: Memory Usage (443324K) : Executing rule Pad.fR_M2
2026-03-13 18:15:28 +0100: Memory Usage (443324K) : Executing rule Pad.fR_M3
2026-03-13 18:15:28 +0100: Memory Usage (443324K) : Executing rule Pad.fR_M4
2026-03-13 18:15:28 +0100: Memory Usage (443324K) : Executing rule Pad.fR_M5
2026-03-13 18:15:28 +0100: Memory Usage (443324K) : Executing rule Pad.fR_TM1
2026-03-13 18:15:28 +0100: Memory Usage (443324K) : Executing rule Pad.fR_TM2
2026-03-13 18:15:28 +0100: Memory Usage (443324K) : Executing rule Pad.i
2026-03-13 18:15:28 +0100: Memory Usage (443324K) : Starting 6.9.1 Solder Bump
2026-03-13 18:15:28 +0100: Memory Usage (443324K) : Executing rule Padb.a
2026-03-13 18:15:28 +0100: Memory Usage (443324K) : Executing rule Padb.b
2026-03-13 18:15:28 +0100: Memory Usage (443324K) : Executing rule Padb.c
2026-03-13 18:15:28 +0100: Memory Usage (443324K) : Executing rule Padb.f
2026-03-13 18:15:28 +0100: Memory Usage (443324K) : Executing rule Padb.d
2026-03-13 18:15:28 +0100: Memory Usage (443324K) : Starting 6.10 Sealring table
2026-03-13 18:15:28 +0100: Memory Usage (443324K) : Executing rule Seal.l
2026-03-13 18:15:28 +0100: Memory Usage (443324K) : Executing rule Seal.n
2026-03-13 18:15:28 +0100: Memory Usage (443324K) : Executing rule seal.b_metal1
2026-03-13 18:15:28 +0100: Memory Usage (443324K) : Executing rule seal.b_metal2
2026-03-13 18:15:28 +0100: Memory Usage (443324K) : Executing rule seal.b_metal3
2026-03-13 18:15:28 +0100: Memory Usage (443324K) : Executing rule seal.b_metal4
2026-03-13 18:15:28 +0100: Memory Usage (443324K) : Executing rule seal.b_metal5
2026-03-13 18:15:28 +0100: Memory Usage (443324K) : Executing rule seal.b_topmetal1
2026-03-13 18:15:28 +0100: Memory Usage (443324K) : Executing rule seal.b_topmetal2
2026-03-13 18:15:28 +0100: Memory Usage (443324K) : Executing rule seal.b_activ
2026-03-13 18:15:28 +0100: Memory Usage (443324K) : Executing rule seal.b_psd
2026-03-13 18:15:28 +0100: Memory Usage (443324K) : Executing rule Seal.k
2026-03-13 18:15:28 +0100: Memory Usage (443324K) : Executing rule Seal.m
2026-03-13 18:15:28 +0100: Memory Usage (443324K) : Starting 6.11 MIM table
2026-03-13 18:15:28 +0100: Memory Usage (443324K) : Executing rule MIM.c
2026-03-13 18:15:28 +0100: Memory Usage (443324K) : Executing rule MIM.d
2026-03-13 18:15:28 +0100: Memory Usage (443324K) : Executing rule MIM.gR
2026-03-13 18:15:28 +0100: Memory Usage (443324K) : Starting 7.3 Metal Slits table
2026-03-13 18:15:28 +0100: Memory Usage (443324K) : Executing rule Slt.e1_M1
2026-03-13 18:15:28 +0100: Memory Usage (443324K) : Executing rule Slt.e1_M2
2026-03-13 18:15:28 +0100: Memory Usage (443324K) : Executing rule Slt.e1_M3
2026-03-13 18:15:28 +0100: Memory Usage (443324K) : Executing rule Slt.e1_M4
2026-03-13 18:15:28 +0100: Memory Usage (443324K) : Executing rule Slt.e1_M5
2026-03-13 18:15:28 +0100: Memory Usage (443324K) : Executing rule Slt.e1_TM1
2026-03-13 18:15:28 +0100: Memory Usage (443324K) : Executing rule Slt.e1_TM2
2026-03-13 18:15:28 +0100: Memory Usage (443324K) : Starting 9.1. LBE table
2026-03-13 18:15:28 +0100: Memory Usage (443324K) : Executing rule LBE.a
2026-03-13 18:15:28 +0100: Memory Usage (443324K) : Executing rule LBE.b
2026-03-13 18:15:28 +0100: Memory Usage (443452K) : Executing rule LBE.b1
2026-03-13 18:15:28 +0100: Memory Usage (443452K) : Executing rule LBE.c
2026-03-13 18:15:28 +0100: Memory Usage (443452K) : Executing rule LBE.d
2026-03-13 18:15:28 +0100: Memory Usage (443452K) : Executing rule LBE.h
2026-03-13 18:15:28 +0100: Memory Usage (443452K) : Starting 7.4. PIN table
2026-03-13 18:15:28 +0100: Memory Usage (443452K) : Executing rule Pin.a
2026-03-13 18:15:28 +0100: Memory Usage (443452K) : Executing rule Pin.b
2026-03-13 18:15:28 +0100: Memory Usage (443452K) : Executing rule Pin.e
2026-03-13 18:15:28 +0100: Memory Usage (443452K) : Executing rule Pin.f_M2
2026-03-13 18:15:28 +0100: Memory Usage (443580K) : Executing rule Pin.f_M3
2026-03-13 18:15:28 +0100: Memory Usage (443580K) : Executing rule Pin.f_M4
2026-03-13 18:15:28 +0100: Memory Usage (443580K) : Executing rule Pin.f_M5
2026-03-13 18:15:28 +0100: Memory Usage (443580K) : Executing rule Pin.g
2026-03-13 18:15:28 +0100: Memory Usage (443580K) : Executing rule Pin.h
2026-03-13 18:15:28 +0100: Memory Usage (443580K) : Starting 3.2. FORBIDDEN table
2026-03-13 18:15:28 +0100: Memory Usage (443580K) : Executing rule forbidden.biwind
2026-03-13 18:15:28 +0100: Memory Usage (443580K) : Executing rule forbidden.pemwind
2026-03-13 18:15:28 +0100: Memory Usage (443580K) : Executing rule forbidden.baspoly
2026-03-13 18:15:28 +0100: Memory Usage (443708K) : Executing rule forbidden.deepco
2026-03-13 18:15:28 +0100: Memory Usage (443708K) : Executing rule forbidden.pempoly
2026-03-13 18:15:28 +0100: Memory Usage (443708K) : Executing rule forbidden.empoly
2026-03-13 18:15:28 +0100: Memory Usage (443708K) : Executing rule forbidden.ldmos
2026-03-13 18:15:28 +0100: Memory Usage (443708K) : Executing rule forbidden.pbiwind
2026-03-13 18:15:28 +0100: Memory Usage (443708K) : Executing rule forbidden.nodrc
2026-03-13 18:15:28 +0100: Memory Usage (443708K) : Executing rule forbidden.flash
2026-03-13 18:15:28 +0100: Memory Usage (443708K) : Executing rule forbidden.colwind
2026-03-13 18:15:28 +0100: Memory Usage (443836K) : KLayout DRC run for tables 'main' completed in 1.24 seconds
