# Logfile created on 2026-03-12 00:26:17 +0100 by logger.rb/v1.6.0
2026-03-12 00:26:17 +0100: Memory Usage (421512K) : Starting running IHP-SG13G2 KLayout DRC runset on /home/cmaier/EDA/PUDDING/gds/dac2u32out4in.gds
2026-03-12 00:26:17 +0100: Memory Usage (421512K) : Ruby Version for klayout: 3.3.10
2026-03-12 00:26:17 +0100: Memory Usage (422816K) : Loading database to memory is complete.
2026-03-12 00:26:17 +0100: Memory Usage (422816K) : IHP-SG13G2 KLayout DRC runset output at: /home/cmaier/EDA/PUDDING/gds/drc_run_dac2u32out4in/dac2u32out4in_dac2u32out4in_main.lyrdb
2026-03-12 00:26:17 +0100: Memory Usage (422816K) : Evaluate switches.
2026-03-12 00:26:17 +0100: Memory Usage (422816K) : tables selected: main
2026-03-12 00:26:17 +0100: Memory Usage (422816K) : KLayout will use 1 thread(s) in tiling mode.
2026-03-12 00:26:17 +0100: Memory Usage (422816K) : deep mode is enabled.
2026-03-12 00:26:17 +0100: Memory Usage (422816K) : FEOL enabled: true
2026-03-12 00:26:17 +0100: Memory Usage (422816K) : BEOL enabled: true
2026-03-12 00:26:17 +0100: Memory Usage (422816K) : OFFGRID enabled: true
2026-03-12 00:26:17 +0100: Memory Usage (422816K) : PIN enabled: true
2026-03-12 00:26:17 +0100: Memory Usage (422816K) : FORBIDDEN enabled: true
2026-03-12 00:26:17 +0100: Memory Usage (422816K) : RECOMMENDED enabled: true
2026-03-12 00:26:17 +0100: Memory Usage (422816K) : PreCheck DRC enabled: false
2026-03-12 00:26:17 +0100: Memory Usage (422816K) : CONNECTIVITY_RULES enabled: true.
2026-03-12 00:26:17 +0100: Memory Usage (422816K) : Read in polygons from layers.
2026-03-12 00:26:17 +0100: Memory Usage (424112K) : activ_drw has 508 polygons
2026-03-12 00:26:17 +0100: Memory Usage (424112K) : activ_pin has 0 polygons
2026-03-12 00:26:17 +0100: Memory Usage (424112K) : activ_mask has 0 polygons
2026-03-12 00:26:17 +0100: Memory Usage (424112K) : activ_filler has 0 polygons
2026-03-12 00:26:17 +0100: Memory Usage (424112K) : activ_nofill has 0 polygons
2026-03-12 00:26:17 +0100: Memory Usage (424112K) : activ_opc has 0 polygons
2026-03-12 00:26:17 +0100: Memory Usage (424112K) : activ_iopc has 0 polygons
2026-03-12 00:26:17 +0100: Memory Usage (424112K) : activ_noqrc has 0 polygons
2026-03-12 00:26:17 +0100: Memory Usage (424112K) : biwind_drw has 0 polygons
2026-03-12 00:26:17 +0100: Memory Usage (424112K) : biwind_opc has 0 polygons
2026-03-12 00:26:17 +0100: Memory Usage (424112K) : pemwind_drw has 0 polygons
2026-03-12 00:26:17 +0100: Memory Usage (424112K) : gatpoly_drw has 548 polygons
2026-03-12 00:26:17 +0100: Memory Usage (424112K) : gatpoly_pin has 0 polygons
2026-03-12 00:26:17 +0100: Memory Usage (424112K) : gatpoly_filler has 0 polygons
2026-03-12 00:26:17 +0100: Memory Usage (424112K) : gatpoly_nofill has 0 polygons
2026-03-12 00:26:17 +0100: Memory Usage (424112K) : gatpoly_opc has 0 polygons
2026-03-12 00:26:17 +0100: Memory Usage (424112K) : gatpoly_iopc has 0 polygons
2026-03-12 00:26:17 +0100: Memory Usage (424112K) : gatpoly_noqrc has 0 polygons
2026-03-12 00:26:17 +0100: Memory Usage (424112K) : cont_drw has 2372 polygons
2026-03-12 00:26:17 +0100: Memory Usage (424112K) : cont_opc has 0 polygons
2026-03-12 00:26:17 +0100: Memory Usage (424112K) : nsd_drw has 0 polygons
2026-03-12 00:26:17 +0100: Memory Usage (424112K) : nsd_block has 0 polygons
2026-03-12 00:26:17 +0100: Memory Usage (424112K) : metal1_drw has 1874 polygons
2026-03-12 00:26:17 +0100: Memory Usage (424240K) : metal1_pin has 295 polygons
2026-03-12 00:26:17 +0100: Memory Usage (424240K) : metal1_mask has 0 polygons
2026-03-12 00:26:17 +0100: Memory Usage (424368K) : metal1_filler has 0 polygons
2026-03-12 00:26:17 +0100: Memory Usage (424368K) : metal1_nofill has 0 polygons
2026-03-12 00:26:17 +0100: Memory Usage (424368K) : metal1_slit has 0 polygons
2026-03-12 00:26:17 +0100: Memory Usage (424656K) : metal1_text has 7 polygons
2026-03-12 00:26:17 +0100: Memory Usage (424656K) : metal1_opc has 0 polygons
2026-03-12 00:26:17 +0100: Memory Usage (424912K) : metal1_noqrc has 0 polygons
2026-03-12 00:26:17 +0100: Memory Usage (424912K) : metal1_res has 0 polygons
2026-03-12 00:26:17 +0100: Memory Usage (424912K) : metal1_iprobe has 0 polygons
2026-03-12 00:26:17 +0100: Memory Usage (424912K) : metal1_diffprb has 0 polygons
2026-03-12 00:26:17 +0100: Memory Usage (424912K) : passiv_drw has 0 polygons
2026-03-12 00:26:17 +0100: Memory Usage (424912K) : passiv_pin has 0 polygons
2026-03-12 00:26:17 +0100: Memory Usage (424912K) : passiv_sbump has 0 polygons
2026-03-12 00:26:17 +0100: Memory Usage (424912K) : passiv_pillar has 0 polygons
2026-03-12 00:26:17 +0100: Memory Usage (425040K) : passiv_pdl has 0 polygons
2026-03-12 00:26:17 +0100: Memory Usage (425176K) : metal2_drw has 768 polygons
2026-03-12 00:26:17 +0100: Memory Usage (425304K) : metal2_pin has 468 polygons
2026-03-12 00:26:17 +0100: Memory Usage (425304K) : metal2_mask has 0 polygons
2026-03-12 00:26:17 +0100: Memory Usage (425432K) : metal2_filler has 0 polygons
2026-03-12 00:26:17 +0100: Memory Usage (425432K) : metal2_nofill has 0 polygons
2026-03-12 00:26:17 +0100: Memory Usage (425560K) : metal2_slit has 0 polygons
2026-03-12 00:26:17 +0100: Memory Usage (425560K) : metal2_text has 216 polygons
2026-03-12 00:26:17 +0100: Memory Usage (425688K) : metal2_opc has 0 polygons
2026-03-12 00:26:17 +0100: Memory Usage (425688K) : metal2_noqrc has 0 polygons
2026-03-12 00:26:17 +0100: Memory Usage (425816K) : metal2_res has 0 polygons
2026-03-12 00:26:17 +0100: Memory Usage (425816K) : metal2_iprobe has 0 polygons
2026-03-12 00:26:17 +0100: Memory Usage (425816K) : metal2_diffprb has 0 polygons
2026-03-12 00:26:17 +0100: Memory Usage (425944K) : baspoly_drw has 0 polygons
2026-03-12 00:26:17 +0100: Memory Usage (425944K) : baspoly_pin has 0 polygons
2026-03-12 00:26:17 +0100: Memory Usage (425944K) : psd_drw has 149 polygons
2026-03-12 00:26:17 +0100: Memory Usage (425944K) : nldb_drw has 0 polygons
2026-03-12 00:26:17 +0100: Memory Usage (425944K) : digibnd_drw has 0 polygons
2026-03-12 00:26:17 +0100: Memory Usage (425944K) : via1_drw has 556 polygons
2026-03-12 00:26:17 +0100: Memory Usage (425944K) : backmetal1_drw has 0 polygons
2026-03-12 00:26:17 +0100: Memory Usage (426072K) : backmetal1_pin has 0 polygons
2026-03-12 00:26:17 +0100: Memory Usage (426072K) : backmetal1_mask has 0 polygons
2026-03-12 00:26:17 +0100: Memory Usage (426200K) : backmetal1_filler has 0 polygons
2026-03-12 00:26:17 +0100: Memory Usage (426200K) : backmetal1_nofill has 0 polygons
2026-03-12 00:26:17 +0100: Memory Usage (426328K) : backmetal1_slit has 0 polygons
2026-03-12 00:26:17 +0100: Memory Usage (426328K) : backmetal1_text has 0 polygons
2026-03-12 00:26:17 +0100: Memory Usage (426456K) : backmetal1_opc has 0 polygons
2026-03-12 00:26:17 +0100: Memory Usage (426456K) : backmetal1_noqrc has 0 polygons
2026-03-12 00:26:17 +0100: Memory Usage (426584K) : backmetal1_res has 0 polygons
2026-03-12 00:26:17 +0100: Memory Usage (426584K) : backmetal1_iprobe has 0 polygons
2026-03-12 00:26:17 +0100: Memory Usage (426712K) : backmetal1_diffprb has 0 polygons
2026-03-12 00:26:17 +0100: Memory Usage (426712K) : backpassiv_drw has 0 polygons
2026-03-12 00:26:17 +0100: Memory Usage (426840K) : res_drw has 0 polygons
2026-03-12 00:26:17 +0100: Memory Usage (426840K) : sram_drw has 0 polygons
2026-03-12 00:26:17 +0100: Memory Usage (426968K) : trans_drw has 0 polygons
2026-03-12 00:26:17 +0100: Memory Usage (426968K) : ind_drw has 0 polygons
2026-03-12 00:26:17 +0100: Memory Usage (427096K) : ind_pin has 0 polygons
2026-03-12 00:26:17 +0100: Memory Usage (427096K) : ind_text has 0 polygons
2026-03-12 00:26:17 +0100: Memory Usage (427224K) : salblock_drw has 0 polygons
2026-03-12 00:26:17 +0100: Memory Usage (427224K) : via2_drw has 188 polygons
2026-03-12 00:26:17 +0100: Memory Usage (427352K) : metal3_drw has 300 polygons
2026-03-12 00:26:17 +0100: Memory Usage (427352K) : metal3_pin has 160 polygons
2026-03-12 00:26:17 +0100: Memory Usage (427480K) : metal3_mask has 0 polygons
2026-03-12 00:26:17 +0100: Memory Usage (427480K) : metal3_filler has 0 polygons
2026-03-12 00:26:17 +0100: Memory Usage (427608K) : metal3_nofill has 0 polygons
2026-03-12 00:26:17 +0100: Memory Usage (427608K) : metal3_slit has 0 polygons
2026-03-12 00:26:17 +0100: Memory Usage (427608K) : metal3_text has 16 polygons
2026-03-12 00:26:17 +0100: Memory Usage (427736K) : metal3_opc has 0 polygons
2026-03-12 00:26:17 +0100: Memory Usage (427736K) : metal3_noqrc has 0 polygons
2026-03-12 00:26:17 +0100: Memory Usage (427864K) : metal3_res has 0 polygons
2026-03-12 00:26:17 +0100: Memory Usage (427864K) : metal3_iprobe has 0 polygons
2026-03-12 00:26:17 +0100: Memory Usage (427992K) : metal3_diffprb has 0 polygons
2026-03-12 00:26:17 +0100: Memory Usage (428248K) : nwell_drw has 149 polygons
2026-03-12 00:26:17 +0100: Memory Usage (428376K) : nwell_pin has 0 polygons
2026-03-12 00:26:17 +0100: Memory Usage (428376K) : nbulay_drw has 0 polygons
2026-03-12 00:26:17 +0100: Memory Usage (428376K) : nbulay_pin has 0 polygons
2026-03-12 00:26:17 +0100: Memory Usage (428376K) : nbulay_block has 0 polygons
2026-03-12 00:26:17 +0100: Memory Usage (428376K) : emwind_drw has 0 polygons
2026-03-12 00:26:17 +0100: Memory Usage (428376K) : emwind_opc has 0 polygons
2026-03-12 00:26:17 +0100: Memory Usage (428376K) : deepco_drw has 0 polygons
2026-03-12 00:26:17 +0100: Memory Usage (428504K) : deepco_drw has 0 polygons
2026-03-12 00:26:17 +0100: Memory Usage (428504K) : mim_drw has 0 polygons
2026-03-12 00:26:17 +0100: Memory Usage (428632K) : edgeseal_drw has 0 polygons
2026-03-12 00:26:17 +0100: Memory Usage (428760K) : edgeseal_bound has 0 polygons
2026-03-12 00:26:17 +0100: Memory Usage (428760K) : substrate_drw has 0 polygons
2026-03-12 00:26:17 +0100: Memory Usage (428760K) : substrate_text has 0 polygons
2026-03-12 00:26:17 +0100: Memory Usage (428888K) : dfpad_drw has 0 polygons
2026-03-12 00:26:17 +0100: Memory Usage (428888K) : dfpad_pillar has 0 polygons
2026-03-12 00:26:17 +0100: Memory Usage (429016K) : dfpad_sbump has 0 polygons
2026-03-12 00:26:17 +0100: Memory Usage (429144K) : thickgateox_drw has 0 polygons
2026-03-12 00:26:17 +0100: Memory Usage (429144K) : pldb_drw has 0 polygons
2026-03-12 00:26:17 +0100: Memory Usage (429272K) : pwell_drw has 0 polygons
2026-03-12 00:26:17 +0100: Memory Usage (429272K) : pwell_pin has 0 polygons
2026-03-12 00:26:17 +0100: Memory Usage (429400K) : pwell_block has 0 polygons
2026-03-12 00:26:17 +0100: Memory Usage (429400K) : ic_drw has 0 polygons
2026-03-12 00:26:17 +0100: Memory Usage (429528K) : via3_drw has 0 polygons
2026-03-12 00:26:17 +0100: Memory Usage (429528K) : metal4_drw has 0 polygons
2026-03-12 00:26:17 +0100: Memory Usage (429656K) : metal4_pin has 0 polygons
2026-03-12 00:26:17 +0100: Memory Usage (429656K) : metal4_mask has 0 polygons
2026-03-12 00:26:17 +0100: Memory Usage (429784K) : metal4_filler has 0 polygons
2026-03-12 00:26:17 +0100: Memory Usage (429784K) : metal4_nofill has 0 polygons
2026-03-12 00:26:17 +0100: Memory Usage (429912K) : metal4_slit has 0 polygons
2026-03-12 00:26:17 +0100: Memory Usage (429912K) : metal4_text has 0 polygons
2026-03-12 00:26:17 +0100: Memory Usage (430040K) : metal4_opc has 0 polygons
2026-03-12 00:26:17 +0100: Memory Usage (430040K) : metal4_noqrc has 0 polygons
2026-03-12 00:26:17 +0100: Memory Usage (430168K) : metal4_res has 0 polygons
2026-03-12 00:26:17 +0100: Memory Usage (430168K) : metal4_iprobe has 0 polygons
2026-03-12 00:26:17 +0100: Memory Usage (430296K) : metal4_diffprb has 0 polygons
2026-03-12 00:26:17 +0100: Memory Usage (430296K) : heattrans_drw has 0 polygons
2026-03-12 00:26:17 +0100: Memory Usage (430424K) : heatres_drw has 0 polygons
2026-03-12 00:26:17 +0100: Memory Usage (430424K) : pempoly_drw has 0 polygons
2026-03-12 00:26:17 +0100: Memory Usage (430552K) : fbe_drw has 0 polygons
2026-03-12 00:26:17 +0100: Memory Usage (430552K) : empoly_drw has 0 polygons
2026-03-12 00:26:17 +0100: Memory Usage (430680K) : ldmos_drw has 0 polygons
2026-03-12 00:26:17 +0100: Memory Usage (430680K) : pbiwind_drw has 0 polygons
2026-03-12 00:26:17 +0100: Memory Usage (430808K) : digisub_drw has 0 polygons
2026-03-12 00:26:17 +0100: Memory Usage (430808K) : nodrc_drw has 0 polygons
2026-03-12 00:26:17 +0100: Memory Usage (430936K) : text_drw has 0 polygons
2026-03-12 00:26:17 +0100: Memory Usage (430936K) : via4_drw has 0 polygons
2026-03-12 00:26:17 +0100: Memory Usage (431064K) : metal5_drw has 0 polygons
2026-03-12 00:26:17 +0100: Memory Usage (431064K) : metal5_pin has 0 polygons
2026-03-12 00:26:17 +0100: Memory Usage (431192K) : metal5_mask has 0 polygons
2026-03-12 00:26:17 +0100: Memory Usage (431192K) : metal5_filler has 0 polygons
2026-03-12 00:26:17 +0100: Memory Usage (431320K) : metal5_nofill has 0 polygons
2026-03-12 00:26:17 +0100: Memory Usage (431320K) : metal5_slit has 0 polygons
2026-03-12 00:26:17 +0100: Memory Usage (431448K) : metal5_text has 0 polygons
2026-03-12 00:26:17 +0100: Memory Usage (431448K) : metal5_opc has 0 polygons
2026-03-12 00:26:17 +0100: Memory Usage (431576K) : metal5_noqrc has 0 polygons
2026-03-12 00:26:17 +0100: Memory Usage (431576K) : metal5_res has 0 polygons
2026-03-12 00:26:17 +0100: Memory Usage (431704K) : metal5_iprobe has 0 polygons
2026-03-12 00:26:17 +0100: Memory Usage (431704K) : metal5_diffprb has 0 polygons
2026-03-12 00:26:17 +0100: Memory Usage (431832K) : radhard_drw has 0 polygons
2026-03-12 00:26:17 +0100: Memory Usage (431832K) : memcap_drw has 0 polygons
2026-03-12 00:26:17 +0100: Memory Usage (431960K) : varicap_drw has 0 polygons
2026-03-12 00:26:17 +0100: Memory Usage (431960K) : flash_drw has 0 polygons
2026-03-12 00:26:17 +0100: Memory Usage (432088K) : intbondvia_drw has 0 polygons
2026-03-12 00:26:17 +0100: Memory Usage (432216K) : intbondmet_drw has 0 polygons
2026-03-12 00:26:17 +0100: Memory Usage (432216K) : devbondvia_drw has 0 polygons
2026-03-12 00:26:17 +0100: Memory Usage (432216K) : devbondmet_drw has 0 polygons
2026-03-12 00:26:17 +0100: Memory Usage (432216K) : devtrench_drw has 0 polygons
2026-03-12 00:26:17 +0100: Memory Usage (432216K) : redist_drw has 0 polygons
2026-03-12 00:26:17 +0100: Memory Usage (432216K) : graphbot_drw has 0 polygons
2026-03-12 00:26:17 +0100: Memory Usage (432216K) : graphtop_drw has 0 polygons
2026-03-12 00:26:17 +0100: Memory Usage (432216K) : antvia1_drw has 0 polygons
2026-03-12 00:26:17 +0100: Memory Usage (432216K) : antmetal2_drw has 0 polygons
2026-03-12 00:26:17 +0100: Memory Usage (432216K) : graphcont_drw has 0 polygons
2026-03-12 00:26:17 +0100: Memory Usage (432216K) : siwg_drw has 0 polygons
2026-03-12 00:26:17 +0100: Memory Usage (432216K) : siwg_filler has 0 polygons
2026-03-12 00:26:17 +0100: Memory Usage (432216K) : siwg_nofill has 0 polygons
2026-03-12 00:26:17 +0100: Memory Usage (432216K) : sigrating_drw has 0 polygons
2026-03-12 00:26:17 +0100: Memory Usage (432216K) : singrating_drw has 0 polygons
2026-03-12 00:26:17 +0100: Memory Usage (432216K) : graphpas_drw has 0 polygons
2026-03-12 00:26:17 +0100: Memory Usage (432216K) : emwind3_drw has 0 polygons
2026-03-12 00:26:17 +0100: Memory Usage (432216K) : emwihv3_drw has 0 polygons
2026-03-12 00:26:17 +0100: Memory Usage (432216K) : redbulay_drw has 0 polygons
2026-03-12 00:26:17 +0100: Memory Usage (432216K) : smos_drw has 0 polygons
2026-03-12 00:26:17 +0100: Memory Usage (432216K) : graphpad_drw has 0 polygons
2026-03-12 00:26:17 +0100: Memory Usage (432216K) : polimide_drw has 0 polygons
2026-03-12 00:26:17 +0100: Memory Usage (432216K) : polimide_pin has 0 polygons
2026-03-12 00:26:17 +0100: Memory Usage (432216K) : recog_drw has 0 polygons
2026-03-12 00:26:17 +0100: Memory Usage (432216K) : recog_pin has 0 polygons
2026-03-12 00:26:17 +0100: Memory Usage (432216K) : recog_esd has 0 polygons
2026-03-12 00:26:17 +0100: Memory Usage (432216K) : recog_diode has 0 polygons
2026-03-12 00:26:17 +0100: Memory Usage (432216K) : recog_tsv has 0 polygons
2026-03-12 00:26:17 +0100: Memory Usage (432216K) : recog_iprobe has 0 polygons
2026-03-12 00:26:17 +0100: Memory Usage (432216K) : recog_diffprb has 0 polygons
2026-03-12 00:26:17 +0100: Memory Usage (432216K) : recog_pillar has 0 polygons
2026-03-12 00:26:17 +0100: Memory Usage (432216K) : recog_sbump has 0 polygons
2026-03-12 00:26:17 +0100: Memory Usage (432216K) : recog_otp has 0 polygons
2026-03-12 00:26:17 +0100: Memory Usage (432216K) : recog_pdiode has 0 polygons
2026-03-12 00:26:17 +0100: Memory Usage (432216K) : recog_mom has 0 polygons
2026-03-12 00:26:17 +0100: Memory Usage (432216K) : recog_pcm has 0 polygons
2026-03-12 00:26:17 +0100: Memory Usage (432216K) : colopen_drw has 0 polygons
2026-03-12 00:26:17 +0100: Memory Usage (432216K) : graphmetal1_drw has 0 polygons
2026-03-12 00:26:17 +0100: Memory Usage (432216K) : graphmetal1_filler has 0 polygons
2026-03-12 00:26:17 +0100: Memory Usage (432216K) : graphmetal1_nofill has 0 polygons
2026-03-12 00:26:17 +0100: Memory Usage (432216K) : graphmetal1_slit has 0 polygons
2026-03-12 00:26:17 +0100: Memory Usage (432216K) : graphmetal1_opc has 0 polygons
2026-03-12 00:26:17 +0100: Memory Usage (432216K) : graphmet1l_drw has 0 polygons
2026-03-12 00:26:17 +0100: Memory Usage (432216K) : graphmet1l_filler has 0 polygons
2026-03-12 00:26:17 +0100: Memory Usage (432216K) : graphmet1l_nofill has 0 polygons
2026-03-12 00:26:17 +0100: Memory Usage (432216K) : graphmet1l_slit has 0 polygons
2026-03-12 00:26:17 +0100: Memory Usage (432216K) : graphmet1l_opc has 0 polygons
2026-03-12 00:26:17 +0100: Memory Usage (432216K) : extblock_drw has 0 polygons
2026-03-12 00:26:17 +0100: Memory Usage (432216K) : nldd_drw has 0 polygons
2026-03-12 00:26:17 +0100: Memory Usage (432216K) : pldd_drw has 0 polygons
2026-03-12 00:26:17 +0100: Memory Usage (432216K) : next_drw has 0 polygons
2026-03-12 00:26:17 +0100: Memory Usage (432216K) : pext_drw has 0 polygons
2026-03-12 00:26:17 +0100: Memory Usage (432216K) : nexthv_drw has 0 polygons
2026-03-12 00:26:17 +0100: Memory Usage (432216K) : pexthv_drw has 0 polygons
2026-03-12 00:26:17 +0100: Memory Usage (432216K) : graphgate_drw has 0 polygons
2026-03-12 00:26:17 +0100: Memory Usage (432216K) : sinwg_drw has 0 polygons
2026-03-12 00:26:17 +0100: Memory Usage (432216K) : sinwg_filler has 0 polygons
2026-03-12 00:26:17 +0100: Memory Usage (432344K) : sinwg_nofill has 0 polygons
2026-03-12 00:26:17 +0100: Memory Usage (432344K) : mempad_drw has 0 polygons
2026-03-12 00:26:17 +0100: Memory Usage (432472K) : topvia1_drw has 0 polygons
2026-03-12 00:26:17 +0100: Memory Usage (432472K) : topmetal1_drw has 0 polygons
2026-03-12 00:26:17 +0100: Memory Usage (432600K) : topmetal1_pin has 0 polygons
2026-03-12 00:26:17 +0100: Memory Usage (432600K) : topmetal1_mask has 0 polygons
2026-03-12 00:26:17 +0100: Memory Usage (432728K) : topmetal1_filler has 0 polygons
2026-03-12 00:26:17 +0100: Memory Usage (432728K) : topmetal1_nofill has 0 polygons
2026-03-12 00:26:17 +0100: Memory Usage (432856K) : topmetal1_slit has 0 polygons
2026-03-12 00:26:17 +0100: Memory Usage (432856K) : topmetal1_text has 0 polygons
2026-03-12 00:26:17 +0100: Memory Usage (432984K) : topmetal1_noqrc has 0 polygons
2026-03-12 00:26:17 +0100: Memory Usage (432984K) : topmetal1_res has 0 polygons
2026-03-12 00:26:17 +0100: Memory Usage (433112K) : topmetal1_iprobe has 0 polygons
2026-03-12 00:26:17 +0100: Memory Usage (433112K) : topmetal1_diffprb has 0 polygons
2026-03-12 00:26:17 +0100: Memory Usage (433240K) : inldpwl_drw has 0 polygons
2026-03-12 00:26:17 +0100: Memory Usage (433240K) : polyres_drw has 0 polygons
2026-03-12 00:26:17 +0100: Memory Usage (433368K) : polyres_pin has 0 polygons
2026-03-12 00:26:17 +0100: Memory Usage (433368K) : vmim_drw has 0 polygons
2026-03-12 00:26:17 +0100: Memory Usage (433496K) : nbulaycut_drw has 0 polygons
2026-03-12 00:26:17 +0100: Memory Usage (433496K) : antmetal1_drw has 0 polygons
2026-03-12 00:26:17 +0100: Memory Usage (433624K) : topvia2_drw has 0 polygons
2026-03-12 00:26:17 +0100: Memory Usage (433624K) : topmetal2_drw has 0 polygons
2026-03-12 00:26:17 +0100: Memory Usage (433752K) : topmetal2_pin has 0 polygons
2026-03-12 00:26:17 +0100: Memory Usage (433752K) : topmetal2_mask has 0 polygons
2026-03-12 00:26:17 +0100: Memory Usage (433880K) : topmetal2_filler has 0 polygons
2026-03-12 00:26:17 +0100: Memory Usage (433880K) : topmetal2_nofill has 0 polygons
2026-03-12 00:26:17 +0100: Memory Usage (434008K) : topmetal2_slit has 0 polygons
2026-03-12 00:26:17 +0100: Memory Usage (434008K) : topmetal2_text has 0 polygons
2026-03-12 00:26:17 +0100: Memory Usage (434136K) : topmetal2_noqrc has 0 polygons
2026-03-12 00:26:17 +0100: Memory Usage (434136K) : topmetal2_res has 0 polygons
2026-03-12 00:26:17 +0100: Memory Usage (434264K) : topmetal2_iprobe has 0 polygons
2026-03-12 00:26:17 +0100: Memory Usage (434264K) : topmetal2_diffprb has 0 polygons
2026-03-12 00:26:17 +0100: Memory Usage (434392K) : snsring_drw has 0 polygons
2026-03-12 00:26:17 +0100: Memory Usage (434392K) : sensor_drw has 0 polygons
2026-03-12 00:26:17 +0100: Memory Usage (434520K) : snsarms_drw has 0 polygons
2026-03-12 00:26:17 +0100: Memory Usage (434520K) : snscmosvia_drw has 0 polygons
2026-03-12 00:26:17 +0100: Memory Usage (434648K) : colwind_drw has 0 polygons
2026-03-12 00:26:17 +0100: Memory Usage (434648K) : flm_drw has 0 polygons
2026-03-12 00:26:17 +0100: Memory Usage (434776K) : hafniumox_drw has 0 polygons
2026-03-12 00:26:17 +0100: Memory Usage (434776K) : memvia_drw has 0 polygons
2026-03-12 00:26:17 +0100: Memory Usage (434904K) : thinfilmres_drw has 0 polygons
2026-03-12 00:26:17 +0100: Memory Usage (434904K) : rfmem_drw has 0 polygons
2026-03-12 00:26:17 +0100: Memory Usage (435032K) : norcx_drw has 0 polygons
2026-03-12 00:26:17 +0100: Memory Usage (435032K) : norcx_m2m3 has 0 polygons
2026-03-12 00:26:17 +0100: Memory Usage (435160K) : norcx_m2m4 has 0 polygons
2026-03-12 00:26:17 +0100: Memory Usage (435288K) : norcx_m2m5 has 0 polygons
2026-03-12 00:26:17 +0100: Memory Usage (435288K) : norcx_m2tm1 has 0 polygons
2026-03-12 00:26:17 +0100: Memory Usage (435288K) : norcx_m2tm2 has 0 polygons
2026-03-12 00:26:17 +0100: Memory Usage (435288K) : norcx_m3m4 has 0 polygons
2026-03-12 00:26:17 +0100: Memory Usage (435288K) : norcx_m3m5 has 0 polygons
2026-03-12 00:26:17 +0100: Memory Usage (435288K) : norcx_m3tm1 has 0 polygons
2026-03-12 00:26:17 +0100: Memory Usage (435288K) : norcx_m3tm2 has 0 polygons
2026-03-12 00:26:17 +0100: Memory Usage (435288K) : norcx_m4m5 has 0 polygons
2026-03-12 00:26:17 +0100: Memory Usage (435288K) : norcx_m4tm1 has 0 polygons
2026-03-12 00:26:17 +0100: Memory Usage (435288K) : norcx_m4tm2 has 0 polygons
2026-03-12 00:26:17 +0100: Memory Usage (435288K) : norcx_m5tm1 has 0 polygons
2026-03-12 00:26:17 +0100: Memory Usage (435288K) : norcx_m5tm2 has 0 polygons
2026-03-12 00:26:17 +0100: Memory Usage (435288K) : norcx_tm1tm2 has 0 polygons
2026-03-12 00:26:17 +0100: Memory Usage (435288K) : norcx_m1sub has 0 polygons
2026-03-12 00:26:17 +0100: Memory Usage (435288K) : norcx_m2sub has 0 polygons
2026-03-12 00:26:17 +0100: Memory Usage (435288K) : norcx_m3sub has 0 polygons
2026-03-12 00:26:17 +0100: Memory Usage (435288K) : norcx_m4sub has 0 polygons
2026-03-12 00:26:17 +0100: Memory Usage (435288K) : norcx_m5sub has 0 polygons
2026-03-12 00:26:17 +0100: Memory Usage (435288K) : norcx_tm1sub has 0 polygons
2026-03-12 00:26:17 +0100: Memory Usage (435288K) : norcx_tm2sub has 0 polygons
2026-03-12 00:26:17 +0100: Memory Usage (435288K) : snsbotvia_drw has 0 polygons
2026-03-12 00:26:17 +0100: Memory Usage (435288K) : snstopvia_drw has 0 polygons
2026-03-12 00:26:17 +0100: Memory Usage (435288K) : deepvia_drw has 0 polygons
2026-03-12 00:26:17 +0100: Memory Usage (435288K) : fgetch_drw has 0 polygons
2026-03-12 00:26:17 +0100: Memory Usage (435288K) : ctrgat_drw has 0 polygons
2026-03-12 00:26:17 +0100: Memory Usage (435288K) : fgimp_drw has 0 polygons
2026-03-12 00:26:17 +0100: Memory Usage (435288K) : emwihv_drw has 0 polygons
2026-03-12 00:26:17 +0100: Memory Usage (435288K) : lbe_drw has 0 polygons
2026-03-12 00:26:17 +0100: Memory Usage (435288K) : alcustop_drw has 0 polygons
2026-03-12 00:26:17 +0100: Memory Usage (435288K) : nometfiller_drw has 0 polygons
2026-03-12 00:26:17 +0100: Memory Usage (435288K) : prboundary_drw has 0 polygons
2026-03-12 00:26:17 +0100: Memory Usage (435288K) : exchange0_drw has 0 polygons
2026-03-12 00:26:17 +0100: Memory Usage (435288K) : exchange0_pin has 0 polygons
2026-03-12 00:26:17 +0100: Memory Usage (435288K) : exchange0_text has 0 polygons
2026-03-12 00:26:17 +0100: Memory Usage (435288K) : exchange1_drw has 0 polygons
2026-03-12 00:26:17 +0100: Memory Usage (435288K) : exchange1_pin has 0 polygons
2026-03-12 00:26:17 +0100: Memory Usage (435288K) : exchange1_text has 0 polygons
2026-03-12 00:26:17 +0100: Memory Usage (435288K) : exchange2_drw has 0 polygons
2026-03-12 00:26:17 +0100: Memory Usage (435288K) : exchange2_pin has 0 polygons
2026-03-12 00:26:17 +0100: Memory Usage (435288K) : exchange2_text has 0 polygons
2026-03-12 00:26:17 +0100: Memory Usage (435288K) : exchange3_drw has 0 polygons
2026-03-12 00:26:17 +0100: Memory Usage (435288K) : exchange3_pin has 0 polygons
2026-03-12 00:26:17 +0100: Memory Usage (435288K) : exchange3_text has 0 polygons
2026-03-12 00:26:17 +0100: Memory Usage (435288K) : exchange4_drw has 0 polygons
2026-03-12 00:26:17 +0100: Memory Usage (435288K) : exchange4_pin has 0 polygons
2026-03-12 00:26:17 +0100: Memory Usage (435288K) : exchange4_text has 0 polygons
2026-03-12 00:26:17 +0100: Memory Usage (435288K) : isonwell_drw has 0 polygons
2026-03-12 00:26:17 +0100: Memory Usage (435288K) : Total no. of polygons in the design is 8574
2026-03-12 00:26:17 +0100: Memory Usage (435288K) : Loaded TECH DRC rules values from /home/cmaier/.ciel/ciel/ihp-sg13g2/versions/c4b8b4e5e7a05f375cca3815d51b3a37721fbf5c/ihp-sg13g2/libs.tech/klayout/python/sg13g2_pycell_lib/sg13g2_tech_mod.json
2026-03-12 00:26:17 +0100: Memory Usage (435288K) : Loaded default DRC rules values from /home/cmaier/.ciel/ciel/ihp-sg13g2/versions/c4b8b4e5e7a05f375cca3815d51b3a37721fbf5c/ihp-sg13g2/libs.tech/klayout/tech/drc/rule_decks/sg13g2_tech_default.json
2026-03-12 00:26:17 +0100: Memory Usage (435288K) : The following rules values were missing in tech json and default values were used:
2026-03-12 00:26:17 +0100: Memory Usage (435288K) :   - Cnt_c_digibnd
2026-03-12 00:26:17 +0100: Memory Usage (436056K) : Total area of the design is 1013.9037999999999 um^2.
2026-03-12 00:26:17 +0100: Memory Usage (436056K) : The design dimensions are 38.42 µm * 26.39 µm.
2026-03-12 00:26:17 +0100: Memory Usage (436056K) : Starting general IHP-SG13G2 derivations.
2026-03-12 00:26:17 +0100: Memory Usage (436056K) : Starting Pwell derivations
2026-03-12 00:26:17 +0100: Memory Usage (437356K) : Starting n-Activ derivations
2026-03-12 00:26:17 +0100: Memory Usage (437356K) : Starting p-Activ derivations
2026-03-12 00:26:17 +0100: Memory Usage (437356K) : Starting ptap derivations
2026-03-12 00:26:17 +0100: Memory Usage (437356K) : Starting ntap derivations
2026-03-12 00:26:17 +0100: Memory Usage (437356K) : Starting pact FET derivations
2026-03-12 00:26:17 +0100: Memory Usage (437356K) : Starting nact FET derivations
2026-03-12 00:26:17 +0100: Memory Usage (437356K) : Starting Gate derivations
2026-03-12 00:26:17 +0100: Memory Usage (437356K) : Starting cont/contbar general derivations
2026-03-12 00:26:17 +0100: Memory Usage (437500K) : Starting pad general derivations
2026-03-12 00:26:17 +0100: Memory Usage (437500K) : Starting IHP-SG13G2 DRC connectivity related derivations.
2026-03-12 00:26:17 +0100: Memory Usage (438396K) : Starting IHP-SG13G2 DRC connectivity setup
2026-03-12 00:26:17 +0100: Memory Usage (438524K) : Starting IHP-SG13G2 DRC rules.
2026-03-12 00:26:17 +0100: Memory Usage (438524K) : Running all FEOL rules
2026-03-12 00:26:17 +0100: Memory Usage (438524K) : Running all BEOL rules
2026-03-12 00:26:17 +0100: Memory Usage (438524K) : Running all PIN rules
2026-03-12 00:26:17 +0100: Memory Usage (438524K) : Running all FORBIDDEN rules
2026-03-12 00:26:17 +0100: Memory Usage (438524K) : Starting 5.1 NWell table
2026-03-12 00:26:17 +0100: Memory Usage (438524K) : Executing rule NW.b
2026-03-12 00:26:17 +0100: Memory Usage (439616K) : Executing rule NW.b1
2026-03-12 00:26:17 +0100: Memory Usage (440000K) : Starting 5.2 PWell:block
2026-03-12 00:26:17 +0100: Memory Usage (440000K) : Executing rule PWB.e
2026-03-12 00:26:17 +0100: Memory Usage (440128K) : Executing rule PWB.e1
2026-03-12 00:26:17 +0100: Memory Usage (440256K) : Executing rule PWB.f
2026-03-12 00:26:17 +0100: Memory Usage (440512K) : Executing rule PWB.f1
2026-03-12 00:26:17 +0100: Memory Usage (441024K) : Starting 5.3 nBuLay table
2026-03-12 00:26:17 +0100: Memory Usage (441024K) : Executing rule NBL.b
2026-03-12 00:26:17 +0100: Memory Usage (441024K) : Executing rule NBL.c
2026-03-12 00:26:17 +0100: Memory Usage (441024K) : Executing rule NBL.d
2026-03-12 00:26:17 +0100: Memory Usage (441024K) : Executing rule NBL.e
2026-03-12 00:26:17 +0100: Memory Usage (441024K) : Executing rule NBL.f
2026-03-12 00:26:17 +0100: Memory Usage (441024K) : Starting 5.5. Activ table
2026-03-12 00:26:17 +0100: Memory Usage (441024K) : Executing rule Act.a
2026-03-12 00:26:17 +0100: Memory Usage (441024K) : Executing rule Act.b
2026-03-12 00:26:17 +0100: Memory Usage (441328K) : Starting 5.6 Activ:filler table
2026-03-12 00:26:17 +0100: Memory Usage (441328K) : Executing rule AFil.c1
2026-03-12 00:26:17 +0100: Memory Usage (441328K) : Executing rule AFil.c
2026-03-12 00:26:17 +0100: Memory Usage (441328K) : Executing rule AFil.d
2026-03-12 00:26:17 +0100: Memory Usage (441328K) : Executing rule AFil.e
2026-03-12 00:26:17 +0100: Memory Usage (441328K) : Executing rule AFil.j
2026-03-12 00:26:17 +0100: Memory Usage (441328K) : Starting 5.7. ThickGateOx table
2026-03-12 00:26:17 +0100: Memory Usage (441328K) : Executing rule TGO.f
2026-03-12 00:26:17 +0100: Memory Usage (441328K) : Starting 5.8. GatPoly table
2026-03-12 00:26:17 +0100: Memory Usage (441328K) : Executing rule Gat.a
2026-03-12 00:26:17 +0100: Memory Usage (441328K) : Executing rule Gat.b
2026-03-12 00:26:17 +0100: Memory Usage (441328K) : Executing rule Gat.d
2026-03-12 00:26:17 +0100: Memory Usage (441328K) : Executing rule Gat.a1
2026-03-12 00:26:17 +0100: Memory Usage (441840K) : Executing rule Gat.a2
2026-03-12 00:26:17 +0100: Memory Usage (441840K) : Executing rule Gat.g
2026-03-12 00:26:17 +0100: Memory Usage (441840K) : Starting 5.9 GatPoly:filler
2026-03-12 00:26:17 +0100: Memory Usage (441840K) : Executing rule GFil.d
2026-03-12 00:26:17 +0100: Memory Usage (441840K) : Executing rule GFil.e
2026-03-12 00:26:17 +0100: Memory Usage (441840K) : Executing rule GFil.i
2026-03-12 00:26:17 +0100: Memory Usage (441840K) : Starting 5.10 pSD table
2026-03-12 00:26:17 +0100: Memory Usage (441840K) : Executing rule pSD.c1
2026-03-12 00:26:17 +0100: Memory Usage (441840K) : Starting 5.14. Cont table
2026-03-12 00:26:17 +0100: Memory Usage (441840K) : Executing rule Cnt.a
2026-03-12 00:26:17 +0100: Memory Usage (441840K) : Executing rule Cnt.b
2026-03-12 00:26:17 +0100: Memory Usage (441840K) : Executing rule Cnt.c
2026-03-12 00:26:17 +0100: Memory Usage (441840K) : Executing rule Cnt.c
2026-03-12 00:26:17 +0100: Memory Usage (441840K) : Executing rule Cnt.d
2026-03-12 00:26:17 +0100: Memory Usage (441840K) : Executing rule Cnt.e
2026-03-12 00:26:17 +0100: Memory Usage (441840K) : Executing rule Cnt.g1
2026-03-12 00:26:17 +0100: Memory Usage (441840K) : Executing rule Cnt.g2
2026-03-12 00:26:17 +0100: Memory Usage (441840K) : Starting 5.15. ContBar table
2026-03-12 00:26:17 +0100: Memory Usage (441840K) : Executing rule CntB.b1
2026-03-12 00:26:17 +0100: Memory Usage (441840K) : Executing rule CntB.h1
2026-03-12 00:26:17 +0100: Memory Usage (441840K) : Starting 6.1.3 NPN Substrate-Tie table
2026-03-12 00:26:17 +0100: Memory Usage (441840K) : Executing rule npn13G2.bR 
2026-03-12 00:26:17 +0100: Memory Usage (441840K) : Executing rule npn13G2L.cR 
2026-03-12 00:26:17 +0100: Memory Usage (441840K) : Executing rule npn13G2V.cR 
2026-03-12 00:26:17 +0100: Memory Usage (441840K) : Starting 6.7 Schottky diode table
2026-03-12 00:26:17 +0100: Memory Usage (441840K) : Executing rule Sdiod.d
2026-03-12 00:26:17 +0100: Memory Usage (441840K) : Executing rule Sdiod.e
2026-03-12 00:26:17 +0100: Memory Usage (441840K) : Starting 7.2 Latch-up table
2026-03-12 00:26:17 +0100: Memory Usage (441840K) : Executing rule LU.b
2026-03-12 00:26:18 +0100: Memory Usage (441840K) : Starting 5.16. Metal1 table
2026-03-12 00:26:18 +0100: Memory Usage (441840K) : Executing rule M1.a
2026-03-12 00:26:18 +0100: Memory Usage (441840K) : Executing rule M1.b
2026-03-12 00:26:18 +0100: Memory Usage (441968K) : Executing rule M1.e
2026-03-12 00:26:18 +0100: Memory Usage (441968K) : Executing rule M1.f
2026-03-12 00:26:18 +0100: Memory Usage (441968K) : Executing rule M1.g
2026-03-12 00:26:18 +0100: Memory Usage (441968K) : Executing rule M1.i
2026-03-12 00:26:18 +0100: Memory Usage (441968K) : Starting 5.17 Metaln table
2026-03-12 00:26:18 +0100: Memory Usage (441968K) : Executing rule M2.a
2026-03-12 00:26:18 +0100: Memory Usage (441968K) : Executing rule M2.b
2026-03-12 00:26:18 +0100: Memory Usage (441968K) : Executing rule M2.e
2026-03-12 00:26:18 +0100: Memory Usage (441968K) : Executing rule M2.f
2026-03-12 00:26:18 +0100: Memory Usage (441968K) : Executing rule M2.g
2026-03-12 00:26:18 +0100: Memory Usage (441968K) : Executing rule M2.i
2026-03-12 00:26:18 +0100: Memory Usage (441968K) : Executing rule M3.a
2026-03-12 00:26:18 +0100: Memory Usage (441968K) : Executing rule M3.b
2026-03-12 00:26:18 +0100: Memory Usage (441968K) : Executing rule M3.e
2026-03-12 00:26:18 +0100: Memory Usage (441968K) : Executing rule M3.f
2026-03-12 00:26:18 +0100: Memory Usage (441968K) : Executing rule M3.g
2026-03-12 00:26:18 +0100: Memory Usage (441968K) : Executing rule M3.i
2026-03-12 00:26:18 +0100: Memory Usage (441968K) : Executing rule M4.a
2026-03-12 00:26:18 +0100: Memory Usage (441968K) : Executing rule M4.b
2026-03-12 00:26:18 +0100: Memory Usage (441968K) : Executing rule M4.e
2026-03-12 00:26:18 +0100: Memory Usage (441968K) : Executing rule M4.f
2026-03-12 00:26:18 +0100: Memory Usage (441968K) : Executing rule M4.g
2026-03-12 00:26:18 +0100: Memory Usage (441968K) : Executing rule M4.i
2026-03-12 00:26:18 +0100: Memory Usage (441968K) : Executing rule M5.a
2026-03-12 00:26:18 +0100: Memory Usage (441968K) : Executing rule M5.b
2026-03-12 00:26:18 +0100: Memory Usage (441968K) : Executing rule M5.e
2026-03-12 00:26:18 +0100: Memory Usage (441968K) : Executing rule M5.f
2026-03-12 00:26:18 +0100: Memory Usage (441968K) : Executing rule M5.g
2026-03-12 00:26:18 +0100: Memory Usage (441968K) : Executing rule M5.i
2026-03-12 00:26:18 +0100: Memory Usage (441968K) : Starting 5.18 Metaln:filler table
2026-03-12 00:26:18 +0100: Memory Usage (441968K) : Executing rule M1Fil.c
2026-03-12 00:26:18 +0100: Memory Usage (441968K) : Executing rule M1Fil.a2
2026-03-12 00:26:18 +0100: Memory Usage (441968K) : Executing rule M2Fil.c
2026-03-12 00:26:18 +0100: Memory Usage (441968K) : Executing rule M2Fil.a2
2026-03-12 00:26:18 +0100: Memory Usage (441968K) : Executing rule M3Fil.c
2026-03-12 00:26:18 +0100: Memory Usage (441968K) : Executing rule M3Fil.a2
2026-03-12 00:26:18 +0100: Memory Usage (441968K) : Executing rule M4Fil.c
2026-03-12 00:26:18 +0100: Memory Usage (441968K) : Executing rule M4Fil.a2
2026-03-12 00:26:18 +0100: Memory Usage (441968K) : Executing rule M5Fil.c
2026-03-12 00:26:18 +0100: Memory Usage (441968K) : Executing rule M5Fil.a2
2026-03-12 00:26:18 +0100: Memory Usage (441968K) : Starting 5.19. Via1 table
2026-03-12 00:26:18 +0100: Memory Usage (441968K) : Starting 5.19. Via1 table derivations
2026-03-12 00:26:18 +0100: Memory Usage (441968K) : Executing rule V1.a
2026-03-12 00:26:18 +0100: Memory Usage (441968K) : Executing rule V1.b
2026-03-12 00:26:18 +0100: Memory Usage (441968K) : Executing rule V1.c
2026-03-12 00:26:18 +0100: Memory Usage (441968K) : Starting 5.20. Vian table
2026-03-12 00:26:18 +0100: Memory Usage (441968K) : Executing rule V2.a
2026-03-12 00:26:18 +0100: Memory Usage (441968K) : Executing rule V2.b
2026-03-12 00:26:18 +0100: Memory Usage (441968K) : Executing rule V2.c
2026-03-12 00:26:18 +0100: Memory Usage (441968K) : Executing rule V3.a
2026-03-12 00:26:18 +0100: Memory Usage (441968K) : Executing rule V3.b
2026-03-12 00:26:18 +0100: Memory Usage (441968K) : Executing rule V3.c
2026-03-12 00:26:18 +0100: Memory Usage (441968K) : Executing rule V4.a
2026-03-12 00:26:18 +0100: Memory Usage (441968K) : Executing rule V4.b
2026-03-12 00:26:18 +0100: Memory Usage (442096K) : Executing rule V4.c
2026-03-12 00:26:18 +0100: Memory Usage (442096K) : Starting 5.21. TopVia1 table
2026-03-12 00:26:18 +0100: Memory Usage (442224K) : Executing rule TV1.a
2026-03-12 00:26:18 +0100: Memory Usage (442352K) : Executing rule TV1.b
2026-03-12 00:26:18 +0100: Memory Usage (442480K) : Executing rule TV1.c
2026-03-12 00:26:18 +0100: Memory Usage (442608K) : Executing rule TV1.d
2026-03-12 00:26:18 +0100: Memory Usage (442736K) : Starting 5.22. TopMetal1 table
2026-03-12 00:26:18 +0100: Memory Usage (442736K) : Executing rule TM1.a
2026-03-12 00:26:18 +0100: Memory Usage (442864K) : Executing rule TM1.b
2026-03-12 00:26:18 +0100: Memory Usage (442992K) : Starting 5.23 TopMetal1:filler table
2026-03-12 00:26:18 +0100: Memory Usage (442992K) : Executing rule TM1Fil.c
2026-03-12 00:26:18 +0100: Memory Usage (443120K) : Executing rule TM1Fil.a1
2026-03-12 00:26:18 +0100: Memory Usage (443248K) : Starting 5.24. TopVia2 table
2026-03-12 00:26:18 +0100: Memory Usage (443248K) : Executing rule TV2.a
2026-03-12 00:26:18 +0100: Memory Usage (443504K) : Executing rule TV2.b
2026-03-12 00:26:18 +0100: Memory Usage (443632K) : Executing rule TV2.c
2026-03-12 00:26:18 +0100: Memory Usage (443760K) : Executing rule TV2.d
2026-03-12 00:26:18 +0100: Memory Usage (443888K) : Starting 5.25. TopMetal2 table
2026-03-12 00:26:18 +0100: Memory Usage (443888K) : Executing rule TM2.a
2026-03-12 00:26:18 +0100: Memory Usage (444016K) : Executing rule TM2.b
2026-03-12 00:26:18 +0100: Memory Usage (444144K) : Executing rule TM2.bR
2026-03-12 00:26:18 +0100: Memory Usage (444400K) : Starting 5.26 TopMetal2:filler table
2026-03-12 00:26:18 +0100: Memory Usage (444400K) : Executing rule TM2Fil.c
2026-03-12 00:26:18 +0100: Memory Usage (444528K) : Executing rule TM2Fil.a1
2026-03-12 00:26:18 +0100: Memory Usage (444656K) : Starting 5.27. Passiv table
2026-03-12 00:26:18 +0100: Memory Usage (444656K) : Executing rule Pas.a
2026-03-12 00:26:18 +0100: Memory Usage (444784K) : Executing rule Pas.b
2026-03-12 00:26:18 +0100: Memory Usage (444912K) : Executing rule Pas.c
2026-03-12 00:26:18 +0100: Memory Usage (445424K) : Starting 6.9.2 Copper Pillar table
2026-03-12 00:26:18 +0100: Memory Usage (445424K) : Executing rule Padc.a
2026-03-12 00:26:18 +0100: Memory Usage (445680K) : Executing rule Padc.b
2026-03-12 00:26:18 +0100: Memory Usage (445808K) : Executing rule Padc.c
2026-03-12 00:26:18 +0100: Memory Usage (446192K) : Executing rule Padb.f
2026-03-12 00:26:18 +0100: Memory Usage (446576K) : Starting 6.9 Pad table
2026-03-12 00:26:18 +0100: Memory Usage (446576K) : Executing rule Pad.m
2026-03-12 00:26:18 +0100: Memory Usage (446832K) : Executing rule Pad.fR_M1
2026-03-12 00:26:18 +0100: Memory Usage (447216K) : Executing rule Pad.fR_M2
2026-03-12 00:26:18 +0100: Memory Usage (447216K) : Executing rule Pad.fR_M3
2026-03-12 00:26:18 +0100: Memory Usage (447216K) : Executing rule Pad.fR_M4
2026-03-12 00:26:18 +0100: Memory Usage (447216K) : Executing rule Pad.fR_M5
2026-03-12 00:26:18 +0100: Memory Usage (447216K) : Executing rule Pad.fR_TM1
2026-03-12 00:26:18 +0100: Memory Usage (447216K) : Executing rule Pad.fR_TM2
2026-03-12 00:26:18 +0100: Memory Usage (447216K) : Executing rule Pad.i
2026-03-12 00:26:18 +0100: Memory Usage (447216K) : Starting 6.9.1 Solder Bump
2026-03-12 00:26:18 +0100: Memory Usage (447216K) : Executing rule Padb.a
2026-03-12 00:26:18 +0100: Memory Usage (447216K) : Executing rule Padb.b
2026-03-12 00:26:18 +0100: Memory Usage (447216K) : Executing rule Padb.c
2026-03-12 00:26:18 +0100: Memory Usage (447216K) : Executing rule Padb.f
2026-03-12 00:26:18 +0100: Memory Usage (447216K) : Executing rule Padb.d
2026-03-12 00:26:18 +0100: Memory Usage (447216K) : Starting 6.10 Sealring table
2026-03-12 00:26:18 +0100: Memory Usage (447216K) : Executing rule Seal.l
2026-03-12 00:26:18 +0100: Memory Usage (447216K) : Executing rule Seal.n
2026-03-12 00:26:18 +0100: Memory Usage (447216K) : Executing rule seal.b_metal1
2026-03-12 00:26:18 +0100: Memory Usage (447216K) : Executing rule seal.b_metal2
2026-03-12 00:26:18 +0100: Memory Usage (447216K) : Executing rule seal.b_metal3
2026-03-12 00:26:18 +0100: Memory Usage (447216K) : Executing rule seal.b_metal4
2026-03-12 00:26:18 +0100: Memory Usage (447216K) : Executing rule seal.b_metal5
2026-03-12 00:26:18 +0100: Memory Usage (447216K) : Executing rule seal.b_topmetal1
2026-03-12 00:26:18 +0100: Memory Usage (447216K) : Executing rule seal.b_topmetal2
2026-03-12 00:26:18 +0100: Memory Usage (447216K) : Executing rule seal.b_activ
2026-03-12 00:26:18 +0100: Memory Usage (447216K) : Executing rule seal.b_psd
2026-03-12 00:26:18 +0100: Memory Usage (447216K) : Executing rule Seal.k
2026-03-12 00:26:18 +0100: Memory Usage (447216K) : Executing rule Seal.m
2026-03-12 00:26:18 +0100: Memory Usage (447216K) : Starting 6.11 MIM table
2026-03-12 00:26:18 +0100: Memory Usage (447216K) : Executing rule MIM.c
2026-03-12 00:26:18 +0100: Memory Usage (447216K) : Executing rule MIM.d
2026-03-12 00:26:18 +0100: Memory Usage (447216K) : Executing rule MIM.gR
2026-03-12 00:26:18 +0100: Memory Usage (447216K) : Starting 7.3 Metal Slits table
2026-03-12 00:26:18 +0100: Memory Usage (447216K) : Executing rule Slt.e1_M1
2026-03-12 00:26:18 +0100: Memory Usage (447216K) : Executing rule Slt.e1_M2
2026-03-12 00:26:18 +0100: Memory Usage (447216K) : Executing rule Slt.e1_M3
2026-03-12 00:26:18 +0100: Memory Usage (447216K) : Executing rule Slt.e1_M4
2026-03-12 00:26:18 +0100: Memory Usage (447216K) : Executing rule Slt.e1_M5
2026-03-12 00:26:18 +0100: Memory Usage (447216K) : Executing rule Slt.e1_TM1
2026-03-12 00:26:18 +0100: Memory Usage (447216K) : Executing rule Slt.e1_TM2
2026-03-12 00:26:18 +0100: Memory Usage (447216K) : Starting 9.1. LBE table
2026-03-12 00:26:18 +0100: Memory Usage (447216K) : Executing rule LBE.a
2026-03-12 00:26:18 +0100: Memory Usage (447216K) : Executing rule LBE.b
2026-03-12 00:26:18 +0100: Memory Usage (447216K) : Executing rule LBE.b1
2026-03-12 00:26:18 +0100: Memory Usage (447216K) : Executing rule LBE.c
2026-03-12 00:26:18 +0100: Memory Usage (447216K) : Executing rule LBE.d
2026-03-12 00:26:18 +0100: Memory Usage (447216K) : Executing rule LBE.h
2026-03-12 00:26:18 +0100: Memory Usage (447216K) : Starting 7.4. PIN table
2026-03-12 00:26:18 +0100: Memory Usage (447216K) : Executing rule Pin.a
2026-03-12 00:26:18 +0100: Memory Usage (447216K) : Executing rule Pin.b
2026-03-12 00:26:18 +0100: Memory Usage (447216K) : Executing rule Pin.e
2026-03-12 00:26:18 +0100: Memory Usage (447216K) : Executing rule Pin.f_M2
2026-03-12 00:26:18 +0100: Memory Usage (447216K) : Executing rule Pin.f_M3
2026-03-12 00:26:18 +0100: Memory Usage (447216K) : Executing rule Pin.f_M4
2026-03-12 00:26:18 +0100: Memory Usage (447216K) : Executing rule Pin.f_M5
2026-03-12 00:26:18 +0100: Memory Usage (447216K) : Executing rule Pin.g
2026-03-12 00:26:19 +0100: Memory Usage (447216K) : Executing rule Pin.h
2026-03-12 00:26:19 +0100: Memory Usage (447216K) : Starting 3.2. FORBIDDEN table
2026-03-12 00:26:19 +0100: Memory Usage (447216K) : Executing rule forbidden.biwind
2026-03-12 00:26:19 +0100: Memory Usage (447216K) : Executing rule forbidden.pemwind
2026-03-12 00:26:19 +0100: Memory Usage (447216K) : Executing rule forbidden.baspoly
2026-03-12 00:26:19 +0100: Memory Usage (447216K) : Executing rule forbidden.deepco
2026-03-12 00:26:19 +0100: Memory Usage (447216K) : Executing rule forbidden.pempoly
2026-03-12 00:26:19 +0100: Memory Usage (447216K) : Executing rule forbidden.empoly
2026-03-12 00:26:19 +0100: Memory Usage (447216K) : Executing rule forbidden.ldmos
2026-03-12 00:26:19 +0100: Memory Usage (447216K) : Executing rule forbidden.pbiwind
2026-03-12 00:26:19 +0100: Memory Usage (447216K) : Executing rule forbidden.nodrc
2026-03-12 00:26:19 +0100: Memory Usage (447344K) : Executing rule forbidden.flash
2026-03-12 00:26:19 +0100: Memory Usage (447344K) : Executing rule forbidden.colwind
2026-03-12 00:26:19 +0100: Memory Usage (447344K) : KLayout DRC run for tables 'main' completed in 1.79 seconds
