# Logfile created on 2026-02-12 10:10:38 +0100 by logger.rb/v1.6.0
2026-02-12 10:10:38 +0100: Memory Usage (422704K) : Starting running IHP-SG13G2 KLayout DRC runset on /home/cmaier/EDA/PUDDING/librelane/runs/RUN_2026-02-12_09-49-48/final/gds/heichips25_pudding.gds
2026-02-12 10:10:38 +0100: Memory Usage (422704K) : Ruby Version for klayout: 3.3.10
2026-02-12 10:10:38 +0100: Memory Usage (427844K) : Loading database to memory is complete.
2026-02-12 10:10:38 +0100: Memory Usage (427844K) : IHP-SG13G2 KLayout DRC runset output at: /home/cmaier/EDA/PUDDING/gds/drc_run_heichips25_pudding/heichips25_pudding_heichips25_pudding_main.lyrdb
2026-02-12 10:10:38 +0100: Memory Usage (427844K) : Evaluate switches.
2026-02-12 10:10:38 +0100: Memory Usage (427844K) : tables selected: main
2026-02-12 10:10:38 +0100: Memory Usage (427844K) : KLayout will use 1 thread(s) in tiling mode.
2026-02-12 10:10:38 +0100: Memory Usage (427844K) : deep mode is enabled.
2026-02-12 10:10:38 +0100: Memory Usage (427844K) : FEOL enabled: true
2026-02-12 10:10:38 +0100: Memory Usage (427844K) : BEOL enabled: true
2026-02-12 10:10:38 +0100: Memory Usage (427844K) : OFFGRID enabled: true
2026-02-12 10:10:38 +0100: Memory Usage (427844K) : PIN enabled: true
2026-02-12 10:10:38 +0100: Memory Usage (427844K) : FORBIDDEN enabled: true
2026-02-12 10:10:38 +0100: Memory Usage (427844K) : RECOMMENDED enabled: true
2026-02-12 10:10:38 +0100: Memory Usage (427844K) : PreCheck DRC enabled: false
2026-02-12 10:10:38 +0100: Memory Usage (427844K) : CONNECTIVITY_RULES enabled: true.
2026-02-12 10:10:38 +0100: Memory Usage (427844K) : Read in polygons from layers.
2026-02-12 10:10:38 +0100: Memory Usage (429812K) : activ_drw has 33627 polygons
2026-02-12 10:10:38 +0100: Memory Usage (430068K) : activ_pin has 0 polygons
2026-02-12 10:10:38 +0100: Memory Usage (430068K) : activ_mask has 0 polygons
2026-02-12 10:10:38 +0100: Memory Usage (430068K) : activ_filler has 0 polygons
2026-02-12 10:10:38 +0100: Memory Usage (430196K) : activ_nofill has 0 polygons
2026-02-12 10:10:38 +0100: Memory Usage (430196K) : activ_opc has 0 polygons
2026-02-12 10:10:38 +0100: Memory Usage (430196K) : activ_iopc has 0 polygons
2026-02-12 10:10:38 +0100: Memory Usage (430324K) : activ_noqrc has 0 polygons
2026-02-12 10:10:38 +0100: Memory Usage (430452K) : biwind_drw has 0 polygons
2026-02-12 10:10:38 +0100: Memory Usage (430452K) : biwind_opc has 0 polygons
2026-02-12 10:10:38 +0100: Memory Usage (430580K) : pemwind_drw has 0 polygons
2026-02-12 10:10:38 +0100: Memory Usage (430580K) : gatpoly_drw has 29317 polygons
2026-02-12 10:10:38 +0100: Memory Usage (430580K) : gatpoly_pin has 0 polygons
2026-02-12 10:10:38 +0100: Memory Usage (430580K) : gatpoly_filler has 0 polygons
2026-02-12 10:10:38 +0100: Memory Usage (430580K) : gatpoly_nofill has 0 polygons
2026-02-12 10:10:38 +0100: Memory Usage (430580K) : gatpoly_opc has 0 polygons
2026-02-12 10:10:38 +0100: Memory Usage (430580K) : gatpoly_iopc has 0 polygons
2026-02-12 10:10:38 +0100: Memory Usage (430580K) : gatpoly_noqrc has 0 polygons
2026-02-12 10:10:38 +0100: Memory Usage (430708K) : cont_drw has 231567 polygons
2026-02-12 10:10:38 +0100: Memory Usage (430708K) : cont_opc has 0 polygons
2026-02-12 10:10:38 +0100: Memory Usage (430836K) : nsd_drw has 0 polygons
2026-02-12 10:10:38 +0100: Memory Usage (430836K) : nsd_block has 0 polygons
2026-02-12 10:10:38 +0100: Memory Usage (431092K) : metal1_drw has 51560 polygons
2026-02-12 10:10:38 +0100: Memory Usage (431220K) : metal1_pin has 21599 polygons
2026-02-12 10:10:38 +0100: Memory Usage (431220K) : metal1_mask has 0 polygons
2026-02-12 10:10:38 +0100: Memory Usage (431348K) : metal1_filler has 0 polygons
2026-02-12 10:10:38 +0100: Memory Usage (431348K) : metal1_nofill has 0 polygons
2026-02-12 10:10:38 +0100: Memory Usage (431476K) : metal1_slit has 0 polygons
2026-02-12 10:10:38 +0100: Memory Usage (431656K) : metal1_text has 21388 polygons
2026-02-12 10:10:38 +0100: Memory Usage (431784K) : metal1_opc has 0 polygons
2026-02-12 10:10:38 +0100: Memory Usage (431784K) : metal1_noqrc has 0 polygons
2026-02-12 10:10:38 +0100: Memory Usage (431912K) : metal1_res has 0 polygons
2026-02-12 10:10:38 +0100: Memory Usage (431912K) : metal1_iprobe has 0 polygons
2026-02-12 10:10:38 +0100: Memory Usage (432040K) : metal1_diffprb has 0 polygons
2026-02-12 10:10:38 +0100: Memory Usage (432040K) : passiv_drw has 0 polygons
2026-02-12 10:10:38 +0100: Memory Usage (432168K) : passiv_pin has 0 polygons
2026-02-12 10:10:38 +0100: Memory Usage (432168K) : passiv_sbump has 0 polygons
2026-02-12 10:10:38 +0100: Memory Usage (432296K) : passiv_pillar has 0 polygons
2026-02-12 10:10:38 +0100: Memory Usage (432424K) : passiv_pdl has 0 polygons
2026-02-12 10:10:38 +0100: Memory Usage (432936K) : metal2_drw has 19994 polygons
2026-02-12 10:10:38 +0100: Memory Usage (433192K) : metal2_pin has 1980 polygons
2026-02-12 10:10:38 +0100: Memory Usage (433192K) : metal2_mask has 0 polygons
2026-02-12 10:10:38 +0100: Memory Usage (433192K) : metal2_filler has 0 polygons
2026-02-12 10:10:38 +0100: Memory Usage (433192K) : metal2_nofill has 0 polygons
2026-02-12 10:10:38 +0100: Memory Usage (433192K) : metal2_slit has 0 polygons
2026-02-12 10:10:38 +0100: Memory Usage (433320K) : metal2_text has 3428 polygons
2026-02-12 10:10:38 +0100: Memory Usage (433448K) : metal2_opc has 0 polygons
2026-02-12 10:10:38 +0100: Memory Usage (433576K) : metal2_noqrc has 0 polygons
2026-02-12 10:10:38 +0100: Memory Usage (433704K) : metal2_res has 0 polygons
2026-02-12 10:10:38 +0100: Memory Usage (433704K) : metal2_iprobe has 0 polygons
2026-02-12 10:10:38 +0100: Memory Usage (433832K) : metal2_diffprb has 0 polygons
2026-02-12 10:10:38 +0100: Memory Usage (433832K) : baspoly_drw has 0 polygons
2026-02-12 10:10:38 +0100: Memory Usage (433960K) : baspoly_pin has 0 polygons
2026-02-12 10:10:38 +0100: Memory Usage (433960K) : psd_drw has 15597 polygons
2026-02-12 10:10:38 +0100: Memory Usage (434088K) : nldb_drw has 0 polygons
2026-02-12 10:10:38 +0100: Memory Usage (434088K) : digibnd_drw has 0 polygons
2026-02-12 10:10:38 +0100: Memory Usage (434344K) : via1_drw has 13134 polygons
2026-02-12 10:10:38 +0100: Memory Usage (434728K) : backmetal1_drw has 0 polygons
2026-02-12 10:10:38 +0100: Memory Usage (434728K) : backmetal1_pin has 0 polygons
2026-02-12 10:10:38 +0100: Memory Usage (434728K) : backmetal1_mask has 0 polygons
2026-02-12 10:10:38 +0100: Memory Usage (434728K) : backmetal1_filler has 0 polygons
2026-02-12 10:10:38 +0100: Memory Usage (434728K) : backmetal1_nofill has 0 polygons
2026-02-12 10:10:38 +0100: Memory Usage (434856K) : backmetal1_slit has 0 polygons
2026-02-12 10:10:38 +0100: Memory Usage (434856K) : backmetal1_text has 0 polygons
2026-02-12 10:10:38 +0100: Memory Usage (434984K) : backmetal1_opc has 0 polygons
2026-02-12 10:10:38 +0100: Memory Usage (434984K) : backmetal1_noqrc has 0 polygons
2026-02-12 10:10:38 +0100: Memory Usage (435112K) : backmetal1_res has 0 polygons
2026-02-12 10:10:38 +0100: Memory Usage (435112K) : backmetal1_iprobe has 0 polygons
2026-02-12 10:10:38 +0100: Memory Usage (435240K) : backmetal1_diffprb has 0 polygons
2026-02-12 10:10:38 +0100: Memory Usage (435240K) : backpassiv_drw has 0 polygons
2026-02-12 10:10:38 +0100: Memory Usage (435368K) : res_drw has 0 polygons
2026-02-12 10:10:38 +0100: Memory Usage (435368K) : sram_drw has 0 polygons
2026-02-12 10:10:38 +0100: Memory Usage (435496K) : trans_drw has 0 polygons
2026-02-12 10:10:38 +0100: Memory Usage (435496K) : ind_drw has 0 polygons
2026-02-12 10:10:38 +0100: Memory Usage (435624K) : ind_pin has 0 polygons
2026-02-12 10:10:38 +0100: Memory Usage (435624K) : ind_text has 0 polygons
2026-02-12 10:10:38 +0100: Memory Usage (435752K) : salblock_drw has 0 polygons
2026-02-12 10:10:38 +0100: Memory Usage (435880K) : via2_drw has 11278 polygons
2026-02-12 10:10:38 +0100: Memory Usage (436264K) : metal3_drw has 5825 polygons
2026-02-12 10:10:38 +0100: Memory Usage (436392K) : metal3_pin has 589 polygons
2026-02-12 10:10:38 +0100: Memory Usage (436392K) : metal3_mask has 0 polygons
2026-02-12 10:10:38 +0100: Memory Usage (436392K) : metal3_filler has 0 polygons
2026-02-12 10:10:38 +0100: Memory Usage (436520K) : metal3_nofill has 0 polygons
2026-02-12 10:10:38 +0100: Memory Usage (436520K) : metal3_slit has 0 polygons
2026-02-12 10:10:38 +0100: Memory Usage (436648K) : metal3_text has 797 polygons
2026-02-12 10:10:38 +0100: Memory Usage (436648K) : metal3_opc has 0 polygons
2026-02-12 10:10:38 +0100: Memory Usage (436776K) : metal3_noqrc has 0 polygons
2026-02-12 10:10:38 +0100: Memory Usage (436776K) : metal3_res has 0 polygons
2026-02-12 10:10:38 +0100: Memory Usage (436904K) : metal3_iprobe has 0 polygons
2026-02-12 10:10:38 +0100: Memory Usage (436904K) : metal3_diffprb has 0 polygons
2026-02-12 10:10:38 +0100: Memory Usage (437032K) : nwell_drw has 8065 polygons
2026-02-12 10:10:38 +0100: Memory Usage (437160K) : nwell_pin has 0 polygons
2026-02-12 10:10:38 +0100: Memory Usage (437160K) : nbulay_drw has 0 polygons
2026-02-12 10:10:38 +0100: Memory Usage (437288K) : nbulay_pin has 0 polygons
2026-02-12 10:10:38 +0100: Memory Usage (437288K) : nbulay_block has 0 polygons
2026-02-12 10:10:38 +0100: Memory Usage (437416K) : emwind_drw has 0 polygons
2026-02-12 10:10:38 +0100: Memory Usage (437416K) : emwind_opc has 0 polygons
2026-02-12 10:10:38 +0100: Memory Usage (437544K) : deepco_drw has 0 polygons
2026-02-12 10:10:38 +0100: Memory Usage (437544K) : deepco_drw has 0 polygons
2026-02-12 10:10:38 +0100: Memory Usage (437672K) : mim_drw has 0 polygons
2026-02-12 10:10:38 +0100: Memory Usage (437672K) : edgeseal_drw has 0 polygons
2026-02-12 10:10:38 +0100: Memory Usage (437800K) : edgeseal_bound has 0 polygons
2026-02-12 10:10:38 +0100: Memory Usage (437800K) : substrate_drw has 0 polygons
2026-02-12 10:10:38 +0100: Memory Usage (437928K) : substrate_text has 0 polygons
2026-02-12 10:10:38 +0100: Memory Usage (437928K) : dfpad_drw has 0 polygons
2026-02-12 10:10:38 +0100: Memory Usage (438056K) : dfpad_pillar has 0 polygons
2026-02-12 10:10:38 +0100: Memory Usage (438056K) : dfpad_sbump has 0 polygons
2026-02-12 10:10:38 +0100: Memory Usage (438184K) : thickgateox_drw has 0 polygons
2026-02-12 10:10:38 +0100: Memory Usage (438184K) : pldb_drw has 0 polygons
2026-02-12 10:10:38 +0100: Memory Usage (438312K) : pwell_drw has 0 polygons
2026-02-12 10:10:38 +0100: Memory Usage (438312K) : pwell_pin has 0 polygons
2026-02-12 10:10:38 +0100: Memory Usage (438440K) : pwell_block has 0 polygons
2026-02-12 10:10:38 +0100: Memory Usage (438440K) : ic_drw has 0 polygons
2026-02-12 10:10:38 +0100: Memory Usage (438696K) : via3_drw has 7037 polygons
2026-02-12 10:10:38 +0100: Memory Usage (438824K) : metal4_drw has 1433 polygons
2026-02-12 10:10:38 +0100: Memory Usage (438824K) : metal4_pin has 0 polygons
2026-02-12 10:10:38 +0100: Memory Usage (438952K) : metal4_mask has 0 polygons
2026-02-12 10:10:38 +0100: Memory Usage (438952K) : metal4_filler has 0 polygons
2026-02-12 10:10:38 +0100: Memory Usage (439080K) : metal4_nofill has 0 polygons
2026-02-12 10:10:38 +0100: Memory Usage (439080K) : metal4_slit has 0 polygons
2026-02-12 10:10:38 +0100: Memory Usage (439208K) : metal4_text has 7 polygons
2026-02-12 10:10:38 +0100: Memory Usage (439208K) : metal4_opc has 0 polygons
2026-02-12 10:10:38 +0100: Memory Usage (439336K) : metal4_noqrc has 0 polygons
2026-02-12 10:10:38 +0100: Memory Usage (439336K) : metal4_res has 0 polygons
2026-02-12 10:10:38 +0100: Memory Usage (439464K) : metal4_iprobe has 0 polygons
2026-02-12 10:10:38 +0100: Memory Usage (439464K) : metal4_diffprb has 0 polygons
2026-02-12 10:10:38 +0100: Memory Usage (439592K) : heattrans_drw has 0 polygons
2026-02-12 10:10:38 +0100: Memory Usage (439592K) : heatres_drw has 0 polygons
2026-02-12 10:10:38 +0100: Memory Usage (439720K) : pempoly_drw has 0 polygons
2026-02-12 10:10:38 +0100: Memory Usage (439720K) : fbe_drw has 0 polygons
2026-02-12 10:10:38 +0100: Memory Usage (439848K) : empoly_drw has 0 polygons
2026-02-12 10:10:38 +0100: Memory Usage (439976K) : ldmos_drw has 0 polygons
2026-02-12 10:10:38 +0100: Memory Usage (439976K) : pbiwind_drw has 0 polygons
2026-02-12 10:10:38 +0100: Memory Usage (440104K) : digisub_drw has 0 polygons
2026-02-12 10:10:38 +0100: Memory Usage (440104K) : nodrc_drw has 0 polygons
2026-02-12 10:10:38 +0100: Memory Usage (440232K) : text_drw has 0 polygons
2026-02-12 10:10:38 +0100: Memory Usage (440360K) : via4_drw has 7845 polygons
2026-02-12 10:10:38 +0100: Memory Usage (440488K) : metal5_drw has 1213 polygons
2026-02-12 10:10:38 +0100: Memory Usage (440616K) : metal5_pin has 2 polygons
2026-02-12 10:10:38 +0100: Memory Usage (440616K) : metal5_mask has 0 polygons
2026-02-12 10:10:38 +0100: Memory Usage (440744K) : metal5_filler has 0 polygons
2026-02-12 10:10:38 +0100: Memory Usage (440744K) : metal5_nofill has 0 polygons
2026-02-12 10:10:38 +0100: Memory Usage (440744K) : metal5_slit has 0 polygons
2026-02-12 10:10:38 +0100: Memory Usage (440872K) : metal5_text has 4 polygons
2026-02-12 10:10:38 +0100: Memory Usage (440872K) : metal5_opc has 0 polygons
2026-02-12 10:10:38 +0100: Memory Usage (440872K) : metal5_noqrc has 0 polygons
2026-02-12 10:10:38 +0100: Memory Usage (440872K) : metal5_res has 0 polygons
2026-02-12 10:10:38 +0100: Memory Usage (440872K) : metal5_iprobe has 0 polygons
2026-02-12 10:10:38 +0100: Memory Usage (440872K) : metal5_diffprb has 0 polygons
2026-02-12 10:10:38 +0100: Memory Usage (440872K) : radhard_drw has 0 polygons
2026-02-12 10:10:38 +0100: Memory Usage (440872K) : memcap_drw has 0 polygons
2026-02-12 10:10:38 +0100: Memory Usage (440872K) : varicap_drw has 0 polygons
2026-02-12 10:10:38 +0100: Memory Usage (440872K) : flash_drw has 0 polygons
2026-02-12 10:10:38 +0100: Memory Usage (440872K) : intbondvia_drw has 0 polygons
2026-02-12 10:10:38 +0100: Memory Usage (440872K) : intbondmet_drw has 0 polygons
2026-02-12 10:10:39 +0100: Memory Usage (440872K) : devbondvia_drw has 0 polygons
2026-02-12 10:10:39 +0100: Memory Usage (440872K) : devbondmet_drw has 0 polygons
2026-02-12 10:10:39 +0100: Memory Usage (440872K) : devtrench_drw has 0 polygons
2026-02-12 10:10:39 +0100: Memory Usage (440872K) : redist_drw has 0 polygons
2026-02-12 10:10:39 +0100: Memory Usage (440872K) : graphbot_drw has 0 polygons
2026-02-12 10:10:39 +0100: Memory Usage (440872K) : graphtop_drw has 0 polygons
2026-02-12 10:10:39 +0100: Memory Usage (440872K) : antvia1_drw has 0 polygons
2026-02-12 10:10:39 +0100: Memory Usage (440872K) : antmetal2_drw has 0 polygons
2026-02-12 10:10:39 +0100: Memory Usage (440872K) : graphcont_drw has 0 polygons
2026-02-12 10:10:39 +0100: Memory Usage (440872K) : siwg_drw has 0 polygons
2026-02-12 10:10:39 +0100: Memory Usage (440872K) : siwg_filler has 0 polygons
2026-02-12 10:10:39 +0100: Memory Usage (440872K) : siwg_nofill has 0 polygons
2026-02-12 10:10:39 +0100: Memory Usage (440872K) : sigrating_drw has 0 polygons
2026-02-12 10:10:39 +0100: Memory Usage (440872K) : singrating_drw has 0 polygons
2026-02-12 10:10:39 +0100: Memory Usage (440872K) : graphpas_drw has 0 polygons
2026-02-12 10:10:39 +0100: Memory Usage (440872K) : emwind3_drw has 0 polygons
2026-02-12 10:10:39 +0100: Memory Usage (440872K) : emwihv3_drw has 0 polygons
2026-02-12 10:10:39 +0100: Memory Usage (440872K) : redbulay_drw has 0 polygons
2026-02-12 10:10:39 +0100: Memory Usage (440872K) : smos_drw has 0 polygons
2026-02-12 10:10:39 +0100: Memory Usage (440872K) : graphpad_drw has 0 polygons
2026-02-12 10:10:39 +0100: Memory Usage (440872K) : polimide_drw has 0 polygons
2026-02-12 10:10:39 +0100: Memory Usage (440872K) : polimide_pin has 0 polygons
2026-02-12 10:10:39 +0100: Memory Usage (440872K) : recog_drw has 0 polygons
2026-02-12 10:10:39 +0100: Memory Usage (440872K) : recog_pin has 0 polygons
2026-02-12 10:10:39 +0100: Memory Usage (440872K) : recog_esd has 0 polygons
2026-02-12 10:10:39 +0100: Memory Usage (440872K) : recog_diode has 0 polygons
2026-02-12 10:10:39 +0100: Memory Usage (440872K) : recog_tsv has 0 polygons
2026-02-12 10:10:39 +0100: Memory Usage (440872K) : recog_iprobe has 0 polygons
2026-02-12 10:10:39 +0100: Memory Usage (440872K) : recog_diffprb has 0 polygons
2026-02-12 10:10:39 +0100: Memory Usage (440872K) : recog_pillar has 0 polygons
2026-02-12 10:10:39 +0100: Memory Usage (440872K) : recog_sbump has 0 polygons
2026-02-12 10:10:39 +0100: Memory Usage (440872K) : recog_otp has 0 polygons
2026-02-12 10:10:39 +0100: Memory Usage (440872K) : recog_pdiode has 0 polygons
2026-02-12 10:10:39 +0100: Memory Usage (440872K) : recog_mom has 0 polygons
2026-02-12 10:10:39 +0100: Memory Usage (440872K) : recog_pcm has 0 polygons
2026-02-12 10:10:39 +0100: Memory Usage (440872K) : colopen_drw has 0 polygons
2026-02-12 10:10:39 +0100: Memory Usage (440872K) : graphmetal1_drw has 0 polygons
2026-02-12 10:10:39 +0100: Memory Usage (440872K) : graphmetal1_filler has 0 polygons
2026-02-12 10:10:39 +0100: Memory Usage (440872K) : graphmetal1_nofill has 0 polygons
2026-02-12 10:10:39 +0100: Memory Usage (440872K) : graphmetal1_slit has 0 polygons
2026-02-12 10:10:39 +0100: Memory Usage (440872K) : graphmetal1_opc has 0 polygons
2026-02-12 10:10:39 +0100: Memory Usage (440872K) : graphmet1l_drw has 0 polygons
2026-02-12 10:10:39 +0100: Memory Usage (440872K) : graphmet1l_filler has 0 polygons
2026-02-12 10:10:39 +0100: Memory Usage (440872K) : graphmet1l_nofill has 0 polygons
2026-02-12 10:10:39 +0100: Memory Usage (440872K) : graphmet1l_slit has 0 polygons
2026-02-12 10:10:39 +0100: Memory Usage (440872K) : graphmet1l_opc has 0 polygons
2026-02-12 10:10:39 +0100: Memory Usage (440872K) : extblock_drw has 0 polygons
2026-02-12 10:10:39 +0100: Memory Usage (440872K) : nldd_drw has 0 polygons
2026-02-12 10:10:39 +0100: Memory Usage (440872K) : pldd_drw has 0 polygons
2026-02-12 10:10:39 +0100: Memory Usage (440872K) : next_drw has 0 polygons
2026-02-12 10:10:39 +0100: Memory Usage (440872K) : pext_drw has 0 polygons
2026-02-12 10:10:39 +0100: Memory Usage (440872K) : nexthv_drw has 0 polygons
2026-02-12 10:10:39 +0100: Memory Usage (440872K) : pexthv_drw has 0 polygons
2026-02-12 10:10:39 +0100: Memory Usage (440872K) : graphgate_drw has 0 polygons
2026-02-12 10:10:39 +0100: Memory Usage (440872K) : sinwg_drw has 0 polygons
2026-02-12 10:10:39 +0100: Memory Usage (440872K) : sinwg_filler has 0 polygons
2026-02-12 10:10:39 +0100: Memory Usage (440872K) : sinwg_nofill has 0 polygons
2026-02-12 10:10:39 +0100: Memory Usage (440872K) : mempad_drw has 0 polygons
2026-02-12 10:10:39 +0100: Memory Usage (440872K) : topvia1_drw has 2656 polygons
2026-02-12 10:10:39 +0100: Memory Usage (440872K) : topmetal1_drw has 49 polygons
2026-02-12 10:10:39 +0100: Memory Usage (440872K) : topmetal1_pin has 49 polygons
2026-02-12 10:10:39 +0100: Memory Usage (440872K) : topmetal1_mask has 0 polygons
2026-02-12 10:10:39 +0100: Memory Usage (440872K) : topmetal1_filler has 0 polygons
2026-02-12 10:10:39 +0100: Memory Usage (440872K) : topmetal1_nofill has 0 polygons
2026-02-12 10:10:39 +0100: Memory Usage (440872K) : topmetal1_slit has 0 polygons
2026-02-12 10:10:39 +0100: Memory Usage (440872K) : topmetal1_text has 49 polygons
2026-02-12 10:10:39 +0100: Memory Usage (440872K) : topmetal1_noqrc has 0 polygons
2026-02-12 10:10:39 +0100: Memory Usage (440872K) : topmetal1_res has 0 polygons
2026-02-12 10:10:39 +0100: Memory Usage (440872K) : topmetal1_iprobe has 0 polygons
2026-02-12 10:10:39 +0100: Memory Usage (440872K) : topmetal1_diffprb has 0 polygons
2026-02-12 10:10:39 +0100: Memory Usage (440872K) : inldpwl_drw has 0 polygons
2026-02-12 10:10:39 +0100: Memory Usage (440872K) : polyres_drw has 0 polygons
2026-02-12 10:10:39 +0100: Memory Usage (440872K) : polyres_pin has 0 polygons
2026-02-12 10:10:39 +0100: Memory Usage (440872K) : vmim_drw has 0 polygons
2026-02-12 10:10:39 +0100: Memory Usage (440872K) : nbulaycut_drw has 0 polygons
2026-02-12 10:10:39 +0100: Memory Usage (440872K) : antmetal1_drw has 0 polygons
2026-02-12 10:10:39 +0100: Memory Usage (440872K) : topvia2_drw has 441 polygons
2026-02-12 10:10:39 +0100: Memory Usage (440872K) : topmetal2_drw has 18 polygons
2026-02-12 10:10:39 +0100: Memory Usage (440872K) : topmetal2_pin has 18 polygons
2026-02-12 10:10:39 +0100: Memory Usage (440872K) : topmetal2_mask has 0 polygons
2026-02-12 10:10:39 +0100: Memory Usage (440872K) : topmetal2_filler has 0 polygons
2026-02-12 10:10:39 +0100: Memory Usage (440872K) : topmetal2_nofill has 0 polygons
2026-02-12 10:10:39 +0100: Memory Usage (440872K) : topmetal2_slit has 0 polygons
2026-02-12 10:10:39 +0100: Memory Usage (440872K) : topmetal2_text has 20 polygons
2026-02-12 10:10:39 +0100: Memory Usage (440872K) : topmetal2_noqrc has 0 polygons
2026-02-12 10:10:39 +0100: Memory Usage (440872K) : topmetal2_res has 0 polygons
2026-02-12 10:10:39 +0100: Memory Usage (440872K) : topmetal2_iprobe has 0 polygons
2026-02-12 10:10:39 +0100: Memory Usage (440872K) : topmetal2_diffprb has 0 polygons
2026-02-12 10:10:39 +0100: Memory Usage (440872K) : snsring_drw has 0 polygons
2026-02-12 10:10:39 +0100: Memory Usage (440872K) : sensor_drw has 0 polygons
2026-02-12 10:10:39 +0100: Memory Usage (440872K) : snsarms_drw has 0 polygons
2026-02-12 10:10:39 +0100: Memory Usage (440872K) : snscmosvia_drw has 0 polygons
2026-02-12 10:10:39 +0100: Memory Usage (440872K) : colwind_drw has 0 polygons
2026-02-12 10:10:39 +0100: Memory Usage (440872K) : flm_drw has 0 polygons
2026-02-12 10:10:39 +0100: Memory Usage (440872K) : hafniumox_drw has 0 polygons
2026-02-12 10:10:39 +0100: Memory Usage (440872K) : memvia_drw has 0 polygons
2026-02-12 10:10:39 +0100: Memory Usage (440872K) : thinfilmres_drw has 0 polygons
2026-02-12 10:10:39 +0100: Memory Usage (440872K) : rfmem_drw has 0 polygons
2026-02-12 10:10:39 +0100: Memory Usage (440872K) : norcx_drw has 0 polygons
2026-02-12 10:10:39 +0100: Memory Usage (440872K) : norcx_m2m3 has 0 polygons
2026-02-12 10:10:39 +0100: Memory Usage (440872K) : norcx_m2m4 has 0 polygons
2026-02-12 10:10:39 +0100: Memory Usage (440872K) : norcx_m2m5 has 0 polygons
2026-02-12 10:10:39 +0100: Memory Usage (440872K) : norcx_m2tm1 has 0 polygons
2026-02-12 10:10:39 +0100: Memory Usage (440872K) : norcx_m2tm2 has 0 polygons
2026-02-12 10:10:39 +0100: Memory Usage (440872K) : norcx_m3m4 has 0 polygons
2026-02-12 10:10:39 +0100: Memory Usage (440872K) : norcx_m3m5 has 0 polygons
2026-02-12 10:10:39 +0100: Memory Usage (440872K) : norcx_m3tm1 has 0 polygons
2026-02-12 10:10:39 +0100: Memory Usage (440872K) : norcx_m3tm2 has 0 polygons
2026-02-12 10:10:39 +0100: Memory Usage (440872K) : norcx_m4m5 has 0 polygons
2026-02-12 10:10:39 +0100: Memory Usage (440872K) : norcx_m4tm1 has 0 polygons
2026-02-12 10:10:39 +0100: Memory Usage (440872K) : norcx_m4tm2 has 0 polygons
2026-02-12 10:10:39 +0100: Memory Usage (440872K) : norcx_m5tm1 has 0 polygons
2026-02-12 10:10:39 +0100: Memory Usage (440872K) : norcx_m5tm2 has 0 polygons
2026-02-12 10:10:39 +0100: Memory Usage (440872K) : norcx_tm1tm2 has 0 polygons
2026-02-12 10:10:39 +0100: Memory Usage (440872K) : norcx_m1sub has 0 polygons
2026-02-12 10:10:39 +0100: Memory Usage (440872K) : norcx_m2sub has 0 polygons
2026-02-12 10:10:39 +0100: Memory Usage (440872K) : norcx_m3sub has 0 polygons
2026-02-12 10:10:39 +0100: Memory Usage (440872K) : norcx_m4sub has 0 polygons
2026-02-12 10:10:39 +0100: Memory Usage (440872K) : norcx_m5sub has 0 polygons
2026-02-12 10:10:39 +0100: Memory Usage (440872K) : norcx_tm1sub has 0 polygons
2026-02-12 10:10:39 +0100: Memory Usage (440872K) : norcx_tm2sub has 0 polygons
2026-02-12 10:10:39 +0100: Memory Usage (440872K) : snsbotvia_drw has 0 polygons
2026-02-12 10:10:39 +0100: Memory Usage (440872K) : snstopvia_drw has 0 polygons
2026-02-12 10:10:39 +0100: Memory Usage (440872K) : deepvia_drw has 0 polygons
2026-02-12 10:10:39 +0100: Memory Usage (441000K) : fgetch_drw has 0 polygons
2026-02-12 10:10:39 +0100: Memory Usage (441000K) : ctrgat_drw has 0 polygons
2026-02-12 10:10:39 +0100: Memory Usage (441128K) : fgimp_drw has 0 polygons
2026-02-12 10:10:39 +0100: Memory Usage (441128K) : emwihv_drw has 0 polygons
2026-02-12 10:10:39 +0100: Memory Usage (441256K) : lbe_drw has 0 polygons
2026-02-12 10:10:39 +0100: Memory Usage (441256K) : alcustop_drw has 0 polygons
2026-02-12 10:10:39 +0100: Memory Usage (441384K) : nometfiller_drw has 0 polygons
2026-02-12 10:10:39 +0100: Memory Usage (441384K) : prboundary_drw has 0 polygons
2026-02-12 10:10:39 +0100: Memory Usage (441512K) : exchange0_drw has 0 polygons
2026-02-12 10:10:39 +0100: Memory Usage (441512K) : exchange0_pin has 0 polygons
2026-02-12 10:10:39 +0100: Memory Usage (441640K) : exchange0_text has 0 polygons
2026-02-12 10:10:39 +0100: Memory Usage (441640K) : exchange1_drw has 0 polygons
2026-02-12 10:10:39 +0100: Memory Usage (441768K) : exchange1_pin has 0 polygons
2026-02-12 10:10:39 +0100: Memory Usage (441768K) : exchange1_text has 0 polygons
2026-02-12 10:10:39 +0100: Memory Usage (441896K) : exchange2_drw has 0 polygons
2026-02-12 10:10:39 +0100: Memory Usage (441896K) : exchange2_pin has 0 polygons
2026-02-12 10:10:39 +0100: Memory Usage (442024K) : exchange2_text has 0 polygons
2026-02-12 10:10:39 +0100: Memory Usage (442024K) : exchange3_drw has 0 polygons
2026-02-12 10:10:39 +0100: Memory Usage (442152K) : exchange3_pin has 0 polygons
2026-02-12 10:10:39 +0100: Memory Usage (442152K) : exchange3_text has 0 polygons
2026-02-12 10:10:39 +0100: Memory Usage (442280K) : exchange4_drw has 0 polygons
2026-02-12 10:10:39 +0100: Memory Usage (442280K) : exchange4_pin has 0 polygons
2026-02-12 10:10:39 +0100: Memory Usage (442408K) : exchange4_text has 0 polygons
2026-02-12 10:10:39 +0100: Memory Usage (442408K) : isonwell_drw has 0 polygons
2026-02-12 10:10:39 +0100: Memory Usage (442408K) : Total no. of polygons in the design is 490586
2026-02-12 10:10:39 +0100: Memory Usage (442408K) : Loaded TECH DRC rules values from /home/cmaier/.ciel/ciel/ihp-sg13g2/versions/c4b8b4e5e7a05f375cca3815d51b3a37721fbf5c/ihp-sg13g2/libs.tech/klayout/python/sg13g2_pycell_lib/sg13g2_tech_mod.json
2026-02-12 10:10:39 +0100: Memory Usage (442408K) : Loaded default DRC rules values from /home/cmaier/.ciel/ciel/ihp-sg13g2/versions/c4b8b4e5e7a05f375cca3815d51b3a37721fbf5c/ihp-sg13g2/libs.tech/klayout/tech/drc/rule_decks/sg13g2_tech_default.json
2026-02-12 10:10:39 +0100: Memory Usage (442408K) : The following rules values were missing in tech json and default values were used:
2026-02-12 10:10:39 +0100: Memory Usage (442408K) :   - Cnt_c_digibnd
2026-02-12 10:10:39 +0100: Memory Usage (443560K) : Total area of the design is 100000.0 um^2.
2026-02-12 10:10:39 +0100: Memory Usage (443560K) : The design dimensions are 500.0 µm * 200.0 µm.
2026-02-12 10:10:39 +0100: Memory Usage (443560K) : Starting general IHP-SG13G2 derivations.
2026-02-12 10:10:39 +0100: Memory Usage (443560K) : Starting Pwell derivations
2026-02-12 10:10:39 +0100: Memory Usage (452388K) : Starting n-Activ derivations
2026-02-12 10:10:39 +0100: Memory Usage (457508K) : Starting p-Activ derivations
2026-02-12 10:10:40 +0100: Memory Usage (457508K) : Starting ptap derivations
2026-02-12 10:10:40 +0100: Memory Usage (458020K) : Starting ntap derivations
2026-02-12 10:10:40 +0100: Memory Usage (458020K) : Starting pact FET derivations
2026-02-12 10:10:41 +0100: Memory Usage (458020K) : Starting nact FET derivations
2026-02-12 10:10:41 +0100: Memory Usage (458020K) : Starting Gate derivations
2026-02-12 10:10:41 +0100: Memory Usage (458020K) : Starting cont/contbar general derivations
2026-02-12 10:10:42 +0100: Memory Usage (472228K) : Starting pad general derivations
2026-02-12 10:10:42 +0100: Memory Usage (472228K) : Starting IHP-SG13G2 DRC connectivity related derivations.
2026-02-12 10:10:42 +0100: Memory Usage (472228K) : Starting IHP-SG13G2 DRC connectivity setup
2026-02-12 10:10:44 +0100: Memory Usage (472416K) : Starting IHP-SG13G2 DRC rules.
2026-02-12 10:10:44 +0100: Memory Usage (472416K) : Running all FEOL rules
2026-02-12 10:10:44 +0100: Memory Usage (472416K) : Running all BEOL rules
2026-02-12 10:10:44 +0100: Memory Usage (472416K) : Running all PIN rules
2026-02-12 10:10:44 +0100: Memory Usage (472416K) : Running all FORBIDDEN rules
2026-02-12 10:10:44 +0100: Memory Usage (472416K) : Starting 5.1 NWell table
2026-02-12 10:10:44 +0100: Memory Usage (472416K) : Executing rule NW.b
2026-02-12 10:10:45 +0100: Memory Usage (473312K) : Executing rule NW.b1
2026-02-12 10:10:45 +0100: Memory Usage (473312K) : Starting 5.2 PWell:block
2026-02-12 10:10:45 +0100: Memory Usage (473312K) : Executing rule PWB.e
2026-02-12 10:10:45 +0100: Memory Usage (473312K) : Executing rule PWB.e1
2026-02-12 10:10:45 +0100: Memory Usage (473312K) : Executing rule PWB.f
2026-02-12 10:10:45 +0100: Memory Usage (473312K) : Executing rule PWB.f1
2026-02-12 10:10:45 +0100: Memory Usage (473312K) : Starting 5.3 nBuLay table
2026-02-12 10:10:45 +0100: Memory Usage (473568K) : Executing rule NBL.b
2026-02-12 10:10:45 +0100: Memory Usage (473568K) : Executing rule NBL.c
2026-02-12 10:10:45 +0100: Memory Usage (473568K) : Executing rule NBL.d
2026-02-12 10:10:45 +0100: Memory Usage (473568K) : Executing rule NBL.e
2026-02-12 10:10:45 +0100: Memory Usage (473568K) : Executing rule NBL.f
2026-02-12 10:10:45 +0100: Memory Usage (473568K) : Starting 5.5. Activ table
2026-02-12 10:10:45 +0100: Memory Usage (473568K) : Executing rule Act.a
2026-02-12 10:10:46 +0100: Memory Usage (473568K) : Executing rule Act.b
2026-02-12 10:10:46 +0100: Memory Usage (475024K) : Starting 5.6 Activ:filler table
2026-02-12 10:10:46 +0100: Memory Usage (475024K) : Executing rule AFil.c1
2026-02-12 10:10:46 +0100: Memory Usage (475024K) : Executing rule AFil.c
2026-02-12 10:10:46 +0100: Memory Usage (475024K) : Executing rule AFil.d
2026-02-12 10:10:46 +0100: Memory Usage (475024K) : Executing rule AFil.e
2026-02-12 10:10:46 +0100: Memory Usage (475024K) : Executing rule AFil.j
2026-02-12 10:10:46 +0100: Memory Usage (475024K) : Starting 5.7. ThickGateOx table
2026-02-12 10:10:46 +0100: Memory Usage (475024K) : Executing rule TGO.f
2026-02-12 10:10:46 +0100: Memory Usage (475024K) : Starting 5.8. GatPoly table
2026-02-12 10:10:46 +0100: Memory Usage (475024K) : Executing rule Gat.a
2026-02-12 10:10:46 +0100: Memory Usage (475024K) : Executing rule Gat.b
2026-02-12 10:10:47 +0100: Memory Usage (475024K) : Executing rule Gat.d
2026-02-12 10:10:47 +0100: Memory Usage (475024K) : Executing rule Gat.a1
2026-02-12 10:10:47 +0100: Memory Usage (475508K) : Executing rule Gat.a2
2026-02-12 10:10:47 +0100: Memory Usage (475508K) : Executing rule Gat.g
2026-02-12 10:10:47 +0100: Memory Usage (475676K) : Starting 5.9 GatPoly:filler
2026-02-12 10:10:47 +0100: Memory Usage (475676K) : Executing rule GFil.d
2026-02-12 10:10:47 +0100: Memory Usage (475676K) : Executing rule GFil.e
2026-02-12 10:10:47 +0100: Memory Usage (475676K) : Executing rule GFil.i
2026-02-12 10:10:47 +0100: Memory Usage (475676K) : Starting 5.10 pSD table
2026-02-12 10:10:47 +0100: Memory Usage (475676K) : Executing rule pSD.c1
2026-02-12 10:10:48 +0100: Memory Usage (474416K) : Starting 5.14. Cont table
2026-02-12 10:10:48 +0100: Memory Usage (474416K) : Executing rule Cnt.a
2026-02-12 10:10:49 +0100: Memory Usage (491056K) : Executing rule Cnt.b
2026-02-12 10:10:50 +0100: Memory Usage (491056K) : Executing rule Cnt.c
2026-02-12 10:10:52 +0100: Memory Usage (500656K) : Executing rule Cnt.c
2026-02-12 10:10:52 +0100: Memory Usage (500656K) : Executing rule Cnt.d
2026-02-12 10:10:53 +0100: Memory Usage (500656K) : Executing rule Cnt.e
2026-02-12 10:10:53 +0100: Memory Usage (500656K) : Executing rule Cnt.g1
2026-02-12 10:10:54 +0100: Memory Usage (500656K) : Executing rule Cnt.g2
2026-02-12 10:10:55 +0100: Memory Usage (500656K) : Starting 5.15. ContBar table
2026-02-12 10:10:55 +0100: Memory Usage (500656K) : Executing rule CntB.b1
2026-02-12 10:10:55 +0100: Memory Usage (500656K) : Executing rule CntB.h1
2026-02-12 10:10:55 +0100: Memory Usage (500656K) : Starting 6.1.3 NPN Substrate-Tie table
2026-02-12 10:10:55 +0100: Memory Usage (500656K) : Executing rule npn13G2.bR 
2026-02-12 10:10:55 +0100: Memory Usage (500656K) : Executing rule npn13G2L.cR 
2026-02-12 10:10:55 +0100: Memory Usage (500656K) : Executing rule npn13G2V.cR 
2026-02-12 10:10:55 +0100: Memory Usage (500656K) : Starting 6.7 Schottky diode table
2026-02-12 10:10:55 +0100: Memory Usage (500656K) : Executing rule Sdiod.d
2026-02-12 10:10:55 +0100: Memory Usage (500656K) : Executing rule Sdiod.e
2026-02-12 10:10:55 +0100: Memory Usage (500656K) : Starting 7.2 Latch-up table
2026-02-12 10:10:55 +0100: Memory Usage (500656K) : Executing rule LU.b
2026-02-12 10:10:56 +0100: Memory Usage (500656K) : Starting 5.16. Metal1 table
2026-02-12 10:10:56 +0100: Memory Usage (500656K) : Executing rule M1.a
2026-02-12 10:10:57 +0100: Memory Usage (500656K) : Executing rule M1.b
2026-02-12 10:11:03 +0100: Memory Usage (506416K) : Executing rule M1.e
2026-02-12 10:11:22 +0100: Memory Usage (506416K) : Executing rule M1.f
2026-02-12 10:11:23 +0100: Memory Usage (506416K) : Executing rule M1.g
2026-02-12 10:11:23 +0100: Memory Usage (509808K) : Executing rule M1.i
2026-02-12 10:11:23 +0100: Memory Usage (528240K) : Starting 5.17 Metaln table
2026-02-12 10:11:23 +0100: Memory Usage (528240K) : Executing rule M2.a
2026-02-12 10:11:23 +0100: Memory Usage (528240K) : Executing rule M2.b
2026-02-12 10:11:24 +0100: Memory Usage (510324K) : Executing rule M2.e
2026-02-12 10:11:24 +0100: Memory Usage (510324K) : Executing rule M2.f
2026-02-12 10:11:24 +0100: Memory Usage (510324K) : Executing rule M2.g
2026-02-12 10:11:24 +0100: Memory Usage (512884K) : Executing rule M2.i
2026-02-12 10:11:24 +0100: Memory Usage (515572K) : Executing rule M3.a
2026-02-12 10:11:24 +0100: Memory Usage (515572K) : Executing rule M3.b
2026-02-12 10:11:24 +0100: Memory Usage (515572K) : Executing rule M3.e
2026-02-12 10:11:24 +0100: Memory Usage (515572K) : Executing rule M3.f
2026-02-12 10:11:24 +0100: Memory Usage (515572K) : Executing rule M3.g
2026-02-12 10:11:24 +0100: Memory Usage (515572K) : Executing rule M3.i
2026-02-12 10:11:24 +0100: Memory Usage (515572K) : Executing rule M4.a
2026-02-12 10:11:24 +0100: Memory Usage (515572K) : Executing rule M4.b
2026-02-12 10:11:24 +0100: Memory Usage (515572K) : Executing rule M4.e
2026-02-12 10:11:24 +0100: Memory Usage (515572K) : Executing rule M4.f
2026-02-12 10:11:24 +0100: Memory Usage (515572K) : Executing rule M4.g
2026-02-12 10:11:25 +0100: Memory Usage (515572K) : Executing rule M4.i
2026-02-12 10:11:25 +0100: Memory Usage (515572K) : Executing rule M5.a
2026-02-12 10:11:25 +0100: Memory Usage (515572K) : Executing rule M5.b
2026-02-12 10:11:25 +0100: Memory Usage (515572K) : Executing rule M5.e
2026-02-12 10:11:25 +0100: Memory Usage (515572K) : Executing rule M5.f
2026-02-12 10:11:25 +0100: Memory Usage (515572K) : Executing rule M5.g
2026-02-12 10:11:25 +0100: Memory Usage (515572K) : Executing rule M5.i
2026-02-12 10:11:25 +0100: Memory Usage (515572K) : Starting 5.18 Metaln:filler table
2026-02-12 10:11:25 +0100: Memory Usage (515572K) : Executing rule M1Fil.c
2026-02-12 10:11:25 +0100: Memory Usage (515572K) : Executing rule M1Fil.a2
2026-02-12 10:11:25 +0100: Memory Usage (515572K) : Executing rule M2Fil.c
2026-02-12 10:11:25 +0100: Memory Usage (515572K) : Executing rule M2Fil.a2
2026-02-12 10:11:25 +0100: Memory Usage (515572K) : Executing rule M3Fil.c
2026-02-12 10:11:25 +0100: Memory Usage (515572K) : Executing rule M3Fil.a2
2026-02-12 10:11:25 +0100: Memory Usage (515572K) : Executing rule M4Fil.c
2026-02-12 10:11:25 +0100: Memory Usage (515572K) : Executing rule M4Fil.a2
2026-02-12 10:11:25 +0100: Memory Usage (515572K) : Executing rule M5Fil.c
2026-02-12 10:11:25 +0100: Memory Usage (515572K) : Executing rule M5Fil.a2
2026-02-12 10:11:25 +0100: Memory Usage (515572K) : Starting 5.19. Via1 table
2026-02-12 10:11:25 +0100: Memory Usage (515572K) : Starting 5.19. Via1 table derivations
2026-02-12 10:11:25 +0100: Memory Usage (515572K) : Executing rule V1.a
2026-02-12 10:11:25 +0100: Memory Usage (515700K) : Executing rule V1.b
2026-02-12 10:11:25 +0100: Memory Usage (515700K) : Executing rule V1.c
2026-02-12 10:11:25 +0100: Memory Usage (515700K) : Starting 5.20. Vian table
2026-02-12 10:11:25 +0100: Memory Usage (515700K) : Executing rule V2.a
2026-02-12 10:11:26 +0100: Memory Usage (515700K) : Executing rule V2.b
2026-02-12 10:11:26 +0100: Memory Usage (515700K) : Executing rule V2.c
2026-02-12 10:11:26 +0100: Memory Usage (515700K) : Executing rule V3.a
2026-02-12 10:11:26 +0100: Memory Usage (515700K) : Executing rule V3.b
2026-02-12 10:11:26 +0100: Memory Usage (515700K) : Executing rule V3.c
2026-02-12 10:11:26 +0100: Memory Usage (515700K) : Executing rule V4.a
2026-02-12 10:11:26 +0100: Memory Usage (515700K) : Executing rule V4.b
2026-02-12 10:11:26 +0100: Memory Usage (515700K) : Executing rule V4.c
2026-02-12 10:11:26 +0100: Memory Usage (515700K) : Starting 5.21. TopVia1 table
2026-02-12 10:11:26 +0100: Memory Usage (515700K) : Executing rule TV1.a
2026-02-12 10:11:26 +0100: Memory Usage (515700K) : Executing rule TV1.b
2026-02-12 10:11:26 +0100: Memory Usage (515700K) : Executing rule TV1.c
2026-02-12 10:11:27 +0100: Memory Usage (515700K) : Executing rule TV1.d
2026-02-12 10:11:27 +0100: Memory Usage (515700K) : Starting 5.22. TopMetal1 table
2026-02-12 10:11:27 +0100: Memory Usage (515700K) : Executing rule TM1.a
2026-02-12 10:11:27 +0100: Memory Usage (515700K) : Executing rule TM1.b
2026-02-12 10:11:27 +0100: Memory Usage (515700K) : Starting 5.23 TopMetal1:filler table
2026-02-12 10:11:27 +0100: Memory Usage (515700K) : Executing rule TM1Fil.c
2026-02-12 10:11:27 +0100: Memory Usage (515700K) : Executing rule TM1Fil.a1
2026-02-12 10:11:27 +0100: Memory Usage (515700K) : Starting 5.24. TopVia2 table
2026-02-12 10:11:27 +0100: Memory Usage (515700K) : Executing rule TV2.a
2026-02-12 10:11:27 +0100: Memory Usage (515700K) : Executing rule TV2.b
2026-02-12 10:11:27 +0100: Memory Usage (515700K) : Executing rule TV2.c
2026-02-12 10:11:27 +0100: Memory Usage (515700K) : Executing rule TV2.d
2026-02-12 10:11:27 +0100: Memory Usage (515700K) : Starting 5.25. TopMetal2 table
2026-02-12 10:11:27 +0100: Memory Usage (515700K) : Executing rule TM2.a
2026-02-12 10:11:27 +0100: Memory Usage (515700K) : Executing rule TM2.b
2026-02-12 10:11:27 +0100: Memory Usage (515700K) : Executing rule TM2.bR
2026-02-12 10:11:27 +0100: Memory Usage (515700K) : Starting 5.26 TopMetal2:filler table
2026-02-12 10:11:27 +0100: Memory Usage (515700K) : Executing rule TM2Fil.c
2026-02-12 10:11:27 +0100: Memory Usage (515700K) : Executing rule TM2Fil.a1
2026-02-12 10:11:27 +0100: Memory Usage (515700K) : Starting 5.27. Passiv table
2026-02-12 10:11:27 +0100: Memory Usage (515700K) : Executing rule Pas.a
2026-02-12 10:11:27 +0100: Memory Usage (515700K) : Executing rule Pas.b
2026-02-12 10:11:27 +0100: Memory Usage (515700K) : Executing rule Pas.c
2026-02-12 10:11:27 +0100: Memory Usage (515700K) : Starting 6.9.2 Copper Pillar table
2026-02-12 10:11:27 +0100: Memory Usage (515700K) : Executing rule Padc.a
2026-02-12 10:11:27 +0100: Memory Usage (515700K) : Executing rule Padc.b
2026-02-12 10:11:27 +0100: Memory Usage (515700K) : Executing rule Padc.c
2026-02-12 10:11:27 +0100: Memory Usage (515700K) : Executing rule Padb.f
2026-02-12 10:11:27 +0100: Memory Usage (515700K) : Starting 6.9 Pad table
2026-02-12 10:11:27 +0100: Memory Usage (515700K) : Executing rule Pad.m
2026-02-12 10:11:27 +0100: Memory Usage (515700K) : Executing rule Pad.fR_M1
2026-02-12 10:11:27 +0100: Memory Usage (515700K) : Executing rule Pad.fR_M2
2026-02-12 10:11:27 +0100: Memory Usage (515700K) : Executing rule Pad.fR_M3
2026-02-12 10:11:27 +0100: Memory Usage (515700K) : Executing rule Pad.fR_M4
2026-02-12 10:11:27 +0100: Memory Usage (515700K) : Executing rule Pad.fR_M5
2026-02-12 10:11:27 +0100: Memory Usage (515700K) : Executing rule Pad.fR_TM1
2026-02-12 10:11:27 +0100: Memory Usage (515700K) : Executing rule Pad.fR_TM2
2026-02-12 10:11:27 +0100: Memory Usage (515700K) : Executing rule Pad.i
2026-02-12 10:11:27 +0100: Memory Usage (515700K) : Starting 6.9.1 Solder Bump
2026-02-12 10:11:27 +0100: Memory Usage (515700K) : Executing rule Padb.a
2026-02-12 10:11:27 +0100: Memory Usage (515700K) : Executing rule Padb.b
2026-02-12 10:11:27 +0100: Memory Usage (515700K) : Executing rule Padb.c
2026-02-12 10:11:27 +0100: Memory Usage (515700K) : Executing rule Padb.f
2026-02-12 10:11:27 +0100: Memory Usage (515700K) : Executing rule Padb.d
2026-02-12 10:11:27 +0100: Memory Usage (515700K) : Starting 6.10 Sealring table
2026-02-12 10:11:27 +0100: Memory Usage (515700K) : Executing rule Seal.l
2026-02-12 10:11:27 +0100: Memory Usage (515700K) : Executing rule Seal.n
2026-02-12 10:11:27 +0100: Memory Usage (515700K) : Executing rule seal.b_metal1
2026-02-12 10:11:27 +0100: Memory Usage (515700K) : Executing rule seal.b_metal2
2026-02-12 10:11:27 +0100: Memory Usage (515700K) : Executing rule seal.b_metal3
2026-02-12 10:11:27 +0100: Memory Usage (515700K) : Executing rule seal.b_metal4
2026-02-12 10:11:27 +0100: Memory Usage (515700K) : Executing rule seal.b_metal5
2026-02-12 10:11:27 +0100: Memory Usage (515700K) : Executing rule seal.b_topmetal1
2026-02-12 10:11:27 +0100: Memory Usage (515700K) : Executing rule seal.b_topmetal2
2026-02-12 10:11:27 +0100: Memory Usage (515700K) : Executing rule seal.b_activ
2026-02-12 10:11:27 +0100: Memory Usage (515700K) : Executing rule seal.b_psd
2026-02-12 10:11:27 +0100: Memory Usage (515700K) : Executing rule Seal.k
2026-02-12 10:11:27 +0100: Memory Usage (515700K) : Executing rule Seal.m
2026-02-12 10:11:27 +0100: Memory Usage (515700K) : Starting 6.11 MIM table
2026-02-12 10:11:27 +0100: Memory Usage (515700K) : Executing rule MIM.c
2026-02-12 10:11:27 +0100: Memory Usage (515700K) : Executing rule MIM.d
2026-02-12 10:11:27 +0100: Memory Usage (515700K) : Executing rule MIM.gR
2026-02-12 10:11:27 +0100: Memory Usage (515700K) : Starting 7.3 Metal Slits table
2026-02-12 10:11:27 +0100: Memory Usage (515700K) : Executing rule Slt.e1_M1
2026-02-12 10:11:27 +0100: Memory Usage (515700K) : Executing rule Slt.e1_M2
2026-02-12 10:11:27 +0100: Memory Usage (515700K) : Executing rule Slt.e1_M3
2026-02-12 10:11:27 +0100: Memory Usage (515700K) : Executing rule Slt.e1_M4
2026-02-12 10:11:27 +0100: Memory Usage (515700K) : Executing rule Slt.e1_M5
2026-02-12 10:11:27 +0100: Memory Usage (515700K) : Executing rule Slt.e1_TM1
2026-02-12 10:11:27 +0100: Memory Usage (515700K) : Executing rule Slt.e1_TM2
2026-02-12 10:11:27 +0100: Memory Usage (515700K) : Starting 9.1. LBE table
2026-02-12 10:11:27 +0100: Memory Usage (515700K) : Executing rule LBE.a
2026-02-12 10:11:27 +0100: Memory Usage (515700K) : Executing rule LBE.b
2026-02-12 10:11:27 +0100: Memory Usage (515700K) : Executing rule LBE.b1
2026-02-12 10:11:27 +0100: Memory Usage (515700K) : Executing rule LBE.c
2026-02-12 10:11:27 +0100: Memory Usage (515700K) : Executing rule LBE.d
2026-02-12 10:11:27 +0100: Memory Usage (515700K) : Executing rule LBE.h
2026-02-12 10:11:27 +0100: Memory Usage (515700K) : Starting 7.4. PIN table
2026-02-12 10:11:27 +0100: Memory Usage (515700K) : Executing rule Pin.a
2026-02-12 10:11:27 +0100: Memory Usage (515700K) : Executing rule Pin.b
2026-02-12 10:11:27 +0100: Memory Usage (515700K) : Executing rule Pin.e
2026-02-12 10:11:28 +0100: Memory Usage (515700K) : Executing rule Pin.f_M2
2026-02-12 10:11:28 +0100: Memory Usage (515700K) : Executing rule Pin.f_M3
2026-02-12 10:11:28 +0100: Memory Usage (515700K) : Executing rule Pin.f_M4
2026-02-12 10:11:28 +0100: Memory Usage (515700K) : Executing rule Pin.f_M5
2026-02-12 10:11:28 +0100: Memory Usage (515700K) : Executing rule Pin.g
2026-02-12 10:11:28 +0100: Memory Usage (515700K) : Executing rule Pin.h
2026-02-12 10:11:28 +0100: Memory Usage (515700K) : Starting 3.2. FORBIDDEN table
2026-02-12 10:11:28 +0100: Memory Usage (515700K) : Executing rule forbidden.biwind
2026-02-12 10:11:28 +0100: Memory Usage (515700K) : Executing rule forbidden.pemwind
2026-02-12 10:11:28 +0100: Memory Usage (515700K) : Executing rule forbidden.baspoly
2026-02-12 10:11:28 +0100: Memory Usage (515700K) : Executing rule forbidden.deepco
2026-02-12 10:11:28 +0100: Memory Usage (515700K) : Executing rule forbidden.pempoly
2026-02-12 10:11:28 +0100: Memory Usage (515700K) : Executing rule forbidden.empoly
2026-02-12 10:11:28 +0100: Memory Usage (515700K) : Executing rule forbidden.ldmos
2026-02-12 10:11:28 +0100: Memory Usage (515700K) : Executing rule forbidden.pbiwind
2026-02-12 10:11:28 +0100: Memory Usage (515700K) : Executing rule forbidden.nodrc
2026-02-12 10:11:28 +0100: Memory Usage (515700K) : Executing rule forbidden.flash
2026-02-12 10:11:28 +0100: Memory Usage (515700K) : Executing rule forbidden.colwind
2026-02-12 10:11:28 +0100: Memory Usage (515700K) : KLayout DRC run for tables 'main' completed in 50.24 seconds
