cd tb; python3 testbench.py
- V e r i l a t i o n   R e p o r t: Verilator 5.042 2025-11-02 rev v5.040
- Verilator: Built from 0.000 MB sources in 0 modules, into 0.000 MB in 0 C++ files needing 0.000 MB
- Verilator: Walltime 0.001 s (elab=0.000, cvt=0.000, bld=0.000); cpu 0.001 s on 1 threads; alloced 19.445 MB
make[1]: Entering directory '/home/cmaier/EDA/PUDDING/tb/sim_build'
make[1]: Nothing to be done for 'default'.
make[1]: Leaving directory '/home/cmaier/EDA/PUDDING/tb/sim_build'
     -.--ns INFO     gpi                                ..mbed/gpi_embed.cpp:93   in _embed_init_python              Using Python 3.13.9 interpreter at /nix/store/8apdihpaag1032a4dl87pfpii1hkq25w-devshell-dir/bin/python3
     -.--ns INFO     gpi                                ../gpi/GpiCommon.cpp:79   in gpi_print_registered_impl       VPI registered
     0.00ns INFO     cocotb                             Running on Verilator version 5.042 2025-11-02
     0.00ns INFO     cocotb                             Seeding Python random module with 1771789925
     0.00ns INFO     cocotb                             Initialized cocotb v2.0.0 from /nix/store/fj0dwrrnrqqyibzxi4ibd4rc7l3rnmyl-python3-3.13.9-env/lib/python3.13/site-packages/cocotb
     0.00ns INFO     cocotb                             Running tests
     0.00ns INFO     cocotb.regression                  running testbench.heichips25_pudding_smoke_and_random (1/1)
                                                            Shift/transfer correctness + output mapping checks for heichips25_pudding.
     0.00ns WARNING  py.warnings                        /home/cmaier/EDA/PUDDING/tb/testbench.py:69: DeprecationWarning: Use ``cocotb.start_soon`` instead.
                                                          await cocotb.start(clock.start())
133000.00ns WARNING  py.warnings                        /home/cmaier/EDA/PUDDING/tb/testbench.py:63: DeprecationWarning: The 'units' argument has been renamed to 'unit'.
                                                          t = cocotb.utils.get_sim_time(units="us")
133000.00ns ERROR    cocotb.heichips25_pudding          [133.0 us] uo_out mismatch got=0x00 exp=0x01
134000.00ns ERROR    cocotb.heichips25_pudding          [134.0 us] uo_out mismatch got=0x01 exp=0x02
135000.00ns ERROR    cocotb.heichips25_pudding          [135.0 us] uo_out mismatch got=0x02 exp=0x04
136000.00ns ERROR    cocotb.heichips25_pudding          [136.0 us] uo_out mismatch got=0x04 exp=0x08
137000.00ns ERROR    cocotb.heichips25_pudding          [137.0 us] uio_out mismatch got=0x00 exp=0x08
147000.00ns ERROR    cocotb.heichips25_pudding          [147.0 us] uo_out mismatch got=0x98 exp=0x30
148000.00ns ERROR    cocotb.heichips25_pudding          [148.0 us] uo_out mismatch got=0x30 exp=0x08
149000.00ns ERROR    cocotb.heichips25_pudding          [149.0 us] uo_out mismatch got=0x08 exp=0x10
150000.00ns ERROR    cocotb.heichips25_pudding          [150.0 us] uo_out mismatch got=0x10 exp=0x21
153000.00ns ERROR    cocotb.heichips25_pudding          [153.0 us] uo_out mismatch got=0x21 exp=0x42
155000.00ns ERROR    cocotb.heichips25_pudding          [155.0 us] uo_out mismatch got=0x42 exp=0x84
156000.00ns ERROR    cocotb.heichips25_pudding          [156.0 us] uo_out mismatch got=0x84 exp=0x09
157000.00ns ERROR    cocotb.heichips25_pudding          [157.0 us] uo_out mismatch got=0x09 exp=0x08
159000.00ns ERROR    cocotb.heichips25_pudding          [159.0 us] uo_out mismatch got=0x08 exp=0x10
160000.00ns ERROR    cocotb.heichips25_pudding          [160.0 us] uo_out mismatch got=0x10 exp=0x21
161000.00ns ERROR    cocotb.heichips25_pudding          [161.0 us] uo_out mismatch got=0x21 exp=0x42
162000.00ns ERROR    cocotb.heichips25_pudding          [162.0 us] uo_out mismatch got=0x42 exp=0x84
164000.00ns ERROR    cocotb.heichips25_pudding          [164.0 us] uo_out mismatch got=0x84 exp=0x09
165000.00ns ERROR    cocotb.heichips25_pudding          [165.0 us] uo_out mismatch got=0x09 exp=0x08
166000.00ns ERROR    cocotb.heichips25_pudding          [166.0 us] uo_out mismatch got=0x08 exp=0x10
167000.00ns ERROR    cocotb.heichips25_pudding          [167.0 us] uo_out mismatch got=0x10 exp=0x21
168000.00ns ERROR    cocotb.heichips25_pudding          [168.0 us] uo_out mismatch got=0x21 exp=0x42
170000.00ns ERROR    cocotb.heichips25_pudding          [170.0 us] uo_out mismatch got=0x42 exp=0x08
171000.00ns ERROR    cocotb.heichips25_pudding          [171.0 us] uo_out mismatch got=0x08 exp=0x10
172000.00ns ERROR    cocotb.heichips25_pudding          [172.0 us] uo_out mismatch got=0x10 exp=0x08
173000.00ns ERROR    cocotb.heichips25_pudding          [173.0 us] uo_out mismatch got=0x08 exp=0x10
175000.00ns ERROR    cocotb.heichips25_pudding          [175.0 us] uo_out mismatch got=0x10 exp=0x21
176000.00ns ERROR    cocotb.heichips25_pudding          [176.0 us] uo_out mismatch got=0x21 exp=0x42
177000.00ns ERROR    cocotb.heichips25_pudding          [177.0 us] uo_out mismatch got=0x42 exp=0x84
179000.00ns ERROR    cocotb.heichips25_pudding          [179.0 us] uo_out mismatch got=0x84 exp=0x09
180000.00ns ERROR    cocotb.heichips25_pudding          [180.0 us] uo_out mismatch got=0x09 exp=0x13
181000.00ns ERROR    cocotb.heichips25_pudding          [181.0 us] uo_out mismatch got=0x13 exp=0x26
182000.00ns ERROR    cocotb.heichips25_pudding          [182.0 us] uio_out mismatch got=0x08 exp=0x26
184000.00ns ERROR    cocotb.heichips25_pudding          [184.0 us] uo_out mismatch got=0x26 exp=0x4c
185000.00ns ERROR    cocotb.heichips25_pudding          [185.0 us] uo_out mismatch got=0x4c exp=0x98
187000.00ns ERROR    cocotb.heichips25_pudding          [187.0 us] uo_out mismatch got=0x98 exp=0x26
188000.00ns ERROR    cocotb.heichips25_pudding          [188.0 us] uo_out mismatch got=0x26 exp=0x4c
189000.00ns ERROR    cocotb.heichips25_pudding          [189.0 us] uo_out mismatch got=0x4c exp=0x98
190000.00ns ERROR    cocotb.heichips25_pudding          [190.0 us] uo_out mismatch got=0x98 exp=0x26
191000.00ns ERROR    cocotb.heichips25_pudding          [191.0 us] uo_out mismatch got=0x26 exp=0x4c
192000.00ns ERROR    cocotb.heichips25_pudding          [192.0 us] uo_out mismatch got=0x4c exp=0x98
193000.00ns ERROR    cocotb.heichips25_pudding          [193.0 us] uo_out mismatch got=0x98 exp=0x30
196000.00ns ERROR    cocotb.heichips25_pudding          [196.0 us] uo_out mismatch got=0x30 exp=0x61
197000.00ns ERROR    cocotb.heichips25_pudding          [197.0 us] uo_out mismatch got=0x61 exp=0x26
198000.00ns ERROR    cocotb.heichips25_pudding          [198.0 us] uo_out mismatch got=0x26 exp=0x4c
200000.00ns ERROR    cocotb.heichips25_pudding          [200.0 us] uo_out mismatch got=0x4c exp=0x26
201000.00ns ERROR    cocotb.heichips25_pudding          [201.0 us] uo_out mismatch got=0x26 exp=0x4c
203000.00ns ERROR    cocotb.heichips25_pudding          [203.0 us] uo_out mismatch got=0x4c exp=0x98
204000.00ns ERROR    cocotb.heichips25_pudding          [204.0 us] uo_out mismatch got=0x98 exp=0x26
205000.00ns ERROR    cocotb.heichips25_pudding          [205.0 us] uo_out mismatch got=0x26 exp=0x4c
206000.00ns ERROR    cocotb.heichips25_pudding          [206.0 us] uo_out mismatch got=0x4c exp=0x98
207000.00ns ERROR    cocotb.heichips25_pudding          [207.0 us] uo_out mismatch got=0x98 exp=0x30
208000.00ns ERROR    cocotb.heichips25_pudding          [208.0 us] uo_out mismatch got=0x30 exp=0x61
210000.00ns ERROR    cocotb.heichips25_pudding          [210.0 us] uo_out mismatch got=0x61 exp=0xc2
211000.00ns ERROR    cocotb.heichips25_pudding          [211.0 us] uo_out mismatch got=0xc2 exp=0x85
213000.00ns ERROR    cocotb.heichips25_pudding          [213.0 us] uo_out mismatch got=0x85 exp=0x0a
214000.00ns ERROR    cocotb.heichips25_pudding          [214.0 us] uo_out mismatch got=0x0a exp=0x15
215000.00ns ERROR    cocotb.heichips25_pudding          [215.0 us] uo_out mismatch got=0x15 exp=0x2a
216000.00ns ERROR    cocotb.heichips25_pudding          [216.0 us] uo_out mismatch got=0x2a exp=0x54
217000.00ns ERROR    cocotb.heichips25_pudding          [217.0 us] uo_out mismatch got=0x54 exp=0xa9
218000.00ns ERROR    cocotb.heichips25_pudding          [218.0 us] uo_out mismatch got=0xa9 exp=0x53
219000.00ns ERROR    cocotb.heichips25_pudding          [219.0 us] uo_out mismatch got=0x53 exp=0xa6
220000.00ns ERROR    cocotb.heichips25_pudding          [220.0 us] uo_out mismatch got=0xa6 exp=0x4d
221000.00ns ERROR    cocotb.heichips25_pudding          [221.0 us] uo_out mismatch got=0x4d exp=0x9b
222000.00ns ERROR    cocotb.heichips25_pudding          [222.0 us] uo_out mismatch got=0x9b exp=0x26
223000.00ns ERROR    cocotb.heichips25_pudding          [223.0 us] uo_out mismatch got=0x26 exp=0x4c
225000.00ns ERROR    cocotb.heichips25_pudding          [225.0 us] uo_out mismatch got=0x4c exp=0x98
226000.00ns ERROR    cocotb.heichips25_pudding          [226.0 us] uo_out mismatch got=0x98 exp=0x30
227000.00ns ERROR    cocotb.heichips25_pudding          [227.0 us] uo_out mismatch got=0x30 exp=0x61
228000.00ns ERROR    cocotb.heichips25_pudding          [228.0 us] uo_out mismatch got=0x61 exp=0xc2
229000.00ns ERROR    cocotb.heichips25_pudding          [229.0 us] uo_out mismatch got=0xc2 exp=0x85
231000.00ns ERROR    cocotb.heichips25_pudding          [231.0 us] uo_out mismatch got=0x85 exp=0x0a
232000.00ns ERROR    cocotb.heichips25_pudding          [232.0 us] uo_out mismatch got=0x0a exp=0x15
234000.00ns ERROR    cocotb.heichips25_pudding          [234.0 us] uo_out mismatch got=0x15 exp=0x26
235000.00ns ERROR    cocotb.heichips25_pudding          [235.0 us] uo_out mismatch got=0x26 exp=0x4c
236000.00ns ERROR    cocotb.heichips25_pudding          [236.0 us] uo_out mismatch got=0x4c exp=0x98
237000.00ns ERROR    cocotb.heichips25_pudding          [237.0 us] uo_out mismatch got=0x98 exp=0x30
238000.00ns ERROR    cocotb.heichips25_pudding          [238.0 us] uo_out mismatch got=0x30 exp=0x61
239000.00ns ERROR    cocotb.heichips25_pudding          [239.0 us] uo_out mismatch got=0x61 exp=0xc2
242000.00ns ERROR    cocotb.heichips25_pudding          [242.0 us] uo_out mismatch got=0xc2 exp=0x85
244000.00ns ERROR    cocotb.heichips25_pudding          [244.0 us] uo_out mismatch got=0x85 exp=0x0a
245000.00ns ERROR    cocotb.heichips25_pudding          [245.0 us] uo_out mismatch got=0x0a exp=0x15
246000.00ns ERROR    cocotb.heichips25_pudding          [246.0 us] uo_out mismatch got=0x15 exp=0x2a
249000.00ns ERROR    cocotb.heichips25_pudding          [249.0 us] uo_out mismatch got=0x2a exp=0x54
250000.00ns ERROR    cocotb.heichips25_pudding          [250.0 us] uo_out mismatch got=0x54 exp=0xa9
251000.00ns ERROR    cocotb.heichips25_pudding          [251.0 us] uio_out mismatch got=0x26 exp=0xa9
252000.00ns ERROR    cocotb.heichips25_pudding          [252.0 us] uo_out mismatch got=0xa9 exp=0x53
254000.00ns ERROR    cocotb.heichips25_pudding          [254.0 us] uo_out mismatch got=0x53 exp=0xa9
255000.00ns ERROR    cocotb.heichips25_pudding          [255.0 us] uo_out mismatch got=0xa9 exp=0x53
256000.00ns ERROR    cocotb.heichips25_pudding          [256.0 us] uo_out mismatch got=0x53 exp=0xa6
257000.00ns ERROR    cocotb.heichips25_pudding          [257.0 us] uo_out mismatch got=0xa6 exp=0x4d
258000.00ns ERROR    cocotb.heichips25_pudding          [258.0 us] uo_out mismatch got=0x4d exp=0x9b
259000.00ns ERROR    cocotb.heichips25_pudding          [259.0 us] uo_out mismatch got=0x9b exp=0x37
261000.00ns ERROR    cocotb.heichips25_pudding          [261.0 us] uo_out mismatch got=0x37 exp=0x6e
262000.00ns ERROR    cocotb.heichips25_pudding          [262.0 us] uio_out mismatch got=0xa9 exp=0x6e
263000.00ns ERROR    cocotb.heichips25_pudding          [263.0 us] uo_out mismatch got=0x6e exp=0xdc
264000.00ns ERROR    cocotb.heichips25_pudding          [264.0 us] uo_out mismatch got=0xdc exp=0xb8
265000.00ns ERROR    cocotb.heichips25_pudding          [265.0 us] uo_out mismatch got=0xb8 exp=0x70
266000.00ns ERROR    cocotb.heichips25_pudding          [266.0 us] uo_out mismatch got=0x70 exp=0xe1
267000.00ns ERROR    cocotb.heichips25_pudding          [267.0 us] uo_out mismatch got=0xe1 exp=0x6e
268000.00ns ERROR    cocotb.heichips25_pudding          [268.0 us] uo_out mismatch got=0x6e exp=0xdc
269000.00ns ERROR    cocotb.heichips25_pudding          [269.0 us] uo_out mismatch got=0xdc exp=0xb8
270000.00ns ERROR    cocotb.heichips25_pudding          [270.0 us] uo_out mismatch got=0xb8 exp=0x70
271000.00ns ERROR    cocotb.heichips25_pudding          [271.0 us] uio_out mismatch got=0x6e exp=0x70
272000.00ns ERROR    cocotb.heichips25_pudding          [272.0 us] uo_out mismatch got=0x70 exp=0xe1
273000.00ns ERROR    cocotb.heichips25_pudding          [273.0 us] uo_out mismatch got=0xe1 exp=0xc3
274000.00ns ERROR    cocotb.heichips25_pudding          [274.0 us] uo_out mismatch got=0xc3 exp=0x86
275000.00ns ERROR    cocotb.heichips25_pudding          [275.0 us] uo_out mismatch got=0x86 exp=0x0c
276000.00ns ERROR    cocotb.heichips25_pudding          [276.0 us] uo_out mismatch got=0x0c exp=0x19
277000.00ns ERROR    cocotb.heichips25_pudding          [277.0 us] uo_out mismatch got=0x19 exp=0x32
278000.00ns ERROR    cocotb.heichips25_pudding          [278.0 us] uio_out mismatch got=0x70 exp=0x32
279000.00ns ERROR    cocotb.heichips25_pudding          [279.0 us] uo_out mismatch got=0x32 exp=0x65
280000.00ns ERROR    cocotb.heichips25_pudding          [280.0 us] uo_out mismatch got=0x65 exp=0xca
281000.00ns ERROR    cocotb.heichips25_pudding          [281.0 us] uio_out mismatch got=0x32 exp=0xca
283000.00ns ERROR    cocotb.heichips25_pudding          [283.0 us] uo_out mismatch got=0xca exp=0x95
284000.00ns ERROR    cocotb.heichips25_pudding          [284.0 us] uo_out mismatch got=0x95 exp=0x2b
285000.00ns ERROR    cocotb.heichips25_pudding          [285.0 us] uio_out mismatch got=0xca exp=0x2b
286000.00ns ERROR    cocotb.heichips25_pudding          [286.0 us] uo_out mismatch got=0x2b exp=0x57
287000.00ns ERROR    cocotb.heichips25_pudding          [287.0 us] uo_out mismatch got=0x57 exp=0xae
288000.00ns ERROR    cocotb.heichips25_pudding          [288.0 us] uo_out mismatch got=0xae exp=0x5d
289000.00ns ERROR    cocotb.heichips25_pudding          [289.0 us] uo_out mismatch got=0x5d exp=0xba
290000.00ns ERROR    cocotb.heichips25_pudding          [290.0 us] uo_out mismatch got=0xba exp=0x74
292000.00ns ERROR    cocotb.heichips25_pudding          [292.0 us] uo_out mismatch got=0x74 exp=0xe9
293000.00ns ERROR    cocotb.heichips25_pudding          [293.0 us] uo_out mismatch got=0xe9 exp=0x2b
296000.00ns ERROR    cocotb.heichips25_pudding          [296.0 us] uo_out mismatch got=0x2b exp=0x57
297000.00ns ERROR    cocotb.heichips25_pudding          [297.0 us] uo_out mismatch got=0x57 exp=0xae
299000.00ns ERROR    cocotb.heichips25_pudding          [299.0 us] uo_out mismatch got=0xae exp=0x5d
301000.00ns ERROR    cocotb.heichips25_pudding          [301.0 us] uo_out mismatch got=0x5d exp=0xba
302000.00ns ERROR    cocotb.heichips25_pudding          [302.0 us] uo_out mismatch got=0xba exp=0x74
304000.00ns ERROR    cocotb.heichips25_pudding          [304.0 us] uio_out mismatch got=0x2b exp=0x74
305000.00ns ERROR    cocotb.heichips25_pudding          [305.0 us] uo_out mismatch got=0x74 exp=0xe9
306000.00ns ERROR    cocotb.heichips25_pudding          [306.0 us] uo_out mismatch got=0xe9 exp=0xd3
307000.00ns ERROR    cocotb.heichips25_pudding          [307.0 us] uo_out mismatch got=0xd3 exp=0xa7
308000.00ns ERROR    cocotb.heichips25_pudding          [308.0 us] uo_out mismatch got=0xa7 exp=0x4e
309000.00ns ERROR    cocotb.heichips25_pudding          [309.0 us] uo_out mismatch got=0x4e exp=0x9d
310000.00ns ERROR    cocotb.heichips25_pudding          [310.0 us] uo_out mismatch got=0x9d exp=0x3b
311000.00ns ERROR    cocotb.heichips25_pudding          [311.0 us] uo_out mismatch got=0x3b exp=0x76
312000.00ns ERROR    cocotb.heichips25_pudding          [312.0 us] uo_out mismatch got=0x76 exp=0xed
313000.00ns ERROR    cocotb.heichips25_pudding          [313.0 us] uo_out mismatch got=0xed exp=0xdb
315000.00ns ERROR    cocotb.heichips25_pudding          [315.0 us] uo_out mismatch got=0xdb exp=0xb7
316000.00ns ERROR    cocotb.heichips25_pudding          [316.0 us] uo_out mismatch got=0xb7 exp=0x6f
317000.00ns ERROR    cocotb.heichips25_pudding          [317.0 us] uo_out mismatch got=0x6f exp=0xdf
318000.00ns ERROR    cocotb.heichips25_pudding          [318.0 us] uio_out mismatch got=0x74 exp=0xdf
319000.00ns ERROR    cocotb.heichips25_pudding          [319.0 us] uo_out mismatch got=0xdf exp=0xbf
320000.00ns ERROR    cocotb.heichips25_pudding          [320.0 us] uo_out mismatch got=0xbf exp=0x7f
321000.00ns ERROR    cocotb.heichips25_pudding          [321.0 us] uo_out mismatch got=0x7f exp=0xff
326000.00ns ERROR    cocotb.heichips25_pudding          [326.0 us] uo_out mismatch got=0xff exp=0xfe
329000.00ns ERROR    cocotb.heichips25_pudding          [329.0 us] uo_out mismatch got=0xfe exp=0xfd
330000.00ns ERROR    cocotb.heichips25_pudding          [330.0 us] uo_out mismatch got=0xfd exp=0xfb
331000.00ns ERROR    cocotb.heichips25_pudding          [331.0 us] uo_out mismatch got=0xfb exp=0xf7
333000.00ns ERROR    cocotb.heichips25_pudding          [333.0 us] uo_out mismatch got=0xf7 exp=0xef
334000.00ns ERROR    cocotb.heichips25_pudding          [334.0 us] uo_out mismatch got=0xef exp=0xde
335000.00ns ERROR    cocotb.heichips25_pudding          [335.0 us] uo_out mismatch got=0xde exp=0xbd
336000.00ns ERROR    cocotb.heichips25_pudding          [336.0 us] uo_out mismatch got=0xbd exp=0x7b
337000.00ns ERROR    cocotb.heichips25_pudding          [337.0 us] uo_out mismatch got=0x7b exp=0xf6
339000.00ns ERROR    cocotb.heichips25_pudding          [339.0 us] uo_out mismatch got=0xf6 exp=0xec
340000.00ns ERROR    cocotb.heichips25_pudding          [340.0 us] uo_out mismatch got=0xec exp=0xd9
342000.00ns ERROR    cocotb.heichips25_pudding          [342.0 us] uo_out mismatch got=0xd9 exp=0xb3
343000.00ns ERROR    cocotb.heichips25_pudding          [343.0 us] uo_out mismatch got=0xb3 exp=0x67
344000.00ns ERROR    cocotb.heichips25_pudding          [344.0 us] uo_out mismatch got=0x67 exp=0xdf
345000.00ns ERROR    cocotb.heichips25_pudding          [345.0 us] uo_out mismatch got=0xdf exp=0xbf
346000.00ns ERROR    cocotb.heichips25_pudding          [346.0 us] uo_out mismatch got=0xbf exp=0x7f
347000.00ns ERROR    cocotb.heichips25_pudding          [347.0 us] uo_out mismatch got=0x7f exp=0xff
348000.00ns ERROR    cocotb.heichips25_pudding          [348.0 us] uio_out mismatch got=0xdf exp=0xff
353000.00ns ERROR    cocotb.heichips25_pudding          [353.0 us] uo_out mismatch got=0xff exp=0xfe
354000.00ns ERROR    cocotb.heichips25_pudding          [354.0 us] uo_out mismatch got=0xfe exp=0xfd
355000.00ns ERROR    cocotb.heichips25_pudding          [355.0 us] uio_out mismatch got=0xff exp=0xfd
360000.00ns ERROR    cocotb.heichips25_pudding          [360.0 us] uo_out mismatch got=0xfd exp=0xfb
361000.00ns ERROR    cocotb.heichips25_pudding          [361.0 us] uio_out mismatch got=0xfd exp=0xfb
362000.00ns ERROR    cocotb.heichips25_pudding          [362.0 us] uo_out mismatch got=0xfb exp=0xf7
363000.00ns ERROR    cocotb.heichips25_pudding          [363.0 us] uo_out mismatch got=0xf7 exp=0xef
364000.00ns ERROR    cocotb.heichips25_pudding          [364.0 us] uo_out mismatch got=0xef exp=0xde
365000.00ns ERROR    cocotb.heichips25_pudding          [365.0 us] uio_out mismatch got=0xfb exp=0xde
366000.00ns ERROR    cocotb.heichips25_pudding          [366.0 us] uo_out mismatch got=0xde exp=0xbd
367000.00ns ERROR    cocotb.heichips25_pudding          [367.0 us] uo_out mismatch got=0xbd exp=0x7b
368000.00ns ERROR    cocotb.heichips25_pudding          [368.0 us] uo_out mismatch got=0x7b exp=0xf6
369000.00ns ERROR    cocotb.heichips25_pudding          [369.0 us] uo_out mismatch got=0xf6 exp=0xde
373000.00ns ERROR    cocotb.heichips25_pudding          [373.0 us] uo_out mismatch got=0xde exp=0xbd
375000.00ns ERROR    cocotb.heichips25_pudding          [375.0 us] uo_out mismatch got=0xbd exp=0x7b
376000.00ns ERROR    cocotb.heichips25_pudding          [376.0 us] uo_out mismatch got=0x7b exp=0xf6
379000.00ns ERROR    cocotb.heichips25_pudding          [379.0 us] uo_out mismatch got=0xf6 exp=0xec
380000.00ns ERROR    cocotb.heichips25_pudding          [380.0 us] uo_out mismatch got=0xec exp=0xd9
382000.00ns ERROR    cocotb.heichips25_pudding          [382.0 us] uio_out mismatch got=0xde exp=0xd9
390000.00ns ERROR    cocotb.heichips25_pudding          [390.0 us] uo_out mismatch got=0xd9 exp=0xb3
391000.00ns ERROR    cocotb.heichips25_pudding          [391.0 us] uo_out mismatch got=0xb3 exp=0x67
392000.00ns ERROR    cocotb.heichips25_pudding          [392.0 us] uo_out mismatch got=0x67 exp=0xcf
393000.00ns ERROR    cocotb.heichips25_pudding          [393.0 us] uo_out mismatch got=0xcf exp=0x9e
394000.00ns ERROR    cocotb.heichips25_pudding          [394.0 us] uo_out mismatch got=0x9e exp=0x3d
395000.00ns ERROR    cocotb.heichips25_pudding          [395.0 us] uo_out mismatch got=0x3d exp=0x7a
396000.00ns ERROR    cocotb.heichips25_pudding          [396.0 us] uio_out mismatch got=0xd9 exp=0x7a
397000.00ns ERROR    cocotb.heichips25_pudding          [397.0 us] uo_out mismatch got=0x7a exp=0xf5
398000.00ns ERROR    cocotb.heichips25_pudding          [398.0 us] uo_out mismatch got=0xf5 exp=0xea
399000.00ns ERROR    cocotb.heichips25_pudding          [399.0 us] uo_out mismatch got=0xea exp=0xd5
400000.00ns ERROR    cocotb.heichips25_pudding          [400.0 us] uo_out mismatch got=0xd5 exp=0xab
401000.00ns ERROR    cocotb.heichips25_pudding          [401.0 us] uo_out mismatch got=0xab exp=0x56
403000.00ns ERROR    cocotb.heichips25_pudding          [403.0 us] uo_out mismatch got=0x56 exp=0x7a
404000.00ns ERROR    cocotb.heichips25_pudding          [404.0 us] uo_out mismatch got=0x7a exp=0xf5
405000.00ns ERROR    cocotb.heichips25_pudding          [405.0 us] uio_out mismatch got=0x7a exp=0xf5
410000.00ns ERROR    cocotb.heichips25_pudding          [410.0 us] uo_out mismatch got=0xf5 exp=0xea
411000.00ns ERROR    cocotb.heichips25_pudding          [411.0 us] uo_out mismatch got=0xea exp=0xd5
412000.00ns ERROR    cocotb.heichips25_pudding          [412.0 us] uo_out mismatch got=0xd5 exp=0xf5
413000.00ns ERROR    cocotb.heichips25_pudding          [413.0 us] uo_out mismatch got=0xf5 exp=0xea
414000.00ns ERROR    cocotb.heichips25_pudding          [414.0 us] uo_out mismatch got=0xea exp=0xd5
415000.00ns ERROR    cocotb.heichips25_pudding          [415.0 us] uo_out mismatch got=0xd5 exp=0xf5
416000.00ns ERROR    cocotb.heichips25_pudding          [416.0 us] uo_out mismatch got=0xf5 exp=0xea
417000.00ns ERROR    cocotb.heichips25_pudding          [417.0 us] uo_out mismatch got=0xea exp=0xd5
418000.00ns ERROR    cocotb.heichips25_pudding          [418.0 us] uo_out mismatch got=0xd5 exp=0xab
419000.00ns ERROR    cocotb.heichips25_pudding          [419.0 us] uo_out mismatch got=0xab exp=0xf5
420000.00ns ERROR    cocotb.heichips25_pudding          [420.0 us] uo_out mismatch got=0xf5 exp=0xea
421000.00ns ERROR    cocotb.heichips25_pudding          [421.0 us] uo_out mismatch got=0xea exp=0xd5
422000.00ns ERROR    cocotb.heichips25_pudding          [422.0 us] uio_out mismatch got=0xf5 exp=0xd5
423000.00ns ERROR    cocotb.heichips25_pudding          [423.0 us] uo_out mismatch got=0xd5 exp=0xab
424000.00ns ERROR    cocotb.heichips25_pudding          [424.0 us] uo_out mismatch got=0xab exp=0x56
425000.00ns ERROR    cocotb.heichips25_pudding          [425.0 us] uo_out mismatch got=0x56 exp=0xac
426000.00ns ERROR    cocotb.heichips25_pudding          [426.0 us] uo_out mismatch got=0xac exp=0x59
429000.00ns ERROR    cocotb.heichips25_pudding          [429.0 us] uo_out mismatch got=0x59 exp=0xb2
430000.00ns ERROR    cocotb.heichips25_pudding          [430.0 us] uio_out mismatch got=0xd5 exp=0xb2
431000.00ns ERROR    cocotb.heichips25_pudding          [431.0 us] uo_out mismatch got=0xb2 exp=0x64
432000.00ns ERROR    cocotb.heichips25_pudding          [432.0 us] uo_out mismatch got=0x64 exp=0xc8
433000.00ns ERROR    cocotb.heichips25_pudding          [433.0 us] uo_out mismatch got=0xc8 exp=0x91
434000.00ns ERROR    cocotb.heichips25_pudding          [434.0 us] uo_out mismatch got=0x91 exp=0x23
435000.00ns ERROR    cocotb.heichips25_pudding          [435.0 us] uo_out mismatch got=0x23 exp=0x47
437000.00ns ERROR    cocotb.heichips25_pudding          [437.0 us] uio_out mismatch got=0xb2 exp=0x47
441000.00ns ERROR    cocotb.heichips25_pudding          [441.0 us] uo_out mismatch got=0x47 exp=0x8f
442000.00ns ERROR    cocotb.heichips25_pudding          [442.0 us] uo_out mismatch got=0x8f exp=0x47
443000.00ns ERROR    cocotb.heichips25_pudding          [443.0 us] uo_out mismatch got=0x47 exp=0x8f
444000.00ns ERROR    cocotb.heichips25_pudding          [444.0 us] uo_out mismatch got=0x8f exp=0x1e
445000.00ns ERROR    cocotb.heichips25_pudding          [445.0 us] uo_out mismatch got=0x1e exp=0x3c
446000.00ns ERROR    cocotb.heichips25_pudding          [446.0 us] uo_out mismatch got=0x3c exp=0x79
447000.00ns ERROR    cocotb.heichips25_pudding          [447.0 us] uo_out mismatch got=0x79 exp=0xf3
448000.00ns ERROR    cocotb.heichips25_pudding          [448.0 us] uo_out mismatch got=0xf3 exp=0xe6
450000.00ns ERROR    cocotb.heichips25_pudding          [450.0 us] uo_out mismatch got=0xe6 exp=0x47
451000.00ns ERROR    cocotb.heichips25_pudding          [451.0 us] uo_out mismatch got=0x47 exp=0x8f
452000.00ns ERROR    cocotb.heichips25_pudding          [452.0 us] uo_out mismatch got=0x8f exp=0x1e
453000.00ns ERROR    cocotb.heichips25_pudding          [453.0 us] uio_out mismatch got=0x47 exp=0x1e
456000.00ns ERROR    cocotb.heichips25_pudding          [456.0 us] uo_out mismatch got=0x1e exp=0x3c
457000.00ns ERROR    cocotb.heichips25_pudding          [457.0 us] uo_out mismatch got=0x3c exp=0x79
458000.00ns ERROR    cocotb.heichips25_pudding          [458.0 us] uo_out mismatch got=0x79 exp=0xf3
459000.00ns ERROR    cocotb.heichips25_pudding          [459.0 us] uo_out mismatch got=0xf3 exp=0xe6
460000.00ns ERROR    cocotb.heichips25_pudding          [460.0 us] uio_out mismatch got=0x1e exp=0xe6
461000.00ns ERROR    cocotb.heichips25_pudding          [461.0 us] uo_out mismatch got=0xe6 exp=0xcd
462000.00ns ERROR    cocotb.heichips25_pudding          [462.0 us] uo_out mismatch got=0xcd exp=0xe6
464000.00ns ERROR    cocotb.heichips25_pudding          [464.0 us] uo_out mismatch got=0xe6 exp=0xcd
465000.00ns ERROR    cocotb.heichips25_pudding          [465.0 us] uo_out mismatch got=0xcd exp=0x9a
466000.00ns ERROR    cocotb.heichips25_pudding          [466.0 us] uo_out mismatch got=0x9a exp=0x35
467000.00ns ERROR    cocotb.heichips25_pudding          [467.0 us] uo_out mismatch got=0x35 exp=0x6a
468000.00ns ERROR    cocotb.heichips25_pudding          [468.0 us] uio_out mismatch got=0xe6 exp=0x6a
470000.00ns ERROR    cocotb.heichips25_pudding          [470.0 us] uo_out mismatch got=0x6a exp=0xd4
471000.00ns ERROR    cocotb.heichips25_pudding          [471.0 us] uo_out mismatch got=0xd4 exp=0xa8
472000.00ns ERROR    cocotb.heichips25_pudding          [472.0 us] uo_out mismatch got=0xa8 exp=0x6a
475000.00ns ERROR    cocotb.heichips25_pudding          [475.0 us] uo_out mismatch got=0x6a exp=0xd4
476000.00ns ERROR    cocotb.heichips25_pudding          [476.0 us] uo_out mismatch got=0xd4 exp=0xa8
478000.00ns ERROR    cocotb.heichips25_pudding          [478.0 us] uo_out mismatch got=0xa8 exp=0x51
479000.00ns ERROR    cocotb.heichips25_pudding          [479.0 us] uo_out mismatch got=0x51 exp=0xa2
480000.00ns ERROR    cocotb.heichips25_pudding          [480.0 us] uio_out mismatch got=0x6a exp=0xa2
482000.00ns ERROR    cocotb.heichips25_pudding          [482.0 us] uo_out mismatch got=0xa2 exp=0x45
483000.00ns ERROR    cocotb.heichips25_pudding          [483.0 us] uo_out mismatch got=0x45 exp=0x8b
484000.00ns ERROR    cocotb.heichips25_pudding          [484.0 us] uo_out mismatch got=0x8b exp=0x16
486000.00ns ERROR    cocotb.heichips25_pudding          [486.0 us] uio_out mismatch got=0xa2 exp=0x16
487000.00ns ERROR    cocotb.heichips25_pudding          [487.0 us] uo_out mismatch got=0x16 exp=0x2c
488000.00ns ERROR    cocotb.heichips25_pudding          [488.0 us] uio_out mismatch got=0x16 exp=0x2c
490000.00ns ERROR    cocotb.heichips25_pudding          [490.0 us] uo_out mismatch got=0x2c exp=0x58
491000.00ns ERROR    cocotb.heichips25_pudding          [491.0 us] uo_out mismatch got=0x58 exp=0xb1
493000.00ns ERROR    cocotb.heichips25_pudding          [493.0 us] uo_out mismatch got=0xb1 exp=0x62
496000.00ns ERROR    cocotb.heichips25_pudding          [496.0 us] uo_out mismatch got=0x62 exp=0xc4
497000.00ns ERROR    cocotb.heichips25_pudding          [497.0 us] uo_out mismatch got=0xc4 exp=0x89
499000.00ns ERROR    cocotb.heichips25_pudding          [499.0 us] uo_out mismatch got=0x89 exp=0x12
500000.00ns ERROR    cocotb.heichips25_pudding          [500.0 us] uo_out mismatch got=0x12 exp=0x2c
502000.00ns ERROR    cocotb.heichips25_pudding          [502.0 us] uo_out mismatch got=0x2c exp=0x58
505000.00ns ERROR    cocotb.heichips25_pudding          [505.0 us] uo_out mismatch got=0x58 exp=0xb1
506000.00ns ERROR    cocotb.heichips25_pudding          [506.0 us] uo_out mismatch got=0xb1 exp=0x62
507000.00ns ERROR    cocotb.heichips25_pudding          [507.0 us] uo_out mismatch got=0x62 exp=0xc4
508000.00ns ERROR    cocotb.heichips25_pudding          [508.0 us] uo_out mismatch got=0xc4 exp=0x89
509000.00ns ERROR    cocotb.heichips25_pudding          [509.0 us] uo_out mismatch got=0x89 exp=0x12
510000.00ns ERROR    cocotb.heichips25_pudding          [510.0 us] uo_out mismatch got=0x12 exp=0x24
512000.00ns ERROR    cocotb.heichips25_pudding          [512.0 us] uo_out mismatch got=0x24 exp=0x48
513000.00ns ERROR    cocotb.heichips25_pudding          [513.0 us] uio_out mismatch got=0x2c exp=0x48
514000.00ns ERROR    cocotb.heichips25_pudding          [514.0 us] uo_out mismatch got=0x48 exp=0x90
515000.00ns ERROR    cocotb.heichips25_pudding          [515.0 us] uo_out mismatch got=0x90 exp=0x48
516000.00ns ERROR    cocotb.heichips25_pudding          [516.0 us] uo_out mismatch got=0x48 exp=0x90
518000.00ns ERROR    cocotb.heichips25_pudding          [518.0 us] uo_out mismatch got=0x90 exp=0x20
519000.00ns ERROR    cocotb.heichips25_pudding          [519.0 us] uo_out mismatch got=0x20 exp=0x40
520000.00ns ERROR    cocotb.heichips25_pudding          [520.0 us] uo_out mismatch got=0x40 exp=0x80
521000.00ns ERROR    cocotb.heichips25_pudding          [521.0 us] uo_out mismatch got=0x80 exp=0x48
522000.00ns ERROR    cocotb.heichips25_pudding          [522.0 us] uo_out mismatch got=0x48 exp=0x90
524000.00ns ERROR    cocotb.heichips25_pudding          [524.0 us] uo_out mismatch got=0x90 exp=0x48
525000.00ns ERROR    cocotb.heichips25_pudding          [525.0 us] uo_out mismatch got=0x48 exp=0x90
527000.00ns ERROR    cocotb.heichips25_pudding          [527.0 us] uo_out mismatch got=0x90 exp=0x20
528000.00ns ERROR    cocotb.heichips25_pudding          [528.0 us] uo_out mismatch got=0x20 exp=0x40
529000.00ns ERROR    cocotb.heichips25_pudding          [529.0 us] uo_out mismatch got=0x40 exp=0x48
530000.00ns ERROR    cocotb.heichips25_pudding          [530.0 us] uo_out mismatch got=0x48 exp=0x90
531000.00ns ERROR    cocotb.heichips25_pudding          [531.0 us] uio_out mismatch got=0x48 exp=0x90
536000.00ns ERROR    cocotb.heichips25_pudding          [536.0 us] uo_out mismatch got=0x90 exp=0x20
537000.00ns ERROR    cocotb.heichips25_pudding          [537.0 us] uo_out mismatch got=0x20 exp=0x40
539000.00ns ERROR    cocotb.heichips25_pudding          [539.0 us] uo_out mismatch got=0x40 exp=0x80
540000.00ns ERROR    cocotb.heichips25_pudding          [540.0 us] uo_out mismatch got=0x80 exp=0x90
541000.00ns ERROR    cocotb.heichips25_pudding          [541.0 us] uo_out mismatch got=0x90 exp=0x20
542000.00ns ERROR    cocotb.heichips25_pudding          [542.0 us] uo_out mismatch got=0x20 exp=0x40
544000.00ns ERROR    cocotb.heichips25_pudding          [544.0 us] uo_out mismatch got=0x40 exp=0x90
545000.00ns ERROR    cocotb.heichips25_pudding          [545.0 us] uo_out mismatch got=0x90 exp=0x20
546000.00ns ERROR    cocotb.heichips25_pudding          [546.0 us] uo_out mismatch got=0x20 exp=0x90
548000.00ns ERROR    cocotb.heichips25_pudding          [548.0 us] uo_out mismatch got=0x90 exp=0x20
549000.00ns ERROR    cocotb.heichips25_pudding          [549.0 us] uo_out mismatch got=0x20 exp=0x40
552000.00ns ERROR    cocotb.heichips25_pudding          [552.0 us] uo_out mismatch got=0x40 exp=0x80
553000.00ns ERROR    cocotb.heichips25_pudding          [553.0 us] uo_out mismatch got=0x80 exp=0x01
555000.00ns ERROR    cocotb.heichips25_pudding          [555.0 us] uo_out mismatch got=0x01 exp=0x02
556000.00ns ERROR    cocotb.heichips25_pudding          [556.0 us] uo_out mismatch got=0x02 exp=0x05
557000.00ns ERROR    cocotb.heichips25_pudding          [557.0 us] uo_out mismatch got=0x05 exp=0x0b
558000.00ns ERROR    cocotb.heichips25_pudding          [558.0 us] uo_out mismatch got=0x0b exp=0x17
559000.00ns ERROR    cocotb.heichips25_pudding          [559.0 us] uo_out mismatch got=0x17 exp=0x90
560000.00ns ERROR    cocotb.heichips25_pudding          [560.0 us] uo_out mismatch got=0x90 exp=0x20
561000.00ns ERROR    cocotb.heichips25_pudding          [561.0 us] uo_out mismatch got=0x20 exp=0x40
562000.00ns ERROR    cocotb.heichips25_pudding          [562.0 us] uo_out mismatch got=0x40 exp=0x80
563000.00ns ERROR    cocotb.heichips25_pudding          [563.0 us] uo_out mismatch got=0x80 exp=0x01
564000.00ns ERROR    cocotb.heichips25_pudding          [564.0 us] uio_out mismatch got=0x90 exp=0x01
565000.00ns ERROR    cocotb.heichips25_pudding          [565.0 us] uo_out mismatch got=0x01 exp=0x02
566000.00ns ERROR    cocotb.heichips25_pudding          [566.0 us] uio_out mismatch got=0x01 exp=0x02
567000.00ns ERROR    cocotb.heichips25_pudding          [567.0 us] uo_out mismatch got=0x02 exp=0x05
568000.00ns ERROR    cocotb.heichips25_pudding          [568.0 us] uo_out mismatch got=0x05 exp=0x0b
569000.00ns ERROR    cocotb.heichips25_pudding          [569.0 us] uo_out mismatch got=0x0b exp=0x17
570000.00ns ERROR    cocotb.heichips25_pudding          [570.0 us] uo_out mismatch got=0x17 exp=0x2e
572000.00ns ERROR    cocotb.heichips25_pudding          [572.0 us] uo_out mismatch got=0x2e exp=0x5c
573000.00ns ERROR    cocotb.heichips25_pudding          [573.0 us] uo_out mismatch got=0x5c exp=0x02
574000.00ns ERROR    cocotb.heichips25_pudding          [574.0 us] uo_out mismatch got=0x02 exp=0x05
576000.00ns ERROR    cocotb.heichips25_pudding          [576.0 us] uo_out mismatch got=0x05 exp=0x0b
578000.00ns ERROR    cocotb.heichips25_pudding          [578.0 us] uo_out mismatch got=0x0b exp=0x17
579000.00ns ERROR    cocotb.heichips25_pudding          [579.0 us] uo_out mismatch got=0x17 exp=0x2e
580000.00ns ERROR    cocotb.heichips25_pudding          [580.0 us] uo_out mismatch got=0x2e exp=0x5c
581000.00ns ERROR    cocotb.heichips25_pudding          [581.0 us] uo_out mismatch got=0x5c exp=0x02
583000.00ns ERROR    cocotb.heichips25_pudding          [583.0 us] uo_out mismatch got=0x02 exp=0x05
584000.00ns ERROR    cocotb.heichips25_pudding          [584.0 us] uo_out mismatch got=0x05 exp=0x02
586000.00ns ERROR    cocotb.heichips25_pudding          [586.0 us] uo_out mismatch got=0x02 exp=0x05
587000.00ns ERROR    cocotb.heichips25_pudding          [587.0 us] uo_out mismatch got=0x05 exp=0x0b
588000.00ns ERROR    cocotb.heichips25_pudding          [588.0 us] uo_out mismatch got=0x0b exp=0x17
589000.00ns ERROR    cocotb.heichips25_pudding          [589.0 us] uo_out mismatch got=0x17 exp=0x02
590000.00ns ERROR    cocotb.heichips25_pudding          [590.0 us] uo_out mismatch got=0x02 exp=0x05
592000.00ns ERROR    cocotb.heichips25_pudding          [592.0 us] uo_out mismatch got=0x05 exp=0x0b
593000.00ns ERROR    cocotb.heichips25_pudding          [593.0 us] uo_out mismatch got=0x0b exp=0x17
594000.00ns ERROR    cocotb.heichips25_pudding          [594.0 us] uo_out mismatch got=0x17 exp=0x2e
595000.00ns ERROR    cocotb.heichips25_pudding          [595.0 us] uo_out mismatch got=0x2e exp=0x5c
596000.00ns ERROR    cocotb.heichips25_pudding          [596.0 us] uio_out mismatch got=0x02 exp=0x5c
597000.00ns ERROR    cocotb.heichips25_pudding          [597.0 us] uo_out mismatch got=0x5c exp=0xb8
598000.00ns ERROR    cocotb.heichips25_pudding          [598.0 us] uio_out mismatch got=0x5c exp=0xb8
601000.00ns ERROR    cocotb.heichips25_pudding          [601.0 us] uo_out mismatch got=0xb8 exp=0x71
603000.00ns ERROR    cocotb.heichips25_pudding          [603.0 us] uo_out mismatch got=0x71 exp=0xe3
608000.00ns ERROR    cocotb.heichips25_pudding          [608.0 us] uo_out mismatch got=0xe3 exp=0xb8
611000.00ns ERROR    cocotb.heichips25_pudding          [611.0 us] uo_out mismatch got=0xb8 exp=0x71
612000.00ns ERROR    cocotb.heichips25_pudding          [612.0 us] uo_out mismatch got=0x71 exp=0xe3
613000.00ns ERROR    cocotb.heichips25_pudding          [613.0 us] uo_out mismatch got=0xe3 exp=0xc6
615000.00ns ERROR    cocotb.heichips25_pudding          [615.0 us] uio_out mismatch got=0xb8 exp=0xc6
618000.00ns ERROR    cocotb.heichips25_pudding          [618.0 us] uo_out mismatch got=0xc6 exp=0x8c
619000.00ns ERROR    cocotb.heichips25_pudding          [619.0 us] uo_out mismatch got=0x8c exp=0x18
621000.00ns ERROR    cocotb.heichips25_pudding          [621.0 us] uo_out mismatch got=0x18 exp=0xc6
622000.00ns ERROR    cocotb.heichips25_pudding          [622.0 us] uo_out mismatch got=0xc6 exp=0x8c
624000.00ns ERROR    cocotb.heichips25_pudding          [624.0 us] uio_out mismatch got=0xc6 exp=0x8c
628000.00ns ERROR    cocotb.heichips25_pudding          [628.0 us] uo_out mismatch got=0x8c exp=0x18
629000.00ns ERROR    cocotb.heichips25_pudding          [629.0 us] uo_out mismatch got=0x18 exp=0x31
630000.00ns ERROR    cocotb.heichips25_pudding          [630.0 us] uo_out mismatch got=0x31 exp=0x62
632000.00ns ERROR    cocotb.heichips25_pudding          [632.0 us] uo_out mismatch got=0x62 exp=0xc5
636000.00ns ERROR    cocotb.heichips25_pudding          [636.0 us] uo_out mismatch got=0xc5 exp=0x8a
637000.00ns ERROR    cocotb.heichips25_pudding          [637.0 us] uo_out mismatch got=0x8a exp=0x14
638000.00ns ERROR    cocotb.heichips25_pudding          [638.0 us] uo_out mismatch got=0x14 exp=0x8c
640000.00ns ERROR    cocotb.heichips25_pudding          [640.0 us] uo_out mismatch got=0x8c exp=0x18
641000.00ns ERROR    cocotb.heichips25_pudding          [641.0 us] uo_out mismatch got=0x18 exp=0x31
644000.00ns ERROR    cocotb.heichips25_pudding          [644.0 us] uo_out mismatch got=0x31 exp=0x62
646000.00ns ERROR    cocotb.heichips25_pudding          [646.0 us] uo_out mismatch got=0x62 exp=0xc5
647000.00ns ERROR    cocotb.heichips25_pudding          [647.0 us] uo_out mismatch got=0xc5 exp=0x8a
648000.00ns WARNING  ..chips25_pudding_smoke_and_random Test failed with 367 mismatches
                                                        assert 367 == 0
                                                        Traceback (most recent call last):
                                                          File "/home/cmaier/EDA/PUDDING/tb/testbench.py", line 173, in heichips25_pudding_smoke_and_random
                                                            assert errors == 0, f"Test failed with {errors} mismatches"
                                                        AssertionError: Test failed with 367 mismatches
                                                        assert 367 == 0
648000.00ns WARNING  cocotb.regression                  testbench.heichips25_pudding_smoke_and_random failed
648000.00ns INFO     cocotb.regression                  *******************************************************************************************************
                                                        ** TEST                                           STATUS  SIM TIME (ns)  REAL TIME (s)  RATIO (ns/s) **
                                                        *******************************************************************************************************
                                                        ** testbench.heichips25_pudding_smoke_and_random   FAIL      648000.00           0.08    8104476.07  **
                                                        *******************************************************************************************************
                                                        ** TESTS=1 PASS=0 FAIL=1 SKIP=0                              648000.00           0.08    7893234.45  **
                                                        *******************************************************************************************************
- :0: Verilog $finish
