cd tb; python3 testbench.py
- V e r i l a t i o n   R e p o r t: Verilator 5.042 2025-11-02 rev v5.040
- Verilator: Built from 0.086 MB sources in 7 modules, into 0.140 MB in 9 C++ files needing 0.000 MB
- Verilator: Walltime 0.028 s (elab=0.001, cvt=0.017, bld=0.000); cpu 0.028 s on 1 threads; alloced 20.934 MB
make[1]: Entering directory '/home/cmaier/EDA/PUDDING/tb/sim_build'
g++  -I.  -MMD -I/nix/store/wc042p92sfn2pxyv3i8b86008f5j1kyc-verilator-5.042/share/verilator/include -I/nix/store/wc042p92sfn2pxyv3i8b86008f5j1kyc-verilator-5.042/share/verilator/include/vltstd -DVERILATOR=1 -DVM_COVERAGE=0 -DVM_SC=0 -DVM_TIMING=0 -DVM_TRACE=1 -DVM_TRACE_FST=0 -DVM_TRACE_VCD=1 -DVM_TRACE_SAIF=0 -faligned-new -fcf-protection=none -Wno-bool-operation -Wno-int-in-bool-context -Wno-shadow -Wno-sign-compare -Wno-subobject-linkage -Wno-tautological-compare -Wno-uninitialized -Wno-unused-but-set-parameter -Wno-unused-but-set-variable -Wno-unused-parameter -Wno-unused-variable      -Os  -c -o verilator.o /nix/store/yk336mn39lfjiawz9zq4qbgq29vhd694-python3.13-cocotb-2.0.0/lib/python3.13/site-packages/cocotb/share/lib/verilator/verilator.cpp
g++ -Os  -I.  -MMD -I/nix/store/wc042p92sfn2pxyv3i8b86008f5j1kyc-verilator-5.042/share/verilator/include -I/nix/store/wc042p92sfn2pxyv3i8b86008f5j1kyc-verilator-5.042/share/verilator/include/vltstd -DVERILATOR=1 -DVM_COVERAGE=0 -DVM_SC=0 -DVM_TIMING=0 -DVM_TRACE=1 -DVM_TRACE_FST=0 -DVM_TRACE_VCD=1 -DVM_TRACE_SAIF=0 -faligned-new -fcf-protection=none -Wno-bool-operation -Wno-int-in-bool-context -Wno-shadow -Wno-sign-compare -Wno-subobject-linkage -Wno-tautological-compare -Wno-uninitialized -Wno-unused-but-set-parameter -Wno-unused-but-set-variable -Wno-unused-parameter -Wno-unused-variable      -c -o verilated.o /nix/store/wc042p92sfn2pxyv3i8b86008f5j1kyc-verilator-5.042/share/verilator/include/verilated.cpp
g++ -Os  -I.  -MMD -I/nix/store/wc042p92sfn2pxyv3i8b86008f5j1kyc-verilator-5.042/share/verilator/include -I/nix/store/wc042p92sfn2pxyv3i8b86008f5j1kyc-verilator-5.042/share/verilator/include/vltstd -DVERILATOR=1 -DVM_COVERAGE=0 -DVM_SC=0 -DVM_TIMING=0 -DVM_TRACE=1 -DVM_TRACE_FST=0 -DVM_TRACE_VCD=1 -DVM_TRACE_SAIF=0 -faligned-new -fcf-protection=none -Wno-bool-operation -Wno-int-in-bool-context -Wno-shadow -Wno-sign-compare -Wno-subobject-linkage -Wno-tautological-compare -Wno-uninitialized -Wno-unused-but-set-parameter -Wno-unused-but-set-variable -Wno-unused-parameter -Wno-unused-variable      -c -o verilated_dpi.o /nix/store/wc042p92sfn2pxyv3i8b86008f5j1kyc-verilator-5.042/share/verilator/include/verilated_dpi.cpp
g++ -Os  -I.  -MMD -I/nix/store/wc042p92sfn2pxyv3i8b86008f5j1kyc-verilator-5.042/share/verilator/include -I/nix/store/wc042p92sfn2pxyv3i8b86008f5j1kyc-verilator-5.042/share/verilator/include/vltstd -DVERILATOR=1 -DVM_COVERAGE=0 -DVM_SC=0 -DVM_TIMING=0 -DVM_TRACE=1 -DVM_TRACE_FST=0 -DVM_TRACE_VCD=1 -DVM_TRACE_SAIF=0 -faligned-new -fcf-protection=none -Wno-bool-operation -Wno-int-in-bool-context -Wno-shadow -Wno-sign-compare -Wno-subobject-linkage -Wno-tautological-compare -Wno-uninitialized -Wno-unused-but-set-parameter -Wno-unused-but-set-variable -Wno-unused-parameter -Wno-unused-variable      -c -o verilated_vpi.o /nix/store/wc042p92sfn2pxyv3i8b86008f5j1kyc-verilator-5.042/share/verilator/include/verilated_vpi.cpp
g++ -Os  -I.  -MMD -I/nix/store/wc042p92sfn2pxyv3i8b86008f5j1kyc-verilator-5.042/share/verilator/include -I/nix/store/wc042p92sfn2pxyv3i8b86008f5j1kyc-verilator-5.042/share/verilator/include/vltstd -DVERILATOR=1 -DVM_COVERAGE=0 -DVM_SC=0 -DVM_TIMING=0 -DVM_TRACE=1 -DVM_TRACE_FST=0 -DVM_TRACE_VCD=1 -DVM_TRACE_SAIF=0 -faligned-new -fcf-protection=none -Wno-bool-operation -Wno-int-in-bool-context -Wno-shadow -Wno-sign-compare -Wno-subobject-linkage -Wno-tautological-compare -Wno-uninitialized -Wno-unused-but-set-parameter -Wno-unused-but-set-variable -Wno-unused-parameter -Wno-unused-variable      -c -o verilated_vcd_c.o /nix/store/wc042p92sfn2pxyv3i8b86008f5j1kyc-verilator-5.042/share/verilator/include/verilated_vcd_c.cpp
g++ -Os  -I.  -MMD -I/nix/store/wc042p92sfn2pxyv3i8b86008f5j1kyc-verilator-5.042/share/verilator/include -I/nix/store/wc042p92sfn2pxyv3i8b86008f5j1kyc-verilator-5.042/share/verilator/include/vltstd -DVERILATOR=1 -DVM_COVERAGE=0 -DVM_SC=0 -DVM_TIMING=0 -DVM_TRACE=1 -DVM_TRACE_FST=0 -DVM_TRACE_VCD=1 -DVM_TRACE_SAIF=0 -faligned-new -fcf-protection=none -Wno-bool-operation -Wno-int-in-bool-context -Wno-shadow -Wno-sign-compare -Wno-subobject-linkage -Wno-tautological-compare -Wno-uninitialized -Wno-unused-but-set-parameter -Wno-unused-but-set-variable -Wno-unused-parameter -Wno-unused-variable      -c -o verilated_threads.o /nix/store/wc042p92sfn2pxyv3i8b86008f5j1kyc-verilator-5.042/share/verilator/include/verilated_threads.cpp
python3 /nix/store/wc042p92sfn2pxyv3i8b86008f5j1kyc-verilator-5.042/share/verilator/bin/verilator_includer -DVL_INCLUDE_OPT=include Vtop.cpp Vtop___024root__0.cpp Vtop__Dpi.cpp Vtop__Trace__0.cpp Vtop___024root__Slow.cpp Vtop___024root__0__Slow.cpp Vtop__Syms.cpp Vtop__Trace__0__Slow.cpp Vtop__TraceDecls__0__Slow.cpp > Vtop__ALL.cpp
g++ -Os  -I.  -MMD -I/nix/store/wc042p92sfn2pxyv3i8b86008f5j1kyc-verilator-5.042/share/verilator/include -I/nix/store/wc042p92sfn2pxyv3i8b86008f5j1kyc-verilator-5.042/share/verilator/include/vltstd -DVERILATOR=1 -DVM_COVERAGE=0 -DVM_SC=0 -DVM_TIMING=0 -DVM_TRACE=1 -DVM_TRACE_FST=0 -DVM_TRACE_VCD=1 -DVM_TRACE_SAIF=0 -faligned-new -fcf-protection=none -Wno-bool-operation -Wno-int-in-bool-context -Wno-shadow -Wno-sign-compare -Wno-subobject-linkage -Wno-tautological-compare -Wno-uninitialized -Wno-unused-but-set-parameter -Wno-unused-but-set-variable -Wno-unused-parameter -Wno-unused-variable      -c -o Vtop__ALL.o Vtop__ALL.cpp
echo "" > Vtop__ALL.verilator_deplist.tmp
g++    verilator.o verilated.o verilated_dpi.o verilated_vpi.o verilated_vcd_c.o verilated_threads.o Vtop__ALL.a   -Wl,-rpath,/nix/store/yk336mn39lfjiawz9zq4qbgq29vhd694-python3.13-cocotb-2.0.0/lib/python3.13/site-packages/cocotb/libs -L/nix/store/yk336mn39lfjiawz9zq4qbgq29vhd694-python3.13-cocotb-2.0.0/lib/python3.13/site-packages/cocotb/libs -lcocotbvpi_verilator  -pthread -lpthread -latomic   -o heichips25_pudding
rm Vtop__ALL.verilator_deplist.tmp
make[1]: Leaving directory '/home/cmaier/EDA/PUDDING/tb/sim_build'
     -.--ns INFO     gpi                                ..mbed/gpi_embed.cpp:93   in _embed_init_python              Using Python 3.13.9 interpreter at /nix/store/iq9j3v7zr89dwps09kyf70jlcdqivhp7-devshell-dir/bin/python3
     -.--ns INFO     gpi                                ../gpi/GpiCommon.cpp:79   in gpi_print_registered_impl       VPI registered
     0.00ns INFO     cocotb                             Running on Verilator version 5.042 2025-11-02
     0.00ns INFO     cocotb                             Seeding Python random module with 1771626102
     0.00ns INFO     cocotb                             Initialized cocotb v2.0.0 from /nix/store/0kwn3pa8al4np6jss3x11hhh5wp0h27q-python3-3.13.9-env/lib/python3.13/site-packages/cocotb
     0.00ns INFO     cocotb.regression                  pytest not found, install it to enable better AssertionError messages
     0.00ns INFO     cocotb                             Running tests
     0.00ns INFO     cocotb.regression                  running testbench.smoke (1/1)
     0.00ns WARNING  py.warnings                        /home/cmaier/EDA/PUDDING/tb/testbench.py:16: DeprecationWarning: Use ``cocotb.start_soon`` instead.
                                                          await cocotb.start(clock.start())
   210.00ns INFO     cocotb.regression                  testbench.smoke passed
   210.00ns INFO     cocotb.regression                  **************************************************************************************
                                                        ** TEST                          STATUS  SIM TIME (ns)  REAL TIME (s)  RATIO (ns/s) **
                                                        **************************************************************************************
                                                        ** testbench.smoke                PASS         210.00           0.00     121322.84  **
                                                        **************************************************************************************
                                                        ** TESTS=1 PASS=1 FAIL=0 SKIP=0                210.00           0.00      72781.68  **
                                                        **************************************************************************************
- :0: Verilog $finish
