cd tb; GL=1 python3 testbench.py
     -.--ns INFO     gpi                                ..mbed/gpi_embed.cpp:93   in _embed_init_python              Using Python 3.13.9 interpreter at /nix/store/8apdihpaag1032a4dl87pfpii1hkq25w-devshell-dir/bin/python3
     -.--ns INFO     gpi                                ../gpi/GpiCommon.cpp:79   in gpi_print_registered_impl       VPI registered
     0.00ns INFO     cocotb                             Running on Icarus Verilog version 13.0 (devel)
     0.00ns INFO     cocotb                             Seeding Python random module with 1771890340
     0.00ns INFO     cocotb                             Initialized cocotb v2.0.0 from /nix/store/fj0dwrrnrqqyibzxi4ibd4rc7l3rnmyl-python3-3.13.9-env/lib/python3.13/site-packages/cocotb
     0.00ns INFO     cocotb                             Running tests
     0.00ns INFO     cocotb.regression                  running testbench.heichips25_pudding_smoke_and_random (1/1)
                                                            Shift/transfer correctness + output mapping checks for heichips25_pudding.
     0.00ns WARNING  py.warnings                        /home/cmaier/EDA/PUDDING/tb/testbench.py:69: DeprecationWarning: Use ``cocotb.start_soon`` instead.
                                                          await cocotb.start(clock.start())
     0.00ns INFO     cocotb.heichips25_pudding          clk exists=True
     0.00ns INFO     cocotb.heichips25_pudding          rst_n exists=True
     0.00ns INFO     cocotb.heichips25_pudding          ui_in object=LogicArrayObject(heichips25_pudding.ui_in)
     0.00ns INFO     cocotb.heichips25_pudding          ui_in len=8
133000.00ns WARNING  py.warnings                        /home/cmaier/EDA/PUDDING/tb/testbench.py:63: DeprecationWarning: The 'units' argument has been renamed to 'unit'.
                                                          t = cocotb.utils.get_sim_time(units="us")
133000.00ns ERROR    cocotb.heichips25_pudding          [133.0 us] uo_out mismatch got=0x00 exp=0x01
134000.00ns ERROR    cocotb.heichips25_pudding          [134.0 us] uo_out mismatch got=0x01 exp=0x02
135000.00ns ERROR    cocotb.heichips25_pudding          [135.0 us] uo_out mismatch got=0x02 exp=0x04
136000.00ns ERROR    cocotb.heichips25_pudding          [136.0 us] uo_out mismatch got=0x04 exp=0x08
137000.00ns ERROR    cocotb.heichips25_pudding          [137.0 us] uio_out mismatch got=0x00 exp=0x08
147000.00ns ERROR    cocotb.heichips25_pudding          [147.0 us] uo_out mismatch got=0x98 exp=0x30
148000.00ns ERROR    cocotb.heichips25_pudding          [148.0 us] uo_out mismatch got=0x30 exp=0x08
149000.00ns ERROR    cocotb.heichips25_pudding          [149.0 us] uo_out mismatch got=0x08 exp=0x10
150000.00ns ERROR    cocotb.heichips25_pudding          [150.0 us] uo_out mismatch got=0x10 exp=0x21
151000.00ns ERROR    cocotb.heichips25_pudding          [151.0 us] uo_out mismatch got=0x21 exp=0x08
156000.00ns ERROR    cocotb.heichips25_pudding          [156.0 us] uo_out mismatch got=0x08 exp=0x10
157000.00ns ERROR    cocotb.heichips25_pudding          [157.0 us] uo_out mismatch got=0x10 exp=0x21
158000.00ns ERROR    cocotb.heichips25_pudding          [158.0 us] uo_out mismatch got=0x21 exp=0x42
159000.00ns ERROR    cocotb.heichips25_pudding          [159.0 us] uo_out mismatch got=0x42 exp=0x84
160000.00ns ERROR    cocotb.heichips25_pudding          [160.0 us] uo_out mismatch got=0x84 exp=0x09
161000.00ns ERROR    cocotb.heichips25_pudding          [161.0 us] uo_out mismatch got=0x09 exp=0x13
162000.00ns ERROR    cocotb.heichips25_pudding          [162.0 us] uo_out mismatch got=0x13 exp=0x26
163000.00ns ERROR    cocotb.heichips25_pudding          [163.0 us] uo_out mismatch got=0x26 exp=0x4c
165000.00ns ERROR    cocotb.heichips25_pudding          [165.0 us] uo_out mismatch got=0x4c exp=0x98
166000.00ns ERROR    cocotb.heichips25_pudding          [166.0 us] uo_out mismatch got=0x98 exp=0x30
167000.00ns ERROR    cocotb.heichips25_pudding          [167.0 us] uo_out mismatch got=0x30 exp=0x61
169000.00ns ERROR    cocotb.heichips25_pudding          [169.0 us] uo_out mismatch got=0x61 exp=0xc2
171000.00ns ERROR    cocotb.heichips25_pudding          [171.0 us] uo_out mismatch got=0xc2 exp=0x85
173000.00ns ERROR    cocotb.heichips25_pudding          [173.0 us] uo_out mismatch got=0x85 exp=0x0a
174000.00ns ERROR    cocotb.heichips25_pudding          [174.0 us] uo_out mismatch got=0x0a exp=0x15
175000.00ns ERROR    cocotb.heichips25_pudding          [175.0 us] uo_out mismatch got=0x15 exp=0x2a
176000.00ns ERROR    cocotb.heichips25_pudding          [176.0 us] uio_out mismatch got=0x08 exp=0x2a
177000.00ns ERROR    cocotb.heichips25_pudding          [177.0 us] uo_out mismatch got=0x2a exp=0x54
178000.00ns ERROR    cocotb.heichips25_pudding          [178.0 us] uo_out mismatch got=0x54 exp=0xa9
179000.00ns ERROR    cocotb.heichips25_pudding          [179.0 us] uo_out mismatch got=0xa9 exp=0x53
180000.00ns ERROR    cocotb.heichips25_pudding          [180.0 us] uio_out mismatch got=0x2a exp=0x53
181000.00ns ERROR    cocotb.heichips25_pudding          [181.0 us] uo_out mismatch got=0x53 exp=0xa6
182000.00ns ERROR    cocotb.heichips25_pudding          [182.0 us] uio_out mismatch got=0x53 exp=0xa6
183000.00ns ERROR    cocotb.heichips25_pudding          [183.0 us] uo_out mismatch got=0xa6 exp=0x4d
184000.00ns ERROR    cocotb.heichips25_pudding          [184.0 us] uo_out mismatch got=0x4d exp=0xa6
192000.00ns ERROR    cocotb.heichips25_pudding          [192.0 us] uo_out mismatch got=0xa6 exp=0x4d
193000.00ns ERROR    cocotb.heichips25_pudding          [193.0 us] uo_out mismatch got=0x4d exp=0x9b
194000.00ns ERROR    cocotb.heichips25_pudding          [194.0 us] uo_out mismatch got=0x9b exp=0x37
195000.00ns ERROR    cocotb.heichips25_pudding          [195.0 us] uo_out mismatch got=0x37 exp=0x6e
196000.00ns ERROR    cocotb.heichips25_pudding          [196.0 us] uo_out mismatch got=0x6e exp=0xdc
197000.00ns ERROR    cocotb.heichips25_pudding          [197.0 us] uio_out mismatch got=0xa6 exp=0xdc
198000.00ns ERROR    cocotb.heichips25_pudding          [198.0 us] uo_out mismatch got=0xdc exp=0xb8
199000.00ns ERROR    cocotb.heichips25_pudding          [199.0 us] uo_out mismatch got=0xb8 exp=0x70
201000.00ns ERROR    cocotb.heichips25_pudding          [201.0 us] uo_out mismatch got=0x70 exp=0xe1
202000.00ns ERROR    cocotb.heichips25_pudding          [202.0 us] uo_out mismatch got=0xe1 exp=0xc3
203000.00ns ERROR    cocotb.heichips25_pudding          [203.0 us] uo_out mismatch got=0xc3 exp=0x86
204000.00ns ERROR    cocotb.heichips25_pudding          [204.0 us] uio_out mismatch got=0xdc exp=0x86
206000.00ns ERROR    cocotb.heichips25_pudding          [206.0 us] uo_out mismatch got=0x86 exp=0x0c
207000.00ns ERROR    cocotb.heichips25_pudding          [207.0 us] uo_out mismatch got=0x0c exp=0x19
208000.00ns ERROR    cocotb.heichips25_pudding          [208.0 us] uo_out mismatch got=0x19 exp=0x32
209000.00ns ERROR    cocotb.heichips25_pudding          [209.0 us] uo_out mismatch got=0x32 exp=0x65
210000.00ns ERROR    cocotb.heichips25_pudding          [210.0 us] uo_out mismatch got=0x65 exp=0xca
212000.00ns ERROR    cocotb.heichips25_pudding          [212.0 us] uo_out mismatch got=0xca exp=0x95
213000.00ns ERROR    cocotb.heichips25_pudding          [213.0 us] uo_out mismatch got=0x95 exp=0x86
215000.00ns ERROR    cocotb.heichips25_pudding          [215.0 us] uo_out mismatch got=0x86 exp=0x0c
216000.00ns ERROR    cocotb.heichips25_pudding          [216.0 us] uio_out mismatch got=0x86 exp=0x0c
217000.00ns ERROR    cocotb.heichips25_pudding          [217.0 us] uo_out mismatch got=0x0c exp=0x19
218000.00ns ERROR    cocotb.heichips25_pudding          [218.0 us] uo_out mismatch got=0x19 exp=0x32
219000.00ns ERROR    cocotb.heichips25_pudding          [219.0 us] uio_out mismatch got=0x0c exp=0x32
220000.00ns ERROR    cocotb.heichips25_pudding          [220.0 us] uo_out mismatch got=0x32 exp=0x65
221000.00ns ERROR    cocotb.heichips25_pudding          [221.0 us] uio_out mismatch got=0x32 exp=0x65
222000.00ns ERROR    cocotb.heichips25_pudding          [222.0 us] uo_out mismatch got=0x65 exp=0xca
223000.00ns ERROR    cocotb.heichips25_pudding          [223.0 us] uo_out mismatch got=0xca exp=0x65
229000.00ns ERROR    cocotb.heichips25_pudding          [229.0 us] uo_out mismatch got=0x65 exp=0xca
230000.00ns ERROR    cocotb.heichips25_pudding          [230.0 us] uo_out mismatch got=0xca exp=0x65
231000.00ns ERROR    cocotb.heichips25_pudding          [231.0 us] uo_out mismatch got=0x65 exp=0xca
232000.00ns ERROR    cocotb.heichips25_pudding          [232.0 us] uo_out mismatch got=0xca exp=0x95
233000.00ns ERROR    cocotb.heichips25_pudding          [233.0 us] uo_out mismatch got=0x95 exp=0x2b
234000.00ns ERROR    cocotb.heichips25_pudding          [234.0 us] uo_out mismatch got=0x2b exp=0x65
237000.00ns ERROR    cocotb.heichips25_pudding          [237.0 us] uo_out mismatch got=0x65 exp=0xca
238000.00ns ERROR    cocotb.heichips25_pudding          [238.0 us] uio_out mismatch got=0x65 exp=0xca
239000.00ns ERROR    cocotb.heichips25_pudding          [239.0 us] uo_out mismatch got=0xca exp=0x95
240000.00ns ERROR    cocotb.heichips25_pudding          [240.0 us] uo_out mismatch got=0x95 exp=0x2b
241000.00ns ERROR    cocotb.heichips25_pudding          [241.0 us] uo_out mismatch got=0x2b exp=0x57
242000.00ns ERROR    cocotb.heichips25_pudding          [242.0 us] uo_out mismatch got=0x57 exp=0xae
243000.00ns ERROR    cocotb.heichips25_pudding          [243.0 us] uo_out mismatch got=0xae exp=0x5d
244000.00ns ERROR    cocotb.heichips25_pudding          [244.0 us] uo_out mismatch got=0x5d exp=0xba
245000.00ns ERROR    cocotb.heichips25_pudding          [245.0 us] uio_out mismatch got=0xca exp=0xba
246000.00ns ERROR    cocotb.heichips25_pudding          [246.0 us] uo_out mismatch got=0xba exp=0x74
247000.00ns ERROR    cocotb.heichips25_pudding          [247.0 us] uio_out mismatch got=0xba exp=0x74
248000.00ns ERROR    cocotb.heichips25_pudding          [248.0 us] uo_out mismatch got=0x74 exp=0xe9
250000.00ns ERROR    cocotb.heichips25_pudding          [250.0 us] uo_out mismatch got=0xe9 exp=0xd3
251000.00ns ERROR    cocotb.heichips25_pudding          [251.0 us] uo_out mismatch got=0xd3 exp=0xa7
252000.00ns ERROR    cocotb.heichips25_pudding          [252.0 us] uo_out mismatch got=0xa7 exp=0x4e
253000.00ns ERROR    cocotb.heichips25_pudding          [253.0 us] uo_out mismatch got=0x4e exp=0x9d
254000.00ns ERROR    cocotb.heichips25_pudding          [254.0 us] uio_out mismatch got=0x74 exp=0x9d
255000.00ns ERROR    cocotb.heichips25_pudding          [255.0 us] uo_out mismatch got=0x9d exp=0x3b
256000.00ns ERROR    cocotb.heichips25_pudding          [256.0 us] uo_out mismatch got=0x3b exp=0x76
257000.00ns ERROR    cocotb.heichips25_pudding          [257.0 us] uo_out mismatch got=0x76 exp=0xed
259000.00ns ERROR    cocotb.heichips25_pudding          [259.0 us] uo_out mismatch got=0xed exp=0xdb
260000.00ns ERROR    cocotb.heichips25_pudding          [260.0 us] uo_out mismatch got=0xdb exp=0xb7
261000.00ns ERROR    cocotb.heichips25_pudding          [261.0 us] uo_out mismatch got=0xb7 exp=0x9d
263000.00ns ERROR    cocotb.heichips25_pudding          [263.0 us] uo_out mismatch got=0x9d exp=0x3b
264000.00ns ERROR    cocotb.heichips25_pudding          [264.0 us] uo_out mismatch got=0x3b exp=0x9d
265000.00ns ERROR    cocotb.heichips25_pudding          [265.0 us] uo_out mismatch got=0x9d exp=0x3b
266000.00ns ERROR    cocotb.heichips25_pudding          [266.0 us] uo_out mismatch got=0x3b exp=0x76
268000.00ns ERROR    cocotb.heichips25_pudding          [268.0 us] uo_out mismatch got=0x76 exp=0xed
269000.00ns ERROR    cocotb.heichips25_pudding          [269.0 us] uo_out mismatch got=0xed exp=0xdb
270000.00ns ERROR    cocotb.heichips25_pudding          [270.0 us] uio_out mismatch got=0x9d exp=0xdb
271000.00ns ERROR    cocotb.heichips25_pudding          [271.0 us] uo_out mismatch got=0xdb exp=0xb7
273000.00ns ERROR    cocotb.heichips25_pudding          [273.0 us] uo_out mismatch got=0xb7 exp=0xdb
276000.00ns ERROR    cocotb.heichips25_pudding          [276.0 us] uo_out mismatch got=0xdb exp=0xb7
277000.00ns ERROR    cocotb.heichips25_pudding          [277.0 us] uo_out mismatch got=0xb7 exp=0x6f
280000.00ns ERROR    cocotb.heichips25_pudding          [280.0 us] uo_out mismatch got=0x6f exp=0xdf
281000.00ns ERROR    cocotb.heichips25_pudding          [281.0 us] uo_out mismatch got=0xdf exp=0xbf
282000.00ns ERROR    cocotb.heichips25_pudding          [282.0 us] uo_out mismatch got=0xbf exp=0x7f
283000.00ns ERROR    cocotb.heichips25_pudding          [283.0 us] uo_out mismatch got=0x7f exp=0xdb
285000.00ns ERROR    cocotb.heichips25_pudding          [285.0 us] uo_out mismatch got=0xdb exp=0xb7
287000.00ns ERROR    cocotb.heichips25_pudding          [287.0 us] uo_out mismatch got=0xb7 exp=0x6f
288000.00ns ERROR    cocotb.heichips25_pudding          [288.0 us] uo_out mismatch got=0x6f exp=0xdb
290000.00ns ERROR    cocotb.heichips25_pudding          [290.0 us] uo_out mismatch got=0xdb exp=0xb7
292000.00ns ERROR    cocotb.heichips25_pudding          [292.0 us] uio_out mismatch got=0xdb exp=0xb7
293000.00ns ERROR    cocotb.heichips25_pudding          [293.0 us] uo_out mismatch got=0xb7 exp=0x6f
295000.00ns ERROR    cocotb.heichips25_pudding          [295.0 us] uio_out mismatch got=0xb7 exp=0x6f
296000.00ns ERROR    cocotb.heichips25_pudding          [296.0 us] uo_out mismatch got=0x6f exp=0xdf
297000.00ns ERROR    cocotb.heichips25_pudding          [297.0 us] uo_out mismatch got=0xdf exp=0x6f
298000.00ns ERROR    cocotb.heichips25_pudding          [298.0 us] uo_out mismatch got=0x6f exp=0xdf
299000.00ns ERROR    cocotb.heichips25_pudding          [299.0 us] uo_out mismatch got=0xdf exp=0xbf
300000.00ns ERROR    cocotb.heichips25_pudding          [300.0 us] uo_out mismatch got=0xbf exp=0x7f
301000.00ns ERROR    cocotb.heichips25_pudding          [301.0 us] uo_out mismatch got=0x7f exp=0x6f
305000.00ns ERROR    cocotb.heichips25_pudding          [305.0 us] uo_out mismatch got=0x6f exp=0xdf
306000.00ns ERROR    cocotb.heichips25_pudding          [306.0 us] uo_out mismatch got=0xdf exp=0xbf
307000.00ns ERROR    cocotb.heichips25_pudding          [307.0 us] uio_out mismatch got=0x6f exp=0xbf
309000.00ns ERROR    cocotb.heichips25_pudding          [309.0 us] uo_out mismatch got=0xbf exp=0x7f
310000.00ns ERROR    cocotb.heichips25_pudding          [310.0 us] uo_out mismatch got=0x7f exp=0xff
314000.00ns ERROR    cocotb.heichips25_pudding          [314.0 us] uio_out mismatch got=0xbf exp=0xff
315000.00ns ERROR    cocotb.heichips25_pudding          [315.0 us] uo_out mismatch got=0xff exp=0xfe
316000.00ns ERROR    cocotb.heichips25_pudding          [316.0 us] uo_out mismatch got=0xfe exp=0xfd
317000.00ns ERROR    cocotb.heichips25_pudding          [317.0 us] uo_out mismatch got=0xfd exp=0xfb
318000.00ns ERROR    cocotb.heichips25_pudding          [318.0 us] uo_out mismatch got=0xfb exp=0xf7
319000.00ns ERROR    cocotb.heichips25_pudding          [319.0 us] uo_out mismatch got=0xf7 exp=0xef
320000.00ns ERROR    cocotb.heichips25_pudding          [320.0 us] uo_out mismatch got=0xef exp=0xde
323000.00ns ERROR    cocotb.heichips25_pudding          [323.0 us] uio_out mismatch got=0xff exp=0xde
324000.00ns ERROR    cocotb.heichips25_pudding          [324.0 us] uo_out mismatch got=0xde exp=0xbd
325000.00ns ERROR    cocotb.heichips25_pudding          [325.0 us] uo_out mismatch got=0xbd exp=0x7b
326000.00ns ERROR    cocotb.heichips25_pudding          [326.0 us] uo_out mismatch got=0x7b exp=0xf6
327000.00ns ERROR    cocotb.heichips25_pudding          [327.0 us] uio_out mismatch got=0xde exp=0xf6
333000.00ns ERROR    cocotb.heichips25_pudding          [333.0 us] uo_out mismatch got=0xf6 exp=0xec
334000.00ns ERROR    cocotb.heichips25_pudding          [334.0 us] uo_out mismatch got=0xec exp=0xd9
335000.00ns ERROR    cocotb.heichips25_pudding          [335.0 us] uo_out mismatch got=0xd9 exp=0xb3
336000.00ns ERROR    cocotb.heichips25_pudding          [336.0 us] uo_out mismatch got=0xb3 exp=0x67
337000.00ns ERROR    cocotb.heichips25_pudding          [337.0 us] uo_out mismatch got=0x67 exp=0xcf
338000.00ns ERROR    cocotb.heichips25_pudding          [338.0 us] uo_out mismatch got=0xcf exp=0x9e
339000.00ns ERROR    cocotb.heichips25_pudding          [339.0 us] uo_out mismatch got=0x9e exp=0x3d
341000.00ns ERROR    cocotb.heichips25_pudding          [341.0 us] uo_out mismatch got=0x3d exp=0x7a
342000.00ns ERROR    cocotb.heichips25_pudding          [342.0 us] uo_out mismatch got=0x7a exp=0xf5
343000.00ns ERROR    cocotb.heichips25_pudding          [343.0 us] uo_out mismatch got=0xf5 exp=0xea
345000.00ns ERROR    cocotb.heichips25_pudding          [345.0 us] uo_out mismatch got=0xea exp=0xd5
346000.00ns ERROR    cocotb.heichips25_pudding          [346.0 us] uo_out mismatch got=0xd5 exp=0xab
349000.00ns ERROR    cocotb.heichips25_pudding          [349.0 us] uo_out mismatch got=0xab exp=0xf6
350000.00ns ERROR    cocotb.heichips25_pudding          [350.0 us] uo_out mismatch got=0xf6 exp=0xec
353000.00ns ERROR    cocotb.heichips25_pudding          [353.0 us] uo_out mismatch got=0xec exp=0xd9
354000.00ns ERROR    cocotb.heichips25_pudding          [354.0 us] uo_out mismatch got=0xd9 exp=0xb3
355000.00ns ERROR    cocotb.heichips25_pudding          [355.0 us] uo_out mismatch got=0xb3 exp=0x67
356000.00ns ERROR    cocotb.heichips25_pudding          [356.0 us] uo_out mismatch got=0x67 exp=0xcf
357000.00ns ERROR    cocotb.heichips25_pudding          [357.0 us] uo_out mismatch got=0xcf exp=0x9e
358000.00ns ERROR    cocotb.heichips25_pudding          [358.0 us] uo_out mismatch got=0x9e exp=0x3d
359000.00ns ERROR    cocotb.heichips25_pudding          [359.0 us] uo_out mismatch got=0x3d exp=0x7a
360000.00ns ERROR    cocotb.heichips25_pudding          [360.0 us] uio_out mismatch got=0xf6 exp=0x7a
362000.00ns ERROR    cocotb.heichips25_pudding          [362.0 us] uo_out mismatch got=0x7a exp=0xf5
363000.00ns ERROR    cocotb.heichips25_pudding          [363.0 us] uo_out mismatch got=0xf5 exp=0xea
364000.00ns ERROR    cocotb.heichips25_pudding          [364.0 us] uo_out mismatch got=0xea exp=0xd5
365000.00ns ERROR    cocotb.heichips25_pudding          [365.0 us] uo_out mismatch got=0xd5 exp=0xab
366000.00ns ERROR    cocotb.heichips25_pudding          [366.0 us] uo_out mismatch got=0xab exp=0x56
367000.00ns ERROR    cocotb.heichips25_pudding          [367.0 us] uio_out mismatch got=0x7a exp=0x56
368000.00ns ERROR    cocotb.heichips25_pudding          [368.0 us] uo_out mismatch got=0x56 exp=0xac
369000.00ns ERROR    cocotb.heichips25_pudding          [369.0 us] uo_out mismatch got=0xac exp=0x59
372000.00ns ERROR    cocotb.heichips25_pudding          [372.0 us] uo_out mismatch got=0x59 exp=0xb2
374000.00ns ERROR    cocotb.heichips25_pudding          [374.0 us] uo_out mismatch got=0xb2 exp=0x64
375000.00ns ERROR    cocotb.heichips25_pudding          [375.0 us] uo_out mismatch got=0x64 exp=0xc8
376000.00ns ERROR    cocotb.heichips25_pudding          [376.0 us] uio_out mismatch got=0x56 exp=0xc8
378000.00ns ERROR    cocotb.heichips25_pudding          [378.0 us] uo_out mismatch got=0xc8 exp=0x91
379000.00ns ERROR    cocotb.heichips25_pudding          [379.0 us] uo_out mismatch got=0x91 exp=0x23
380000.00ns ERROR    cocotb.heichips25_pudding          [380.0 us] uo_out mismatch got=0x23 exp=0xc8
381000.00ns ERROR    cocotb.heichips25_pudding          [381.0 us] uo_out mismatch got=0xc8 exp=0x91
384000.00ns ERROR    cocotb.heichips25_pudding          [384.0 us] uo_out mismatch got=0x91 exp=0x23
385000.00ns ERROR    cocotb.heichips25_pudding          [385.0 us] uo_out mismatch got=0x23 exp=0x47
386000.00ns ERROR    cocotb.heichips25_pudding          [386.0 us] uo_out mismatch got=0x47 exp=0xc8
387000.00ns ERROR    cocotb.heichips25_pudding          [387.0 us] uo_out mismatch got=0xc8 exp=0x91
388000.00ns ERROR    cocotb.heichips25_pudding          [388.0 us] uo_out mismatch got=0x91 exp=0x23
389000.00ns ERROR    cocotb.heichips25_pudding          [389.0 us] uo_out mismatch got=0x23 exp=0x47
392000.00ns ERROR    cocotb.heichips25_pudding          [392.0 us] uo_out mismatch got=0x47 exp=0x8f
393000.00ns ERROR    cocotb.heichips25_pudding          [393.0 us] uo_out mismatch got=0x8f exp=0x1e
395000.00ns ERROR    cocotb.heichips25_pudding          [395.0 us] uio_out mismatch got=0xc8 exp=0x1e
403000.00ns ERROR    cocotb.heichips25_pudding          [403.0 us] uo_out mismatch got=0x1e exp=0x3c
405000.00ns ERROR    cocotb.heichips25_pudding          [405.0 us] uo_out mismatch got=0x3c exp=0x1e
406000.00ns ERROR    cocotb.heichips25_pudding          [406.0 us] uo_out mismatch got=0x1e exp=0x3c
407000.00ns ERROR    cocotb.heichips25_pudding          [407.0 us] uo_out mismatch got=0x3c exp=0x79
408000.00ns ERROR    cocotb.heichips25_pudding          [408.0 us] uo_out mismatch got=0x79 exp=0xf3
409000.00ns ERROR    cocotb.heichips25_pudding          [409.0 us] uo_out mismatch got=0xf3 exp=0xe6
410000.00ns ERROR    cocotb.heichips25_pudding          [410.0 us] uo_out mismatch got=0xe6 exp=0xcd
411000.00ns ERROR    cocotb.heichips25_pudding          [411.0 us] uio_out mismatch got=0x1e exp=0xcd
412000.00ns ERROR    cocotb.heichips25_pudding          [412.0 us] uo_out mismatch got=0xcd exp=0x9a
413000.00ns ERROR    cocotb.heichips25_pudding          [413.0 us] uo_out mismatch got=0x9a exp=0xcd
415000.00ns ERROR    cocotb.heichips25_pudding          [415.0 us] uo_out mismatch got=0xcd exp=0x9a
417000.00ns ERROR    cocotb.heichips25_pudding          [417.0 us] uo_out mismatch got=0x9a exp=0x35
418000.00ns ERROR    cocotb.heichips25_pudding          [418.0 us] uo_out mismatch got=0x35 exp=0x6a
420000.00ns ERROR    cocotb.heichips25_pudding          [420.0 us] uo_out mismatch got=0x6a exp=0xd4
421000.00ns ERROR    cocotb.heichips25_pudding          [421.0 us] uo_out mismatch got=0xd4 exp=0xa8
422000.00ns ERROR    cocotb.heichips25_pudding          [422.0 us] uo_out mismatch got=0xa8 exp=0x51
423000.00ns ERROR    cocotb.heichips25_pudding          [423.0 us] uo_out mismatch got=0x51 exp=0xcd
424000.00ns ERROR    cocotb.heichips25_pudding          [424.0 us] uo_out mismatch got=0xcd exp=0x9a
425000.00ns ERROR    cocotb.heichips25_pudding          [425.0 us] uo_out mismatch got=0x9a exp=0xcd
427000.00ns ERROR    cocotb.heichips25_pudding          [427.0 us] uo_out mismatch got=0xcd exp=0x9a
428000.00ns ERROR    cocotb.heichips25_pudding          [428.0 us] uo_out mismatch got=0x9a exp=0x35
429000.00ns ERROR    cocotb.heichips25_pudding          [429.0 us] uo_out mismatch got=0x35 exp=0x6a
430000.00ns ERROR    cocotb.heichips25_pudding          [430.0 us] uo_out mismatch got=0x6a exp=0xd4
432000.00ns ERROR    cocotb.heichips25_pudding          [432.0 us] uo_out mismatch got=0xd4 exp=0xa8
434000.00ns ERROR    cocotb.heichips25_pudding          [434.0 us] uo_out mismatch got=0xa8 exp=0x51
435000.00ns ERROR    cocotb.heichips25_pudding          [435.0 us] uo_out mismatch got=0x51 exp=0xcd
436000.00ns ERROR    cocotb.heichips25_pudding          [436.0 us] uo_out mismatch got=0xcd exp=0x9a
439000.00ns ERROR    cocotb.heichips25_pudding          [439.0 us] uo_out mismatch got=0x9a exp=0x35
441000.00ns ERROR    cocotb.heichips25_pudding          [441.0 us] uo_out mismatch got=0x35 exp=0x6a
442000.00ns ERROR    cocotb.heichips25_pudding          [442.0 us] uo_out mismatch got=0x6a exp=0xcd
443000.00ns ERROR    cocotb.heichips25_pudding          [443.0 us] uo_out mismatch got=0xcd exp=0x9a
444000.00ns ERROR    cocotb.heichips25_pudding          [444.0 us] uo_out mismatch got=0x9a exp=0x35
445000.00ns ERROR    cocotb.heichips25_pudding          [445.0 us] uo_out mismatch got=0x35 exp=0x6a
446000.00ns ERROR    cocotb.heichips25_pudding          [446.0 us] uo_out mismatch got=0x6a exp=0xd4
447000.00ns ERROR    cocotb.heichips25_pudding          [447.0 us] uio_out mismatch got=0xcd exp=0xd4
448000.00ns ERROR    cocotb.heichips25_pudding          [448.0 us] uo_out mismatch got=0xd4 exp=0xa8
451000.00ns ERROR    cocotb.heichips25_pudding          [451.0 us] uo_out mismatch got=0xa8 exp=0x51
452000.00ns ERROR    cocotb.heichips25_pudding          [452.0 us] uio_out mismatch got=0xd4 exp=0x51
454000.00ns ERROR    cocotb.heichips25_pudding          [454.0 us] uo_out mismatch got=0x51 exp=0xa2
455000.00ns ERROR    cocotb.heichips25_pudding          [455.0 us] uo_out mismatch got=0xa2 exp=0x45
457000.00ns ERROR    cocotb.heichips25_pudding          [457.0 us] uo_out mismatch got=0x45 exp=0x8b
458000.00ns ERROR    cocotb.heichips25_pudding          [458.0 us] uo_out mismatch got=0x8b exp=0x16
459000.00ns ERROR    cocotb.heichips25_pudding          [459.0 us] uo_out mismatch got=0x16 exp=0x2c
460000.00ns ERROR    cocotb.heichips25_pudding          [460.0 us] uo_out mismatch got=0x2c exp=0x58
461000.00ns ERROR    cocotb.heichips25_pudding          [461.0 us] uo_out mismatch got=0x58 exp=0xb1
462000.00ns ERROR    cocotb.heichips25_pudding          [462.0 us] uo_out mismatch got=0xb1 exp=0x62
463000.00ns ERROR    cocotb.heichips25_pudding          [463.0 us] uio_out mismatch got=0x51 exp=0x62
465000.00ns ERROR    cocotb.heichips25_pudding          [465.0 us] uo_out mismatch got=0x62 exp=0xc4
466000.00ns ERROR    cocotb.heichips25_pudding          [466.0 us] uo_out mismatch got=0xc4 exp=0x89
467000.00ns ERROR    cocotb.heichips25_pudding          [467.0 us] uo_out mismatch got=0x89 exp=0x12
468000.00ns ERROR    cocotb.heichips25_pudding          [468.0 us] uo_out mismatch got=0x12 exp=0x24
469000.00ns ERROR    cocotb.heichips25_pudding          [469.0 us] uo_out mismatch got=0x24 exp=0x62
470000.00ns ERROR    cocotb.heichips25_pudding          [470.0 us] uo_out mismatch got=0x62 exp=0xc4
471000.00ns ERROR    cocotb.heichips25_pudding          [471.0 us] uo_out mismatch got=0xc4 exp=0x89
472000.00ns ERROR    cocotb.heichips25_pudding          [472.0 us] uo_out mismatch got=0x89 exp=0x12
473000.00ns ERROR    cocotb.heichips25_pudding          [473.0 us] uo_out mismatch got=0x12 exp=0x24
474000.00ns ERROR    cocotb.heichips25_pudding          [474.0 us] uo_out mismatch got=0x24 exp=0x48
475000.00ns ERROR    cocotb.heichips25_pudding          [475.0 us] uo_out mismatch got=0x48 exp=0x90
476000.00ns ERROR    cocotb.heichips25_pudding          [476.0 us] uo_out mismatch got=0x90 exp=0x20
477000.00ns ERROR    cocotb.heichips25_pudding          [477.0 us] uo_out mismatch got=0x20 exp=0x40
478000.00ns ERROR    cocotb.heichips25_pudding          [478.0 us] uo_out mismatch got=0x40 exp=0x80
479000.00ns ERROR    cocotb.heichips25_pudding          [479.0 us] uo_out mismatch got=0x80 exp=0x01
480000.00ns ERROR    cocotb.heichips25_pudding          [480.0 us] uo_out mismatch got=0x01 exp=0x02
481000.00ns ERROR    cocotb.heichips25_pudding          [481.0 us] uo_out mismatch got=0x02 exp=0x04
482000.00ns ERROR    cocotb.heichips25_pudding          [482.0 us] uo_out mismatch got=0x04 exp=0x09
483000.00ns ERROR    cocotb.heichips25_pudding          [483.0 us] uo_out mismatch got=0x09 exp=0x13
484000.00ns ERROR    cocotb.heichips25_pudding          [484.0 us] uo_out mismatch got=0x13 exp=0x26
485000.00ns ERROR    cocotb.heichips25_pudding          [485.0 us] uo_out mismatch got=0x26 exp=0x4c
487000.00ns ERROR    cocotb.heichips25_pudding          [487.0 us] uo_out mismatch got=0x4c exp=0x99
488000.00ns ERROR    cocotb.heichips25_pudding          [488.0 us] uo_out mismatch got=0x99 exp=0x33
489000.00ns ERROR    cocotb.heichips25_pudding          [489.0 us] uo_out mismatch got=0x33 exp=0x67
490000.00ns ERROR    cocotb.heichips25_pudding          [490.0 us] uio_out mismatch got=0x62 exp=0x67
492000.00ns ERROR    cocotb.heichips25_pudding          [492.0 us] uo_out mismatch got=0x67 exp=0xce
493000.00ns ERROR    cocotb.heichips25_pudding          [493.0 us] uo_out mismatch got=0xce exp=0x9c
495000.00ns ERROR    cocotb.heichips25_pudding          [495.0 us] uo_out mismatch got=0x9c exp=0x39
496000.00ns ERROR    cocotb.heichips25_pudding          [496.0 us] uo_out mismatch got=0x39 exp=0x73
497000.00ns ERROR    cocotb.heichips25_pudding          [497.0 us] uo_out mismatch got=0x73 exp=0xe7
498000.00ns ERROR    cocotb.heichips25_pudding          [498.0 us] uo_out mismatch got=0xe7 exp=0xcf
499000.00ns ERROR    cocotb.heichips25_pudding          [499.0 us] uo_out mismatch got=0xcf exp=0x9e
500000.00ns ERROR    cocotb.heichips25_pudding          [500.0 us] uo_out mismatch got=0x9e exp=0x3d
502000.00ns ERROR    cocotb.heichips25_pudding          [502.0 us] uo_out mismatch got=0x3d exp=0x7a
503000.00ns ERROR    cocotb.heichips25_pudding          [503.0 us] uio_out mismatch got=0x67 exp=0x7a
505000.00ns ERROR    cocotb.heichips25_pudding          [505.0 us] uo_out mismatch got=0x7a exp=0xf4
506000.00ns ERROR    cocotb.heichips25_pudding          [506.0 us] uo_out mismatch got=0xf4 exp=0xe9
507000.00ns ERROR    cocotb.heichips25_pudding          [507.0 us] uo_out mismatch got=0xe9 exp=0xd2
508000.00ns ERROR    cocotb.heichips25_pudding          [508.0 us] uo_out mismatch got=0xd2 exp=0xa5
509000.00ns ERROR    cocotb.heichips25_pudding          [509.0 us] uo_out mismatch got=0xa5 exp=0x4a
510000.00ns ERROR    cocotb.heichips25_pudding          [510.0 us] uo_out mismatch got=0x4a exp=0x94
511000.00ns ERROR    cocotb.heichips25_pudding          [511.0 us] uo_out mismatch got=0x94 exp=0x28
512000.00ns ERROR    cocotb.heichips25_pudding          [512.0 us] uo_out mismatch got=0x28 exp=0x50
513000.00ns ERROR    cocotb.heichips25_pudding          [513.0 us] uo_out mismatch got=0x50 exp=0xa1
515000.00ns ERROR    cocotb.heichips25_pudding          [515.0 us] uo_out mismatch got=0xa1 exp=0x7a
517000.00ns ERROR    cocotb.heichips25_pudding          [517.0 us] uo_out mismatch got=0x7a exp=0xf4
518000.00ns ERROR    cocotb.heichips25_pudding          [518.0 us] uo_out mismatch got=0xf4 exp=0xe9
519000.00ns ERROR    cocotb.heichips25_pudding          [519.0 us] uo_out mismatch got=0xe9 exp=0xd2
520000.00ns ERROR    cocotb.heichips25_pudding          [520.0 us] uo_out mismatch got=0xd2 exp=0xa5
521000.00ns ERROR    cocotb.heichips25_pudding          [521.0 us] uo_out mismatch got=0xa5 exp=0x4a
522000.00ns ERROR    cocotb.heichips25_pudding          [522.0 us] uo_out mismatch got=0x4a exp=0x94
523000.00ns ERROR    cocotb.heichips25_pudding          [523.0 us] uo_out mismatch got=0x94 exp=0x28
525000.00ns ERROR    cocotb.heichips25_pudding          [525.0 us] uo_out mismatch got=0x28 exp=0x50
526000.00ns ERROR    cocotb.heichips25_pudding          [526.0 us] uo_out mismatch got=0x50 exp=0xa1
527000.00ns ERROR    cocotb.heichips25_pudding          [527.0 us] uo_out mismatch got=0xa1 exp=0x42
528000.00ns ERROR    cocotb.heichips25_pudding          [528.0 us] uo_out mismatch got=0x42 exp=0x84
530000.00ns ERROR    cocotb.heichips25_pudding          [530.0 us] uo_out mismatch got=0x84 exp=0x09
531000.00ns ERROR    cocotb.heichips25_pudding          [531.0 us] uo_out mismatch got=0x09 exp=0x13
532000.00ns ERROR    cocotb.heichips25_pudding          [532.0 us] uo_out mismatch got=0x13 exp=0x26
533000.00ns ERROR    cocotb.heichips25_pudding          [533.0 us] uo_out mismatch got=0x26 exp=0x4d
534000.00ns ERROR    cocotb.heichips25_pudding          [534.0 us] uio_out mismatch got=0x7a exp=0x4d
536000.00ns ERROR    cocotb.heichips25_pudding          [536.0 us] uo_out mismatch got=0x4d exp=0x9b
537000.00ns ERROR    cocotb.heichips25_pudding          [537.0 us] uo_out mismatch got=0x9b exp=0x36
538000.00ns ERROR    cocotb.heichips25_pudding          [538.0 us] uo_out mismatch got=0x36 exp=0x4d
539000.00ns ERROR    cocotb.heichips25_pudding          [539.0 us] uo_out mismatch got=0x4d exp=0x9b
540000.00ns ERROR    cocotb.heichips25_pudding          [540.0 us] uo_out mismatch got=0x9b exp=0x36
541000.00ns ERROR    cocotb.heichips25_pudding          [541.0 us] uo_out mismatch got=0x36 exp=0x6c
543000.00ns ERROR    cocotb.heichips25_pudding          [543.0 us] uio_out mismatch got=0x4d exp=0x6c
545000.00ns ERROR    cocotb.heichips25_pudding          [545.0 us] uo_out mismatch got=0x6c exp=0xd9
546000.00ns ERROR    cocotb.heichips25_pudding          [546.0 us] uo_out mismatch got=0xd9 exp=0xb2
547000.00ns ERROR    cocotb.heichips25_pudding          [547.0 us] uo_out mismatch got=0xb2 exp=0x64
548000.00ns ERROR    cocotb.heichips25_pudding          [548.0 us] uo_out mismatch got=0x64 exp=0xc8
549000.00ns ERROR    cocotb.heichips25_pudding          [549.0 us] uo_out mismatch got=0xc8 exp=0x91
550000.00ns ERROR    cocotb.heichips25_pudding          [550.0 us] uo_out mismatch got=0x91 exp=0x23
551000.00ns ERROR    cocotb.heichips25_pudding          [551.0 us] uo_out mismatch got=0x23 exp=0x47
553000.00ns ERROR    cocotb.heichips25_pudding          [553.0 us] uo_out mismatch got=0x47 exp=0x8e
554000.00ns ERROR    cocotb.heichips25_pudding          [554.0 us] uo_out mismatch got=0x8e exp=0x1d
555000.00ns ERROR    cocotb.heichips25_pudding          [555.0 us] uo_out mismatch got=0x1d exp=0x6c
556000.00ns ERROR    cocotb.heichips25_pudding          [556.0 us] uo_out mismatch got=0x6c exp=0xd9
557000.00ns ERROR    cocotb.heichips25_pudding          [557.0 us] uo_out mismatch got=0xd9 exp=0xb2
558000.00ns ERROR    cocotb.heichips25_pudding          [558.0 us] uo_out mismatch got=0xb2 exp=0x64
559000.00ns ERROR    cocotb.heichips25_pudding          [559.0 us] uo_out mismatch got=0x64 exp=0xc8
560000.00ns ERROR    cocotb.heichips25_pudding          [560.0 us] uo_out mismatch got=0xc8 exp=0x91
561000.00ns ERROR    cocotb.heichips25_pudding          [561.0 us] uio_out mismatch got=0x6c exp=0x91
563000.00ns ERROR    cocotb.heichips25_pudding          [563.0 us] uo_out mismatch got=0x91 exp=0x23
564000.00ns ERROR    cocotb.heichips25_pudding          [564.0 us] uo_out mismatch got=0x23 exp=0x47
565000.00ns ERROR    cocotb.heichips25_pudding          [565.0 us] uo_out mismatch got=0x47 exp=0x8e
566000.00ns ERROR    cocotb.heichips25_pudding          [566.0 us] uo_out mismatch got=0x8e exp=0x1d
567000.00ns ERROR    cocotb.heichips25_pudding          [567.0 us] uo_out mismatch got=0x1d exp=0x3a
568000.00ns ERROR    cocotb.heichips25_pudding          [568.0 us] uo_out mismatch got=0x3a exp=0x75
570000.00ns ERROR    cocotb.heichips25_pudding          [570.0 us] uo_out mismatch got=0x75 exp=0xeb
571000.00ns ERROR    cocotb.heichips25_pudding          [571.0 us] uio_out mismatch got=0x91 exp=0xeb
572000.00ns ERROR    cocotb.heichips25_pudding          [572.0 us] uo_out mismatch got=0xeb exp=0xd7
573000.00ns ERROR    cocotb.heichips25_pudding          [573.0 us] uo_out mismatch got=0xd7 exp=0xae
574000.00ns ERROR    cocotb.heichips25_pudding          [574.0 us] uio_out mismatch got=0xeb exp=0xae
575000.00ns ERROR    cocotb.heichips25_pudding          [575.0 us] uo_out mismatch got=0xae exp=0x5d
576000.00ns ERROR    cocotb.heichips25_pudding          [576.0 us] uo_out mismatch got=0x5d exp=0xae
577000.00ns ERROR    cocotb.heichips25_pudding          [577.0 us] uo_out mismatch got=0xae exp=0x5d
578000.00ns ERROR    cocotb.heichips25_pudding          [578.0 us] uo_out mismatch got=0x5d exp=0xbb
579000.00ns ERROR    cocotb.heichips25_pudding          [579.0 us] uo_out mismatch got=0xbb exp=0x77
580000.00ns ERROR    cocotb.heichips25_pudding          [580.0 us] uo_out mismatch got=0x77 exp=0xef
581000.00ns ERROR    cocotb.heichips25_pudding          [581.0 us] uo_out mismatch got=0xef exp=0xde
582000.00ns ERROR    cocotb.heichips25_pudding          [582.0 us] uo_out mismatch got=0xde exp=0xbc
584000.00ns ERROR    cocotb.heichips25_pudding          [584.0 us] uo_out mismatch got=0xbc exp=0x78
585000.00ns ERROR    cocotb.heichips25_pudding          [585.0 us] uo_out mismatch got=0x78 exp=0xf1
586000.00ns ERROR    cocotb.heichips25_pudding          [586.0 us] uo_out mismatch got=0xf1 exp=0xe3
587000.00ns ERROR    cocotb.heichips25_pudding          [587.0 us] uo_out mismatch got=0xe3 exp=0xae
588000.00ns ERROR    cocotb.heichips25_pudding          [588.0 us] uo_out mismatch got=0xae exp=0x5d
589000.00ns ERROR    cocotb.heichips25_pudding          [589.0 us] uo_out mismatch got=0x5d exp=0xbb
590000.00ns ERROR    cocotb.heichips25_pudding          [590.0 us] uo_out mismatch got=0xbb exp=0x77
591000.00ns ERROR    cocotb.heichips25_pudding          [591.0 us] uo_out mismatch got=0x77 exp=0xae
592000.00ns ERROR    cocotb.heichips25_pudding          [592.0 us] uo_out mismatch got=0xae exp=0x5d
593000.00ns ERROR    cocotb.heichips25_pudding          [593.0 us] uo_out mismatch got=0x5d exp=0xbb
594000.00ns ERROR    cocotb.heichips25_pudding          [594.0 us] uo_out mismatch got=0xbb exp=0x77
595000.00ns ERROR    cocotb.heichips25_pudding          [595.0 us] uo_out mismatch got=0x77 exp=0xef
596000.00ns ERROR    cocotb.heichips25_pudding          [596.0 us] uo_out mismatch got=0xef exp=0xde
597000.00ns ERROR    cocotb.heichips25_pudding          [597.0 us] uo_out mismatch got=0xde exp=0xae
601000.00ns ERROR    cocotb.heichips25_pudding          [601.0 us] uo_out mismatch got=0xae exp=0x5d
603000.00ns ERROR    cocotb.heichips25_pudding          [603.0 us] uio_out mismatch got=0xae exp=0x5d
604000.00ns ERROR    cocotb.heichips25_pudding          [604.0 us] uo_out mismatch got=0x5d exp=0xbb
605000.00ns ERROR    cocotb.heichips25_pudding          [605.0 us] uo_out mismatch got=0xbb exp=0x77
606000.00ns ERROR    cocotb.heichips25_pudding          [606.0 us] uo_out mismatch got=0x77 exp=0xef
609000.00ns ERROR    cocotb.heichips25_pudding          [609.0 us] uo_out mismatch got=0xef exp=0x5d
620000.00ns ERROR    cocotb.heichips25_pudding          [620.0 us] uo_out mismatch got=0x5d exp=0xbb
622000.00ns ERROR    cocotb.heichips25_pudding          [622.0 us] uo_out mismatch got=0xbb exp=0x77
623000.00ns ERROR    cocotb.heichips25_pudding          [623.0 us] uo_out mismatch got=0x77 exp=0x5d
624000.00ns ERROR    cocotb.heichips25_pudding          [624.0 us] uo_out mismatch got=0x5d exp=0xbb
625000.00ns ERROR    cocotb.heichips25_pudding          [625.0 us] uo_out mismatch got=0xbb exp=0x77
627000.00ns ERROR    cocotb.heichips25_pudding          [627.0 us] uo_out mismatch got=0x77 exp=0xef
628000.00ns ERROR    cocotb.heichips25_pudding          [628.0 us] uo_out mismatch got=0xef exp=0xde
629000.00ns ERROR    cocotb.heichips25_pudding          [629.0 us] uo_out mismatch got=0xde exp=0xbc
630000.00ns ERROR    cocotb.heichips25_pudding          [630.0 us] uo_out mismatch got=0xbc exp=0x78
632000.00ns ERROR    cocotb.heichips25_pudding          [632.0 us] uio_out mismatch got=0x5d exp=0x78
633000.00ns ERROR    cocotb.heichips25_pudding          [633.0 us] uo_out mismatch got=0x78 exp=0xf1
634000.00ns ERROR    cocotb.heichips25_pudding          [634.0 us] uo_out mismatch got=0xf1 exp=0xe3
635000.00ns ERROR    cocotb.heichips25_pudding          [635.0 us] uo_out mismatch got=0xe3 exp=0xc6
636000.00ns ERROR    cocotb.heichips25_pudding          [636.0 us] uo_out mismatch got=0xc6 exp=0x8d
637000.00ns ERROR    cocotb.heichips25_pudding          [637.0 us] uo_out mismatch got=0x8d exp=0x78
640000.00ns ERROR    cocotb.heichips25_pudding          [640.0 us] uo_out mismatch got=0x78 exp=0xf1
641000.00ns ERROR    cocotb.heichips25_pudding          [641.0 us] uo_out mismatch got=0xf1 exp=0x78
642000.00ns ERROR    cocotb.heichips25_pudding          [642.0 us] uo_out mismatch got=0x78 exp=0xf1
643000.00ns ERROR    cocotb.heichips25_pudding          [643.0 us] uo_out mismatch got=0xf1 exp=0xe3
644000.00ns ERROR    cocotb.heichips25_pudding          [644.0 us] uio_out mismatch got=0x78 exp=0xe3
645000.00ns ERROR    cocotb.heichips25_pudding          [645.0 us] uo_out mismatch got=0xe3 exp=0xc6
647000.00ns ERROR    cocotb.heichips25_pudding          [647.0 us] uo_out mismatch got=0xc6 exp=0x8d
648000.00ns ERROR    cocotb.heichips25_pudding          [648.0 us] uo_out mismatch got=0x8d exp=0x1b
648000.00ns WARNING  ..chips25_pudding_smoke_and_random Test failed with 377 mismatches
                                                        assert 377 == 0
                                                        Traceback (most recent call last):
                                                          File "/home/cmaier/EDA/PUDDING/tb/testbench.py", line 182, in heichips25_pudding_smoke_and_random
                                                            assert errors == 0, f"Test failed with {errors} mismatches"
                                                        AssertionError: Test failed with 377 mismatches
                                                        assert 377 == 0
648000.00ns WARNING  cocotb.regression                  testbench.heichips25_pudding_smoke_and_random failed
648000.00ns INFO     cocotb.regression                  *******************************************************************************************************
                                                        ** TEST                                           STATUS  SIM TIME (ns)  REAL TIME (s)  RATIO (ns/s) **
                                                        *******************************************************************************************************
                                                        ** testbench.heichips25_pudding_smoke_and_random   FAIL      648000.00           0.57    1143742.72  **
                                                        *******************************************************************************************************
                                                        ** TESTS=1 PASS=0 FAIL=1 SKIP=0                              648000.00           0.57    1138943.14  **
                                                        *******************************************************************************************************
FST info: dumpfile /home/cmaier/EDA/PUDDING/tb/sim_build/heichips25_pudding.fst opened for output.
