cd tb; GL=1 python3 testbench.py
     -.--ns INFO     gpi                                ..mbed/gpi_embed.cpp:93   in _embed_init_python              Using Python 3.13.9 interpreter at /nix/store/8apdihpaag1032a4dl87pfpii1hkq25w-devshell-dir/bin/python3
     -.--ns INFO     gpi                                ../gpi/GpiCommon.cpp:79   in gpi_print_registered_impl       VPI registered
     0.00ns INFO     cocotb                             Running on Icarus Verilog version 13.0 (devel)
     0.00ns INFO     cocotb                             Seeding Python random module with 1771903167
     0.00ns INFO     cocotb                             Initialized cocotb v2.0.0 from /nix/store/fj0dwrrnrqqyibzxi4ibd4rc7l3rnmyl-python3-3.13.9-env/lib/python3.13/site-packages/cocotb
     0.00ns INFO     cocotb                             Running tests
     0.00ns INFO     cocotb.regression                  running testbench.heichips25_pudding_smoke_and_random (1/1)
                                                            Shift/transfer correctness + output mapping checks for heichips25_pudding.
     0.00ns WARNING  py.warnings                        /home/cmaier/EDA/PUDDING/tb/testbench.py:69: DeprecationWarning: Use ``cocotb.start_soon`` instead.
                                                          await cocotb.start(clock.start())
     0.00ns INFO     cocotb.heichips25_pudding          clk exists=True
     0.00ns INFO     cocotb.heichips25_pudding          rst_n exists=True
     0.00ns INFO     cocotb.heichips25_pudding          ui_in object=LogicArrayObject(heichips25_pudding.ui_in)
     0.00ns INFO     cocotb.heichips25_pudding          ui_in len=8
  1400.00ns WARNING  py.warnings                        /home/cmaier/EDA/PUDDING/tb/testbench.py:63: DeprecationWarning: The 'units' argument has been renamed to 'unit'.
                                                          t = cocotb.utils.get_sim_time(units="ns")
  1400.00ns ERROR    cocotb.heichips25_pudding          [1400.0 ns] uo_out mismatch got=0x00 exp=0x01
  1410.00ns ERROR    cocotb.heichips25_pudding          [1410.0 ns] uo_out mismatch got=0x01 exp=0x02
  1420.00ns ERROR    cocotb.heichips25_pudding          [1420.0 ns] uo_out mismatch got=0x02 exp=0x04
  1430.00ns ERROR    cocotb.heichips25_pudding          [1430.0 ns] uo_out mismatch got=0x04 exp=0x08
  1440.00ns ERROR    cocotb.heichips25_pudding          [1440.0 ns] uio_out mismatch got=0x00 exp=0x08
  1540.00ns ERROR    cocotb.heichips25_pudding          [1540.0 ns] uo_out mismatch got=0x98 exp=0x30
  1550.00ns ERROR    cocotb.heichips25_pudding          [1550.0 ns] uo_out mismatch got=0x30 exp=0x08
  1560.00ns ERROR    cocotb.heichips25_pudding          [1560.0 ns] uo_out mismatch got=0x08 exp=0x10
  1570.00ns ERROR    cocotb.heichips25_pudding          [1570.0 ns] uo_out mismatch got=0x10 exp=0x21
  1600.00ns ERROR    cocotb.heichips25_pudding          [1600.0 ns] uo_out mismatch got=0x21 exp=0x42
  1610.00ns ERROR    cocotb.heichips25_pudding          [1610.0 ns] uo_out mismatch got=0x42 exp=0x84
  1620.00ns ERROR    cocotb.heichips25_pudding          [1620.0 ns] uo_out mismatch got=0x84 exp=0x09
  1630.00ns ERROR    cocotb.heichips25_pudding          [1630.0 ns] uo_out mismatch got=0x09 exp=0x13
  1640.00ns ERROR    cocotb.heichips25_pudding          [1640.0 ns] uo_out mismatch got=0x13 exp=0x26
  1650.00ns ERROR    cocotb.heichips25_pudding          [1650.0 ns] uio_out mismatch got=0x08 exp=0x26
  1660.00ns ERROR    cocotb.heichips25_pudding          [1660.0 ns] uo_out mismatch got=0x26 exp=0x4c
  1680.00ns ERROR    cocotb.heichips25_pudding          [1680.0 ns] uo_out mismatch got=0x4c exp=0x98
  1690.00ns ERROR    cocotb.heichips25_pudding          [1690.0 ns] uio_out mismatch got=0x26 exp=0x98
  1710.00ns ERROR    cocotb.heichips25_pudding          [1710.0 ns] uo_out mismatch got=0x98 exp=0x30
  1720.00ns ERROR    cocotb.heichips25_pudding          [1720.0 ns] uo_out mismatch got=0x30 exp=0x61
  1740.00ns ERROR    cocotb.heichips25_pudding          [1740.0 ns] uo_out mismatch got=0x61 exp=0x98
  1760.00ns ERROR    cocotb.heichips25_pudding          [1760.0 ns] uo_out mismatch got=0x98 exp=0x30
  1770.00ns ERROR    cocotb.heichips25_pudding          [1770.0 ns] uo_out mismatch got=0x30 exp=0x61
  1780.00ns ERROR    cocotb.heichips25_pudding          [1780.0 ns] uo_out mismatch got=0x61 exp=0xc2
  1790.00ns ERROR    cocotb.heichips25_pudding          [1790.0 ns] uo_out mismatch got=0xc2 exp=0x85
  1800.00ns ERROR    cocotb.heichips25_pudding          [1800.0 ns] uo_out mismatch got=0x85 exp=0x0a
  1810.00ns ERROR    cocotb.heichips25_pudding          [1810.0 ns] uo_out mismatch got=0x0a exp=0x15
  1820.00ns ERROR    cocotb.heichips25_pudding          [1820.0 ns] uo_out mismatch got=0x15 exp=0x2a
  1830.00ns ERROR    cocotb.heichips25_pudding          [1830.0 ns] uo_out mismatch got=0x2a exp=0x54
  1840.00ns ERROR    cocotb.heichips25_pudding          [1840.0 ns] uo_out mismatch got=0x54 exp=0xa9
  1850.00ns ERROR    cocotb.heichips25_pudding          [1850.0 ns] uo_out mismatch got=0xa9 exp=0x53
  1870.00ns ERROR    cocotb.heichips25_pudding          [1870.0 ns] uo_out mismatch got=0x53 exp=0xa6
  1880.00ns ERROR    cocotb.heichips25_pudding          [1880.0 ns] uo_out mismatch got=0xa6 exp=0x4d
  1890.00ns ERROR    cocotb.heichips25_pudding          [1890.0 ns] uo_out mismatch got=0x4d exp=0x9b
  1900.00ns ERROR    cocotb.heichips25_pudding          [1900.0 ns] uo_out mismatch got=0x9b exp=0x37
  1910.00ns ERROR    cocotb.heichips25_pudding          [1910.0 ns] uo_out mismatch got=0x37 exp=0x6e
  1920.00ns ERROR    cocotb.heichips25_pudding          [1920.0 ns] uo_out mismatch got=0x6e exp=0x98
  1930.00ns ERROR    cocotb.heichips25_pudding          [1930.0 ns] uo_out mismatch got=0x98 exp=0x30
  1940.00ns ERROR    cocotb.heichips25_pudding          [1940.0 ns] uo_out mismatch got=0x30 exp=0x61
  1950.00ns ERROR    cocotb.heichips25_pudding          [1950.0 ns] uio_out mismatch got=0x98 exp=0x61
  1960.00ns ERROR    cocotb.heichips25_pudding          [1960.0 ns] uo_out mismatch got=0x61 exp=0xc2
  1990.00ns ERROR    cocotb.heichips25_pudding          [1990.0 ns] uo_out mismatch got=0xc2 exp=0x85
  2020.00ns ERROR    cocotb.heichips25_pudding          [2020.0 ns] uo_out mismatch got=0x85 exp=0x0a
  2030.00ns ERROR    cocotb.heichips25_pudding          [2030.0 ns] uo_out mismatch got=0x0a exp=0x15
  2040.00ns ERROR    cocotb.heichips25_pudding          [2040.0 ns] uo_out mismatch got=0x15 exp=0x2a
  2060.00ns ERROR    cocotb.heichips25_pudding          [2060.0 ns] uo_out mismatch got=0x2a exp=0x61
  2070.00ns ERROR    cocotb.heichips25_pudding          [2070.0 ns] uo_out mismatch got=0x61 exp=0xc2
  2080.00ns ERROR    cocotb.heichips25_pudding          [2080.0 ns] uo_out mismatch got=0xc2 exp=0x61
  2100.00ns ERROR    cocotb.heichips25_pudding          [2100.0 ns] uo_out mismatch got=0x61 exp=0xc2
  2110.00ns ERROR    cocotb.heichips25_pudding          [2110.0 ns] uio_out mismatch got=0x61 exp=0xc2
  2120.00ns ERROR    cocotb.heichips25_pudding          [2120.0 ns] uo_out mismatch got=0xc2 exp=0x85
  2130.00ns ERROR    cocotb.heichips25_pudding          [2130.0 ns] uo_out mismatch got=0x85 exp=0x0a
  2140.00ns ERROR    cocotb.heichips25_pudding          [2140.0 ns] uo_out mismatch got=0x0a exp=0x15
  2150.00ns ERROR    cocotb.heichips25_pudding          [2150.0 ns] uo_out mismatch got=0x15 exp=0x2a
  2170.00ns ERROR    cocotb.heichips25_pudding          [2170.0 ns] uo_out mismatch got=0x2a exp=0x54
  2180.00ns ERROR    cocotb.heichips25_pudding          [2180.0 ns] uo_out mismatch got=0x54 exp=0xa9
  2190.00ns ERROR    cocotb.heichips25_pudding          [2190.0 ns] uo_out mismatch got=0xa9 exp=0x53
  2200.00ns ERROR    cocotb.heichips25_pudding          [2200.0 ns] uo_out mismatch got=0x53 exp=0xa6
  2210.00ns ERROR    cocotb.heichips25_pudding          [2210.0 ns] uo_out mismatch got=0xa6 exp=0x4d
  2220.00ns ERROR    cocotb.heichips25_pudding          [2220.0 ns] uo_out mismatch got=0x4d exp=0xc2
  2230.00ns ERROR    cocotb.heichips25_pudding          [2230.0 ns] uo_out mismatch got=0xc2 exp=0x85
  2240.00ns ERROR    cocotb.heichips25_pudding          [2240.0 ns] uo_out mismatch got=0x85 exp=0x0a
  2260.00ns ERROR    cocotb.heichips25_pudding          [2260.0 ns] uo_out mismatch got=0x0a exp=0xc2
  2290.00ns ERROR    cocotb.heichips25_pudding          [2290.0 ns] uo_out mismatch got=0xc2 exp=0x85
  2320.00ns ERROR    cocotb.heichips25_pudding          [2320.0 ns] uo_out mismatch got=0x85 exp=0x0a
  2330.00ns ERROR    cocotb.heichips25_pudding          [2330.0 ns] uo_out mismatch got=0x0a exp=0x15
  2340.00ns ERROR    cocotb.heichips25_pudding          [2340.0 ns] uo_out mismatch got=0x15 exp=0xc2
  2360.00ns ERROR    cocotb.heichips25_pudding          [2360.0 ns] uo_out mismatch got=0xc2 exp=0x85
  2370.00ns ERROR    cocotb.heichips25_pudding          [2370.0 ns] uo_out mismatch got=0x85 exp=0x0a
  2380.00ns ERROR    cocotb.heichips25_pudding          [2380.0 ns] uio_out mismatch got=0xc2 exp=0x0a
  2390.00ns ERROR    cocotb.heichips25_pudding          [2390.0 ns] uo_out mismatch got=0x0a exp=0x15
  2400.00ns ERROR    cocotb.heichips25_pudding          [2400.0 ns] uo_out mismatch got=0x15 exp=0x0a
  2420.00ns ERROR    cocotb.heichips25_pudding          [2420.0 ns] uo_out mismatch got=0x0a exp=0x15
  2430.00ns ERROR    cocotb.heichips25_pudding          [2430.0 ns] uo_out mismatch got=0x15 exp=0x2a
  2440.00ns ERROR    cocotb.heichips25_pudding          [2440.0 ns] uo_out mismatch got=0x2a exp=0x54
  2460.00ns ERROR    cocotb.heichips25_pudding          [2460.0 ns] uo_out mismatch got=0x54 exp=0xa9
  2470.00ns ERROR    cocotb.heichips25_pudding          [2470.0 ns] uo_out mismatch got=0xa9 exp=0x53
  2480.00ns ERROR    cocotb.heichips25_pudding          [2480.0 ns] uo_out mismatch got=0x53 exp=0xa6
  2490.00ns ERROR    cocotb.heichips25_pudding          [2490.0 ns] uo_out mismatch got=0xa6 exp=0x4d
  2500.00ns ERROR    cocotb.heichips25_pudding          [2500.0 ns] uo_out mismatch got=0x4d exp=0x9b
  2510.00ns ERROR    cocotb.heichips25_pudding          [2510.0 ns] uo_out mismatch got=0x9b exp=0x37
  2520.00ns ERROR    cocotb.heichips25_pudding          [2520.0 ns] uo_out mismatch got=0x37 exp=0x6e
  2530.00ns ERROR    cocotb.heichips25_pudding          [2530.0 ns] uo_out mismatch got=0x6e exp=0xdc
  2550.00ns ERROR    cocotb.heichips25_pudding          [2550.0 ns] uo_out mismatch got=0xdc exp=0xb8
  2560.00ns ERROR    cocotb.heichips25_pudding          [2560.0 ns] uo_out mismatch got=0xb8 exp=0x70
  2570.00ns ERROR    cocotb.heichips25_pudding          [2570.0 ns] uo_out mismatch got=0x70 exp=0xe1
  2580.00ns ERROR    cocotb.heichips25_pudding          [2580.0 ns] uo_out mismatch got=0xe1 exp=0xc3
  2610.00ns ERROR    cocotb.heichips25_pudding          [2610.0 ns] uo_out mismatch got=0xc3 exp=0x86
  2640.00ns ERROR    cocotb.heichips25_pudding          [2640.0 ns] uo_out mismatch got=0x86 exp=0x0c
  2650.00ns ERROR    cocotb.heichips25_pudding          [2650.0 ns] uo_out mismatch got=0x0c exp=0x19
  2660.00ns ERROR    cocotb.heichips25_pudding          [2660.0 ns] uo_out mismatch got=0x19 exp=0x0a
  2670.00ns ERROR    cocotb.heichips25_pudding          [2670.0 ns] uo_out mismatch got=0x0a exp=0x15
  2680.00ns ERROR    cocotb.heichips25_pudding          [2680.0 ns] uo_out mismatch got=0x15 exp=0x2a
  2690.00ns ERROR    cocotb.heichips25_pudding          [2690.0 ns] uo_out mismatch got=0x2a exp=0x0a
  2710.00ns ERROR    cocotb.heichips25_pudding          [2710.0 ns] uo_out mismatch got=0x0a exp=0x15
  2730.00ns ERROR    cocotb.heichips25_pudding          [2730.0 ns] uo_out mismatch got=0x15 exp=0x0a
  2780.00ns ERROR    cocotb.heichips25_pudding          [2780.0 ns] uo_out mismatch got=0x0a exp=0x15
  2790.00ns ERROR    cocotb.heichips25_pudding          [2790.0 ns] uo_out mismatch got=0x15 exp=0x2a
  2810.00ns ERROR    cocotb.heichips25_pudding          [2810.0 ns] uo_out mismatch got=0x2a exp=0x54
  2820.00ns ERROR    cocotb.heichips25_pudding          [2820.0 ns] uio_out mismatch got=0x0a exp=0x54
  2850.00ns ERROR    cocotb.heichips25_pudding          [2850.0 ns] uo_out mismatch got=0x54 exp=0xa9
  2860.00ns ERROR    cocotb.heichips25_pudding          [2860.0 ns] uo_out mismatch got=0xa9 exp=0x54
  2870.00ns ERROR    cocotb.heichips25_pudding          [2870.0 ns] uo_out mismatch got=0x54 exp=0xa9
  2920.00ns ERROR    cocotb.heichips25_pudding          [2920.0 ns] uo_out mismatch got=0xa9 exp=0x53
  2950.00ns ERROR    cocotb.heichips25_pudding          [2950.0 ns] uo_out mismatch got=0x53 exp=0xa6
  2960.00ns ERROR    cocotb.heichips25_pudding          [2960.0 ns] uo_out mismatch got=0xa6 exp=0x4d
  2970.00ns ERROR    cocotb.heichips25_pudding          [2970.0 ns] uo_out mismatch got=0x4d exp=0x9b
  2980.00ns ERROR    cocotb.heichips25_pudding          [2980.0 ns] uio_out mismatch got=0x54 exp=0x9b
  3000.00ns ERROR    cocotb.heichips25_pudding          [3000.0 ns] uo_out mismatch got=0x9b exp=0x37
  3010.00ns ERROR    cocotb.heichips25_pudding          [3010.0 ns] uo_out mismatch got=0x37 exp=0x6e
  3030.00ns ERROR    cocotb.heichips25_pudding          [3030.0 ns] uo_out mismatch got=0x6e exp=0xdc
  3040.00ns ERROR    cocotb.heichips25_pudding          [3040.0 ns] uo_out mismatch got=0xdc exp=0xb8
  3050.00ns ERROR    cocotb.heichips25_pudding          [3050.0 ns] uo_out mismatch got=0xb8 exp=0x70
  3060.00ns ERROR    cocotb.heichips25_pudding          [3060.0 ns] uio_out mismatch got=0x9b exp=0x70
  3070.00ns ERROR    cocotb.heichips25_pudding          [3070.0 ns] uo_out mismatch got=0x70 exp=0xe1
  3080.00ns ERROR    cocotb.heichips25_pudding          [3080.0 ns] uio_out mismatch got=0x70 exp=0xe1
  3100.00ns ERROR    cocotb.heichips25_pudding          [3100.0 ns] uo_out mismatch got=0xe1 exp=0xc3
  3110.00ns ERROR    cocotb.heichips25_pudding          [3110.0 ns] uo_out mismatch got=0xc3 exp=0x86
  3120.00ns ERROR    cocotb.heichips25_pudding          [3120.0 ns] uo_out mismatch got=0x86 exp=0x0c
  3130.00ns ERROR    cocotb.heichips25_pudding          [3130.0 ns] uo_out mismatch got=0x0c exp=0x19
  3160.00ns ERROR    cocotb.heichips25_pudding          [3160.0 ns] uo_out mismatch got=0x19 exp=0x32
  3170.00ns ERROR    cocotb.heichips25_pudding          [3170.0 ns] uo_out mismatch got=0x32 exp=0x65
  3180.00ns ERROR    cocotb.heichips25_pudding          [3180.0 ns] uo_out mismatch got=0x65 exp=0xca
  3200.00ns ERROR    cocotb.heichips25_pudding          [3200.0 ns] uo_out mismatch got=0xca exp=0xe1
  3210.00ns ERROR    cocotb.heichips25_pudding          [3210.0 ns] uo_out mismatch got=0xe1 exp=0xc3
  3220.00ns ERROR    cocotb.heichips25_pudding          [3220.0 ns] uo_out mismatch got=0xc3 exp=0x86
  3230.00ns ERROR    cocotb.heichips25_pudding          [3230.0 ns] uo_out mismatch got=0x86 exp=0x0c
  3240.00ns ERROR    cocotb.heichips25_pudding          [3240.0 ns] uo_out mismatch got=0x0c exp=0x19
  3260.00ns ERROR    cocotb.heichips25_pudding          [3260.0 ns] uo_out mismatch got=0x19 exp=0x32
  3290.00ns ERROR    cocotb.heichips25_pudding          [3290.0 ns] uo_out mismatch got=0x32 exp=0x65
  3300.00ns ERROR    cocotb.heichips25_pudding          [3300.0 ns] uo_out mismatch got=0x65 exp=0xca
  3310.00ns ERROR    cocotb.heichips25_pudding          [3310.0 ns] uo_out mismatch got=0xca exp=0xe1
  3320.00ns ERROR    cocotb.heichips25_pudding          [3320.0 ns] uo_out mismatch got=0xe1 exp=0xc3
  3330.00ns ERROR    cocotb.heichips25_pudding          [3330.0 ns] uo_out mismatch got=0xc3 exp=0x86
  3340.00ns ERROR    cocotb.heichips25_pudding          [3340.0 ns] uo_out mismatch got=0x86 exp=0xe1
  3350.00ns ERROR    cocotb.heichips25_pudding          [3350.0 ns] uo_out mismatch got=0xe1 exp=0xc3
  3360.00ns ERROR    cocotb.heichips25_pudding          [3360.0 ns] uo_out mismatch got=0xc3 exp=0x86
  3370.00ns ERROR    cocotb.heichips25_pudding          [3370.0 ns] uo_out mismatch got=0x86 exp=0xe1
  3390.00ns ERROR    cocotb.heichips25_pudding          [3390.0 ns] uo_out mismatch got=0xe1 exp=0xc3
  3400.00ns ERROR    cocotb.heichips25_pudding          [3400.0 ns] uo_out mismatch got=0xc3 exp=0x86
  3410.00ns ERROR    cocotb.heichips25_pudding          [3410.0 ns] uo_out mismatch got=0x86 exp=0x0c
  3420.00ns ERROR    cocotb.heichips25_pudding          [3420.0 ns] uo_out mismatch got=0x0c exp=0x19
  3430.00ns ERROR    cocotb.heichips25_pudding          [3430.0 ns] uio_out mismatch got=0xe1 exp=0x19
  3440.00ns ERROR    cocotb.heichips25_pudding          [3440.0 ns] uo_out mismatch got=0x19 exp=0x32
  3450.00ns ERROR    cocotb.heichips25_pudding          [3450.0 ns] uo_out mismatch got=0x32 exp=0x65
  3470.00ns ERROR    cocotb.heichips25_pudding          [3470.0 ns] uio_out mismatch got=0x19 exp=0x65
  3480.00ns ERROR    cocotb.heichips25_pudding          [3480.0 ns] uo_out mismatch got=0x65 exp=0xca
  3490.00ns ERROR    cocotb.heichips25_pudding          [3490.0 ns] uo_out mismatch got=0xca exp=0x95
  3500.00ns ERROR    cocotb.heichips25_pudding          [3500.0 ns] uio_out mismatch got=0x65 exp=0x95
  3510.00ns ERROR    cocotb.heichips25_pudding          [3510.0 ns] uo_out mismatch got=0x95 exp=0x2b
  3520.00ns ERROR    cocotb.heichips25_pudding          [3520.0 ns] uo_out mismatch got=0x2b exp=0x57
  3540.00ns ERROR    cocotb.heichips25_pudding          [3540.0 ns] uo_out mismatch got=0x57 exp=0xae
  3560.00ns ERROR    cocotb.heichips25_pudding          [3560.0 ns] uo_out mismatch got=0xae exp=0x5d
  3570.00ns ERROR    cocotb.heichips25_pudding          [3570.0 ns] uo_out mismatch got=0x5d exp=0xba
  3580.00ns ERROR    cocotb.heichips25_pudding          [3580.0 ns] uo_out mismatch got=0xba exp=0x95
  3590.00ns ERROR    cocotb.heichips25_pudding          [3590.0 ns] uo_out mismatch got=0x95 exp=0x2b
  3600.00ns ERROR    cocotb.heichips25_pudding          [3600.0 ns] uo_out mismatch got=0x2b exp=0x57
  3610.00ns ERROR    cocotb.heichips25_pudding          [3610.0 ns] uo_out mismatch got=0x57 exp=0xae
  3620.00ns ERROR    cocotb.heichips25_pudding          [3620.0 ns] uo_out mismatch got=0xae exp=0x5d
  3630.00ns ERROR    cocotb.heichips25_pudding          [3630.0 ns] uio_out mismatch got=0x95 exp=0x5d
  3640.00ns ERROR    cocotb.heichips25_pudding          [3640.0 ns] uo_out mismatch got=0x5d exp=0xba
  3650.00ns ERROR    cocotb.heichips25_pudding          [3650.0 ns] uo_out mismatch got=0xba exp=0x74
  3670.00ns ERROR    cocotb.heichips25_pudding          [3670.0 ns] uo_out mismatch got=0x74 exp=0xe9
  3690.00ns ERROR    cocotb.heichips25_pudding          [3690.0 ns] uo_out mismatch got=0xe9 exp=0xd3
  3700.00ns ERROR    cocotb.heichips25_pudding          [3700.0 ns] uo_out mismatch got=0xd3 exp=0xa7
  3710.00ns ERROR    cocotb.heichips25_pudding          [3710.0 ns] uo_out mismatch got=0xa7 exp=0x4e
  3720.00ns ERROR    cocotb.heichips25_pudding          [3720.0 ns] uo_out mismatch got=0x4e exp=0x9d
  3730.00ns ERROR    cocotb.heichips25_pudding          [3730.0 ns] uo_out mismatch got=0x9d exp=0x3b
  3750.00ns ERROR    cocotb.heichips25_pudding          [3750.0 ns] uio_out mismatch got=0x5d exp=0x3b
  3760.00ns ERROR    cocotb.heichips25_pudding          [3760.0 ns] uo_out mismatch got=0x3b exp=0x76
  3770.00ns ERROR    cocotb.heichips25_pudding          [3770.0 ns] uo_out mismatch got=0x76 exp=0xed
  3780.00ns ERROR    cocotb.heichips25_pudding          [3780.0 ns] uo_out mismatch got=0xed exp=0xdb
  3800.00ns ERROR    cocotb.heichips25_pudding          [3800.0 ns] uo_out mismatch got=0xdb exp=0xb7
  3810.00ns ERROR    cocotb.heichips25_pudding          [3810.0 ns] uio_out mismatch got=0x3b exp=0xb7
  3850.00ns ERROR    cocotb.heichips25_pudding          [3850.0 ns] uo_out mismatch got=0xb7 exp=0x6f
  3860.00ns ERROR    cocotb.heichips25_pudding          [3860.0 ns] uo_out mismatch got=0x6f exp=0xdf
  3870.00ns ERROR    cocotb.heichips25_pudding          [3870.0 ns] uo_out mismatch got=0xdf exp=0xb7
  3880.00ns ERROR    cocotb.heichips25_pudding          [3880.0 ns] uo_out mismatch got=0xb7 exp=0x6f
  3890.00ns ERROR    cocotb.heichips25_pudding          [3890.0 ns] uo_out mismatch got=0x6f exp=0xdf
  3910.00ns ERROR    cocotb.heichips25_pudding          [3910.0 ns] uo_out mismatch got=0xdf exp=0xbf
  3920.00ns ERROR    cocotb.heichips25_pudding          [3920.0 ns] uo_out mismatch got=0xbf exp=0x7f
  3940.00ns ERROR    cocotb.heichips25_pudding          [3940.0 ns] uo_out mismatch got=0x7f exp=0xb7
  3950.00ns ERROR    cocotb.heichips25_pudding          [3950.0 ns] uo_out mismatch got=0xb7 exp=0x6f
  3960.00ns ERROR    cocotb.heichips25_pudding          [3960.0 ns] uio_out mismatch got=0xb7 exp=0x6f
  3980.00ns ERROR    cocotb.heichips25_pudding          [3980.0 ns] uo_out mismatch got=0x6f exp=0xdf
  3990.00ns ERROR    cocotb.heichips25_pudding          [3990.0 ns] uio_out mismatch got=0x6f exp=0xdf
  4000.00ns ERROR    cocotb.heichips25_pudding          [4000.0 ns] uo_out mismatch got=0xdf exp=0xbf
  4010.00ns ERROR    cocotb.heichips25_pudding          [4010.0 ns] uo_out mismatch got=0xbf exp=0x7f
  4020.00ns ERROR    cocotb.heichips25_pudding          [4020.0 ns] uo_out mismatch got=0x7f exp=0xff
  4050.00ns ERROR    cocotb.heichips25_pudding          [4050.0 ns] uo_out mismatch got=0xff exp=0xdf
  4060.00ns ERROR    cocotb.heichips25_pudding          [4060.0 ns] uo_out mismatch got=0xdf exp=0xbf
  4070.00ns ERROR    cocotb.heichips25_pudding          [4070.0 ns] uo_out mismatch got=0xbf exp=0x7f
  4090.00ns ERROR    cocotb.heichips25_pudding          [4090.0 ns] uo_out mismatch got=0x7f exp=0xff
  4140.00ns ERROR    cocotb.heichips25_pudding          [4140.0 ns] uo_out mismatch got=0xff exp=0xfe
  4150.00ns ERROR    cocotb.heichips25_pudding          [4150.0 ns] uo_out mismatch got=0xfe exp=0xfd
  4160.00ns ERROR    cocotb.heichips25_pudding          [4160.0 ns] uo_out mismatch got=0xfd exp=0xfb
  4170.00ns ERROR    cocotb.heichips25_pudding          [4170.0 ns] uo_out mismatch got=0xfb exp=0xf7
  4180.00ns ERROR    cocotb.heichips25_pudding          [4180.0 ns] uo_out mismatch got=0xf7 exp=0xef
  4190.00ns ERROR    cocotb.heichips25_pudding          [4190.0 ns] uo_out mismatch got=0xef exp=0xde
  4220.00ns ERROR    cocotb.heichips25_pudding          [4220.0 ns] uo_out mismatch got=0xde exp=0xbd
  4240.00ns ERROR    cocotb.heichips25_pudding          [4240.0 ns] uo_out mismatch got=0xbd exp=0x7b
  4250.00ns ERROR    cocotb.heichips25_pudding          [4250.0 ns] uo_out mismatch got=0x7b exp=0xf6
  4260.00ns ERROR    cocotb.heichips25_pudding          [4260.0 ns] uio_out mismatch got=0xdf exp=0xf6
  4270.00ns ERROR    cocotb.heichips25_pudding          [4270.0 ns] uo_out mismatch got=0xf6 exp=0xec
  4290.00ns ERROR    cocotb.heichips25_pudding          [4290.0 ns] uo_out mismatch got=0xec exp=0xd9
  4300.00ns ERROR    cocotb.heichips25_pudding          [4300.0 ns] uo_out mismatch got=0xd9 exp=0xb3
  4320.00ns ERROR    cocotb.heichips25_pudding          [4320.0 ns] uio_out mismatch got=0xf6 exp=0xb3
  4370.00ns ERROR    cocotb.heichips25_pudding          [4370.0 ns] uo_out mismatch got=0xb3 exp=0x67
  4380.00ns ERROR    cocotb.heichips25_pudding          [4380.0 ns] uo_out mismatch got=0x67 exp=0xb3
  4390.00ns ERROR    cocotb.heichips25_pudding          [4390.0 ns] uo_out mismatch got=0xb3 exp=0x67
  4400.00ns ERROR    cocotb.heichips25_pudding          [4400.0 ns] uo_out mismatch got=0x67 exp=0xcf
  4410.00ns ERROR    cocotb.heichips25_pudding          [4410.0 ns] uo_out mismatch got=0xcf exp=0x9e
  4420.00ns ERROR    cocotb.heichips25_pudding          [4420.0 ns] uo_out mismatch got=0x9e exp=0x3d
  4440.00ns ERROR    cocotb.heichips25_pudding          [4440.0 ns] uo_out mismatch got=0x3d exp=0x7a
  4450.00ns ERROR    cocotb.heichips25_pudding          [4450.0 ns] uo_out mismatch got=0x7a exp=0xf5
  4470.00ns ERROR    cocotb.heichips25_pudding          [4470.0 ns] uo_out mismatch got=0xf5 exp=0xea
  4480.00ns ERROR    cocotb.heichips25_pudding          [4480.0 ns] uo_out mismatch got=0xea exp=0xd5
  4490.00ns ERROR    cocotb.heichips25_pudding          [4490.0 ns] uo_out mismatch got=0xd5 exp=0xab
  4500.00ns ERROR    cocotb.heichips25_pudding          [4500.0 ns] uo_out mismatch got=0xab exp=0x56
  4520.00ns ERROR    cocotb.heichips25_pudding          [4520.0 ns] uo_out mismatch got=0x56 exp=0xac
  4530.00ns ERROR    cocotb.heichips25_pudding          [4530.0 ns] uo_out mismatch got=0xac exp=0x59
  4540.00ns ERROR    cocotb.heichips25_pudding          [4540.0 ns] uo_out mismatch got=0x59 exp=0xb2
  4570.00ns ERROR    cocotb.heichips25_pudding          [4570.0 ns] uio_out mismatch got=0xb3 exp=0xb2
  4580.00ns ERROR    cocotb.heichips25_pudding          [4580.0 ns] uo_out mismatch got=0xb2 exp=0x64
  4590.00ns ERROR    cocotb.heichips25_pudding          [4590.0 ns] uo_out mismatch got=0x64 exp=0xb2
  4600.00ns ERROR    cocotb.heichips25_pudding          [4600.0 ns] uo_out mismatch got=0xb2 exp=0x64
  4610.00ns ERROR    cocotb.heichips25_pudding          [4610.0 ns] uo_out mismatch got=0x64 exp=0xc8
  4620.00ns ERROR    cocotb.heichips25_pudding          [4620.0 ns] uo_out mismatch got=0xc8 exp=0xb2
  4630.00ns ERROR    cocotb.heichips25_pudding          [4630.0 ns] uo_out mismatch got=0xb2 exp=0x64
  4640.00ns ERROR    cocotb.heichips25_pudding          [4640.0 ns] uio_out mismatch got=0xb2 exp=0x64
  4650.00ns ERROR    cocotb.heichips25_pudding          [4650.0 ns] uo_out mismatch got=0x64 exp=0xc8
  4660.00ns ERROR    cocotb.heichips25_pudding          [4660.0 ns] uo_out mismatch got=0xc8 exp=0x91
  4670.00ns ERROR    cocotb.heichips25_pudding          [4670.0 ns] uo_out mismatch got=0x91 exp=0x23
  4680.00ns ERROR    cocotb.heichips25_pudding          [4680.0 ns] uo_out mismatch got=0x23 exp=0x47
  4690.00ns ERROR    cocotb.heichips25_pudding          [4690.0 ns] uo_out mismatch got=0x47 exp=0x8f
  4700.00ns ERROR    cocotb.heichips25_pudding          [4700.0 ns] uo_out mismatch got=0x8f exp=0x1e
  4730.00ns ERROR    cocotb.heichips25_pudding          [4730.0 ns] uo_out mismatch got=0x1e exp=0x64
  4780.00ns ERROR    cocotb.heichips25_pudding          [4780.0 ns] uo_out mismatch got=0x64 exp=0xc8
  4790.00ns ERROR    cocotb.heichips25_pudding          [4790.0 ns] uo_out mismatch got=0xc8 exp=0x91
  4800.00ns ERROR    cocotb.heichips25_pudding          [4800.0 ns] uo_out mismatch got=0x91 exp=0x64
  4810.00ns ERROR    cocotb.heichips25_pudding          [4810.0 ns] uo_out mismatch got=0x64 exp=0xc8
  4820.00ns ERROR    cocotb.heichips25_pudding          [4820.0 ns] uo_out mismatch got=0xc8 exp=0x91
  4830.00ns ERROR    cocotb.heichips25_pudding          [4830.0 ns] uo_out mismatch got=0x91 exp=0x23
  4840.00ns ERROR    cocotb.heichips25_pudding          [4840.0 ns] uo_out mismatch got=0x23 exp=0x47
  4850.00ns ERROR    cocotb.heichips25_pudding          [4850.0 ns] uo_out mismatch got=0x47 exp=0x8f
  4860.00ns ERROR    cocotb.heichips25_pudding          [4860.0 ns] uo_out mismatch got=0x8f exp=0x64
  4880.00ns ERROR    cocotb.heichips25_pudding          [4880.0 ns] uo_out mismatch got=0x64 exp=0xc8
  4900.00ns ERROR    cocotb.heichips25_pudding          [4900.0 ns] uo_out mismatch got=0xc8 exp=0x91
  4910.00ns ERROR    cocotb.heichips25_pudding          [4910.0 ns] uo_out mismatch got=0x91 exp=0x64
  4930.00ns ERROR    cocotb.heichips25_pudding          [4930.0 ns] uo_out mismatch got=0x64 exp=0xc8
  4950.00ns ERROR    cocotb.heichips25_pudding          [4950.0 ns] uo_out mismatch got=0xc8 exp=0x91
  4960.00ns ERROR    cocotb.heichips25_pudding          [4960.0 ns] uo_out mismatch got=0x91 exp=0x23
  4970.00ns ERROR    cocotb.heichips25_pudding          [4970.0 ns] uio_out mismatch got=0x64 exp=0x23
  4980.00ns ERROR    cocotb.heichips25_pudding          [4980.0 ns] uo_out mismatch got=0x23 exp=0x47
  4990.00ns ERROR    cocotb.heichips25_pudding          [4990.0 ns] uo_out mismatch got=0x47 exp=0x8f
  5000.00ns ERROR    cocotb.heichips25_pudding          [5000.0 ns] uo_out mismatch got=0x8f exp=0x1e
  5010.00ns ERROR    cocotb.heichips25_pudding          [5010.0 ns] uo_out mismatch got=0x1e exp=0x3c
  5030.00ns ERROR    cocotb.heichips25_pudding          [5030.0 ns] uio_out mismatch got=0x23 exp=0x3c
  5040.00ns ERROR    cocotb.heichips25_pudding          [5040.0 ns] uo_out mismatch got=0x3c exp=0x79
  5050.00ns ERROR    cocotb.heichips25_pudding          [5050.0 ns] uo_out mismatch got=0x79 exp=0x3c
  5060.00ns ERROR    cocotb.heichips25_pudding          [5060.0 ns] uo_out mismatch got=0x3c exp=0x79
  5070.00ns ERROR    cocotb.heichips25_pudding          [5070.0 ns] uo_out mismatch got=0x79 exp=0xf3
  5090.00ns ERROR    cocotb.heichips25_pudding          [5090.0 ns] uo_out mismatch got=0xf3 exp=0xe6
  5100.00ns ERROR    cocotb.heichips25_pudding          [5100.0 ns] uio_out mismatch got=0x3c exp=0xe6
  5110.00ns ERROR    cocotb.heichips25_pudding          [5110.0 ns] uo_out mismatch got=0xe6 exp=0xcd
  5120.00ns ERROR    cocotb.heichips25_pudding          [5120.0 ns] uo_out mismatch got=0xcd exp=0x9a
  5140.00ns ERROR    cocotb.heichips25_pudding          [5140.0 ns] uo_out mismatch got=0x9a exp=0x35
  5150.00ns ERROR    cocotb.heichips25_pudding          [5150.0 ns] uo_out mismatch got=0x35 exp=0x6a
  5160.00ns ERROR    cocotb.heichips25_pudding          [5160.0 ns] uo_out mismatch got=0x6a exp=0xd4
  5170.00ns ERROR    cocotb.heichips25_pudding          [5170.0 ns] uio_out mismatch got=0xe6 exp=0xd4
  5230.00ns ERROR    cocotb.heichips25_pudding          [5230.0 ns] uo_out mismatch got=0xd4 exp=0xa8
  5240.00ns ERROR    cocotb.heichips25_pudding          [5240.0 ns] uo_out mismatch got=0xa8 exp=0x51
  5250.00ns ERROR    cocotb.heichips25_pudding          [5250.0 ns] uo_out mismatch got=0x51 exp=0xa2
  5260.00ns ERROR    cocotb.heichips25_pudding          [5260.0 ns] uo_out mismatch got=0xa2 exp=0x45
  5280.00ns ERROR    cocotb.heichips25_pudding          [5280.0 ns] uio_out mismatch got=0xd4 exp=0x45
  5290.00ns ERROR    cocotb.heichips25_pudding          [5290.0 ns] uo_out mismatch got=0x45 exp=0x8b
  5300.00ns ERROR    cocotb.heichips25_pudding          [5300.0 ns] uo_out mismatch got=0x8b exp=0x16
  5310.00ns ERROR    cocotb.heichips25_pudding          [5310.0 ns] uo_out mismatch got=0x16 exp=0x2c
  5320.00ns ERROR    cocotb.heichips25_pudding          [5320.0 ns] uio_out mismatch got=0x45 exp=0x2c
  5330.00ns ERROR    cocotb.heichips25_pudding          [5330.0 ns] uo_out mismatch got=0x2c exp=0x58
  5340.00ns ERROR    cocotb.heichips25_pudding          [5340.0 ns] uo_out mismatch got=0x58 exp=0xb1
  5350.00ns ERROR    cocotb.heichips25_pudding          [5350.0 ns] uo_out mismatch got=0xb1 exp=0x62
  5370.00ns ERROR    cocotb.heichips25_pudding          [5370.0 ns] uo_out mismatch got=0x62 exp=0xc4
  5380.00ns ERROR    cocotb.heichips25_pudding          [5380.0 ns] uo_out mismatch got=0xc4 exp=0x89
  5400.00ns ERROR    cocotb.heichips25_pudding          [5400.0 ns] uo_out mismatch got=0x89 exp=0x12
  5410.00ns ERROR    cocotb.heichips25_pudding          [5410.0 ns] uo_out mismatch got=0x12 exp=0x2c
  5430.00ns ERROR    cocotb.heichips25_pudding          [5430.0 ns] uo_out mismatch got=0x2c exp=0x58
  5440.00ns ERROR    cocotb.heichips25_pudding          [5440.0 ns] uo_out mismatch got=0x58 exp=0xb1
  5460.00ns ERROR    cocotb.heichips25_pudding          [5460.0 ns] uo_out mismatch got=0xb1 exp=0x62
  5470.00ns ERROR    cocotb.heichips25_pudding          [5470.0 ns] uo_out mismatch got=0x62 exp=0xc4
  5490.00ns ERROR    cocotb.heichips25_pudding          [5490.0 ns] uo_out mismatch got=0xc4 exp=0x89
  5500.00ns ERROR    cocotb.heichips25_pudding          [5500.0 ns] uo_out mismatch got=0x89 exp=0x12
  5510.00ns ERROR    cocotb.heichips25_pudding          [5510.0 ns] uio_out mismatch got=0x2c exp=0x12
  5520.00ns ERROR    cocotb.heichips25_pudding          [5520.0 ns] uo_out mismatch got=0x12 exp=0x24
  5540.00ns ERROR    cocotb.heichips25_pudding          [5540.0 ns] uo_out mismatch got=0x24 exp=0x48
  5550.00ns ERROR    cocotb.heichips25_pudding          [5550.0 ns] uo_out mismatch got=0x48 exp=0x90
  5560.00ns ERROR    cocotb.heichips25_pudding          [5560.0 ns] uo_out mismatch got=0x90 exp=0x20
  5580.00ns ERROR    cocotb.heichips25_pudding          [5580.0 ns] uo_out mismatch got=0x20 exp=0x40
  5590.00ns ERROR    cocotb.heichips25_pudding          [5590.0 ns] uo_out mismatch got=0x40 exp=0x80
  5600.00ns ERROR    cocotb.heichips25_pudding          [5600.0 ns] uo_out mismatch got=0x80 exp=0x01
  5610.00ns ERROR    cocotb.heichips25_pudding          [5610.0 ns] uo_out mismatch got=0x01 exp=0x02
  5620.00ns ERROR    cocotb.heichips25_pudding          [5620.0 ns] uo_out mismatch got=0x02 exp=0x12
  5640.00ns ERROR    cocotb.heichips25_pudding          [5640.0 ns] uo_out mismatch got=0x12 exp=0x24
  5650.00ns ERROR    cocotb.heichips25_pudding          [5650.0 ns] uo_out mismatch got=0x24 exp=0x48
  5660.00ns ERROR    cocotb.heichips25_pudding          [5660.0 ns] uo_out mismatch got=0x48 exp=0x12
  5680.00ns ERROR    cocotb.heichips25_pudding          [5680.0 ns] uo_out mismatch got=0x12 exp=0x24
  5690.00ns ERROR    cocotb.heichips25_pudding          [5690.0 ns] uo_out mismatch got=0x24 exp=0x48
  5700.00ns ERROR    cocotb.heichips25_pudding          [5700.0 ns] uo_out mismatch got=0x48 exp=0x90
  5720.00ns ERROR    cocotb.heichips25_pudding          [5720.0 ns] uo_out mismatch got=0x90 exp=0x20
  5730.00ns ERROR    cocotb.heichips25_pudding          [5730.0 ns] uo_out mismatch got=0x20 exp=0x40
  5740.00ns ERROR    cocotb.heichips25_pudding          [5740.0 ns] uo_out mismatch got=0x40 exp=0x80
  5750.00ns ERROR    cocotb.heichips25_pudding          [5750.0 ns] uo_out mismatch got=0x80 exp=0x12
  5760.00ns ERROR    cocotb.heichips25_pudding          [5760.0 ns] uo_out mismatch got=0x12 exp=0x24
  5770.00ns ERROR    cocotb.heichips25_pudding          [5770.0 ns] uo_out mismatch got=0x24 exp=0x48
  5780.00ns ERROR    cocotb.heichips25_pudding          [5780.0 ns] uo_out mismatch got=0x48 exp=0x90
  5820.00ns ERROR    cocotb.heichips25_pudding          [5820.0 ns] uo_out mismatch got=0x90 exp=0x12
  5850.00ns ERROR    cocotb.heichips25_pudding          [5850.0 ns] uo_out mismatch got=0x12 exp=0x24
  5860.00ns ERROR    cocotb.heichips25_pudding          [5860.0 ns] uo_out mismatch got=0x24 exp=0x48
  5870.00ns ERROR    cocotb.heichips25_pudding          [5870.0 ns] uo_out mismatch got=0x48 exp=0x90
  5880.00ns ERROR    cocotb.heichips25_pudding          [5880.0 ns] uo_out mismatch got=0x90 exp=0x20
  5890.00ns ERROR    cocotb.heichips25_pudding          [5890.0 ns] uo_out mismatch got=0x20 exp=0x40
  5900.00ns ERROR    cocotb.heichips25_pudding          [5900.0 ns] uo_out mismatch got=0x40 exp=0x80
  5930.00ns ERROR    cocotb.heichips25_pudding          [5930.0 ns] uo_out mismatch got=0x80 exp=0x12
  5950.00ns ERROR    cocotb.heichips25_pudding          [5950.0 ns] uo_out mismatch got=0x12 exp=0x24
  5960.00ns ERROR    cocotb.heichips25_pudding          [5960.0 ns] uo_out mismatch got=0x24 exp=0x48
  5970.00ns ERROR    cocotb.heichips25_pudding          [5970.0 ns] uo_out mismatch got=0x48 exp=0x90
  5980.00ns ERROR    cocotb.heichips25_pudding          [5980.0 ns] uo_out mismatch got=0x90 exp=0x20
  5990.00ns ERROR    cocotb.heichips25_pudding          [5990.0 ns] uo_out mismatch got=0x20 exp=0x40
  6000.00ns ERROR    cocotb.heichips25_pudding          [6000.0 ns] uio_out mismatch got=0x12 exp=0x40
  6010.00ns ERROR    cocotb.heichips25_pudding          [6010.0 ns] uo_out mismatch got=0x40 exp=0x80
  6030.00ns ERROR    cocotb.heichips25_pudding          [6030.0 ns] uo_out mismatch got=0x80 exp=0x01
  6040.00ns ERROR    cocotb.heichips25_pudding          [6040.0 ns] uo_out mismatch got=0x01 exp=0x40
  6050.00ns ERROR    cocotb.heichips25_pudding          [6050.0 ns] uo_out mismatch got=0x40 exp=0x80
  6060.00ns ERROR    cocotb.heichips25_pudding          [6060.0 ns] uo_out mismatch got=0x80 exp=0x01
  6070.00ns ERROR    cocotb.heichips25_pudding          [6070.0 ns] uo_out mismatch got=0x01 exp=0x02
  6090.00ns ERROR    cocotb.heichips25_pudding          [6090.0 ns] uo_out mismatch got=0x02 exp=0x04
  6100.00ns ERROR    cocotb.heichips25_pudding          [6100.0 ns] uo_out mismatch got=0x04 exp=0x09
  6120.00ns ERROR    cocotb.heichips25_pudding          [6120.0 ns] uo_out mismatch got=0x09 exp=0x13
  6130.00ns ERROR    cocotb.heichips25_pudding          [6130.0 ns] uo_out mismatch got=0x13 exp=0x27
  6160.00ns ERROR    cocotb.heichips25_pudding          [6160.0 ns] uo_out mismatch got=0x27 exp=0x4e
  6170.00ns ERROR    cocotb.heichips25_pudding          [6170.0 ns] uo_out mismatch got=0x4e exp=0x9c
  6180.00ns ERROR    cocotb.heichips25_pudding          [6180.0 ns] uo_out mismatch got=0x9c exp=0x39
  6190.00ns ERROR    cocotb.heichips25_pudding          [6190.0 ns] uio_out mismatch got=0x40 exp=0x39
  6210.00ns ERROR    cocotb.heichips25_pudding          [6210.0 ns] uo_out mismatch got=0x39 exp=0x73
  6220.00ns ERROR    cocotb.heichips25_pudding          [6220.0 ns] uo_out mismatch got=0x73 exp=0xe6
  6230.00ns ERROR    cocotb.heichips25_pudding          [6230.0 ns] uo_out mismatch got=0xe6 exp=0xcc
  6240.00ns ERROR    cocotb.heichips25_pudding          [6240.0 ns] uo_out mismatch got=0xcc exp=0x98
  6270.00ns ERROR    cocotb.heichips25_pudding          [6270.0 ns] uo_out mismatch got=0x98 exp=0x30
  6280.00ns ERROR    cocotb.heichips25_pudding          [6280.0 ns] uo_out mismatch got=0x30 exp=0x61
  6290.00ns ERROR    cocotb.heichips25_pudding          [6290.0 ns] uio_out mismatch got=0x39 exp=0x61
  6300.00ns ERROR    cocotb.heichips25_pudding          [6300.0 ns] uo_out mismatch got=0x61 exp=0xc2
  6330.00ns ERROR    cocotb.heichips25_pudding          [6330.0 ns] uo_out mismatch got=0xc2 exp=0x84
  6340.00ns ERROR    cocotb.heichips25_pudding          [6340.0 ns] uo_out mismatch got=0x84 exp=0x61
  6360.00ns ERROR    cocotb.heichips25_pudding          [6360.0 ns] uo_out mismatch got=0x61 exp=0xc2
  6380.00ns ERROR    cocotb.heichips25_pudding          [6380.0 ns] uo_out mismatch got=0xc2 exp=0x84
  6390.00ns ERROR    cocotb.heichips25_pudding          [6390.0 ns] uo_out mismatch got=0x84 exp=0x08
  6400.00ns ERROR    cocotb.heichips25_pudding          [6400.0 ns] uo_out mismatch got=0x08 exp=0x11
  6410.00ns ERROR    cocotb.heichips25_pudding          [6410.0 ns] uio_out mismatch got=0x61 exp=0x11
  6440.00ns ERROR    cocotb.heichips25_pudding          [6440.0 ns] uo_out mismatch got=0x11 exp=0x23
  6450.00ns ERROR    cocotb.heichips25_pudding          [6450.0 ns] uo_out mismatch got=0x23 exp=0x47
  6460.00ns ERROR    cocotb.heichips25_pudding          [6460.0 ns] uio_out mismatch got=0x11 exp=0x47
  6470.00ns ERROR    cocotb.heichips25_pudding          [6470.0 ns] uo_out mismatch got=0x47 exp=0x8e
  6480.00ns ERROR    cocotb.heichips25_pudding          [6480.0 ns] uo_out mismatch got=0x8e exp=0x1d
  6490.00ns ERROR    cocotb.heichips25_pudding          [6490.0 ns] uo_out mismatch got=0x1d exp=0x3a
  6500.00ns ERROR    cocotb.heichips25_pudding          [6500.0 ns] uo_out mismatch got=0x3a exp=0x75
  6510.00ns ERROR    cocotb.heichips25_pudding          [6510.0 ns] uo_out mismatch got=0x75 exp=0xea
  6530.00ns ERROR    cocotb.heichips25_pudding          [6530.0 ns] uo_out mismatch got=0xea exp=0xd5
  6540.00ns ERROR    cocotb.heichips25_pudding          [6540.0 ns] uo_out mismatch got=0xd5 exp=0xab
  6550.00ns ERROR    cocotb.heichips25_pudding          [6550.0 ns] uo_out mismatch got=0xab exp=0x57
  6550.00ns WARNING  ..chips25_pudding_smoke_and_random Test failed with 369 mismatches
                                                        assert 369 == 0
                                                        Traceback (most recent call last):
                                                          File "/home/cmaier/EDA/PUDDING/tb/testbench.py", line 182, in heichips25_pudding_smoke_and_random
                                                            assert errors == 0, f"Test failed with {errors} mismatches"
                                                        AssertionError: Test failed with 369 mismatches
                                                        assert 369 == 0
  6550.00ns WARNING  cocotb.regression                  testbench.heichips25_pudding_smoke_and_random failed
  6550.00ns INFO     cocotb.regression                  *******************************************************************************************************
                                                        ** TEST                                           STATUS  SIM TIME (ns)  REAL TIME (s)  RATIO (ns/s) **
                                                        *******************************************************************************************************
                                                        ** testbench.heichips25_pudding_smoke_and_random   FAIL        6550.00           0.57      11406.85  **
                                                        *******************************************************************************************************
                                                        ** TESTS=1 PASS=0 FAIL=1 SKIP=0                                6550.00           0.58      11359.00  **
                                                        *******************************************************************************************************
FST info: dumpfile /home/cmaier/EDA/PUDDING/tb/sim_build/heichips25_pudding.fst opened for output.
