cd tb; GL=1 python3 testbench.py
     -.--ns INFO     gpi                                ..mbed/gpi_embed.cpp:93   in _embed_init_python              Using Python 3.13.9 interpreter at /nix/store/8apdihpaag1032a4dl87pfpii1hkq25w-devshell-dir/bin/python3
     -.--ns INFO     gpi                                ../gpi/GpiCommon.cpp:79   in gpi_print_registered_impl       VPI registered
     0.00ns INFO     cocotb                             Running on Icarus Verilog version 13.0 (devel)
     0.00ns INFO     cocotb                             Seeding Python random module with 1771892314
     0.00ns INFO     cocotb                             Initialized cocotb v2.0.0 from /nix/store/fj0dwrrnrqqyibzxi4ibd4rc7l3rnmyl-python3-3.13.9-env/lib/python3.13/site-packages/cocotb
     0.00ns INFO     cocotb                             Running tests
     0.00ns INFO     cocotb.regression                  running testbench.heichips25_pudding_smoke_and_random (1/1)
                                                            Shift/transfer correctness + output mapping checks for heichips25_pudding.
     0.00ns WARNING  py.warnings                        /home/cmaier/EDA/PUDDING/tb/testbench.py:69: DeprecationWarning: Use ``cocotb.start_soon`` instead.
                                                          await cocotb.start(clock.start())
     0.00ns INFO     cocotb.heichips25_pudding          clk exists=True
     0.00ns INFO     cocotb.heichips25_pudding          rst_n exists=True
     0.00ns INFO     cocotb.heichips25_pudding          ui_in object=LogicArrayObject(heichips25_pudding.ui_in)
     0.00ns INFO     cocotb.heichips25_pudding          ui_in len=8
133000.00ns WARNING  py.warnings                        /home/cmaier/EDA/PUDDING/tb/testbench.py:63: DeprecationWarning: The 'units' argument has been renamed to 'unit'.
                                                          t = cocotb.utils.get_sim_time(units="us")
133000.00ns ERROR    cocotb.heichips25_pudding          [133.0 us] uo_out mismatch got=0x00 exp=0x01
134000.00ns ERROR    cocotb.heichips25_pudding          [134.0 us] uo_out mismatch got=0x01 exp=0x02
135000.00ns ERROR    cocotb.heichips25_pudding          [135.0 us] uo_out mismatch got=0x02 exp=0x04
136000.00ns ERROR    cocotb.heichips25_pudding          [136.0 us] uo_out mismatch got=0x04 exp=0x08
137000.00ns ERROR    cocotb.heichips25_pudding          [137.0 us] uio_out mismatch got=0x00 exp=0x08
147000.00ns ERROR    cocotb.heichips25_pudding          [147.0 us] uo_out mismatch got=0x98 exp=0x30
148000.00ns ERROR    cocotb.heichips25_pudding          [148.0 us] uo_out mismatch got=0x30 exp=0x08
149000.00ns ERROR    cocotb.heichips25_pudding          [149.0 us] uo_out mismatch got=0x08 exp=0x10
150000.00ns ERROR    cocotb.heichips25_pudding          [150.0 us] uo_out mismatch got=0x10 exp=0x21
151000.00ns ERROR    cocotb.heichips25_pudding          [151.0 us] uo_out mismatch got=0x21 exp=0x42
152000.00ns ERROR    cocotb.heichips25_pudding          [152.0 us] uo_out mismatch got=0x42 exp=0x84
153000.00ns ERROR    cocotb.heichips25_pudding          [153.0 us] uio_out mismatch got=0x08 exp=0x84
156000.00ns ERROR    cocotb.heichips25_pudding          [156.0 us] uo_out mismatch got=0x84 exp=0x09
159000.00ns ERROR    cocotb.heichips25_pudding          [159.0 us] uo_out mismatch got=0x09 exp=0x13
160000.00ns ERROR    cocotb.heichips25_pudding          [160.0 us] uo_out mismatch got=0x13 exp=0x26
161000.00ns ERROR    cocotb.heichips25_pudding          [161.0 us] uo_out mismatch got=0x26 exp=0x4c
162000.00ns ERROR    cocotb.heichips25_pudding          [162.0 us] uo_out mismatch got=0x4c exp=0x98
163000.00ns ERROR    cocotb.heichips25_pudding          [163.0 us] uo_out mismatch got=0x98 exp=0x30
164000.00ns ERROR    cocotb.heichips25_pudding          [164.0 us] uo_out mismatch got=0x30 exp=0x61
165000.00ns ERROR    cocotb.heichips25_pudding          [165.0 us] uo_out mismatch got=0x61 exp=0xc2
166000.00ns ERROR    cocotb.heichips25_pudding          [166.0 us] uo_out mismatch got=0xc2 exp=0x85
167000.00ns ERROR    cocotb.heichips25_pudding          [167.0 us] uo_out mismatch got=0x85 exp=0x0a
168000.00ns ERROR    cocotb.heichips25_pudding          [168.0 us] uo_out mismatch got=0x0a exp=0x15
169000.00ns ERROR    cocotb.heichips25_pudding          [169.0 us] uio_out mismatch got=0x84 exp=0x15
171000.00ns ERROR    cocotb.heichips25_pudding          [171.0 us] uo_out mismatch got=0x15 exp=0x2a
172000.00ns ERROR    cocotb.heichips25_pudding          [172.0 us] uo_out mismatch got=0x2a exp=0x54
173000.00ns ERROR    cocotb.heichips25_pudding          [173.0 us] uio_out mismatch got=0x15 exp=0x54
177000.00ns ERROR    cocotb.heichips25_pudding          [177.0 us] uo_out mismatch got=0x54 exp=0xa9
178000.00ns ERROR    cocotb.heichips25_pudding          [178.0 us] uo_out mismatch got=0xa9 exp=0x53
179000.00ns ERROR    cocotb.heichips25_pudding          [179.0 us] uo_out mismatch got=0x53 exp=0xa6
180000.00ns ERROR    cocotb.heichips25_pudding          [180.0 us] uo_out mismatch got=0xa6 exp=0x4d
181000.00ns ERROR    cocotb.heichips25_pudding          [181.0 us] uo_out mismatch got=0x4d exp=0x9b
182000.00ns ERROR    cocotb.heichips25_pudding          [182.0 us] uo_out mismatch got=0x9b exp=0x37
183000.00ns ERROR    cocotb.heichips25_pudding          [183.0 us] uo_out mismatch got=0x37 exp=0x6e
185000.00ns ERROR    cocotb.heichips25_pudding          [185.0 us] uo_out mismatch got=0x6e exp=0xdc
187000.00ns ERROR    cocotb.heichips25_pudding          [187.0 us] uo_out mismatch got=0xdc exp=0xb8
188000.00ns ERROR    cocotb.heichips25_pudding          [188.0 us] uio_out mismatch got=0x54 exp=0xb8
189000.00ns ERROR    cocotb.heichips25_pudding          [189.0 us] uo_out mismatch got=0xb8 exp=0x70
191000.00ns ERROR    cocotb.heichips25_pudding          [191.0 us] uio_out mismatch got=0xb8 exp=0x70
193000.00ns ERROR    cocotb.heichips25_pudding          [193.0 us] uo_out mismatch got=0x70 exp=0xe1
195000.00ns ERROR    cocotb.heichips25_pudding          [195.0 us] uo_out mismatch got=0xe1 exp=0xc3
196000.00ns ERROR    cocotb.heichips25_pudding          [196.0 us] uo_out mismatch got=0xc3 exp=0x86
198000.00ns ERROR    cocotb.heichips25_pudding          [198.0 us] uo_out mismatch got=0x86 exp=0x0c
201000.00ns ERROR    cocotb.heichips25_pudding          [201.0 us] uo_out mismatch got=0x0c exp=0x19
202000.00ns ERROR    cocotb.heichips25_pudding          [202.0 us] uo_out mismatch got=0x19 exp=0x70
204000.00ns ERROR    cocotb.heichips25_pudding          [204.0 us] uo_out mismatch got=0x70 exp=0xe1
205000.00ns ERROR    cocotb.heichips25_pudding          [205.0 us] uo_out mismatch got=0xe1 exp=0xc3
206000.00ns ERROR    cocotb.heichips25_pudding          [206.0 us] uio_out mismatch got=0x70 exp=0xc3
207000.00ns ERROR    cocotb.heichips25_pudding          [207.0 us] uo_out mismatch got=0xc3 exp=0x86
208000.00ns ERROR    cocotb.heichips25_pudding          [208.0 us] uo_out mismatch got=0x86 exp=0x0c
209000.00ns ERROR    cocotb.heichips25_pudding          [209.0 us] uo_out mismatch got=0x0c exp=0xc3
213000.00ns ERROR    cocotb.heichips25_pudding          [213.0 us] uo_out mismatch got=0xc3 exp=0x86
214000.00ns ERROR    cocotb.heichips25_pudding          [214.0 us] uo_out mismatch got=0x86 exp=0x0c
215000.00ns ERROR    cocotb.heichips25_pudding          [215.0 us] uo_out mismatch got=0x0c exp=0x19
217000.00ns ERROR    cocotb.heichips25_pudding          [217.0 us] uo_out mismatch got=0x19 exp=0x32
218000.00ns ERROR    cocotb.heichips25_pudding          [218.0 us] uo_out mismatch got=0x32 exp=0x65
219000.00ns ERROR    cocotb.heichips25_pudding          [219.0 us] uo_out mismatch got=0x65 exp=0xca
220000.00ns ERROR    cocotb.heichips25_pudding          [220.0 us] uo_out mismatch got=0xca exp=0x95
221000.00ns ERROR    cocotb.heichips25_pudding          [221.0 us] uo_out mismatch got=0x95 exp=0x2b
224000.00ns ERROR    cocotb.heichips25_pudding          [224.0 us] uio_out mismatch got=0xc3 exp=0x2b
225000.00ns ERROR    cocotb.heichips25_pudding          [225.0 us] uo_out mismatch got=0x2b exp=0x57
226000.00ns ERROR    cocotb.heichips25_pudding          [226.0 us] uo_out mismatch got=0x57 exp=0xae
227000.00ns ERROR    cocotb.heichips25_pudding          [227.0 us] uo_out mismatch got=0xae exp=0x5d
228000.00ns ERROR    cocotb.heichips25_pudding          [228.0 us] uo_out mismatch got=0x5d exp=0x2b
229000.00ns ERROR    cocotb.heichips25_pudding          [229.0 us] uo_out mismatch got=0x2b exp=0x57
230000.00ns ERROR    cocotb.heichips25_pudding          [230.0 us] uo_out mismatch got=0x57 exp=0x2b
231000.00ns ERROR    cocotb.heichips25_pudding          [231.0 us] uo_out mismatch got=0x2b exp=0x57
233000.00ns ERROR    cocotb.heichips25_pudding          [233.0 us] uo_out mismatch got=0x57 exp=0xae
234000.00ns ERROR    cocotb.heichips25_pudding          [234.0 us] uo_out mismatch got=0xae exp=0x5d
236000.00ns ERROR    cocotb.heichips25_pudding          [236.0 us] uo_out mismatch got=0x5d exp=0xba
237000.00ns ERROR    cocotb.heichips25_pudding          [237.0 us] uo_out mismatch got=0xba exp=0x74
238000.00ns ERROR    cocotb.heichips25_pudding          [238.0 us] uo_out mismatch got=0x74 exp=0x2b
239000.00ns ERROR    cocotb.heichips25_pudding          [239.0 us] uo_out mismatch got=0x2b exp=0x57
240000.00ns ERROR    cocotb.heichips25_pudding          [240.0 us] uo_out mismatch got=0x57 exp=0xae
241000.00ns ERROR    cocotb.heichips25_pudding          [241.0 us] uo_out mismatch got=0xae exp=0x5d
242000.00ns ERROR    cocotb.heichips25_pudding          [242.0 us] uio_out mismatch got=0x2b exp=0x5d
243000.00ns ERROR    cocotb.heichips25_pudding          [243.0 us] uo_out mismatch got=0x5d exp=0xba
244000.00ns ERROR    cocotb.heichips25_pudding          [244.0 us] uo_out mismatch got=0xba exp=0x74
246000.00ns ERROR    cocotb.heichips25_pudding          [246.0 us] uo_out mismatch got=0x74 exp=0xe9
247000.00ns ERROR    cocotb.heichips25_pudding          [247.0 us] uo_out mismatch got=0xe9 exp=0xd3
249000.00ns ERROR    cocotb.heichips25_pudding          [249.0 us] uo_out mismatch got=0xd3 exp=0xa7
250000.00ns ERROR    cocotb.heichips25_pudding          [250.0 us] uo_out mismatch got=0xa7 exp=0x4e
251000.00ns ERROR    cocotb.heichips25_pudding          [251.0 us] uo_out mismatch got=0x4e exp=0x9d
252000.00ns ERROR    cocotb.heichips25_pudding          [252.0 us] uo_out mismatch got=0x9d exp=0x3b
256000.00ns ERROR    cocotb.heichips25_pudding          [256.0 us] uo_out mismatch got=0x3b exp=0x76
257000.00ns ERROR    cocotb.heichips25_pudding          [257.0 us] uo_out mismatch got=0x76 exp=0xed
258000.00ns ERROR    cocotb.heichips25_pudding          [258.0 us] uo_out mismatch got=0xed exp=0x5d
259000.00ns ERROR    cocotb.heichips25_pudding          [259.0 us] uo_out mismatch got=0x5d exp=0xba
262000.00ns ERROR    cocotb.heichips25_pudding          [262.0 us] uo_out mismatch got=0xba exp=0x74
263000.00ns ERROR    cocotb.heichips25_pudding          [263.0 us] uo_out mismatch got=0x74 exp=0xe9
264000.00ns ERROR    cocotb.heichips25_pudding          [264.0 us] uo_out mismatch got=0xe9 exp=0xd3
267000.00ns ERROR    cocotb.heichips25_pudding          [267.0 us] uo_out mismatch got=0xd3 exp=0xa7
269000.00ns ERROR    cocotb.heichips25_pudding          [269.0 us] uo_out mismatch got=0xa7 exp=0x4e
270000.00ns ERROR    cocotb.heichips25_pudding          [270.0 us] uo_out mismatch got=0x4e exp=0x5d
271000.00ns ERROR    cocotb.heichips25_pudding          [271.0 us] uo_out mismatch got=0x5d exp=0xba
272000.00ns ERROR    cocotb.heichips25_pudding          [272.0 us] uo_out mismatch got=0xba exp=0x74
273000.00ns ERROR    cocotb.heichips25_pudding          [273.0 us] uo_out mismatch got=0x74 exp=0x5d
274000.00ns ERROR    cocotb.heichips25_pudding          [274.0 us] uo_out mismatch got=0x5d exp=0xba
275000.00ns ERROR    cocotb.heichips25_pudding          [275.0 us] uo_out mismatch got=0xba exp=0x74
276000.00ns ERROR    cocotb.heichips25_pudding          [276.0 us] uo_out mismatch got=0x74 exp=0xe9
277000.00ns ERROR    cocotb.heichips25_pudding          [277.0 us] uo_out mismatch got=0xe9 exp=0xd3
278000.00ns ERROR    cocotb.heichips25_pudding          [278.0 us] uio_out mismatch got=0x5d exp=0xd3
279000.00ns ERROR    cocotb.heichips25_pudding          [279.0 us] uo_out mismatch got=0xd3 exp=0xa7
280000.00ns ERROR    cocotb.heichips25_pudding          [280.0 us] uo_out mismatch got=0xa7 exp=0x4e
281000.00ns ERROR    cocotb.heichips25_pudding          [281.0 us] uo_out mismatch got=0x4e exp=0x9d
282000.00ns ERROR    cocotb.heichips25_pudding          [282.0 us] uo_out mismatch got=0x9d exp=0x3b
283000.00ns ERROR    cocotb.heichips25_pudding          [283.0 us] uo_out mismatch got=0x3b exp=0x76
285000.00ns ERROR    cocotb.heichips25_pudding          [285.0 us] uo_out mismatch got=0x76 exp=0xed
286000.00ns ERROR    cocotb.heichips25_pudding          [286.0 us] uo_out mismatch got=0xed exp=0xdb
287000.00ns ERROR    cocotb.heichips25_pudding          [287.0 us] uo_out mismatch got=0xdb exp=0xb7
289000.00ns ERROR    cocotb.heichips25_pudding          [289.0 us] uo_out mismatch got=0xb7 exp=0xd3
290000.00ns ERROR    cocotb.heichips25_pudding          [290.0 us] uo_out mismatch got=0xd3 exp=0xa7
291000.00ns ERROR    cocotb.heichips25_pudding          [291.0 us] uo_out mismatch got=0xa7 exp=0x4e
292000.00ns ERROR    cocotb.heichips25_pudding          [292.0 us] uo_out mismatch got=0x4e exp=0x9d
293000.00ns ERROR    cocotb.heichips25_pudding          [293.0 us] uo_out mismatch got=0x9d exp=0x3b
295000.00ns ERROR    cocotb.heichips25_pudding          [295.0 us] uo_out mismatch got=0x3b exp=0x76
296000.00ns ERROR    cocotb.heichips25_pudding          [296.0 us] uo_out mismatch got=0x76 exp=0xd3
297000.00ns ERROR    cocotb.heichips25_pudding          [297.0 us] uo_out mismatch got=0xd3 exp=0xa7
298000.00ns ERROR    cocotb.heichips25_pudding          [298.0 us] uo_out mismatch got=0xa7 exp=0xd3
299000.00ns ERROR    cocotb.heichips25_pudding          [299.0 us] uo_out mismatch got=0xd3 exp=0xa7
300000.00ns ERROR    cocotb.heichips25_pudding          [300.0 us] uo_out mismatch got=0xa7 exp=0x4e
301000.00ns ERROR    cocotb.heichips25_pudding          [301.0 us] uo_out mismatch got=0x4e exp=0x9d
302000.00ns ERROR    cocotb.heichips25_pudding          [302.0 us] uo_out mismatch got=0x9d exp=0x3b
303000.00ns ERROR    cocotb.heichips25_pudding          [303.0 us] uo_out mismatch got=0x3b exp=0xd3
304000.00ns ERROR    cocotb.heichips25_pudding          [304.0 us] uo_out mismatch got=0xd3 exp=0xa7
305000.00ns ERROR    cocotb.heichips25_pudding          [305.0 us] uo_out mismatch got=0xa7 exp=0x4e
306000.00ns ERROR    cocotb.heichips25_pudding          [306.0 us] uo_out mismatch got=0x4e exp=0x9d
307000.00ns ERROR    cocotb.heichips25_pudding          [307.0 us] uio_out mismatch got=0xd3 exp=0x9d
311000.00ns ERROR    cocotb.heichips25_pudding          [311.0 us] uo_out mismatch got=0x9d exp=0x3b
313000.00ns ERROR    cocotb.heichips25_pudding          [313.0 us] uo_out mismatch got=0x3b exp=0x76
314000.00ns ERROR    cocotb.heichips25_pudding          [314.0 us] uio_out mismatch got=0x9d exp=0x76
316000.00ns ERROR    cocotb.heichips25_pudding          [316.0 us] uo_out mismatch got=0x76 exp=0xed
317000.00ns ERROR    cocotb.heichips25_pudding          [317.0 us] uo_out mismatch got=0xed exp=0xdb
318000.00ns ERROR    cocotb.heichips25_pudding          [318.0 us] uo_out mismatch got=0xdb exp=0xb7
319000.00ns ERROR    cocotb.heichips25_pudding          [319.0 us] uo_out mismatch got=0xb7 exp=0x6f
320000.00ns ERROR    cocotb.heichips25_pudding          [320.0 us] uo_out mismatch got=0x6f exp=0xdf
321000.00ns ERROR    cocotb.heichips25_pudding          [321.0 us] uio_out mismatch got=0x76 exp=0xdf
323000.00ns ERROR    cocotb.heichips25_pudding          [323.0 us] uo_out mismatch got=0xdf exp=0xbf
324000.00ns ERROR    cocotb.heichips25_pudding          [324.0 us] uo_out mismatch got=0xbf exp=0x7f
325000.00ns ERROR    cocotb.heichips25_pudding          [325.0 us] uo_out mismatch got=0x7f exp=0xff
329000.00ns ERROR    cocotb.heichips25_pudding          [329.0 us] uo_out mismatch got=0xff exp=0xfe
330000.00ns ERROR    cocotb.heichips25_pudding          [330.0 us] uo_out mismatch got=0xfe exp=0xfd
331000.00ns ERROR    cocotb.heichips25_pudding          [331.0 us] uo_out mismatch got=0xfd exp=0xdf
333000.00ns ERROR    cocotb.heichips25_pudding          [333.0 us] uo_out mismatch got=0xdf exp=0xbf
334000.00ns ERROR    cocotb.heichips25_pudding          [334.0 us] uo_out mismatch got=0xbf exp=0x7f
335000.00ns ERROR    cocotb.heichips25_pudding          [335.0 us] uo_out mismatch got=0x7f exp=0xff
340000.00ns ERROR    cocotb.heichips25_pudding          [340.0 us] uo_out mismatch got=0xff exp=0xfe
341000.00ns ERROR    cocotb.heichips25_pudding          [341.0 us] uio_out mismatch got=0xdf exp=0xfe
342000.00ns ERROR    cocotb.heichips25_pudding          [342.0 us] uo_out mismatch got=0xfe exp=0xfd
344000.00ns ERROR    cocotb.heichips25_pudding          [344.0 us] uo_out mismatch got=0xfd exp=0xfb
345000.00ns ERROR    cocotb.heichips25_pudding          [345.0 us] uo_out mismatch got=0xfb exp=0xf7
346000.00ns ERROR    cocotb.heichips25_pudding          [346.0 us] uo_out mismatch got=0xf7 exp=0xef
347000.00ns ERROR    cocotb.heichips25_pudding          [347.0 us] uo_out mismatch got=0xef exp=0xde
348000.00ns ERROR    cocotb.heichips25_pudding          [348.0 us] uo_out mismatch got=0xde exp=0xbd
350000.00ns ERROR    cocotb.heichips25_pudding          [350.0 us] uo_out mismatch got=0xbd exp=0x7b
352000.00ns ERROR    cocotb.heichips25_pudding          [352.0 us] uo_out mismatch got=0x7b exp=0xf6
354000.00ns ERROR    cocotb.heichips25_pudding          [354.0 us] uo_out mismatch got=0xf6 exp=0xec
355000.00ns ERROR    cocotb.heichips25_pudding          [355.0 us] uo_out mismatch got=0xec exp=0xd9
356000.00ns ERROR    cocotb.heichips25_pudding          [356.0 us] uo_out mismatch got=0xd9 exp=0xb3
358000.00ns ERROR    cocotb.heichips25_pudding          [358.0 us] uo_out mismatch got=0xb3 exp=0xfe
359000.00ns ERROR    cocotb.heichips25_pudding          [359.0 us] uo_out mismatch got=0xfe exp=0xfd
360000.00ns ERROR    cocotb.heichips25_pudding          [360.0 us] uo_out mismatch got=0xfd exp=0xfb
362000.00ns ERROR    cocotb.heichips25_pudding          [362.0 us] uo_out mismatch got=0xfb exp=0xf7
363000.00ns ERROR    cocotb.heichips25_pudding          [363.0 us] uo_out mismatch got=0xf7 exp=0xef
364000.00ns ERROR    cocotb.heichips25_pudding          [364.0 us] uo_out mismatch got=0xef exp=0xde
366000.00ns ERROR    cocotb.heichips25_pudding          [366.0 us] uo_out mismatch got=0xde exp=0xfe
368000.00ns ERROR    cocotb.heichips25_pudding          [368.0 us] uo_out mismatch got=0xfe exp=0xfd
369000.00ns ERROR    cocotb.heichips25_pudding          [369.0 us] uo_out mismatch got=0xfd exp=0xfb
370000.00ns ERROR    cocotb.heichips25_pudding          [370.0 us] uo_out mismatch got=0xfb exp=0xf7
371000.00ns ERROR    cocotb.heichips25_pudding          [371.0 us] uo_out mismatch got=0xf7 exp=0xef
373000.00ns ERROR    cocotb.heichips25_pudding          [373.0 us] uo_out mismatch got=0xef exp=0xde
375000.00ns ERROR    cocotb.heichips25_pudding          [375.0 us] uo_out mismatch got=0xde exp=0xbd
376000.00ns ERROR    cocotb.heichips25_pudding          [376.0 us] uo_out mismatch got=0xbd exp=0x7b
378000.00ns ERROR    cocotb.heichips25_pudding          [378.0 us] uo_out mismatch got=0x7b exp=0xf6
379000.00ns ERROR    cocotb.heichips25_pudding          [379.0 us] uo_out mismatch got=0xf6 exp=0xec
380000.00ns ERROR    cocotb.heichips25_pudding          [380.0 us] uo_out mismatch got=0xec exp=0xd9
381000.00ns ERROR    cocotb.heichips25_pudding          [381.0 us] uio_out mismatch got=0xfe exp=0xd9
382000.00ns ERROR    cocotb.heichips25_pudding          [382.0 us] uo_out mismatch got=0xd9 exp=0xb3
383000.00ns ERROR    cocotb.heichips25_pudding          [383.0 us] uo_out mismatch got=0xb3 exp=0x67
384000.00ns ERROR    cocotb.heichips25_pudding          [384.0 us] uo_out mismatch got=0x67 exp=0xcf
385000.00ns ERROR    cocotb.heichips25_pudding          [385.0 us] uo_out mismatch got=0xcf exp=0x9e
386000.00ns ERROR    cocotb.heichips25_pudding          [386.0 us] uo_out mismatch got=0x9e exp=0x3d
387000.00ns ERROR    cocotb.heichips25_pudding          [387.0 us] uo_out mismatch got=0x3d exp=0x7a
388000.00ns ERROR    cocotb.heichips25_pudding          [388.0 us] uo_out mismatch got=0x7a exp=0xf5
389000.00ns ERROR    cocotb.heichips25_pudding          [389.0 us] uo_out mismatch got=0xf5 exp=0xea
391000.00ns ERROR    cocotb.heichips25_pudding          [391.0 us] uo_out mismatch got=0xea exp=0xd5
392000.00ns ERROR    cocotb.heichips25_pudding          [392.0 us] uo_out mismatch got=0xd5 exp=0xab
393000.00ns ERROR    cocotb.heichips25_pudding          [393.0 us] uo_out mismatch got=0xab exp=0x56
394000.00ns ERROR    cocotb.heichips25_pudding          [394.0 us] uo_out mismatch got=0x56 exp=0xac
396000.00ns ERROR    cocotb.heichips25_pudding          [396.0 us] uo_out mismatch got=0xac exp=0x59
397000.00ns ERROR    cocotb.heichips25_pudding          [397.0 us] uo_out mismatch got=0x59 exp=0xb2
398000.00ns ERROR    cocotb.heichips25_pudding          [398.0 us] uo_out mismatch got=0xb2 exp=0x64
399000.00ns ERROR    cocotb.heichips25_pudding          [399.0 us] uo_out mismatch got=0x64 exp=0xc8
400000.00ns ERROR    cocotb.heichips25_pudding          [400.0 us] uo_out mismatch got=0xc8 exp=0x91
401000.00ns ERROR    cocotb.heichips25_pudding          [401.0 us] uo_out mismatch got=0x91 exp=0xd9
403000.00ns ERROR    cocotb.heichips25_pudding          [403.0 us] uo_out mismatch got=0xd9 exp=0xb3
405000.00ns ERROR    cocotb.heichips25_pudding          [405.0 us] uo_out mismatch got=0xb3 exp=0x67
407000.00ns ERROR    cocotb.heichips25_pudding          [407.0 us] uo_out mismatch got=0x67 exp=0xcf
408000.00ns ERROR    cocotb.heichips25_pudding          [408.0 us] uo_out mismatch got=0xcf exp=0x9e
409000.00ns ERROR    cocotb.heichips25_pudding          [409.0 us] uo_out mismatch got=0x9e exp=0x3d
410000.00ns ERROR    cocotb.heichips25_pudding          [410.0 us] uo_out mismatch got=0x3d exp=0x7a
411000.00ns ERROR    cocotb.heichips25_pudding          [411.0 us] uo_out mismatch got=0x7a exp=0xf5
412000.00ns ERROR    cocotb.heichips25_pudding          [412.0 us] uo_out mismatch got=0xf5 exp=0xea
413000.00ns ERROR    cocotb.heichips25_pudding          [413.0 us] uio_out mismatch got=0xd9 exp=0xea
414000.00ns ERROR    cocotb.heichips25_pudding          [414.0 us] uo_out mismatch got=0xea exp=0xd5
415000.00ns ERROR    cocotb.heichips25_pudding          [415.0 us] uo_out mismatch got=0xd5 exp=0xab
416000.00ns ERROR    cocotb.heichips25_pudding          [416.0 us] uio_out mismatch got=0xea exp=0xab
419000.00ns ERROR    cocotb.heichips25_pudding          [419.0 us] uo_out mismatch got=0xab exp=0x56
420000.00ns ERROR    cocotb.heichips25_pudding          [420.0 us] uo_out mismatch got=0x56 exp=0xab
421000.00ns ERROR    cocotb.heichips25_pudding          [421.0 us] uo_out mismatch got=0xab exp=0x56
422000.00ns ERROR    cocotb.heichips25_pudding          [422.0 us] uo_out mismatch got=0x56 exp=0xac
423000.00ns ERROR    cocotb.heichips25_pudding          [423.0 us] uo_out mismatch got=0xac exp=0x59
424000.00ns ERROR    cocotb.heichips25_pudding          [424.0 us] uio_out mismatch got=0xab exp=0x59
428000.00ns ERROR    cocotb.heichips25_pudding          [428.0 us] uo_out mismatch got=0x59 exp=0xb2
429000.00ns ERROR    cocotb.heichips25_pudding          [429.0 us] uo_out mismatch got=0xb2 exp=0x59
430000.00ns ERROR    cocotb.heichips25_pudding          [430.0 us] uo_out mismatch got=0x59 exp=0xb2
431000.00ns ERROR    cocotb.heichips25_pudding          [431.0 us] uo_out mismatch got=0xb2 exp=0x64
432000.00ns ERROR    cocotb.heichips25_pudding          [432.0 us] uio_out mismatch got=0x59 exp=0x64
433000.00ns ERROR    cocotb.heichips25_pudding          [433.0 us] uo_out mismatch got=0x64 exp=0xc8
434000.00ns ERROR    cocotb.heichips25_pudding          [434.0 us] uo_out mismatch got=0xc8 exp=0x91
435000.00ns ERROR    cocotb.heichips25_pudding          [435.0 us] uo_out mismatch got=0x91 exp=0x23
436000.00ns ERROR    cocotb.heichips25_pudding          [436.0 us] uo_out mismatch got=0x23 exp=0x47
439000.00ns ERROR    cocotb.heichips25_pudding          [439.0 us] uo_out mismatch got=0x47 exp=0x8f
440000.00ns ERROR    cocotb.heichips25_pudding          [440.0 us] uo_out mismatch got=0x8f exp=0x1e
441000.00ns ERROR    cocotb.heichips25_pudding          [441.0 us] uo_out mismatch got=0x1e exp=0x3c
442000.00ns ERROR    cocotb.heichips25_pudding          [442.0 us] uio_out mismatch got=0x64 exp=0x3c
445000.00ns ERROR    cocotb.heichips25_pudding          [445.0 us] uo_out mismatch got=0x3c exp=0x79
449000.00ns ERROR    cocotb.heichips25_pudding          [449.0 us] uo_out mismatch got=0x79 exp=0xf3
450000.00ns ERROR    cocotb.heichips25_pudding          [450.0 us] uo_out mismatch got=0xf3 exp=0xe6
451000.00ns ERROR    cocotb.heichips25_pudding          [451.0 us] uo_out mismatch got=0xe6 exp=0xcd
452000.00ns ERROR    cocotb.heichips25_pudding          [452.0 us] uo_out mismatch got=0xcd exp=0x9a
453000.00ns ERROR    cocotb.heichips25_pudding          [453.0 us] uo_out mismatch got=0x9a exp=0x35
454000.00ns ERROR    cocotb.heichips25_pudding          [454.0 us] uo_out mismatch got=0x35 exp=0x6a
455000.00ns ERROR    cocotb.heichips25_pudding          [455.0 us] uo_out mismatch got=0x6a exp=0xd4
456000.00ns ERROR    cocotb.heichips25_pudding          [456.0 us] uo_out mismatch got=0xd4 exp=0xa8
457000.00ns ERROR    cocotb.heichips25_pudding          [457.0 us] uio_out mismatch got=0x3c exp=0xa8
458000.00ns ERROR    cocotb.heichips25_pudding          [458.0 us] uo_out mismatch got=0xa8 exp=0x51
459000.00ns ERROR    cocotb.heichips25_pudding          [459.0 us] uo_out mismatch got=0x51 exp=0xa2
460000.00ns ERROR    cocotb.heichips25_pudding          [460.0 us] uo_out mismatch got=0xa2 exp=0x45
462000.00ns ERROR    cocotb.heichips25_pudding          [462.0 us] uio_out mismatch got=0xa8 exp=0x45
464000.00ns ERROR    cocotb.heichips25_pudding          [464.0 us] uo_out mismatch got=0x45 exp=0x8b
465000.00ns ERROR    cocotb.heichips25_pudding          [465.0 us] uo_out mismatch got=0x8b exp=0x16
466000.00ns ERROR    cocotb.heichips25_pudding          [466.0 us] uo_out mismatch got=0x16 exp=0x45
467000.00ns ERROR    cocotb.heichips25_pudding          [467.0 us] uo_out mismatch got=0x45 exp=0x8b
469000.00ns ERROR    cocotb.heichips25_pudding          [469.0 us] uo_out mismatch got=0x8b exp=0x16
470000.00ns ERROR    cocotb.heichips25_pudding          [470.0 us] uo_out mismatch got=0x16 exp=0x2c
471000.00ns ERROR    cocotb.heichips25_pudding          [471.0 us] uo_out mismatch got=0x2c exp=0x58
473000.00ns ERROR    cocotb.heichips25_pudding          [473.0 us] uo_out mismatch got=0x58 exp=0xb1
475000.00ns ERROR    cocotb.heichips25_pudding          [475.0 us] uo_out mismatch got=0xb1 exp=0x62
476000.00ns ERROR    cocotb.heichips25_pudding          [476.0 us] uo_out mismatch got=0x62 exp=0xc4
479000.00ns ERROR    cocotb.heichips25_pudding          [479.0 us] uo_out mismatch got=0xc4 exp=0x45
480000.00ns ERROR    cocotb.heichips25_pudding          [480.0 us] uo_out mismatch got=0x45 exp=0x8b
481000.00ns ERROR    cocotb.heichips25_pudding          [481.0 us] uo_out mismatch got=0x8b exp=0x16
482000.00ns ERROR    cocotb.heichips25_pudding          [482.0 us] uo_out mismatch got=0x16 exp=0x2c
483000.00ns ERROR    cocotb.heichips25_pudding          [483.0 us] uo_out mismatch got=0x2c exp=0x58
484000.00ns ERROR    cocotb.heichips25_pudding          [484.0 us] uo_out mismatch got=0x58 exp=0x45
486000.00ns ERROR    cocotb.heichips25_pudding          [486.0 us] uo_out mismatch got=0x45 exp=0x8b
487000.00ns ERROR    cocotb.heichips25_pudding          [487.0 us] uo_out mismatch got=0x8b exp=0x16
488000.00ns ERROR    cocotb.heichips25_pudding          [488.0 us] uo_out mismatch got=0x16 exp=0x2c
489000.00ns ERROR    cocotb.heichips25_pudding          [489.0 us] uo_out mismatch got=0x2c exp=0x45
490000.00ns ERROR    cocotb.heichips25_pudding          [490.0 us] uo_out mismatch got=0x45 exp=0x8b
491000.00ns ERROR    cocotb.heichips25_pudding          [491.0 us] uo_out mismatch got=0x8b exp=0x16
493000.00ns ERROR    cocotb.heichips25_pudding          [493.0 us] uo_out mismatch got=0x16 exp=0x2c
494000.00ns ERROR    cocotb.heichips25_pudding          [494.0 us] uo_out mismatch got=0x2c exp=0x58
495000.00ns ERROR    cocotb.heichips25_pudding          [495.0 us] uo_out mismatch got=0x58 exp=0xb1
496000.00ns ERROR    cocotb.heichips25_pudding          [496.0 us] uio_out mismatch got=0x45 exp=0xb1
497000.00ns ERROR    cocotb.heichips25_pudding          [497.0 us] uo_out mismatch got=0xb1 exp=0x62
498000.00ns ERROR    cocotb.heichips25_pudding          [498.0 us] uo_out mismatch got=0x62 exp=0xc4
499000.00ns ERROR    cocotb.heichips25_pudding          [499.0 us] uo_out mismatch got=0xc4 exp=0x89
500000.00ns ERROR    cocotb.heichips25_pudding          [500.0 us] uo_out mismatch got=0x89 exp=0x12
501000.00ns ERROR    cocotb.heichips25_pudding          [501.0 us] uo_out mismatch got=0x12 exp=0x24
502000.00ns ERROR    cocotb.heichips25_pudding          [502.0 us] uo_out mismatch got=0x24 exp=0x48
503000.00ns ERROR    cocotb.heichips25_pudding          [503.0 us] uo_out mismatch got=0x48 exp=0x90
504000.00ns ERROR    cocotb.heichips25_pudding          [504.0 us] uo_out mismatch got=0x90 exp=0x20
505000.00ns ERROR    cocotb.heichips25_pudding          [505.0 us] uo_out mismatch got=0x20 exp=0x40
506000.00ns ERROR    cocotb.heichips25_pudding          [506.0 us] uio_out mismatch got=0xb1 exp=0x40
507000.00ns ERROR    cocotb.heichips25_pudding          [507.0 us] uo_out mismatch got=0x40 exp=0x80
508000.00ns ERROR    cocotb.heichips25_pudding          [508.0 us] uo_out mismatch got=0x80 exp=0x40
509000.00ns ERROR    cocotb.heichips25_pudding          [509.0 us] uo_out mismatch got=0x40 exp=0x80
510000.00ns ERROR    cocotb.heichips25_pudding          [510.0 us] uo_out mismatch got=0x80 exp=0x01
511000.00ns ERROR    cocotb.heichips25_pudding          [511.0 us] uo_out mismatch got=0x01 exp=0x03
512000.00ns ERROR    cocotb.heichips25_pudding          [512.0 us] uo_out mismatch got=0x03 exp=0x06
513000.00ns ERROR    cocotb.heichips25_pudding          [513.0 us] uo_out mismatch got=0x06 exp=0x0d
515000.00ns ERROR    cocotb.heichips25_pudding          [515.0 us] uio_out mismatch got=0x40 exp=0x0d
517000.00ns ERROR    cocotb.heichips25_pudding          [517.0 us] uo_out mismatch got=0x0d exp=0x1a
518000.00ns ERROR    cocotb.heichips25_pudding          [518.0 us] uo_out mismatch got=0x1a exp=0x35
519000.00ns ERROR    cocotb.heichips25_pudding          [519.0 us] uo_out mismatch got=0x35 exp=0x0d
520000.00ns ERROR    cocotb.heichips25_pudding          [520.0 us] uo_out mismatch got=0x0d exp=0x1a
521000.00ns ERROR    cocotb.heichips25_pudding          [521.0 us] uo_out mismatch got=0x1a exp=0x35
522000.00ns ERROR    cocotb.heichips25_pudding          [522.0 us] uo_out mismatch got=0x35 exp=0x6b
524000.00ns ERROR    cocotb.heichips25_pudding          [524.0 us] uo_out mismatch got=0x6b exp=0xd7
525000.00ns ERROR    cocotb.heichips25_pudding          [525.0 us] uo_out mismatch got=0xd7 exp=0xaf
526000.00ns ERROR    cocotb.heichips25_pudding          [526.0 us] uo_out mismatch got=0xaf exp=0x5e
527000.00ns ERROR    cocotb.heichips25_pudding          [527.0 us] uo_out mismatch got=0x5e exp=0xbd
528000.00ns ERROR    cocotb.heichips25_pudding          [528.0 us] uo_out mismatch got=0xbd exp=0x7a
529000.00ns ERROR    cocotb.heichips25_pudding          [529.0 us] uo_out mismatch got=0x7a exp=0xf5
530000.00ns ERROR    cocotb.heichips25_pudding          [530.0 us] uo_out mismatch got=0xf5 exp=0xea
531000.00ns ERROR    cocotb.heichips25_pudding          [531.0 us] uo_out mismatch got=0xea exp=0xd4
532000.00ns ERROR    cocotb.heichips25_pudding          [532.0 us] uo_out mismatch got=0xd4 exp=0xa9
533000.00ns ERROR    cocotb.heichips25_pudding          [533.0 us] uo_out mismatch got=0xa9 exp=0x52
534000.00ns ERROR    cocotb.heichips25_pudding          [534.0 us] uo_out mismatch got=0x52 exp=0xa4
535000.00ns ERROR    cocotb.heichips25_pudding          [535.0 us] uo_out mismatch got=0xa4 exp=0x49
536000.00ns ERROR    cocotb.heichips25_pudding          [536.0 us] uo_out mismatch got=0x49 exp=0x93
537000.00ns ERROR    cocotb.heichips25_pudding          [537.0 us] uo_out mismatch got=0x93 exp=0x27
538000.00ns ERROR    cocotb.heichips25_pudding          [538.0 us] uio_out mismatch got=0x0d exp=0x27
539000.00ns ERROR    cocotb.heichips25_pudding          [539.0 us] uo_out mismatch got=0x27 exp=0x4e
541000.00ns ERROR    cocotb.heichips25_pudding          [541.0 us] uo_out mismatch got=0x4e exp=0x9c
543000.00ns ERROR    cocotb.heichips25_pudding          [543.0 us] uo_out mismatch got=0x9c exp=0x27
546000.00ns ERROR    cocotb.heichips25_pudding          [546.0 us] uo_out mismatch got=0x27 exp=0x4e
547000.00ns ERROR    cocotb.heichips25_pudding          [547.0 us] uo_out mismatch got=0x4e exp=0x9c
548000.00ns ERROR    cocotb.heichips25_pudding          [548.0 us] uo_out mismatch got=0x9c exp=0x39
549000.00ns ERROR    cocotb.heichips25_pudding          [549.0 us] uo_out mismatch got=0x39 exp=0x72
550000.00ns ERROR    cocotb.heichips25_pudding          [550.0 us] uio_out mismatch got=0x27 exp=0x72
551000.00ns ERROR    cocotb.heichips25_pudding          [551.0 us] uo_out mismatch got=0x72 exp=0xe5
552000.00ns ERROR    cocotb.heichips25_pudding          [552.0 us] uio_out mismatch got=0x72 exp=0xe5
553000.00ns ERROR    cocotb.heichips25_pudding          [553.0 us] uo_out mismatch got=0xe5 exp=0xca
554000.00ns ERROR    cocotb.heichips25_pudding          [554.0 us] uo_out mismatch got=0xca exp=0x95
555000.00ns ERROR    cocotb.heichips25_pudding          [555.0 us] uo_out mismatch got=0x95 exp=0x2b
556000.00ns ERROR    cocotb.heichips25_pudding          [556.0 us] uo_out mismatch got=0x2b exp=0x57
557000.00ns ERROR    cocotb.heichips25_pudding          [557.0 us] uio_out mismatch got=0xe5 exp=0x57
559000.00ns ERROR    cocotb.heichips25_pudding          [559.0 us] uo_out mismatch got=0x57 exp=0xae
560000.00ns ERROR    cocotb.heichips25_pudding          [560.0 us] uio_out mismatch got=0x57 exp=0xae
561000.00ns ERROR    cocotb.heichips25_pudding          [561.0 us] uo_out mismatch got=0xae exp=0x5c
562000.00ns ERROR    cocotb.heichips25_pudding          [562.0 us] uo_out mismatch got=0x5c exp=0xae
564000.00ns ERROR    cocotb.heichips25_pudding          [564.0 us] uo_out mismatch got=0xae exp=0x5c
566000.00ns ERROR    cocotb.heichips25_pudding          [566.0 us] uo_out mismatch got=0x5c exp=0xb8
567000.00ns ERROR    cocotb.heichips25_pudding          [567.0 us] uo_out mismatch got=0xb8 exp=0x71
569000.00ns ERROR    cocotb.heichips25_pudding          [569.0 us] uo_out mismatch got=0x71 exp=0xe3
570000.00ns ERROR    cocotb.heichips25_pudding          [570.0 us] uo_out mismatch got=0xe3 exp=0xc7
571000.00ns ERROR    cocotb.heichips25_pudding          [571.0 us] uo_out mismatch got=0xc7 exp=0x8e
572000.00ns ERROR    cocotb.heichips25_pudding          [572.0 us] uo_out mismatch got=0x8e exp=0x1d
573000.00ns ERROR    cocotb.heichips25_pudding          [573.0 us] uo_out mismatch got=0x1d exp=0xae
575000.00ns ERROR    cocotb.heichips25_pudding          [575.0 us] uo_out mismatch got=0xae exp=0x5c
576000.00ns ERROR    cocotb.heichips25_pudding          [576.0 us] uo_out mismatch got=0x5c exp=0xb8
577000.00ns ERROR    cocotb.heichips25_pudding          [577.0 us] uo_out mismatch got=0xb8 exp=0x71
578000.00ns ERROR    cocotb.heichips25_pudding          [578.0 us] uo_out mismatch got=0x71 exp=0xe3
579000.00ns ERROR    cocotb.heichips25_pudding          [579.0 us] uio_out mismatch got=0xae exp=0xe3
581000.00ns ERROR    cocotb.heichips25_pudding          [581.0 us] uo_out mismatch got=0xe3 exp=0xc7
582000.00ns ERROR    cocotb.heichips25_pudding          [582.0 us] uo_out mismatch got=0xc7 exp=0x8e
583000.00ns ERROR    cocotb.heichips25_pudding          [583.0 us] uo_out mismatch got=0x8e exp=0x1d
584000.00ns ERROR    cocotb.heichips25_pudding          [584.0 us] uo_out mismatch got=0x1d exp=0x3a
585000.00ns ERROR    cocotb.heichips25_pudding          [585.0 us] uio_out mismatch got=0xe3 exp=0x3a
588000.00ns ERROR    cocotb.heichips25_pudding          [588.0 us] uo_out mismatch got=0x3a exp=0x74
590000.00ns ERROR    cocotb.heichips25_pudding          [590.0 us] uo_out mismatch got=0x74 exp=0xe8
591000.00ns ERROR    cocotb.heichips25_pudding          [591.0 us] uo_out mismatch got=0xe8 exp=0xd1
592000.00ns ERROR    cocotb.heichips25_pudding          [592.0 us] uio_out mismatch got=0x3a exp=0xd1
594000.00ns ERROR    cocotb.heichips25_pudding          [594.0 us] uo_out mismatch got=0xd1 exp=0xa3
595000.00ns ERROR    cocotb.heichips25_pudding          [595.0 us] uo_out mismatch got=0xa3 exp=0xd1
597000.00ns ERROR    cocotb.heichips25_pudding          [597.0 us] uo_out mismatch got=0xd1 exp=0xa3
598000.00ns ERROR    cocotb.heichips25_pudding          [598.0 us] uo_out mismatch got=0xa3 exp=0x47
599000.00ns ERROR    cocotb.heichips25_pudding          [599.0 us] uo_out mismatch got=0x47 exp=0x8f
600000.00ns ERROR    cocotb.heichips25_pudding          [600.0 us] uo_out mismatch got=0x8f exp=0x1e
601000.00ns ERROR    cocotb.heichips25_pudding          [601.0 us] uio_out mismatch got=0xd1 exp=0x1e
602000.00ns ERROR    cocotb.heichips25_pudding          [602.0 us] uo_out mismatch got=0x1e exp=0x3d
604000.00ns ERROR    cocotb.heichips25_pudding          [604.0 us] uo_out mismatch got=0x3d exp=0x7a
605000.00ns ERROR    cocotb.heichips25_pudding          [605.0 us] uo_out mismatch got=0x7a exp=0xf4
606000.00ns ERROR    cocotb.heichips25_pudding          [606.0 us] uo_out mismatch got=0xf4 exp=0xe9
607000.00ns ERROR    cocotb.heichips25_pudding          [607.0 us] uo_out mismatch got=0xe9 exp=0xd3
608000.00ns ERROR    cocotb.heichips25_pudding          [608.0 us] uo_out mismatch got=0xd3 exp=0xa7
609000.00ns ERROR    cocotb.heichips25_pudding          [609.0 us] uo_out mismatch got=0xa7 exp=0x4f
610000.00ns ERROR    cocotb.heichips25_pudding          [610.0 us] uo_out mismatch got=0x4f exp=0x9f
611000.00ns ERROR    cocotb.heichips25_pudding          [611.0 us] uo_out mismatch got=0x9f exp=0x3e
613000.00ns ERROR    cocotb.heichips25_pudding          [613.0 us] uio_out mismatch got=0x1e exp=0x3e
614000.00ns ERROR    cocotb.heichips25_pudding          [614.0 us] uo_out mismatch got=0x3e exp=0x7c
615000.00ns ERROR    cocotb.heichips25_pudding          [615.0 us] uo_out mismatch got=0x7c exp=0xf8
616000.00ns ERROR    cocotb.heichips25_pudding          [616.0 us] uo_out mismatch got=0xf8 exp=0xf1
618000.00ns ERROR    cocotb.heichips25_pudding          [618.0 us] uo_out mismatch got=0xf1 exp=0xe2
619000.00ns ERROR    cocotb.heichips25_pudding          [619.0 us] uo_out mismatch got=0xe2 exp=0xc4
620000.00ns ERROR    cocotb.heichips25_pudding          [620.0 us] uo_out mismatch got=0xc4 exp=0x88
621000.00ns ERROR    cocotb.heichips25_pudding          [621.0 us] uo_out mismatch got=0x88 exp=0x10
622000.00ns ERROR    cocotb.heichips25_pudding          [622.0 us] uo_out mismatch got=0x10 exp=0x20
624000.00ns ERROR    cocotb.heichips25_pudding          [624.0 us] uo_out mismatch got=0x20 exp=0x3e
626000.00ns ERROR    cocotb.heichips25_pudding          [626.0 us] uo_out mismatch got=0x3e exp=0x7c
627000.00ns ERROR    cocotb.heichips25_pudding          [627.0 us] uio_out mismatch got=0x3e exp=0x7c
628000.00ns ERROR    cocotb.heichips25_pudding          [628.0 us] uo_out mismatch got=0x7c exp=0xf8
629000.00ns ERROR    cocotb.heichips25_pudding          [629.0 us] uo_out mismatch got=0xf8 exp=0xf1
630000.00ns ERROR    cocotb.heichips25_pudding          [630.0 us] uo_out mismatch got=0xf1 exp=0xe2
631000.00ns ERROR    cocotb.heichips25_pudding          [631.0 us] uo_out mismatch got=0xe2 exp=0xc4
632000.00ns ERROR    cocotb.heichips25_pudding          [632.0 us] uio_out mismatch got=0x7c exp=0xc4
633000.00ns ERROR    cocotb.heichips25_pudding          [633.0 us] uo_out mismatch got=0xc4 exp=0x88
634000.00ns ERROR    cocotb.heichips25_pudding          [634.0 us] uo_out mismatch got=0x88 exp=0x10
635000.00ns ERROR    cocotb.heichips25_pudding          [635.0 us] uo_out mismatch got=0x10 exp=0x20
636000.00ns ERROR    cocotb.heichips25_pudding          [636.0 us] uo_out mismatch got=0x20 exp=0x40
637000.00ns ERROR    cocotb.heichips25_pudding          [637.0 us] uo_out mismatch got=0x40 exp=0x81
638000.00ns ERROR    cocotb.heichips25_pudding          [638.0 us] uo_out mismatch got=0x81 exp=0x02
639000.00ns ERROR    cocotb.heichips25_pudding          [639.0 us] uo_out mismatch got=0x02 exp=0x05
641000.00ns ERROR    cocotb.heichips25_pudding          [641.0 us] uio_out mismatch got=0xc4 exp=0x05
642000.00ns ERROR    cocotb.heichips25_pudding          [642.0 us] uo_out mismatch got=0x05 exp=0x0b
643000.00ns ERROR    cocotb.heichips25_pudding          [643.0 us] uo_out mismatch got=0x0b exp=0x17
644000.00ns ERROR    cocotb.heichips25_pudding          [644.0 us] uo_out mismatch got=0x17 exp=0x05
646000.00ns ERROR    cocotb.heichips25_pudding          [646.0 us] uo_out mismatch got=0x05 exp=0x0b
647000.00ns ERROR    cocotb.heichips25_pudding          [647.0 us] uo_out mismatch got=0x0b exp=0x17
648000.00ns ERROR    cocotb.heichips25_pudding          [648.0 us] uo_out mismatch got=0x17 exp=0x2f
648000.00ns WARNING  ..chips25_pudding_smoke_and_random Test failed with 393 mismatches
                                                        assert 393 == 0
                                                        Traceback (most recent call last):
                                                          File "/home/cmaier/EDA/PUDDING/tb/testbench.py", line 182, in heichips25_pudding_smoke_and_random
                                                            assert errors == 0, f"Test failed with {errors} mismatches"
                                                        AssertionError: Test failed with 393 mismatches
                                                        assert 393 == 0
648000.00ns WARNING  cocotb.regression                  testbench.heichips25_pudding_smoke_and_random failed
648000.00ns INFO     cocotb.regression                  *******************************************************************************************************
                                                        ** TEST                                           STATUS  SIM TIME (ns)  REAL TIME (s)  RATIO (ns/s) **
                                                        *******************************************************************************************************
                                                        ** testbench.heichips25_pudding_smoke_and_random   FAIL      648000.00           0.53    1211613.78  **
                                                        *******************************************************************************************************
                                                        ** TESTS=1 PASS=0 FAIL=1 SKIP=0                              648000.00           0.54    1206129.45  **
                                                        *******************************************************************************************************
FST info: dumpfile /home/cmaier/EDA/PUDDING/tb/sim_build/heichips25_pudding.fst opened for output.
