# Logfile created on 2026-03-01 15:08:43 +0100 by logger.rb/v1.6.0
2026-03-01 15:08:43 +0100: Memory Usage (421448K) : Starting running IHP-SG13G2 KLayout DRC runset on /home/cmaier/EDA/PUDDING/gds/dac128module.gds
2026-03-01 15:08:43 +0100: Memory Usage (421448K) : Ruby Version for klayout: 3.3.10
2026-03-01 15:08:43 +0100: Memory Usage (422424K) : Loading database to memory is complete.
2026-03-01 15:08:43 +0100: Memory Usage (422424K) : IHP-SG13G2 KLayout DRC runset output at: /home/cmaier/EDA/PUDDING/gds/drc_run_dac128module/dac128module_dac128module_main.lyrdb
2026-03-01 15:08:43 +0100: Memory Usage (422424K) : Evaluate switches.
2026-03-01 15:08:43 +0100: Memory Usage (422424K) : tables selected: main
2026-03-01 15:08:43 +0100: Memory Usage (422424K) : KLayout will use 1 thread(s) in tiling mode.
2026-03-01 15:08:43 +0100: Memory Usage (422424K) : deep mode is enabled.
2026-03-01 15:08:43 +0100: Memory Usage (422424K) : FEOL enabled: true
2026-03-01 15:08:43 +0100: Memory Usage (422424K) : BEOL enabled: true
2026-03-01 15:08:43 +0100: Memory Usage (422424K) : OFFGRID enabled: true
2026-03-01 15:08:43 +0100: Memory Usage (422424K) : PIN enabled: true
2026-03-01 15:08:43 +0100: Memory Usage (422424K) : FORBIDDEN enabled: true
2026-03-01 15:08:43 +0100: Memory Usage (422424K) : RECOMMENDED enabled: true
2026-03-01 15:08:43 +0100: Memory Usage (422424K) : PreCheck DRC enabled: false
2026-03-01 15:08:43 +0100: Memory Usage (422424K) : CONNECTIVITY_RULES enabled: true.
2026-03-01 15:08:43 +0100: Memory Usage (422424K) : Read in polygons from layers.
2026-03-01 15:08:43 +0100: Memory Usage (423452K) : activ_drw has 1852 polygons
2026-03-01 15:08:43 +0100: Memory Usage (423452K) : activ_pin has 0 polygons
2026-03-01 15:08:43 +0100: Memory Usage (423452K) : activ_mask has 0 polygons
2026-03-01 15:08:43 +0100: Memory Usage (423452K) : activ_filler has 0 polygons
2026-03-01 15:08:43 +0100: Memory Usage (423452K) : activ_nofill has 0 polygons
2026-03-01 15:08:43 +0100: Memory Usage (423452K) : activ_opc has 0 polygons
2026-03-01 15:08:43 +0100: Memory Usage (423452K) : activ_iopc has 0 polygons
2026-03-01 15:08:43 +0100: Memory Usage (423452K) : activ_noqrc has 0 polygons
2026-03-01 15:08:43 +0100: Memory Usage (423452K) : biwind_drw has 0 polygons
2026-03-01 15:08:43 +0100: Memory Usage (423452K) : biwind_opc has 0 polygons
2026-03-01 15:08:43 +0100: Memory Usage (423452K) : pemwind_drw has 0 polygons
2026-03-01 15:08:43 +0100: Memory Usage (423452K) : gatpoly_drw has 1988 polygons
2026-03-01 15:08:43 +0100: Memory Usage (423452K) : gatpoly_pin has 0 polygons
2026-03-01 15:08:43 +0100: Memory Usage (423452K) : gatpoly_filler has 0 polygons
2026-03-01 15:08:43 +0100: Memory Usage (423452K) : gatpoly_nofill has 0 polygons
2026-03-01 15:08:43 +0100: Memory Usage (423452K) : gatpoly_opc has 0 polygons
2026-03-01 15:08:43 +0100: Memory Usage (423452K) : gatpoly_iopc has 0 polygons
2026-03-01 15:08:43 +0100: Memory Usage (423452K) : gatpoly_noqrc has 0 polygons
2026-03-01 15:08:43 +0100: Memory Usage (423452K) : cont_drw has 8324 polygons
2026-03-01 15:08:43 +0100: Memory Usage (423452K) : cont_opc has 0 polygons
2026-03-01 15:08:43 +0100: Memory Usage (423580K) : nsd_drw has 0 polygons
2026-03-01 15:08:43 +0100: Memory Usage (423580K) : nsd_block has 0 polygons
2026-03-01 15:08:43 +0100: Memory Usage (423580K) : metal1_drw has 6773 polygons
2026-03-01 15:08:43 +0100: Memory Usage (423580K) : metal1_pin has 931 polygons
2026-03-01 15:08:43 +0100: Memory Usage (423580K) : metal1_mask has 0 polygons
2026-03-01 15:08:43 +0100: Memory Usage (423580K) : metal1_filler has 0 polygons
2026-03-01 15:08:43 +0100: Memory Usage (423708K) : metal1_nofill has 0 polygons
2026-03-01 15:08:43 +0100: Memory Usage (423708K) : metal1_slit has 0 polygons
2026-03-01 15:08:43 +0100: Memory Usage (424096K) : metal1_text has 931 polygons
2026-03-01 15:08:43 +0100: Memory Usage (424096K) : metal1_opc has 0 polygons
2026-03-01 15:08:43 +0100: Memory Usage (424352K) : metal1_noqrc has 0 polygons
2026-03-01 15:08:43 +0100: Memory Usage (424352K) : metal1_res has 0 polygons
2026-03-01 15:08:43 +0100: Memory Usage (424352K) : metal1_iprobe has 0 polygons
2026-03-01 15:08:43 +0100: Memory Usage (424352K) : metal1_diffprb has 0 polygons
2026-03-01 15:08:43 +0100: Memory Usage (424352K) : passiv_drw has 0 polygons
2026-03-01 15:08:43 +0100: Memory Usage (424352K) : passiv_pin has 0 polygons
2026-03-01 15:08:43 +0100: Memory Usage (424352K) : passiv_sbump has 0 polygons
2026-03-01 15:08:43 +0100: Memory Usage (424352K) : passiv_pillar has 0 polygons
2026-03-01 15:08:43 +0100: Memory Usage (424480K) : passiv_pdl has 0 polygons
2026-03-01 15:08:43 +0100: Memory Usage (424480K) : metal2_drw has 2787 polygons
2026-03-01 15:08:43 +0100: Memory Usage (424608K) : metal2_pin has 1980 polygons
2026-03-01 15:08:43 +0100: Memory Usage (424608K) : metal2_mask has 0 polygons
2026-03-01 15:08:43 +0100: Memory Usage (424736K) : metal2_filler has 0 polygons
2026-03-01 15:08:43 +0100: Memory Usage (424736K) : metal2_nofill has 0 polygons
2026-03-01 15:08:43 +0100: Memory Usage (424864K) : metal2_slit has 0 polygons
2026-03-01 15:08:43 +0100: Memory Usage (424864K) : metal2_text has 1980 polygons
2026-03-01 15:08:43 +0100: Memory Usage (424992K) : metal2_opc has 0 polygons
2026-03-01 15:08:43 +0100: Memory Usage (424992K) : metal2_noqrc has 0 polygons
2026-03-01 15:08:43 +0100: Memory Usage (424992K) : metal2_res has 0 polygons
2026-03-01 15:08:43 +0100: Memory Usage (425120K) : metal2_iprobe has 0 polygons
2026-03-01 15:08:43 +0100: Memory Usage (425120K) : metal2_diffprb has 0 polygons
2026-03-01 15:08:43 +0100: Memory Usage (425248K) : baspoly_drw has 0 polygons
2026-03-01 15:08:43 +0100: Memory Usage (425248K) : baspoly_pin has 0 polygons
2026-03-01 15:08:43 +0100: Memory Usage (425248K) : psd_drw has 533 polygons
2026-03-01 15:08:43 +0100: Memory Usage (425248K) : nldb_drw has 0 polygons
2026-03-01 15:08:43 +0100: Memory Usage (425248K) : digibnd_drw has 0 polygons
2026-03-01 15:08:43 +0100: Memory Usage (425248K) : via1_drw has 1912 polygons
2026-03-01 15:08:43 +0100: Memory Usage (425248K) : backmetal1_drw has 0 polygons
2026-03-01 15:08:43 +0100: Memory Usage (425376K) : backmetal1_pin has 0 polygons
2026-03-01 15:08:43 +0100: Memory Usage (425376K) : backmetal1_mask has 0 polygons
2026-03-01 15:08:43 +0100: Memory Usage (425504K) : backmetal1_filler has 0 polygons
2026-03-01 15:08:43 +0100: Memory Usage (425504K) : backmetal1_nofill has 0 polygons
2026-03-01 15:08:43 +0100: Memory Usage (425632K) : backmetal1_slit has 0 polygons
2026-03-01 15:08:43 +0100: Memory Usage (425632K) : backmetal1_text has 0 polygons
2026-03-01 15:08:43 +0100: Memory Usage (425760K) : backmetal1_opc has 0 polygons
2026-03-01 15:08:43 +0100: Memory Usage (425760K) : backmetal1_noqrc has 0 polygons
2026-03-01 15:08:43 +0100: Memory Usage (425888K) : backmetal1_res has 0 polygons
2026-03-01 15:08:43 +0100: Memory Usage (425888K) : backmetal1_iprobe has 0 polygons
2026-03-01 15:08:43 +0100: Memory Usage (426016K) : backmetal1_diffprb has 0 polygons
2026-03-01 15:08:43 +0100: Memory Usage (426016K) : backpassiv_drw has 0 polygons
2026-03-01 15:08:43 +0100: Memory Usage (426144K) : res_drw has 0 polygons
2026-03-01 15:08:43 +0100: Memory Usage (426144K) : sram_drw has 0 polygons
2026-03-01 15:08:43 +0100: Memory Usage (426272K) : trans_drw has 0 polygons
2026-03-01 15:08:43 +0100: Memory Usage (426272K) : ind_drw has 0 polygons
2026-03-01 15:08:43 +0100: Memory Usage (426400K) : ind_pin has 0 polygons
2026-03-01 15:08:43 +0100: Memory Usage (426400K) : ind_text has 0 polygons
2026-03-01 15:08:43 +0100: Memory Usage (426528K) : salblock_drw has 0 polygons
2026-03-01 15:08:43 +0100: Memory Usage (426528K) : via2_drw has 680 polygons
2026-03-01 15:08:43 +0100: Memory Usage (426656K) : metal3_drw has 1103 polygons
2026-03-01 15:08:43 +0100: Memory Usage (426656K) : metal3_pin has 549 polygons
2026-03-01 15:08:43 +0100: Memory Usage (426784K) : metal3_mask has 0 polygons
2026-03-01 15:08:43 +0100: Memory Usage (426784K) : metal3_filler has 0 polygons
2026-03-01 15:08:43 +0100: Memory Usage (426912K) : metal3_nofill has 0 polygons
2026-03-01 15:08:43 +0100: Memory Usage (426912K) : metal3_slit has 0 polygons
2026-03-01 15:08:43 +0100: Memory Usage (426912K) : metal3_text has 417 polygons
2026-03-01 15:08:43 +0100: Memory Usage (427040K) : metal3_opc has 0 polygons
2026-03-01 15:08:43 +0100: Memory Usage (427040K) : metal3_noqrc has 0 polygons
2026-03-01 15:08:43 +0100: Memory Usage (427168K) : metal3_res has 0 polygons
2026-03-01 15:08:43 +0100: Memory Usage (427168K) : metal3_iprobe has 0 polygons
2026-03-01 15:08:43 +0100: Memory Usage (427296K) : metal3_diffprb has 0 polygons
2026-03-01 15:08:43 +0100: Memory Usage (427552K) : nwell_drw has 533 polygons
2026-03-01 15:08:43 +0100: Memory Usage (427680K) : nwell_pin has 0 polygons
2026-03-01 15:08:43 +0100: Memory Usage (427680K) : nbulay_drw has 0 polygons
2026-03-01 15:08:43 +0100: Memory Usage (427680K) : nbulay_pin has 0 polygons
2026-03-01 15:08:43 +0100: Memory Usage (427680K) : nbulay_block has 0 polygons
2026-03-01 15:08:43 +0100: Memory Usage (427680K) : emwind_drw has 0 polygons
2026-03-01 15:08:43 +0100: Memory Usage (427680K) : emwind_opc has 0 polygons
2026-03-01 15:08:43 +0100: Memory Usage (427680K) : deepco_drw has 0 polygons
2026-03-01 15:08:43 +0100: Memory Usage (427808K) : deepco_drw has 0 polygons
2026-03-01 15:08:43 +0100: Memory Usage (427808K) : mim_drw has 0 polygons
2026-03-01 15:08:43 +0100: Memory Usage (427936K) : edgeseal_drw has 0 polygons
2026-03-01 15:08:43 +0100: Memory Usage (427936K) : edgeseal_bound has 0 polygons
2026-03-01 15:08:43 +0100: Memory Usage (428064K) : substrate_drw has 0 polygons
2026-03-01 15:08:43 +0100: Memory Usage (428064K) : substrate_text has 0 polygons
2026-03-01 15:08:43 +0100: Memory Usage (428192K) : dfpad_drw has 0 polygons
2026-03-01 15:08:43 +0100: Memory Usage (428192K) : dfpad_pillar has 0 polygons
2026-03-01 15:08:43 +0100: Memory Usage (428320K) : dfpad_sbump has 0 polygons
2026-03-01 15:08:43 +0100: Memory Usage (428320K) : thickgateox_drw has 0 polygons
2026-03-01 15:08:43 +0100: Memory Usage (428448K) : pldb_drw has 0 polygons
2026-03-01 15:08:43 +0100: Memory Usage (428448K) : pwell_drw has 0 polygons
2026-03-01 15:08:43 +0100: Memory Usage (428576K) : pwell_pin has 0 polygons
2026-03-01 15:08:43 +0100: Memory Usage (428576K) : pwell_block has 0 polygons
2026-03-01 15:08:43 +0100: Memory Usage (428704K) : ic_drw has 0 polygons
2026-03-01 15:08:43 +0100: Memory Usage (428704K) : via3_drw has 960 polygons
2026-03-01 15:08:43 +0100: Memory Usage (428832K) : metal4_drw has 50 polygons
2026-03-01 15:08:43 +0100: Memory Usage (428832K) : metal4_pin has 0 polygons
2026-03-01 15:08:43 +0100: Memory Usage (428960K) : metal4_mask has 0 polygons
2026-03-01 15:08:43 +0100: Memory Usage (428960K) : metal4_filler has 0 polygons
2026-03-01 15:08:43 +0100: Memory Usage (429088K) : metal4_nofill has 0 polygons
2026-03-01 15:08:43 +0100: Memory Usage (429088K) : metal4_slit has 0 polygons
2026-03-01 15:08:43 +0100: Memory Usage (429216K) : metal4_text has 0 polygons
2026-03-01 15:08:43 +0100: Memory Usage (429216K) : metal4_opc has 0 polygons
2026-03-01 15:08:43 +0100: Memory Usage (429344K) : metal4_noqrc has 0 polygons
2026-03-01 15:08:43 +0100: Memory Usage (429344K) : metal4_res has 0 polygons
2026-03-01 15:08:43 +0100: Memory Usage (429472K) : metal4_iprobe has 0 polygons
2026-03-01 15:08:43 +0100: Memory Usage (429472K) : metal4_diffprb has 0 polygons
2026-03-01 15:08:43 +0100: Memory Usage (429600K) : heattrans_drw has 0 polygons
2026-03-01 15:08:43 +0100: Memory Usage (429600K) : heatres_drw has 0 polygons
2026-03-01 15:08:43 +0100: Memory Usage (429728K) : pempoly_drw has 0 polygons
2026-03-01 15:08:43 +0100: Memory Usage (429728K) : fbe_drw has 0 polygons
2026-03-01 15:08:43 +0100: Memory Usage (429856K) : empoly_drw has 0 polygons
2026-03-01 15:08:43 +0100: Memory Usage (429856K) : ldmos_drw has 0 polygons
2026-03-01 15:08:43 +0100: Memory Usage (429984K) : pbiwind_drw has 0 polygons
2026-03-01 15:08:43 +0100: Memory Usage (429984K) : digisub_drw has 0 polygons
2026-03-01 15:08:43 +0100: Memory Usage (430112K) : nodrc_drw has 0 polygons
2026-03-01 15:08:43 +0100: Memory Usage (430112K) : text_drw has 0 polygons
2026-03-01 15:08:43 +0100: Memory Usage (430240K) : via4_drw has 2000 polygons
2026-03-01 15:08:43 +0100: Memory Usage (430240K) : metal5_drw has 12 polygons
2026-03-01 15:08:43 +0100: Memory Usage (430368K) : metal5_pin has 2 polygons
2026-03-01 15:08:43 +0100: Memory Usage (430368K) : metal5_mask has 0 polygons
2026-03-01 15:08:43 +0100: Memory Usage (430496K) : metal5_filler has 0 polygons
2026-03-01 15:08:43 +0100: Memory Usage (430624K) : metal5_nofill has 0 polygons
2026-03-01 15:08:43 +0100: Memory Usage (430624K) : metal5_slit has 0 polygons
2026-03-01 15:08:43 +0100: Memory Usage (430624K) : metal5_text has 2 polygons
2026-03-01 15:08:43 +0100: Memory Usage (430752K) : metal5_opc has 0 polygons
2026-03-01 15:08:43 +0100: Memory Usage (430752K) : metal5_noqrc has 0 polygons
2026-03-01 15:08:43 +0100: Memory Usage (430880K) : metal5_res has 0 polygons
2026-03-01 15:08:43 +0100: Memory Usage (430880K) : metal5_iprobe has 0 polygons
2026-03-01 15:08:43 +0100: Memory Usage (431008K) : metal5_diffprb has 0 polygons
2026-03-01 15:08:43 +0100: Memory Usage (431008K) : radhard_drw has 0 polygons
2026-03-01 15:08:43 +0100: Memory Usage (431136K) : memcap_drw has 0 polygons
2026-03-01 15:08:43 +0100: Memory Usage (431136K) : varicap_drw has 0 polygons
2026-03-01 15:08:43 +0100: Memory Usage (431264K) : flash_drw has 0 polygons
2026-03-01 15:08:43 +0100: Memory Usage (431392K) : intbondvia_drw has 0 polygons
2026-03-01 15:08:43 +0100: Memory Usage (431520K) : intbondmet_drw has 0 polygons
2026-03-01 15:08:43 +0100: Memory Usage (431520K) : devbondvia_drw has 0 polygons
2026-03-01 15:08:43 +0100: Memory Usage (431520K) : devbondmet_drw has 0 polygons
2026-03-01 15:08:43 +0100: Memory Usage (431520K) : devtrench_drw has 0 polygons
2026-03-01 15:08:43 +0100: Memory Usage (431520K) : redist_drw has 0 polygons
2026-03-01 15:08:43 +0100: Memory Usage (431520K) : graphbot_drw has 0 polygons
2026-03-01 15:08:43 +0100: Memory Usage (431520K) : graphtop_drw has 0 polygons
2026-03-01 15:08:43 +0100: Memory Usage (431520K) : antvia1_drw has 0 polygons
2026-03-01 15:08:43 +0100: Memory Usage (431520K) : antmetal2_drw has 0 polygons
2026-03-01 15:08:43 +0100: Memory Usage (431520K) : graphcont_drw has 0 polygons
2026-03-01 15:08:43 +0100: Memory Usage (431520K) : siwg_drw has 0 polygons
2026-03-01 15:08:43 +0100: Memory Usage (431520K) : siwg_filler has 0 polygons
2026-03-01 15:08:43 +0100: Memory Usage (431520K) : siwg_nofill has 0 polygons
2026-03-01 15:08:43 +0100: Memory Usage (431520K) : sigrating_drw has 0 polygons
2026-03-01 15:08:43 +0100: Memory Usage (431520K) : singrating_drw has 0 polygons
2026-03-01 15:08:43 +0100: Memory Usage (431520K) : graphpas_drw has 0 polygons
2026-03-01 15:08:43 +0100: Memory Usage (431520K) : emwind3_drw has 0 polygons
2026-03-01 15:08:43 +0100: Memory Usage (431520K) : emwihv3_drw has 0 polygons
2026-03-01 15:08:43 +0100: Memory Usage (431520K) : redbulay_drw has 0 polygons
2026-03-01 15:08:43 +0100: Memory Usage (431520K) : smos_drw has 0 polygons
2026-03-01 15:08:43 +0100: Memory Usage (431520K) : graphpad_drw has 0 polygons
2026-03-01 15:08:43 +0100: Memory Usage (431520K) : polimide_drw has 0 polygons
2026-03-01 15:08:43 +0100: Memory Usage (431520K) : polimide_pin has 0 polygons
2026-03-01 15:08:43 +0100: Memory Usage (431520K) : recog_drw has 0 polygons
2026-03-01 15:08:43 +0100: Memory Usage (431520K) : recog_pin has 0 polygons
2026-03-01 15:08:43 +0100: Memory Usage (431520K) : recog_esd has 0 polygons
2026-03-01 15:08:43 +0100: Memory Usage (431520K) : recog_diode has 0 polygons
2026-03-01 15:08:43 +0100: Memory Usage (431520K) : recog_tsv has 0 polygons
2026-03-01 15:08:43 +0100: Memory Usage (431520K) : recog_iprobe has 0 polygons
2026-03-01 15:08:43 +0100: Memory Usage (431520K) : recog_diffprb has 0 polygons
2026-03-01 15:08:43 +0100: Memory Usage (431520K) : recog_pillar has 0 polygons
2026-03-01 15:08:43 +0100: Memory Usage (431520K) : recog_sbump has 0 polygons
2026-03-01 15:08:43 +0100: Memory Usage (431520K) : recog_otp has 0 polygons
2026-03-01 15:08:43 +0100: Memory Usage (431520K) : recog_pdiode has 0 polygons
2026-03-01 15:08:43 +0100: Memory Usage (431520K) : recog_mom has 0 polygons
2026-03-01 15:08:43 +0100: Memory Usage (431520K) : recog_pcm has 0 polygons
2026-03-01 15:08:43 +0100: Memory Usage (431520K) : colopen_drw has 0 polygons
2026-03-01 15:08:43 +0100: Memory Usage (431520K) : graphmetal1_drw has 0 polygons
2026-03-01 15:08:43 +0100: Memory Usage (431520K) : graphmetal1_filler has 0 polygons
2026-03-01 15:08:43 +0100: Memory Usage (431520K) : graphmetal1_nofill has 0 polygons
2026-03-01 15:08:43 +0100: Memory Usage (431520K) : graphmetal1_slit has 0 polygons
2026-03-01 15:08:43 +0100: Memory Usage (431520K) : graphmetal1_opc has 0 polygons
2026-03-01 15:08:43 +0100: Memory Usage (431520K) : graphmet1l_drw has 0 polygons
2026-03-01 15:08:43 +0100: Memory Usage (431520K) : graphmet1l_filler has 0 polygons
2026-03-01 15:08:43 +0100: Memory Usage (431520K) : graphmet1l_nofill has 0 polygons
2026-03-01 15:08:43 +0100: Memory Usage (431520K) : graphmet1l_slit has 0 polygons
2026-03-01 15:08:43 +0100: Memory Usage (431520K) : graphmet1l_opc has 0 polygons
2026-03-01 15:08:43 +0100: Memory Usage (431520K) : extblock_drw has 0 polygons
2026-03-01 15:08:43 +0100: Memory Usage (431520K) : nldd_drw has 0 polygons
2026-03-01 15:08:43 +0100: Memory Usage (431520K) : pldd_drw has 0 polygons
2026-03-01 15:08:43 +0100: Memory Usage (431520K) : next_drw has 0 polygons
2026-03-01 15:08:43 +0100: Memory Usage (431520K) : pext_drw has 0 polygons
2026-03-01 15:08:43 +0100: Memory Usage (431520K) : nexthv_drw has 0 polygons
2026-03-01 15:08:43 +0100: Memory Usage (431520K) : pexthv_drw has 0 polygons
2026-03-01 15:08:43 +0100: Memory Usage (431520K) : graphgate_drw has 0 polygons
2026-03-01 15:08:43 +0100: Memory Usage (431520K) : sinwg_drw has 0 polygons
2026-03-01 15:08:43 +0100: Memory Usage (431648K) : sinwg_filler has 0 polygons
2026-03-01 15:08:43 +0100: Memory Usage (431648K) : sinwg_nofill has 0 polygons
2026-03-01 15:08:43 +0100: Memory Usage (431776K) : mempad_drw has 0 polygons
2026-03-01 15:08:43 +0100: Memory Usage (431776K) : topvia1_drw has 0 polygons
2026-03-01 15:08:43 +0100: Memory Usage (431904K) : topmetal1_drw has 0 polygons
2026-03-01 15:08:43 +0100: Memory Usage (431904K) : topmetal1_pin has 0 polygons
2026-03-01 15:08:43 +0100: Memory Usage (432032K) : topmetal1_mask has 0 polygons
2026-03-01 15:08:43 +0100: Memory Usage (432032K) : topmetal1_filler has 0 polygons
2026-03-01 15:08:43 +0100: Memory Usage (432160K) : topmetal1_nofill has 0 polygons
2026-03-01 15:08:43 +0100: Memory Usage (432160K) : topmetal1_slit has 0 polygons
2026-03-01 15:08:43 +0100: Memory Usage (432288K) : topmetal1_text has 0 polygons
2026-03-01 15:08:43 +0100: Memory Usage (432288K) : topmetal1_noqrc has 0 polygons
2026-03-01 15:08:43 +0100: Memory Usage (432416K) : topmetal1_res has 0 polygons
2026-03-01 15:08:43 +0100: Memory Usage (432416K) : topmetal1_iprobe has 0 polygons
2026-03-01 15:08:43 +0100: Memory Usage (432544K) : topmetal1_diffprb has 0 polygons
2026-03-01 15:08:43 +0100: Memory Usage (432544K) : inldpwl_drw has 0 polygons
2026-03-01 15:08:43 +0100: Memory Usage (432672K) : polyres_drw has 0 polygons
2026-03-01 15:08:43 +0100: Memory Usage (432672K) : polyres_pin has 0 polygons
2026-03-01 15:08:43 +0100: Memory Usage (432800K) : vmim_drw has 0 polygons
2026-03-01 15:08:43 +0100: Memory Usage (432800K) : nbulaycut_drw has 0 polygons
2026-03-01 15:08:43 +0100: Memory Usage (432928K) : antmetal1_drw has 0 polygons
2026-03-01 15:08:43 +0100: Memory Usage (432928K) : topvia2_drw has 0 polygons
2026-03-01 15:08:43 +0100: Memory Usage (433056K) : topmetal2_drw has 0 polygons
2026-03-01 15:08:43 +0100: Memory Usage (433056K) : topmetal2_pin has 0 polygons
2026-03-01 15:08:43 +0100: Memory Usage (433184K) : topmetal2_mask has 0 polygons
2026-03-01 15:08:43 +0100: Memory Usage (433184K) : topmetal2_filler has 0 polygons
2026-03-01 15:08:43 +0100: Memory Usage (433312K) : topmetal2_nofill has 0 polygons
2026-03-01 15:08:43 +0100: Memory Usage (433312K) : topmetal2_slit has 0 polygons
2026-03-01 15:08:43 +0100: Memory Usage (433440K) : topmetal2_text has 0 polygons
2026-03-01 15:08:43 +0100: Memory Usage (433440K) : topmetal2_noqrc has 0 polygons
2026-03-01 15:08:43 +0100: Memory Usage (433568K) : topmetal2_res has 0 polygons
2026-03-01 15:08:43 +0100: Memory Usage (433568K) : topmetal2_iprobe has 0 polygons
2026-03-01 15:08:43 +0100: Memory Usage (433696K) : topmetal2_diffprb has 0 polygons
2026-03-01 15:08:43 +0100: Memory Usage (433696K) : snsring_drw has 0 polygons
2026-03-01 15:08:43 +0100: Memory Usage (433824K) : sensor_drw has 0 polygons
2026-03-01 15:08:43 +0100: Memory Usage (433824K) : snsarms_drw has 0 polygons
2026-03-01 15:08:43 +0100: Memory Usage (433952K) : snscmosvia_drw has 0 polygons
2026-03-01 15:08:43 +0100: Memory Usage (433952K) : colwind_drw has 0 polygons
2026-03-01 15:08:43 +0100: Memory Usage (434080K) : flm_drw has 0 polygons
2026-03-01 15:08:43 +0100: Memory Usage (434080K) : hafniumox_drw has 0 polygons
2026-03-01 15:08:43 +0100: Memory Usage (434208K) : memvia_drw has 0 polygons
2026-03-01 15:08:43 +0100: Memory Usage (434208K) : thinfilmres_drw has 0 polygons
2026-03-01 15:08:43 +0100: Memory Usage (434336K) : rfmem_drw has 0 polygons
2026-03-01 15:08:43 +0100: Memory Usage (434336K) : norcx_drw has 0 polygons
2026-03-01 15:08:43 +0100: Memory Usage (434464K) : norcx_m2m3 has 0 polygons
2026-03-01 15:08:43 +0100: Memory Usage (434464K) : norcx_m2m4 has 0 polygons
2026-03-01 15:08:43 +0100: Memory Usage (434720K) : norcx_m2m5 has 0 polygons
2026-03-01 15:08:43 +0100: Memory Usage (434720K) : norcx_m2tm1 has 0 polygons
2026-03-01 15:08:43 +0100: Memory Usage (434720K) : norcx_m2tm2 has 0 polygons
2026-03-01 15:08:43 +0100: Memory Usage (434720K) : norcx_m3m4 has 0 polygons
2026-03-01 15:08:43 +0100: Memory Usage (434720K) : norcx_m3m5 has 0 polygons
2026-03-01 15:08:43 +0100: Memory Usage (434720K) : norcx_m3tm1 has 0 polygons
2026-03-01 15:08:43 +0100: Memory Usage (434720K) : norcx_m3tm2 has 0 polygons
2026-03-01 15:08:43 +0100: Memory Usage (434720K) : norcx_m4m5 has 0 polygons
2026-03-01 15:08:43 +0100: Memory Usage (434720K) : norcx_m4tm1 has 0 polygons
2026-03-01 15:08:43 +0100: Memory Usage (434720K) : norcx_m4tm2 has 0 polygons
2026-03-01 15:08:43 +0100: Memory Usage (434720K) : norcx_m5tm1 has 0 polygons
2026-03-01 15:08:43 +0100: Memory Usage (434720K) : norcx_m5tm2 has 0 polygons
2026-03-01 15:08:43 +0100: Memory Usage (434720K) : norcx_tm1tm2 has 0 polygons
2026-03-01 15:08:43 +0100: Memory Usage (434720K) : norcx_m1sub has 0 polygons
2026-03-01 15:08:43 +0100: Memory Usage (434720K) : norcx_m2sub has 0 polygons
2026-03-01 15:08:43 +0100: Memory Usage (434720K) : norcx_m3sub has 0 polygons
2026-03-01 15:08:43 +0100: Memory Usage (434720K) : norcx_m4sub has 0 polygons
2026-03-01 15:08:43 +0100: Memory Usage (434720K) : norcx_m5sub has 0 polygons
2026-03-01 15:08:43 +0100: Memory Usage (434720K) : norcx_tm1sub has 0 polygons
2026-03-01 15:08:43 +0100: Memory Usage (434720K) : norcx_tm2sub has 0 polygons
2026-03-01 15:08:43 +0100: Memory Usage (434720K) : snsbotvia_drw has 0 polygons
2026-03-01 15:08:43 +0100: Memory Usage (434720K) : snstopvia_drw has 0 polygons
2026-03-01 15:08:43 +0100: Memory Usage (434720K) : deepvia_drw has 0 polygons
2026-03-01 15:08:43 +0100: Memory Usage (434720K) : fgetch_drw has 0 polygons
2026-03-01 15:08:43 +0100: Memory Usage (434720K) : ctrgat_drw has 0 polygons
2026-03-01 15:08:43 +0100: Memory Usage (434720K) : fgimp_drw has 0 polygons
2026-03-01 15:08:43 +0100: Memory Usage (434720K) : emwihv_drw has 0 polygons
2026-03-01 15:08:43 +0100: Memory Usage (434720K) : lbe_drw has 0 polygons
2026-03-01 15:08:43 +0100: Memory Usage (434720K) : alcustop_drw has 0 polygons
2026-03-01 15:08:43 +0100: Memory Usage (434720K) : nometfiller_drw has 0 polygons
2026-03-01 15:08:43 +0100: Memory Usage (434720K) : prboundary_drw has 0 polygons
2026-03-01 15:08:43 +0100: Memory Usage (434720K) : exchange0_drw has 0 polygons
2026-03-01 15:08:43 +0100: Memory Usage (434720K) : exchange0_pin has 0 polygons
2026-03-01 15:08:43 +0100: Memory Usage (434720K) : exchange0_text has 0 polygons
2026-03-01 15:08:43 +0100: Memory Usage (434720K) : exchange1_drw has 0 polygons
2026-03-01 15:08:43 +0100: Memory Usage (434720K) : exchange1_pin has 0 polygons
2026-03-01 15:08:43 +0100: Memory Usage (434720K) : exchange1_text has 0 polygons
2026-03-01 15:08:43 +0100: Memory Usage (434720K) : exchange2_drw has 0 polygons
2026-03-01 15:08:43 +0100: Memory Usage (434720K) : exchange2_pin has 0 polygons
2026-03-01 15:08:43 +0100: Memory Usage (434720K) : exchange2_text has 0 polygons
2026-03-01 15:08:43 +0100: Memory Usage (434720K) : exchange3_drw has 0 polygons
2026-03-01 15:08:43 +0100: Memory Usage (434720K) : exchange3_pin has 0 polygons
2026-03-01 15:08:43 +0100: Memory Usage (434720K) : exchange3_text has 0 polygons
2026-03-01 15:08:43 +0100: Memory Usage (434720K) : exchange4_drw has 0 polygons
2026-03-01 15:08:43 +0100: Memory Usage (434720K) : exchange4_pin has 0 polygons
2026-03-01 15:08:43 +0100: Memory Usage (434720K) : exchange4_text has 0 polygons
2026-03-01 15:08:43 +0100: Memory Usage (434720K) : isonwell_drw has 0 polygons
2026-03-01 15:08:43 +0100: Memory Usage (434720K) : Total no. of polygons in the design is 36299
2026-03-01 15:08:43 +0100: Memory Usage (434720K) : Loaded TECH DRC rules values from /home/cmaier/.ciel/ciel/ihp-sg13g2/versions/c4b8b4e5e7a05f375cca3815d51b3a37721fbf5c/ihp-sg13g2/libs.tech/klayout/python/sg13g2_pycell_lib/sg13g2_tech_mod.json
2026-03-01 15:08:43 +0100: Memory Usage (434720K) : Loaded default DRC rules values from /home/cmaier/.ciel/ciel/ihp-sg13g2/versions/c4b8b4e5e7a05f375cca3815d51b3a37721fbf5c/ihp-sg13g2/libs.tech/klayout/tech/drc/rule_decks/sg13g2_tech_default.json
2026-03-01 15:08:43 +0100: Memory Usage (434720K) : The following rules values were missing in tech json and default values were used:
2026-03-01 15:08:43 +0100: Memory Usage (434720K) :   - Cnt_c_digibnd
2026-03-01 15:08:43 +0100: Memory Usage (435472K) : Total area of the design is 3547.3437999999996 um^2.
2026-03-01 15:08:43 +0100: Memory Usage (435472K) : The design dimensions are 134.42000000000002 µm * 26.39 µm.
2026-03-01 15:08:43 +0100: Memory Usage (435472K) : Starting general IHP-SG13G2 derivations.
2026-03-01 15:08:43 +0100: Memory Usage (435472K) : Starting Pwell derivations
2026-03-01 15:08:43 +0100: Memory Usage (436980K) : Starting n-Activ derivations
2026-03-01 15:08:43 +0100: Memory Usage (436980K) : Starting p-Activ derivations
2026-03-01 15:08:43 +0100: Memory Usage (436980K) : Starting ptap derivations
2026-03-01 15:08:43 +0100: Memory Usage (437108K) : Starting ntap derivations
2026-03-01 15:08:43 +0100: Memory Usage (437108K) : Starting pact FET derivations
2026-03-01 15:08:43 +0100: Memory Usage (437108K) : Starting nact FET derivations
2026-03-01 15:08:43 +0100: Memory Usage (437108K) : Starting Gate derivations
2026-03-01 15:08:43 +0100: Memory Usage (437108K) : Starting cont/contbar general derivations
2026-03-01 15:08:43 +0100: Memory Usage (437260K) : Starting pad general derivations
2026-03-01 15:08:43 +0100: Memory Usage (437260K) : Starting IHP-SG13G2 DRC connectivity related derivations.
2026-03-01 15:08:43 +0100: Memory Usage (437260K) : Starting IHP-SG13G2 DRC connectivity setup
2026-03-01 15:08:43 +0100: Memory Usage (437536K) : Starting IHP-SG13G2 DRC rules.
2026-03-01 15:08:43 +0100: Memory Usage (437536K) : Running all FEOL rules
2026-03-01 15:08:43 +0100: Memory Usage (437536K) : Running all BEOL rules
2026-03-01 15:08:43 +0100: Memory Usage (437536K) : Running all PIN rules
2026-03-01 15:08:43 +0100: Memory Usage (437536K) : Running all FORBIDDEN rules
2026-03-01 15:08:43 +0100: Memory Usage (437536K) : Starting 5.1 NWell table
2026-03-01 15:08:43 +0100: Memory Usage (437536K) : Executing rule NW.b
2026-03-01 15:08:43 +0100: Memory Usage (439072K) : Executing rule NW.b1
2026-03-01 15:08:44 +0100: Memory Usage (439072K) : Starting 5.2 PWell:block
2026-03-01 15:08:44 +0100: Memory Usage (439072K) : Executing rule PWB.e
2026-03-01 15:08:44 +0100: Memory Usage (439072K) : Executing rule PWB.e1
2026-03-01 15:08:44 +0100: Memory Usage (439072K) : Executing rule PWB.f
2026-03-01 15:08:44 +0100: Memory Usage (439072K) : Executing rule PWB.f1
2026-03-01 15:08:44 +0100: Memory Usage (439072K) : Starting 5.3 nBuLay table
2026-03-01 15:08:44 +0100: Memory Usage (439072K) : Executing rule NBL.b
2026-03-01 15:08:44 +0100: Memory Usage (439072K) : Executing rule NBL.c
2026-03-01 15:08:44 +0100: Memory Usage (439072K) : Executing rule NBL.d
2026-03-01 15:08:44 +0100: Memory Usage (439072K) : Executing rule NBL.e
2026-03-01 15:08:44 +0100: Memory Usage (439072K) : Executing rule NBL.f
2026-03-01 15:08:44 +0100: Memory Usage (439072K) : Starting 5.5. Activ table
2026-03-01 15:08:44 +0100: Memory Usage (439072K) : Executing rule Act.a
2026-03-01 15:08:44 +0100: Memory Usage (439072K) : Executing rule Act.b
2026-03-01 15:08:44 +0100: Memory Usage (439212K) : Starting 5.6 Activ:filler table
2026-03-01 15:08:44 +0100: Memory Usage (439212K) : Executing rule AFil.c1
2026-03-01 15:08:44 +0100: Memory Usage (439212K) : Executing rule AFil.c
2026-03-01 15:08:44 +0100: Memory Usage (439212K) : Executing rule AFil.d
2026-03-01 15:08:44 +0100: Memory Usage (439212K) : Executing rule AFil.e
2026-03-01 15:08:44 +0100: Memory Usage (439212K) : Executing rule AFil.j
2026-03-01 15:08:44 +0100: Memory Usage (439212K) : Starting 5.7. ThickGateOx table
2026-03-01 15:08:44 +0100: Memory Usage (439212K) : Executing rule TGO.f
2026-03-01 15:08:44 +0100: Memory Usage (439212K) : Starting 5.8. GatPoly table
2026-03-01 15:08:44 +0100: Memory Usage (439212K) : Executing rule Gat.a
2026-03-01 15:08:44 +0100: Memory Usage (439212K) : Executing rule Gat.b
2026-03-01 15:08:44 +0100: Memory Usage (439212K) : Executing rule Gat.d
2026-03-01 15:08:44 +0100: Memory Usage (439212K) : Executing rule Gat.a1
2026-03-01 15:08:44 +0100: Memory Usage (439760K) : Executing rule Gat.a2
2026-03-01 15:08:44 +0100: Memory Usage (439760K) : Executing rule Gat.g
2026-03-01 15:08:44 +0100: Memory Usage (439760K) : Starting 5.9 GatPoly:filler
2026-03-01 15:08:44 +0100: Memory Usage (439760K) : Executing rule GFil.d
2026-03-01 15:08:44 +0100: Memory Usage (439760K) : Executing rule GFil.e
2026-03-01 15:08:44 +0100: Memory Usage (439760K) : Executing rule GFil.i
2026-03-01 15:08:44 +0100: Memory Usage (439760K) : Starting 5.10 pSD table
2026-03-01 15:08:44 +0100: Memory Usage (439760K) : Executing rule pSD.c1
2026-03-01 15:08:44 +0100: Memory Usage (439760K) : Starting 5.14. Cont table
2026-03-01 15:08:44 +0100: Memory Usage (439760K) : Executing rule Cnt.a
2026-03-01 15:08:44 +0100: Memory Usage (439760K) : Executing rule Cnt.b
2026-03-01 15:08:44 +0100: Memory Usage (439760K) : Executing rule Cnt.c
2026-03-01 15:08:44 +0100: Memory Usage (439760K) : Executing rule Cnt.c
2026-03-01 15:08:44 +0100: Memory Usage (439760K) : Executing rule Cnt.d
2026-03-01 15:08:44 +0100: Memory Usage (439760K) : Executing rule Cnt.e
2026-03-01 15:08:44 +0100: Memory Usage (439760K) : Executing rule Cnt.g1
2026-03-01 15:08:44 +0100: Memory Usage (439760K) : Executing rule Cnt.g2
2026-03-01 15:08:44 +0100: Memory Usage (439760K) : Starting 5.15. ContBar table
2026-03-01 15:08:44 +0100: Memory Usage (439760K) : Executing rule CntB.b1
2026-03-01 15:08:44 +0100: Memory Usage (439760K) : Executing rule CntB.h1
2026-03-01 15:08:44 +0100: Memory Usage (439760K) : Starting 6.1.3 NPN Substrate-Tie table
2026-03-01 15:08:44 +0100: Memory Usage (439760K) : Executing rule npn13G2.bR 
2026-03-01 15:08:44 +0100: Memory Usage (439760K) : Executing rule npn13G2L.cR 
2026-03-01 15:08:44 +0100: Memory Usage (439760K) : Executing rule npn13G2V.cR 
2026-03-01 15:08:44 +0100: Memory Usage (439760K) : Starting 6.7 Schottky diode table
2026-03-01 15:08:44 +0100: Memory Usage (439760K) : Executing rule Sdiod.d
2026-03-01 15:08:44 +0100: Memory Usage (439760K) : Executing rule Sdiod.e
2026-03-01 15:08:44 +0100: Memory Usage (439760K) : Starting 7.2 Latch-up table
2026-03-01 15:08:44 +0100: Memory Usage (439760K) : Executing rule LU.b
2026-03-01 15:08:44 +0100: Memory Usage (439760K) : Starting 5.16. Metal1 table
2026-03-01 15:08:44 +0100: Memory Usage (439760K) : Executing rule M1.a
2026-03-01 15:08:44 +0100: Memory Usage (439760K) : Executing rule M1.b
2026-03-01 15:08:44 +0100: Memory Usage (440400K) : Executing rule M1.e
2026-03-01 15:08:44 +0100: Memory Usage (440400K) : Executing rule M1.f
2026-03-01 15:08:45 +0100: Memory Usage (440400K) : Executing rule M1.g
2026-03-01 15:08:45 +0100: Memory Usage (440400K) : Executing rule M1.i
2026-03-01 15:08:45 +0100: Memory Usage (440400K) : Starting 5.17 Metaln table
2026-03-01 15:08:45 +0100: Memory Usage (440400K) : Executing rule M2.a
2026-03-01 15:08:45 +0100: Memory Usage (440400K) : Executing rule M2.b
2026-03-01 15:08:45 +0100: Memory Usage (440400K) : Executing rule M2.e
2026-03-01 15:08:45 +0100: Memory Usage (440400K) : Executing rule M2.f
2026-03-01 15:08:45 +0100: Memory Usage (440400K) : Executing rule M2.g
2026-03-01 15:08:45 +0100: Memory Usage (440400K) : Executing rule M2.i
2026-03-01 15:08:45 +0100: Memory Usage (440400K) : Executing rule M3.a
2026-03-01 15:08:45 +0100: Memory Usage (440400K) : Executing rule M3.b
2026-03-01 15:08:45 +0100: Memory Usage (440400K) : Executing rule M3.e
2026-03-01 15:08:45 +0100: Memory Usage (440400K) : Executing rule M3.f
2026-03-01 15:08:45 +0100: Memory Usage (440400K) : Executing rule M3.g
2026-03-01 15:08:45 +0100: Memory Usage (440400K) : Executing rule M3.i
2026-03-01 15:08:45 +0100: Memory Usage (440400K) : Executing rule M4.a
2026-03-01 15:08:45 +0100: Memory Usage (440400K) : Executing rule M4.b
2026-03-01 15:08:45 +0100: Memory Usage (440400K) : Executing rule M4.e
2026-03-01 15:08:45 +0100: Memory Usage (440400K) : Executing rule M4.f
2026-03-01 15:08:45 +0100: Memory Usage (440400K) : Executing rule M4.g
2026-03-01 15:08:45 +0100: Memory Usage (440400K) : Executing rule M4.i
2026-03-01 15:08:45 +0100: Memory Usage (440400K) : Executing rule M5.a
2026-03-01 15:08:45 +0100: Memory Usage (440400K) : Executing rule M5.b
2026-03-01 15:08:45 +0100: Memory Usage (440400K) : Executing rule M5.e
2026-03-01 15:08:45 +0100: Memory Usage (440400K) : Executing rule M5.f
2026-03-01 15:08:45 +0100: Memory Usage (440400K) : Executing rule M5.g
2026-03-01 15:08:45 +0100: Memory Usage (440400K) : Executing rule M5.i
2026-03-01 15:08:45 +0100: Memory Usage (440400K) : Starting 5.18 Metaln:filler table
2026-03-01 15:08:45 +0100: Memory Usage (440400K) : Executing rule M1Fil.c
2026-03-01 15:08:45 +0100: Memory Usage (440400K) : Executing rule M1Fil.a2
2026-03-01 15:08:45 +0100: Memory Usage (440400K) : Executing rule M2Fil.c
2026-03-01 15:08:45 +0100: Memory Usage (440400K) : Executing rule M2Fil.a2
2026-03-01 15:08:45 +0100: Memory Usage (440400K) : Executing rule M3Fil.c
2026-03-01 15:08:45 +0100: Memory Usage (440400K) : Executing rule M3Fil.a2
2026-03-01 15:08:45 +0100: Memory Usage (440400K) : Executing rule M4Fil.c
2026-03-01 15:08:45 +0100: Memory Usage (440400K) : Executing rule M4Fil.a2
2026-03-01 15:08:45 +0100: Memory Usage (440400K) : Executing rule M5Fil.c
2026-03-01 15:08:45 +0100: Memory Usage (440400K) : Executing rule M5Fil.a2
2026-03-01 15:08:45 +0100: Memory Usage (440400K) : Starting 5.19. Via1 table
2026-03-01 15:08:45 +0100: Memory Usage (440400K) : Starting 5.19. Via1 table derivations
2026-03-01 15:08:45 +0100: Memory Usage (440400K) : Executing rule V1.a
2026-03-01 15:08:45 +0100: Memory Usage (440400K) : Executing rule V1.b
2026-03-01 15:08:45 +0100: Memory Usage (440400K) : Executing rule V1.c
2026-03-01 15:08:45 +0100: Memory Usage (440528K) : Starting 5.20. Vian table
2026-03-01 15:08:45 +0100: Memory Usage (440656K) : Executing rule V2.a
2026-03-01 15:08:45 +0100: Memory Usage (440912K) : Executing rule V2.b
2026-03-01 15:08:45 +0100: Memory Usage (441168K) : Executing rule V2.c
2026-03-01 15:08:45 +0100: Memory Usage (441296K) : Executing rule V3.a
2026-03-01 15:08:45 +0100: Memory Usage (441680K) : Executing rule V3.b
2026-03-01 15:08:45 +0100: Memory Usage (441808K) : Executing rule V3.c
2026-03-01 15:08:45 +0100: Memory Usage (442104K) : Executing rule V4.a
2026-03-01 15:08:45 +0100: Memory Usage (442104K) : Executing rule V4.b
2026-03-01 15:08:45 +0100: Memory Usage (442104K) : Executing rule V4.c
2026-03-01 15:08:45 +0100: Memory Usage (442104K) : Starting 5.21. TopVia1 table
2026-03-01 15:08:45 +0100: Memory Usage (442104K) : Executing rule TV1.a
2026-03-01 15:08:45 +0100: Memory Usage (442104K) : Executing rule TV1.b
2026-03-01 15:08:45 +0100: Memory Usage (442104K) : Executing rule TV1.c
2026-03-01 15:08:45 +0100: Memory Usage (442104K) : Executing rule TV1.d
2026-03-01 15:08:45 +0100: Memory Usage (442104K) : Starting 5.22. TopMetal1 table
2026-03-01 15:08:45 +0100: Memory Usage (442104K) : Executing rule TM1.a
2026-03-01 15:08:45 +0100: Memory Usage (442104K) : Executing rule TM1.b
2026-03-01 15:08:45 +0100: Memory Usage (442104K) : Starting 5.23 TopMetal1:filler table
2026-03-01 15:08:45 +0100: Memory Usage (442104K) : Executing rule TM1Fil.c
2026-03-01 15:08:45 +0100: Memory Usage (442104K) : Executing rule TM1Fil.a1
2026-03-01 15:08:45 +0100: Memory Usage (442104K) : Starting 5.24. TopVia2 table
2026-03-01 15:08:45 +0100: Memory Usage (442104K) : Executing rule TV2.a
2026-03-01 15:08:45 +0100: Memory Usage (442104K) : Executing rule TV2.b
2026-03-01 15:08:45 +0100: Memory Usage (442104K) : Executing rule TV2.c
2026-03-01 15:08:45 +0100: Memory Usage (442104K) : Executing rule TV2.d
2026-03-01 15:08:45 +0100: Memory Usage (442104K) : Starting 5.25. TopMetal2 table
2026-03-01 15:08:45 +0100: Memory Usage (442104K) : Executing rule TM2.a
2026-03-01 15:08:45 +0100: Memory Usage (442104K) : Executing rule TM2.b
2026-03-01 15:08:45 +0100: Memory Usage (442104K) : Executing rule TM2.bR
2026-03-01 15:08:45 +0100: Memory Usage (442104K) : Starting 5.26 TopMetal2:filler table
2026-03-01 15:08:45 +0100: Memory Usage (442104K) : Executing rule TM2Fil.c
2026-03-01 15:08:45 +0100: Memory Usage (442104K) : Executing rule TM2Fil.a1
2026-03-01 15:08:45 +0100: Memory Usage (442104K) : Starting 5.27. Passiv table
2026-03-01 15:08:45 +0100: Memory Usage (442104K) : Executing rule Pas.a
2026-03-01 15:08:45 +0100: Memory Usage (442104K) : Executing rule Pas.b
2026-03-01 15:08:45 +0100: Memory Usage (442104K) : Executing rule Pas.c
2026-03-01 15:08:45 +0100: Memory Usage (442104K) : Starting 6.9.2 Copper Pillar table
2026-03-01 15:08:45 +0100: Memory Usage (442104K) : Executing rule Padc.a
2026-03-01 15:08:45 +0100: Memory Usage (442104K) : Executing rule Padc.b
2026-03-01 15:08:45 +0100: Memory Usage (442104K) : Executing rule Padc.c
2026-03-01 15:08:45 +0100: Memory Usage (442104K) : Executing rule Padb.f
2026-03-01 15:08:45 +0100: Memory Usage (442104K) : Starting 6.9 Pad table
2026-03-01 15:08:45 +0100: Memory Usage (442104K) : Executing rule Pad.m
2026-03-01 15:08:45 +0100: Memory Usage (442104K) : Executing rule Pad.fR_M1
2026-03-01 15:08:45 +0100: Memory Usage (442104K) : Executing rule Pad.fR_M2
2026-03-01 15:08:45 +0100: Memory Usage (442104K) : Executing rule Pad.fR_M3
2026-03-01 15:08:45 +0100: Memory Usage (442104K) : Executing rule Pad.fR_M4
2026-03-01 15:08:45 +0100: Memory Usage (442104K) : Executing rule Pad.fR_M5
2026-03-01 15:08:45 +0100: Memory Usage (442104K) : Executing rule Pad.fR_TM1
2026-03-01 15:08:45 +0100: Memory Usage (442104K) : Executing rule Pad.fR_TM2
2026-03-01 15:08:45 +0100: Memory Usage (442104K) : Executing rule Pad.i
2026-03-01 15:08:45 +0100: Memory Usage (442104K) : Starting 6.9.1 Solder Bump
2026-03-01 15:08:45 +0100: Memory Usage (442104K) : Executing rule Padb.a
2026-03-01 15:08:45 +0100: Memory Usage (442104K) : Executing rule Padb.b
2026-03-01 15:08:45 +0100: Memory Usage (442104K) : Executing rule Padb.c
2026-03-01 15:08:45 +0100: Memory Usage (442104K) : Executing rule Padb.f
2026-03-01 15:08:45 +0100: Memory Usage (442104K) : Executing rule Padb.d
2026-03-01 15:08:45 +0100: Memory Usage (442232K) : Starting 6.10 Sealring table
2026-03-01 15:08:45 +0100: Memory Usage (442232K) : Executing rule Seal.l
2026-03-01 15:08:45 +0100: Memory Usage (442232K) : Executing rule Seal.n
2026-03-01 15:08:45 +0100: Memory Usage (442232K) : Executing rule seal.b_metal1
2026-03-01 15:08:45 +0100: Memory Usage (442360K) : Executing rule seal.b_metal2
2026-03-01 15:08:45 +0100: Memory Usage (442616K) : Executing rule seal.b_metal3
2026-03-01 15:08:45 +0100: Memory Usage (442744K) : Executing rule seal.b_metal4
2026-03-01 15:08:45 +0100: Memory Usage (443000K) : Executing rule seal.b_metal5
2026-03-01 15:08:45 +0100: Memory Usage (443256K) : Executing rule seal.b_topmetal1
2026-03-01 15:08:45 +0100: Memory Usage (443512K) : Executing rule seal.b_topmetal2
2026-03-01 15:08:45 +0100: Memory Usage (443640K) : Executing rule seal.b_activ
2026-03-01 15:08:45 +0100: Memory Usage (443896K) : Executing rule seal.b_psd
2026-03-01 15:08:45 +0100: Memory Usage (444152K) : Executing rule Seal.k
2026-03-01 15:08:45 +0100: Memory Usage (444408K) : Executing rule Seal.m
2026-03-01 15:08:45 +0100: Memory Usage (444536K) : Starting 6.11 MIM table
2026-03-01 15:08:45 +0100: Memory Usage (444536K) : Executing rule MIM.c
2026-03-01 15:08:45 +0100: Memory Usage (444920K) : Executing rule MIM.d
2026-03-01 15:08:45 +0100: Memory Usage (445048K) : Executing rule MIM.gR
2026-03-01 15:08:45 +0100: Memory Usage (445176K) : Starting 7.3 Metal Slits table
2026-03-01 15:08:45 +0100: Memory Usage (445176K) : Executing rule Slt.e1_M1
2026-03-01 15:08:45 +0100: Memory Usage (445304K) : Executing rule Slt.e1_M2
2026-03-01 15:08:45 +0100: Memory Usage (445432K) : Executing rule Slt.e1_M3
2026-03-01 15:08:45 +0100: Memory Usage (445560K) : Executing rule Slt.e1_M4
2026-03-01 15:08:45 +0100: Memory Usage (445816K) : Executing rule Slt.e1_M5
2026-03-01 15:08:45 +0100: Memory Usage (445944K) : Executing rule Slt.e1_TM1
2026-03-01 15:08:45 +0100: Memory Usage (446072K) : Executing rule Slt.e1_TM2
2026-03-01 15:08:45 +0100: Memory Usage (446200K) : Starting 9.1. LBE table
2026-03-01 15:08:45 +0100: Memory Usage (446328K) : Executing rule LBE.a
2026-03-01 15:08:45 +0100: Memory Usage (446456K) : Executing rule LBE.b
2026-03-01 15:08:45 +0100: Memory Usage (446584K) : Executing rule LBE.b1
2026-03-01 15:08:45 +0100: Memory Usage (446712K) : Executing rule LBE.c
2026-03-01 15:08:45 +0100: Memory Usage (446840K) : Executing rule LBE.d
2026-03-01 15:08:45 +0100: Memory Usage (446968K) : Executing rule LBE.h
2026-03-01 15:08:45 +0100: Memory Usage (447224K) : Starting 7.4. PIN table
2026-03-01 15:08:45 +0100: Memory Usage (447224K) : Executing rule Pin.a
2026-03-01 15:08:45 +0100: Memory Usage (447352K) : Executing rule Pin.b
2026-03-01 15:08:45 +0100: Memory Usage (447480K) : Executing rule Pin.e
2026-03-01 15:08:45 +0100: Memory Usage (447736K) : Executing rule Pin.f_M2
2026-03-01 15:08:45 +0100: Memory Usage (447864K) : Executing rule Pin.f_M3
2026-03-01 15:08:45 +0100: Memory Usage (447992K) : Executing rule Pin.f_M4
2026-03-01 15:08:45 +0100: Memory Usage (448120K) : Executing rule Pin.f_M5
2026-03-01 15:08:45 +0100: Memory Usage (448376K) : Executing rule Pin.g
2026-03-01 15:08:45 +0100: Memory Usage (448376K) : Executing rule Pin.h
2026-03-01 15:08:45 +0100: Memory Usage (448376K) : Starting 3.2. FORBIDDEN table
2026-03-01 15:08:45 +0100: Memory Usage (448376K) : Executing rule forbidden.biwind
2026-03-01 15:08:45 +0100: Memory Usage (448376K) : Executing rule forbidden.pemwind
2026-03-01 15:08:45 +0100: Memory Usage (448376K) : Executing rule forbidden.baspoly
2026-03-01 15:08:45 +0100: Memory Usage (448376K) : Executing rule forbidden.deepco
2026-03-01 15:08:45 +0100: Memory Usage (448376K) : Executing rule forbidden.pempoly
2026-03-01 15:08:45 +0100: Memory Usage (448376K) : Executing rule forbidden.empoly
2026-03-01 15:08:45 +0100: Memory Usage (448376K) : Executing rule forbidden.ldmos
2026-03-01 15:08:45 +0100: Memory Usage (448376K) : Executing rule forbidden.pbiwind
2026-03-01 15:08:45 +0100: Memory Usage (448376K) : Executing rule forbidden.nodrc
2026-03-01 15:08:45 +0100: Memory Usage (448376K) : Executing rule forbidden.flash
2026-03-01 15:08:45 +0100: Memory Usage (448376K) : Executing rule forbidden.colwind
2026-03-01 15:08:45 +0100: Memory Usage (448376K) : KLayout DRC run for tables 'main' completed in 2.59 seconds
