# Logfile created on 2026-03-12 19:15:14 +0100 by logger.rb/v1.6.0
2026-03-12 19:15:14 +0100: Memory Usage (421880K) : Starting running IHP-SG13G2 KLayout DRC runset on /home/cmaier/EDA/PUDDING/gds/dac2u16out2in.gds
2026-03-12 19:15:14 +0100: Memory Usage (421880K) : Ruby Version for klayout: 3.3.10
2026-03-12 19:15:14 +0100: Memory Usage (423108K) : Loading database to memory is complete.
2026-03-12 19:15:14 +0100: Memory Usage (423108K) : IHP-SG13G2 KLayout DRC runset output at: /home/cmaier/EDA/PUDDING/gds/drc_run_dac2u16out2in/dac2u16out2in_dac2u16out2in_main.lyrdb
2026-03-12 19:15:14 +0100: Memory Usage (423108K) : Evaluate switches.
2026-03-12 19:15:14 +0100: Memory Usage (423108K) : tables selected: main
2026-03-12 19:15:14 +0100: Memory Usage (423108K) : KLayout will use 1 thread(s) in tiling mode.
2026-03-12 19:15:14 +0100: Memory Usage (423108K) : deep mode is enabled.
2026-03-12 19:15:14 +0100: Memory Usage (423108K) : FEOL enabled: true
2026-03-12 19:15:14 +0100: Memory Usage (423108K) : BEOL enabled: true
2026-03-12 19:15:14 +0100: Memory Usage (423108K) : OFFGRID enabled: true
2026-03-12 19:15:14 +0100: Memory Usage (423108K) : PIN enabled: true
2026-03-12 19:15:14 +0100: Memory Usage (423108K) : FORBIDDEN enabled: true
2026-03-12 19:15:14 +0100: Memory Usage (423108K) : RECOMMENDED enabled: true
2026-03-12 19:15:14 +0100: Memory Usage (423108K) : PreCheck DRC enabled: false
2026-03-12 19:15:14 +0100: Memory Usage (423108K) : CONNECTIVITY_RULES enabled: true.
2026-03-12 19:15:14 +0100: Memory Usage (423108K) : Read in polygons from layers.
2026-03-12 19:15:14 +0100: Memory Usage (424336K) : activ_drw has 254 polygons
2026-03-12 19:15:14 +0100: Memory Usage (424336K) : activ_pin has 0 polygons
2026-03-12 19:15:14 +0100: Memory Usage (424336K) : activ_mask has 0 polygons
2026-03-12 19:15:14 +0100: Memory Usage (424336K) : activ_filler has 0 polygons
2026-03-12 19:15:14 +0100: Memory Usage (424336K) : activ_nofill has 0 polygons
2026-03-12 19:15:14 +0100: Memory Usage (424336K) : activ_opc has 0 polygons
2026-03-12 19:15:14 +0100: Memory Usage (424336K) : activ_iopc has 0 polygons
2026-03-12 19:15:14 +0100: Memory Usage (424336K) : activ_noqrc has 0 polygons
2026-03-12 19:15:14 +0100: Memory Usage (424336K) : biwind_drw has 0 polygons
2026-03-12 19:15:14 +0100: Memory Usage (424336K) : biwind_opc has 0 polygons
2026-03-12 19:15:14 +0100: Memory Usage (424336K) : pemwind_drw has 0 polygons
2026-03-12 19:15:14 +0100: Memory Usage (424336K) : gatpoly_drw has 274 polygons
2026-03-12 19:15:14 +0100: Memory Usage (424336K) : gatpoly_pin has 0 polygons
2026-03-12 19:15:14 +0100: Memory Usage (424336K) : gatpoly_filler has 0 polygons
2026-03-12 19:15:14 +0100: Memory Usage (424336K) : gatpoly_nofill has 0 polygons
2026-03-12 19:15:14 +0100: Memory Usage (424336K) : gatpoly_opc has 0 polygons
2026-03-12 19:15:14 +0100: Memory Usage (424336K) : gatpoly_iopc has 0 polygons
2026-03-12 19:15:14 +0100: Memory Usage (424336K) : gatpoly_noqrc has 0 polygons
2026-03-12 19:15:14 +0100: Memory Usage (424336K) : cont_drw has 1186 polygons
2026-03-12 19:15:14 +0100: Memory Usage (424336K) : cont_opc has 0 polygons
2026-03-12 19:15:14 +0100: Memory Usage (424336K) : nsd_drw has 0 polygons
2026-03-12 19:15:14 +0100: Memory Usage (424336K) : nsd_block has 0 polygons
2026-03-12 19:15:14 +0100: Memory Usage (424336K) : metal1_drw has 937 polygons
2026-03-12 19:15:14 +0100: Memory Usage (424336K) : metal1_pin has 128 polygons
2026-03-12 19:15:14 +0100: Memory Usage (424464K) : metal1_mask has 0 polygons
2026-03-12 19:15:14 +0100: Memory Usage (424464K) : metal1_filler has 0 polygons
2026-03-12 19:15:14 +0100: Memory Usage (424592K) : metal1_nofill has 0 polygons
2026-03-12 19:15:14 +0100: Memory Usage (424592K) : metal1_slit has 0 polygons
2026-03-12 19:15:14 +0100: Memory Usage (424752K) : metal1_text has 128 polygons
2026-03-12 19:15:14 +0100: Memory Usage (424880K) : metal1_opc has 0 polygons
2026-03-12 19:15:14 +0100: Memory Usage (425136K) : metal1_noqrc has 0 polygons
2026-03-12 19:15:14 +0100: Memory Usage (425136K) : metal1_res has 0 polygons
2026-03-12 19:15:14 +0100: Memory Usage (425136K) : metal1_iprobe has 0 polygons
2026-03-12 19:15:14 +0100: Memory Usage (425136K) : metal1_diffprb has 0 polygons
2026-03-12 19:15:14 +0100: Memory Usage (425264K) : passiv_drw has 0 polygons
2026-03-12 19:15:14 +0100: Memory Usage (425264K) : passiv_pin has 0 polygons
2026-03-12 19:15:14 +0100: Memory Usage (425264K) : passiv_sbump has 0 polygons
2026-03-12 19:15:14 +0100: Memory Usage (425264K) : passiv_pillar has 0 polygons
2026-03-12 19:15:14 +0100: Memory Usage (425264K) : passiv_pdl has 0 polygons
2026-03-12 19:15:14 +0100: Memory Usage (425400K) : metal2_drw has 384 polygons
2026-03-12 19:15:14 +0100: Memory Usage (425528K) : metal2_pin has 198 polygons
2026-03-12 19:15:14 +0100: Memory Usage (425528K) : metal2_mask has 0 polygons
2026-03-12 19:15:14 +0100: Memory Usage (425656K) : metal2_filler has 0 polygons
2026-03-12 19:15:14 +0100: Memory Usage (425656K) : metal2_nofill has 0 polygons
2026-03-12 19:15:14 +0100: Memory Usage (425784K) : metal2_slit has 0 polygons
2026-03-12 19:15:14 +0100: Memory Usage (425784K) : metal2_text has 198 polygons
2026-03-12 19:15:14 +0100: Memory Usage (425912K) : metal2_opc has 0 polygons
2026-03-12 19:15:14 +0100: Memory Usage (425912K) : metal2_noqrc has 0 polygons
2026-03-12 19:15:14 +0100: Memory Usage (426040K) : metal2_res has 0 polygons
2026-03-12 19:15:14 +0100: Memory Usage (426040K) : metal2_iprobe has 0 polygons
2026-03-12 19:15:14 +0100: Memory Usage (426168K) : metal2_diffprb has 0 polygons
2026-03-12 19:15:14 +0100: Memory Usage (426168K) : baspoly_drw has 0 polygons
2026-03-12 19:15:14 +0100: Memory Usage (426168K) : baspoly_pin has 0 polygons
2026-03-12 19:15:14 +0100: Memory Usage (426168K) : psd_drw has 74 polygons
2026-03-12 19:15:14 +0100: Memory Usage (426168K) : nldb_drw has 0 polygons
2026-03-12 19:15:14 +0100: Memory Usage (426168K) : digibnd_drw has 0 polygons
2026-03-12 19:15:14 +0100: Memory Usage (426168K) : via1_drw has 278 polygons
2026-03-12 19:15:14 +0100: Memory Usage (426168K) : backmetal1_drw has 0 polygons
2026-03-12 19:15:14 +0100: Memory Usage (426296K) : backmetal1_pin has 0 polygons
2026-03-12 19:15:14 +0100: Memory Usage (426296K) : backmetal1_mask has 0 polygons
2026-03-12 19:15:14 +0100: Memory Usage (426424K) : backmetal1_filler has 0 polygons
2026-03-12 19:15:14 +0100: Memory Usage (426424K) : backmetal1_nofill has 0 polygons
2026-03-12 19:15:14 +0100: Memory Usage (426552K) : backmetal1_slit has 0 polygons
2026-03-12 19:15:14 +0100: Memory Usage (426552K) : backmetal1_text has 0 polygons
2026-03-12 19:15:14 +0100: Memory Usage (426680K) : backmetal1_opc has 0 polygons
2026-03-12 19:15:14 +0100: Memory Usage (426680K) : backmetal1_noqrc has 0 polygons
2026-03-12 19:15:14 +0100: Memory Usage (426808K) : backmetal1_res has 0 polygons
2026-03-12 19:15:14 +0100: Memory Usage (426808K) : backmetal1_iprobe has 0 polygons
2026-03-12 19:15:14 +0100: Memory Usage (426936K) : backmetal1_diffprb has 0 polygons
2026-03-12 19:15:14 +0100: Memory Usage (426936K) : backpassiv_drw has 0 polygons
2026-03-12 19:15:14 +0100: Memory Usage (427064K) : res_drw has 0 polygons
2026-03-12 19:15:14 +0100: Memory Usage (427064K) : sram_drw has 0 polygons
2026-03-12 19:15:14 +0100: Memory Usage (427192K) : trans_drw has 0 polygons
2026-03-12 19:15:14 +0100: Memory Usage (427192K) : ind_drw has 0 polygons
2026-03-12 19:15:14 +0100: Memory Usage (427320K) : ind_pin has 0 polygons
2026-03-12 19:15:14 +0100: Memory Usage (427320K) : ind_text has 0 polygons
2026-03-12 19:15:14 +0100: Memory Usage (427448K) : salblock_drw has 0 polygons
2026-03-12 19:15:14 +0100: Memory Usage (427448K) : via2_drw has 94 polygons
2026-03-12 19:15:14 +0100: Memory Usage (427576K) : metal3_drw has 150 polygons
2026-03-12 19:15:14 +0100: Memory Usage (427576K) : metal3_pin has 76 polygons
2026-03-12 19:15:14 +0100: Memory Usage (427704K) : metal3_mask has 0 polygons
2026-03-12 19:15:14 +0100: Memory Usage (427704K) : metal3_filler has 0 polygons
2026-03-12 19:15:14 +0100: Memory Usage (427832K) : metal3_nofill has 0 polygons
2026-03-12 19:15:14 +0100: Memory Usage (427832K) : metal3_slit has 0 polygons
2026-03-12 19:15:14 +0100: Memory Usage (427960K) : metal3_text has 58 polygons
2026-03-12 19:15:14 +0100: Memory Usage (427960K) : metal3_opc has 0 polygons
2026-03-12 19:15:14 +0100: Memory Usage (427960K) : metal3_noqrc has 0 polygons
2026-03-12 19:15:14 +0100: Memory Usage (428088K) : metal3_res has 0 polygons
2026-03-12 19:15:14 +0100: Memory Usage (428088K) : metal3_iprobe has 0 polygons
2026-03-12 19:15:14 +0100: Memory Usage (428216K) : metal3_diffprb has 0 polygons
2026-03-12 19:15:14 +0100: Memory Usage (428216K) : nwell_drw has 74 polygons
2026-03-12 19:15:14 +0100: Memory Usage (428600K) : nwell_pin has 0 polygons
2026-03-12 19:15:14 +0100: Memory Usage (428600K) : nbulay_drw has 0 polygons
2026-03-12 19:15:14 +0100: Memory Usage (428728K) : nbulay_pin has 0 polygons
2026-03-12 19:15:14 +0100: Memory Usage (428728K) : nbulay_block has 0 polygons
2026-03-12 19:15:14 +0100: Memory Usage (428728K) : emwind_drw has 0 polygons
2026-03-12 19:15:14 +0100: Memory Usage (428728K) : emwind_opc has 0 polygons
2026-03-12 19:15:14 +0100: Memory Usage (428728K) : deepco_drw has 0 polygons
2026-03-12 19:15:14 +0100: Memory Usage (428728K) : deepco_drw has 0 polygons
2026-03-12 19:15:14 +0100: Memory Usage (428728K) : mim_drw has 0 polygons
2026-03-12 19:15:14 +0100: Memory Usage (428856K) : edgeseal_drw has 0 polygons
2026-03-12 19:15:14 +0100: Memory Usage (428856K) : edgeseal_bound has 0 polygons
2026-03-12 19:15:14 +0100: Memory Usage (428984K) : substrate_drw has 0 polygons
2026-03-12 19:15:14 +0100: Memory Usage (428984K) : substrate_text has 0 polygons
2026-03-12 19:15:14 +0100: Memory Usage (429112K) : dfpad_drw has 0 polygons
2026-03-12 19:15:14 +0100: Memory Usage (429112K) : dfpad_pillar has 0 polygons
2026-03-12 19:15:14 +0100: Memory Usage (429240K) : dfpad_sbump has 0 polygons
2026-03-12 19:15:14 +0100: Memory Usage (429240K) : thickgateox_drw has 0 polygons
2026-03-12 19:15:14 +0100: Memory Usage (429368K) : pldb_drw has 0 polygons
2026-03-12 19:15:14 +0100: Memory Usage (429368K) : pwell_drw has 0 polygons
2026-03-12 19:15:14 +0100: Memory Usage (429496K) : pwell_pin has 0 polygons
2026-03-12 19:15:14 +0100: Memory Usage (429496K) : pwell_block has 0 polygons
2026-03-12 19:15:14 +0100: Memory Usage (429624K) : ic_drw has 0 polygons
2026-03-12 19:15:14 +0100: Memory Usage (429624K) : via3_drw has 0 polygons
2026-03-12 19:15:14 +0100: Memory Usage (429752K) : metal4_drw has 0 polygons
2026-03-12 19:15:14 +0100: Memory Usage (429752K) : metal4_pin has 0 polygons
2026-03-12 19:15:14 +0100: Memory Usage (429880K) : metal4_mask has 0 polygons
2026-03-12 19:15:14 +0100: Memory Usage (429880K) : metal4_filler has 0 polygons
2026-03-12 19:15:14 +0100: Memory Usage (430008K) : metal4_nofill has 0 polygons
2026-03-12 19:15:14 +0100: Memory Usage (430008K) : metal4_slit has 0 polygons
2026-03-12 19:15:14 +0100: Memory Usage (430136K) : metal4_text has 0 polygons
2026-03-12 19:15:14 +0100: Memory Usage (430136K) : metal4_opc has 0 polygons
2026-03-12 19:15:14 +0100: Memory Usage (430264K) : metal4_noqrc has 0 polygons
2026-03-12 19:15:14 +0100: Memory Usage (430264K) : metal4_res has 0 polygons
2026-03-12 19:15:14 +0100: Memory Usage (430392K) : metal4_iprobe has 0 polygons
2026-03-12 19:15:14 +0100: Memory Usage (430392K) : metal4_diffprb has 0 polygons
2026-03-12 19:15:14 +0100: Memory Usage (430520K) : heattrans_drw has 0 polygons
2026-03-12 19:15:14 +0100: Memory Usage (430520K) : heatres_drw has 0 polygons
2026-03-12 19:15:14 +0100: Memory Usage (430648K) : pempoly_drw has 0 polygons
2026-03-12 19:15:14 +0100: Memory Usage (430648K) : fbe_drw has 0 polygons
2026-03-12 19:15:14 +0100: Memory Usage (430776K) : empoly_drw has 0 polygons
2026-03-12 19:15:14 +0100: Memory Usage (430776K) : ldmos_drw has 0 polygons
2026-03-12 19:15:14 +0100: Memory Usage (430904K) : pbiwind_drw has 0 polygons
2026-03-12 19:15:14 +0100: Memory Usage (430904K) : digisub_drw has 0 polygons
2026-03-12 19:15:14 +0100: Memory Usage (431032K) : nodrc_drw has 0 polygons
2026-03-12 19:15:14 +0100: Memory Usage (431032K) : text_drw has 0 polygons
2026-03-12 19:15:14 +0100: Memory Usage (431160K) : via4_drw has 0 polygons
2026-03-12 19:15:14 +0100: Memory Usage (431160K) : metal5_drw has 0 polygons
2026-03-12 19:15:14 +0100: Memory Usage (431288K) : metal5_pin has 0 polygons
2026-03-12 19:15:14 +0100: Memory Usage (431288K) : metal5_mask has 0 polygons
2026-03-12 19:15:14 +0100: Memory Usage (431416K) : metal5_filler has 0 polygons
2026-03-12 19:15:14 +0100: Memory Usage (431416K) : metal5_nofill has 0 polygons
2026-03-12 19:15:14 +0100: Memory Usage (431544K) : metal5_slit has 0 polygons
2026-03-12 19:15:14 +0100: Memory Usage (431544K) : metal5_text has 0 polygons
2026-03-12 19:15:14 +0100: Memory Usage (431672K) : metal5_opc has 0 polygons
2026-03-12 19:15:14 +0100: Memory Usage (431672K) : metal5_noqrc has 0 polygons
2026-03-12 19:15:14 +0100: Memory Usage (431800K) : metal5_res has 0 polygons
2026-03-12 19:15:14 +0100: Memory Usage (431800K) : metal5_iprobe has 0 polygons
2026-03-12 19:15:14 +0100: Memory Usage (431928K) : metal5_diffprb has 0 polygons
2026-03-12 19:15:14 +0100: Memory Usage (431928K) : radhard_drw has 0 polygons
2026-03-12 19:15:14 +0100: Memory Usage (432056K) : memcap_drw has 0 polygons
2026-03-12 19:15:14 +0100: Memory Usage (432056K) : varicap_drw has 0 polygons
2026-03-12 19:15:14 +0100: Memory Usage (432184K) : flash_drw has 0 polygons
2026-03-12 19:15:14 +0100: Memory Usage (432184K) : intbondvia_drw has 0 polygons
2026-03-12 19:15:14 +0100: Memory Usage (432312K) : intbondmet_drw has 0 polygons
2026-03-12 19:15:14 +0100: Memory Usage (432312K) : devbondvia_drw has 0 polygons
2026-03-12 19:15:14 +0100: Memory Usage (432312K) : devbondmet_drw has 0 polygons
2026-03-12 19:15:14 +0100: Memory Usage (432312K) : devtrench_drw has 0 polygons
2026-03-12 19:15:14 +0100: Memory Usage (432312K) : redist_drw has 0 polygons
2026-03-12 19:15:14 +0100: Memory Usage (432312K) : graphbot_drw has 0 polygons
2026-03-12 19:15:14 +0100: Memory Usage (432312K) : graphtop_drw has 0 polygons
2026-03-12 19:15:14 +0100: Memory Usage (432312K) : antvia1_drw has 0 polygons
2026-03-12 19:15:14 +0100: Memory Usage (432312K) : antmetal2_drw has 0 polygons
2026-03-12 19:15:14 +0100: Memory Usage (432312K) : graphcont_drw has 0 polygons
2026-03-12 19:15:14 +0100: Memory Usage (432312K) : siwg_drw has 0 polygons
2026-03-12 19:15:14 +0100: Memory Usage (432312K) : siwg_filler has 0 polygons
2026-03-12 19:15:14 +0100: Memory Usage (432312K) : siwg_nofill has 0 polygons
2026-03-12 19:15:14 +0100: Memory Usage (432312K) : sigrating_drw has 0 polygons
2026-03-12 19:15:14 +0100: Memory Usage (432312K) : singrating_drw has 0 polygons
2026-03-12 19:15:14 +0100: Memory Usage (432312K) : graphpas_drw has 0 polygons
2026-03-12 19:15:14 +0100: Memory Usage (432312K) : emwind3_drw has 0 polygons
2026-03-12 19:15:14 +0100: Memory Usage (432312K) : emwihv3_drw has 0 polygons
2026-03-12 19:15:14 +0100: Memory Usage (432312K) : redbulay_drw has 0 polygons
2026-03-12 19:15:14 +0100: Memory Usage (432312K) : smos_drw has 0 polygons
2026-03-12 19:15:14 +0100: Memory Usage (432312K) : graphpad_drw has 0 polygons
2026-03-12 19:15:14 +0100: Memory Usage (432312K) : polimide_drw has 0 polygons
2026-03-12 19:15:14 +0100: Memory Usage (432312K) : polimide_pin has 0 polygons
2026-03-12 19:15:14 +0100: Memory Usage (432312K) : recog_drw has 0 polygons
2026-03-12 19:15:14 +0100: Memory Usage (432312K) : recog_pin has 0 polygons
2026-03-12 19:15:14 +0100: Memory Usage (432312K) : recog_esd has 0 polygons
2026-03-12 19:15:14 +0100: Memory Usage (432312K) : recog_diode has 0 polygons
2026-03-12 19:15:14 +0100: Memory Usage (432312K) : recog_tsv has 0 polygons
2026-03-12 19:15:14 +0100: Memory Usage (432312K) : recog_iprobe has 0 polygons
2026-03-12 19:15:14 +0100: Memory Usage (432312K) : recog_diffprb has 0 polygons
2026-03-12 19:15:14 +0100: Memory Usage (432312K) : recog_pillar has 0 polygons
2026-03-12 19:15:14 +0100: Memory Usage (432312K) : recog_sbump has 0 polygons
2026-03-12 19:15:14 +0100: Memory Usage (432312K) : recog_otp has 0 polygons
2026-03-12 19:15:14 +0100: Memory Usage (432312K) : recog_pdiode has 0 polygons
2026-03-12 19:15:14 +0100: Memory Usage (432312K) : recog_mom has 0 polygons
2026-03-12 19:15:14 +0100: Memory Usage (432312K) : recog_pcm has 0 polygons
2026-03-12 19:15:14 +0100: Memory Usage (432312K) : colopen_drw has 0 polygons
2026-03-12 19:15:14 +0100: Memory Usage (432312K) : graphmetal1_drw has 0 polygons
2026-03-12 19:15:14 +0100: Memory Usage (432312K) : graphmetal1_filler has 0 polygons
2026-03-12 19:15:14 +0100: Memory Usage (432312K) : graphmetal1_nofill has 0 polygons
2026-03-12 19:15:14 +0100: Memory Usage (432312K) : graphmetal1_slit has 0 polygons
2026-03-12 19:15:14 +0100: Memory Usage (432312K) : graphmetal1_opc has 0 polygons
2026-03-12 19:15:14 +0100: Memory Usage (432312K) : graphmet1l_drw has 0 polygons
2026-03-12 19:15:14 +0100: Memory Usage (432312K) : graphmet1l_filler has 0 polygons
2026-03-12 19:15:14 +0100: Memory Usage (432312K) : graphmet1l_nofill has 0 polygons
2026-03-12 19:15:14 +0100: Memory Usage (432312K) : graphmet1l_slit has 0 polygons
2026-03-12 19:15:14 +0100: Memory Usage (432312K) : graphmet1l_opc has 0 polygons
2026-03-12 19:15:14 +0100: Memory Usage (432312K) : extblock_drw has 0 polygons
2026-03-12 19:15:14 +0100: Memory Usage (432312K) : nldd_drw has 0 polygons
2026-03-12 19:15:14 +0100: Memory Usage (432312K) : pldd_drw has 0 polygons
2026-03-12 19:15:14 +0100: Memory Usage (432312K) : next_drw has 0 polygons
2026-03-12 19:15:14 +0100: Memory Usage (432312K) : pext_drw has 0 polygons
2026-03-12 19:15:14 +0100: Memory Usage (432312K) : nexthv_drw has 0 polygons
2026-03-12 19:15:14 +0100: Memory Usage (432312K) : pexthv_drw has 0 polygons
2026-03-12 19:15:14 +0100: Memory Usage (432312K) : graphgate_drw has 0 polygons
2026-03-12 19:15:14 +0100: Memory Usage (432440K) : sinwg_drw has 0 polygons
2026-03-12 19:15:14 +0100: Memory Usage (432440K) : sinwg_filler has 0 polygons
2026-03-12 19:15:14 +0100: Memory Usage (432440K) : sinwg_nofill has 0 polygons
2026-03-12 19:15:14 +0100: Memory Usage (432568K) : mempad_drw has 0 polygons
2026-03-12 19:15:14 +0100: Memory Usage (432568K) : topvia1_drw has 0 polygons
2026-03-12 19:15:14 +0100: Memory Usage (432696K) : topmetal1_drw has 0 polygons
2026-03-12 19:15:14 +0100: Memory Usage (432696K) : topmetal1_pin has 0 polygons
2026-03-12 19:15:14 +0100: Memory Usage (432824K) : topmetal1_mask has 0 polygons
2026-03-12 19:15:14 +0100: Memory Usage (432824K) : topmetal1_filler has 0 polygons
2026-03-12 19:15:14 +0100: Memory Usage (432952K) : topmetal1_nofill has 0 polygons
2026-03-12 19:15:14 +0100: Memory Usage (432952K) : topmetal1_slit has 0 polygons
2026-03-12 19:15:14 +0100: Memory Usage (433080K) : topmetal1_text has 0 polygons
2026-03-12 19:15:14 +0100: Memory Usage (433080K) : topmetal1_noqrc has 0 polygons
2026-03-12 19:15:14 +0100: Memory Usage (433208K) : topmetal1_res has 0 polygons
2026-03-12 19:15:14 +0100: Memory Usage (433208K) : topmetal1_iprobe has 0 polygons
2026-03-12 19:15:14 +0100: Memory Usage (433336K) : topmetal1_diffprb has 0 polygons
2026-03-12 19:15:14 +0100: Memory Usage (433336K) : inldpwl_drw has 0 polygons
2026-03-12 19:15:14 +0100: Memory Usage (433464K) : polyres_drw has 0 polygons
2026-03-12 19:15:14 +0100: Memory Usage (433464K) : polyres_pin has 0 polygons
2026-03-12 19:15:14 +0100: Memory Usage (433592K) : vmim_drw has 0 polygons
2026-03-12 19:15:14 +0100: Memory Usage (433592K) : nbulaycut_drw has 0 polygons
2026-03-12 19:15:14 +0100: Memory Usage (433720K) : antmetal1_drw has 0 polygons
2026-03-12 19:15:14 +0100: Memory Usage (433720K) : topvia2_drw has 0 polygons
2026-03-12 19:15:14 +0100: Memory Usage (433848K) : topmetal2_drw has 0 polygons
2026-03-12 19:15:14 +0100: Memory Usage (433848K) : topmetal2_pin has 0 polygons
2026-03-12 19:15:14 +0100: Memory Usage (433976K) : topmetal2_mask has 0 polygons
2026-03-12 19:15:14 +0100: Memory Usage (433976K) : topmetal2_filler has 0 polygons
2026-03-12 19:15:14 +0100: Memory Usage (434104K) : topmetal2_nofill has 0 polygons
2026-03-12 19:15:14 +0100: Memory Usage (434104K) : topmetal2_slit has 0 polygons
2026-03-12 19:15:14 +0100: Memory Usage (434232K) : topmetal2_text has 0 polygons
2026-03-12 19:15:14 +0100: Memory Usage (434232K) : topmetal2_noqrc has 0 polygons
2026-03-12 19:15:14 +0100: Memory Usage (434360K) : topmetal2_res has 0 polygons
2026-03-12 19:15:14 +0100: Memory Usage (434360K) : topmetal2_iprobe has 0 polygons
2026-03-12 19:15:14 +0100: Memory Usage (434488K) : topmetal2_diffprb has 0 polygons
2026-03-12 19:15:14 +0100: Memory Usage (434488K) : snsring_drw has 0 polygons
2026-03-12 19:15:14 +0100: Memory Usage (434616K) : sensor_drw has 0 polygons
2026-03-12 19:15:14 +0100: Memory Usage (434616K) : snsarms_drw has 0 polygons
2026-03-12 19:15:14 +0100: Memory Usage (434744K) : snscmosvia_drw has 0 polygons
2026-03-12 19:15:14 +0100: Memory Usage (434744K) : colwind_drw has 0 polygons
2026-03-12 19:15:14 +0100: Memory Usage (434872K) : flm_drw has 0 polygons
2026-03-12 19:15:14 +0100: Memory Usage (434872K) : hafniumox_drw has 0 polygons
2026-03-12 19:15:14 +0100: Memory Usage (435000K) : memvia_drw has 0 polygons
2026-03-12 19:15:14 +0100: Memory Usage (435000K) : thinfilmres_drw has 0 polygons
2026-03-12 19:15:14 +0100: Memory Usage (435128K) : rfmem_drw has 0 polygons
2026-03-12 19:15:14 +0100: Memory Usage (435128K) : norcx_drw has 0 polygons
2026-03-12 19:15:14 +0100: Memory Usage (435256K) : norcx_m2m3 has 0 polygons
2026-03-12 19:15:14 +0100: Memory Usage (435384K) : norcx_m2m4 has 0 polygons
2026-03-12 19:15:14 +0100: Memory Usage (435384K) : norcx_m2m5 has 0 polygons
2026-03-12 19:15:14 +0100: Memory Usage (435384K) : norcx_m2tm1 has 0 polygons
2026-03-12 19:15:14 +0100: Memory Usage (435384K) : norcx_m2tm2 has 0 polygons
2026-03-12 19:15:14 +0100: Memory Usage (435384K) : norcx_m3m4 has 0 polygons
2026-03-12 19:15:14 +0100: Memory Usage (435384K) : norcx_m3m5 has 0 polygons
2026-03-12 19:15:14 +0100: Memory Usage (435384K) : norcx_m3tm1 has 0 polygons
2026-03-12 19:15:14 +0100: Memory Usage (435384K) : norcx_m3tm2 has 0 polygons
2026-03-12 19:15:14 +0100: Memory Usage (435384K) : norcx_m4m5 has 0 polygons
2026-03-12 19:15:14 +0100: Memory Usage (435384K) : norcx_m4tm1 has 0 polygons
2026-03-12 19:15:14 +0100: Memory Usage (435384K) : norcx_m4tm2 has 0 polygons
2026-03-12 19:15:14 +0100: Memory Usage (435384K) : norcx_m5tm1 has 0 polygons
2026-03-12 19:15:14 +0100: Memory Usage (435384K) : norcx_m5tm2 has 0 polygons
2026-03-12 19:15:14 +0100: Memory Usage (435384K) : norcx_tm1tm2 has 0 polygons
2026-03-12 19:15:14 +0100: Memory Usage (435384K) : norcx_m1sub has 0 polygons
2026-03-12 19:15:14 +0100: Memory Usage (435384K) : norcx_m2sub has 0 polygons
2026-03-12 19:15:14 +0100: Memory Usage (435384K) : norcx_m3sub has 0 polygons
2026-03-12 19:15:14 +0100: Memory Usage (435384K) : norcx_m4sub has 0 polygons
2026-03-12 19:15:14 +0100: Memory Usage (435384K) : norcx_m5sub has 0 polygons
2026-03-12 19:15:14 +0100: Memory Usage (435384K) : norcx_tm1sub has 0 polygons
2026-03-12 19:15:14 +0100: Memory Usage (435384K) : norcx_tm2sub has 0 polygons
2026-03-12 19:15:15 +0100: Memory Usage (435384K) : snsbotvia_drw has 0 polygons
2026-03-12 19:15:15 +0100: Memory Usage (435384K) : snstopvia_drw has 0 polygons
2026-03-12 19:15:15 +0100: Memory Usage (435384K) : deepvia_drw has 0 polygons
2026-03-12 19:15:15 +0100: Memory Usage (435384K) : fgetch_drw has 0 polygons
2026-03-12 19:15:15 +0100: Memory Usage (435384K) : ctrgat_drw has 0 polygons
2026-03-12 19:15:15 +0100: Memory Usage (435384K) : fgimp_drw has 0 polygons
2026-03-12 19:15:15 +0100: Memory Usage (435384K) : emwihv_drw has 0 polygons
2026-03-12 19:15:15 +0100: Memory Usage (435384K) : lbe_drw has 0 polygons
2026-03-12 19:15:15 +0100: Memory Usage (435384K) : alcustop_drw has 0 polygons
2026-03-12 19:15:15 +0100: Memory Usage (435384K) : nometfiller_drw has 0 polygons
2026-03-12 19:15:15 +0100: Memory Usage (435384K) : prboundary_drw has 0 polygons
2026-03-12 19:15:15 +0100: Memory Usage (435384K) : exchange0_drw has 0 polygons
2026-03-12 19:15:15 +0100: Memory Usage (435384K) : exchange0_pin has 0 polygons
2026-03-12 19:15:15 +0100: Memory Usage (435384K) : exchange0_text has 0 polygons
2026-03-12 19:15:15 +0100: Memory Usage (435384K) : exchange1_drw has 0 polygons
2026-03-12 19:15:15 +0100: Memory Usage (435384K) : exchange1_pin has 0 polygons
2026-03-12 19:15:15 +0100: Memory Usage (435384K) : exchange1_text has 0 polygons
2026-03-12 19:15:15 +0100: Memory Usage (435384K) : exchange2_drw has 0 polygons
2026-03-12 19:15:15 +0100: Memory Usage (435384K) : exchange2_pin has 0 polygons
2026-03-12 19:15:15 +0100: Memory Usage (435384K) : exchange2_text has 0 polygons
2026-03-12 19:15:15 +0100: Memory Usage (435384K) : exchange3_drw has 0 polygons
2026-03-12 19:15:15 +0100: Memory Usage (435384K) : exchange3_pin has 0 polygons
2026-03-12 19:15:15 +0100: Memory Usage (435384K) : exchange3_text has 0 polygons
2026-03-12 19:15:15 +0100: Memory Usage (435384K) : exchange4_drw has 0 polygons
2026-03-12 19:15:15 +0100: Memory Usage (435384K) : exchange4_pin has 0 polygons
2026-03-12 19:15:15 +0100: Memory Usage (435384K) : exchange4_text has 0 polygons
2026-03-12 19:15:15 +0100: Memory Usage (435384K) : isonwell_drw has 0 polygons
2026-03-12 19:15:15 +0100: Memory Usage (435384K) : Total no. of polygons in the design is 4491
2026-03-12 19:15:15 +0100: Memory Usage (435384K) : Loaded TECH DRC rules values from /home/cmaier/.ciel/ciel/ihp-sg13g2/versions/c4b8b4e5e7a05f375cca3815d51b3a37721fbf5c/ihp-sg13g2/libs.tech/klayout/python/sg13g2_pycell_lib/sg13g2_tech_mod.json
2026-03-12 19:15:15 +0100: Memory Usage (435384K) : Loaded default DRC rules values from /home/cmaier/.ciel/ciel/ihp-sg13g2/versions/c4b8b4e5e7a05f375cca3815d51b3a37721fbf5c/ihp-sg13g2/libs.tech/klayout/tech/drc/rule_decks/sg13g2_tech_default.json
2026-03-12 19:15:15 +0100: Memory Usage (435384K) : The following rules values were missing in tech json and default values were used:
2026-03-12 19:15:15 +0100: Memory Usage (435384K) :   - Cnt_c_digibnd
2026-03-12 19:15:15 +0100: Memory Usage (436152K) : Total area of the design is 520.3989 um^2.
2026-03-12 19:15:15 +0100: Memory Usage (436152K) : The design dimensions are 38.42 µm * 13.545 µm.
2026-03-12 19:15:15 +0100: Memory Usage (436152K) : Starting general IHP-SG13G2 derivations.
2026-03-12 19:15:15 +0100: Memory Usage (436152K) : Starting Pwell derivations
2026-03-12 19:15:15 +0100: Memory Usage (437304K) : Starting n-Activ derivations
2026-03-12 19:15:15 +0100: Memory Usage (437460K) : Starting p-Activ derivations
2026-03-12 19:15:15 +0100: Memory Usage (437460K) : Starting ptap derivations
2026-03-12 19:15:15 +0100: Memory Usage (437460K) : Starting ntap derivations
2026-03-12 19:15:15 +0100: Memory Usage (437460K) : Starting pact FET derivations
2026-03-12 19:15:15 +0100: Memory Usage (437460K) : Starting nact FET derivations
2026-03-12 19:15:15 +0100: Memory Usage (437460K) : Starting Gate derivations
2026-03-12 19:15:15 +0100: Memory Usage (437460K) : Starting cont/contbar general derivations
2026-03-12 19:15:15 +0100: Memory Usage (437648K) : Starting pad general derivations
2026-03-12 19:15:15 +0100: Memory Usage (437648K) : Starting IHP-SG13G2 DRC connectivity related derivations.
2026-03-12 19:15:15 +0100: Memory Usage (438544K) : Starting IHP-SG13G2 DRC connectivity setup
2026-03-12 19:15:15 +0100: Memory Usage (438800K) : Starting IHP-SG13G2 DRC rules.
2026-03-12 19:15:15 +0100: Memory Usage (438800K) : Running all FEOL rules
2026-03-12 19:15:15 +0100: Memory Usage (438800K) : Running all BEOL rules
2026-03-12 19:15:15 +0100: Memory Usage (438800K) : Running all PIN rules
2026-03-12 19:15:15 +0100: Memory Usage (438800K) : Running all FORBIDDEN rules
2026-03-12 19:15:15 +0100: Memory Usage (438800K) : Starting 5.1 NWell table
2026-03-12 19:15:15 +0100: Memory Usage (438800K) : Executing rule NW.b
2026-03-12 19:15:15 +0100: Memory Usage (439528K) : Executing rule NW.b1
2026-03-12 19:15:15 +0100: Memory Usage (439784K) : Starting 5.2 PWell:block
2026-03-12 19:15:15 +0100: Memory Usage (439784K) : Executing rule PWB.e
2026-03-12 19:15:15 +0100: Memory Usage (439912K) : Executing rule PWB.e1
2026-03-12 19:15:15 +0100: Memory Usage (440168K) : Executing rule PWB.f
2026-03-12 19:15:15 +0100: Memory Usage (440296K) : Executing rule PWB.f1
2026-03-12 19:15:15 +0100: Memory Usage (440936K) : Starting 5.3 nBuLay table
2026-03-12 19:15:15 +0100: Memory Usage (441192K) : Executing rule NBL.b
2026-03-12 19:15:15 +0100: Memory Usage (441192K) : Executing rule NBL.c
2026-03-12 19:15:15 +0100: Memory Usage (441192K) : Executing rule NBL.d
2026-03-12 19:15:15 +0100: Memory Usage (441192K) : Executing rule NBL.e
2026-03-12 19:15:15 +0100: Memory Usage (441192K) : Executing rule NBL.f
2026-03-12 19:15:15 +0100: Memory Usage (441192K) : Starting 5.5. Activ table
2026-03-12 19:15:15 +0100: Memory Usage (441192K) : Executing rule Act.a
2026-03-12 19:15:15 +0100: Memory Usage (441192K) : Executing rule Act.b
2026-03-12 19:15:15 +0100: Memory Usage (441496K) : Starting 5.6 Activ:filler table
2026-03-12 19:15:15 +0100: Memory Usage (441496K) : Executing rule AFil.c1
2026-03-12 19:15:15 +0100: Memory Usage (441496K) : Executing rule AFil.c
2026-03-12 19:15:15 +0100: Memory Usage (441496K) : Executing rule AFil.d
2026-03-12 19:15:15 +0100: Memory Usage (441496K) : Executing rule AFil.e
2026-03-12 19:15:15 +0100: Memory Usage (441496K) : Executing rule AFil.j
2026-03-12 19:15:15 +0100: Memory Usage (441496K) : Starting 5.7. ThickGateOx table
2026-03-12 19:15:15 +0100: Memory Usage (441496K) : Executing rule TGO.f
2026-03-12 19:15:15 +0100: Memory Usage (441496K) : Starting 5.8. GatPoly table
2026-03-12 19:15:15 +0100: Memory Usage (441496K) : Executing rule Gat.a
2026-03-12 19:15:15 +0100: Memory Usage (441496K) : Executing rule Gat.b
2026-03-12 19:15:15 +0100: Memory Usage (441496K) : Executing rule Gat.d
2026-03-12 19:15:15 +0100: Memory Usage (441496K) : Executing rule Gat.a1
2026-03-12 19:15:15 +0100: Memory Usage (442208K) : Executing rule Gat.a2
2026-03-12 19:15:15 +0100: Memory Usage (442208K) : Executing rule Gat.g
2026-03-12 19:15:15 +0100: Memory Usage (442208K) : Starting 5.9 GatPoly:filler
2026-03-12 19:15:15 +0100: Memory Usage (442208K) : Executing rule GFil.d
2026-03-12 19:15:15 +0100: Memory Usage (442208K) : Executing rule GFil.e
2026-03-12 19:15:15 +0100: Memory Usage (442208K) : Executing rule GFil.i
2026-03-12 19:15:15 +0100: Memory Usage (442208K) : Starting 5.10 pSD table
2026-03-12 19:15:15 +0100: Memory Usage (442208K) : Executing rule pSD.c1
2026-03-12 19:15:15 +0100: Memory Usage (442208K) : Starting 5.14. Cont table
2026-03-12 19:15:15 +0100: Memory Usage (442208K) : Executing rule Cnt.a
2026-03-12 19:15:15 +0100: Memory Usage (442208K) : Executing rule Cnt.b
2026-03-12 19:15:15 +0100: Memory Usage (442208K) : Executing rule Cnt.c
2026-03-12 19:15:15 +0100: Memory Usage (442208K) : Executing rule Cnt.c
2026-03-12 19:15:15 +0100: Memory Usage (442208K) : Executing rule Cnt.d
2026-03-12 19:15:15 +0100: Memory Usage (442208K) : Executing rule Cnt.e
2026-03-12 19:15:15 +0100: Memory Usage (442208K) : Executing rule Cnt.g1
2026-03-12 19:15:15 +0100: Memory Usage (442208K) : Executing rule Cnt.g2
2026-03-12 19:15:15 +0100: Memory Usage (442208K) : Starting 5.15. ContBar table
2026-03-12 19:15:15 +0100: Memory Usage (442208K) : Executing rule CntB.b1
2026-03-12 19:15:15 +0100: Memory Usage (442208K) : Executing rule CntB.h1
2026-03-12 19:15:15 +0100: Memory Usage (442208K) : Starting 6.1.3 NPN Substrate-Tie table
2026-03-12 19:15:15 +0100: Memory Usage (442208K) : Executing rule npn13G2.bR 
2026-03-12 19:15:15 +0100: Memory Usage (442208K) : Executing rule npn13G2L.cR 
2026-03-12 19:15:15 +0100: Memory Usage (442208K) : Executing rule npn13G2V.cR 
2026-03-12 19:15:15 +0100: Memory Usage (442208K) : Starting 6.7 Schottky diode table
2026-03-12 19:15:15 +0100: Memory Usage (442208K) : Executing rule Sdiod.d
2026-03-12 19:15:15 +0100: Memory Usage (442208K) : Executing rule Sdiod.e
2026-03-12 19:15:15 +0100: Memory Usage (442208K) : Starting 7.2 Latch-up table
2026-03-12 19:15:15 +0100: Memory Usage (442208K) : Executing rule LU.b
2026-03-12 19:15:15 +0100: Memory Usage (442208K) : Starting 5.16. Metal1 table
2026-03-12 19:15:15 +0100: Memory Usage (442208K) : Executing rule M1.a
2026-03-12 19:15:15 +0100: Memory Usage (442208K) : Executing rule M1.b
2026-03-12 19:15:15 +0100: Memory Usage (442336K) : Executing rule M1.e
2026-03-12 19:15:15 +0100: Memory Usage (442336K) : Executing rule M1.f
2026-03-12 19:15:15 +0100: Memory Usage (442336K) : Executing rule M1.g
2026-03-12 19:15:15 +0100: Memory Usage (442336K) : Executing rule M1.i
2026-03-12 19:15:15 +0100: Memory Usage (442336K) : Starting 5.17 Metaln table
2026-03-12 19:15:15 +0100: Memory Usage (442336K) : Executing rule M2.a
2026-03-12 19:15:15 +0100: Memory Usage (442336K) : Executing rule M2.b
2026-03-12 19:15:15 +0100: Memory Usage (442336K) : Executing rule M2.e
2026-03-12 19:15:15 +0100: Memory Usage (442336K) : Executing rule M2.f
2026-03-12 19:15:15 +0100: Memory Usage (442336K) : Executing rule M2.g
2026-03-12 19:15:15 +0100: Memory Usage (442336K) : Executing rule M2.i
2026-03-12 19:15:15 +0100: Memory Usage (442336K) : Executing rule M3.a
2026-03-12 19:15:15 +0100: Memory Usage (442336K) : Executing rule M3.b
2026-03-12 19:15:15 +0100: Memory Usage (442336K) : Executing rule M3.e
2026-03-12 19:15:15 +0100: Memory Usage (442336K) : Executing rule M3.f
2026-03-12 19:15:15 +0100: Memory Usage (442336K) : Executing rule M3.g
2026-03-12 19:15:15 +0100: Memory Usage (442336K) : Executing rule M3.i
2026-03-12 19:15:15 +0100: Memory Usage (442336K) : Executing rule M4.a
2026-03-12 19:15:15 +0100: Memory Usage (442336K) : Executing rule M4.b
2026-03-12 19:15:15 +0100: Memory Usage (442336K) : Executing rule M4.e
2026-03-12 19:15:15 +0100: Memory Usage (442464K) : Executing rule M4.f
2026-03-12 19:15:15 +0100: Memory Usage (442720K) : Executing rule M4.g
2026-03-12 19:15:15 +0100: Memory Usage (443104K) : Executing rule M4.i
2026-03-12 19:15:15 +0100: Memory Usage (443488K) : Executing rule M5.a
2026-03-12 19:15:15 +0100: Memory Usage (443616K) : Executing rule M5.b
2026-03-12 19:15:15 +0100: Memory Usage (443616K) : Executing rule M5.e
2026-03-12 19:15:15 +0100: Memory Usage (443616K) : Executing rule M5.f
2026-03-12 19:15:15 +0100: Memory Usage (443616K) : Executing rule M5.g
2026-03-12 19:15:15 +0100: Memory Usage (443616K) : Executing rule M5.i
2026-03-12 19:15:15 +0100: Memory Usage (443616K) : Starting 5.18 Metaln:filler table
2026-03-12 19:15:15 +0100: Memory Usage (443616K) : Executing rule M1Fil.c
2026-03-12 19:15:15 +0100: Memory Usage (443616K) : Executing rule M1Fil.a2
2026-03-12 19:15:15 +0100: Memory Usage (443616K) : Executing rule M2Fil.c
2026-03-12 19:15:15 +0100: Memory Usage (443616K) : Executing rule M2Fil.a2
2026-03-12 19:15:15 +0100: Memory Usage (443616K) : Executing rule M3Fil.c
2026-03-12 19:15:15 +0100: Memory Usage (443616K) : Executing rule M3Fil.a2
2026-03-12 19:15:15 +0100: Memory Usage (443616K) : Executing rule M4Fil.c
2026-03-12 19:15:15 +0100: Memory Usage (443616K) : Executing rule M4Fil.a2
2026-03-12 19:15:15 +0100: Memory Usage (443616K) : Executing rule M5Fil.c
2026-03-12 19:15:15 +0100: Memory Usage (443616K) : Executing rule M5Fil.a2
2026-03-12 19:15:15 +0100: Memory Usage (443616K) : Starting 5.19. Via1 table
2026-03-12 19:15:15 +0100: Memory Usage (443616K) : Starting 5.19. Via1 table derivations
2026-03-12 19:15:15 +0100: Memory Usage (443616K) : Executing rule V1.a
2026-03-12 19:15:15 +0100: Memory Usage (443616K) : Executing rule V1.b
2026-03-12 19:15:15 +0100: Memory Usage (443616K) : Executing rule V1.c
2026-03-12 19:15:15 +0100: Memory Usage (443616K) : Starting 5.20. Vian table
2026-03-12 19:15:15 +0100: Memory Usage (443616K) : Executing rule V2.a
2026-03-12 19:15:15 +0100: Memory Usage (443616K) : Executing rule V2.b
2026-03-12 19:15:15 +0100: Memory Usage (443616K) : Executing rule V2.c
2026-03-12 19:15:15 +0100: Memory Usage (443616K) : Executing rule V3.a
2026-03-12 19:15:15 +0100: Memory Usage (443616K) : Executing rule V3.b
2026-03-12 19:15:15 +0100: Memory Usage (443616K) : Executing rule V3.c
2026-03-12 19:15:15 +0100: Memory Usage (443616K) : Executing rule V4.a
2026-03-12 19:15:15 +0100: Memory Usage (443616K) : Executing rule V4.b
2026-03-12 19:15:15 +0100: Memory Usage (443616K) : Executing rule V4.c
2026-03-12 19:15:15 +0100: Memory Usage (443616K) : Starting 5.21. TopVia1 table
2026-03-12 19:15:15 +0100: Memory Usage (443616K) : Executing rule TV1.a
2026-03-12 19:15:15 +0100: Memory Usage (443616K) : Executing rule TV1.b
2026-03-12 19:15:15 +0100: Memory Usage (443616K) : Executing rule TV1.c
2026-03-12 19:15:15 +0100: Memory Usage (443616K) : Executing rule TV1.d
2026-03-12 19:15:15 +0100: Memory Usage (443616K) : Starting 5.22. TopMetal1 table
2026-03-12 19:15:15 +0100: Memory Usage (443616K) : Executing rule TM1.a
2026-03-12 19:15:15 +0100: Memory Usage (443616K) : Executing rule TM1.b
2026-03-12 19:15:15 +0100: Memory Usage (443616K) : Starting 5.23 TopMetal1:filler table
2026-03-12 19:15:15 +0100: Memory Usage (443616K) : Executing rule TM1Fil.c
2026-03-12 19:15:15 +0100: Memory Usage (443616K) : Executing rule TM1Fil.a1
2026-03-12 19:15:15 +0100: Memory Usage (443616K) : Starting 5.24. TopVia2 table
2026-03-12 19:15:15 +0100: Memory Usage (443616K) : Executing rule TV2.a
2026-03-12 19:15:15 +0100: Memory Usage (443616K) : Executing rule TV2.b
2026-03-12 19:15:15 +0100: Memory Usage (443616K) : Executing rule TV2.c
2026-03-12 19:15:15 +0100: Memory Usage (443616K) : Executing rule TV2.d
2026-03-12 19:15:15 +0100: Memory Usage (443616K) : Starting 5.25. TopMetal2 table
2026-03-12 19:15:15 +0100: Memory Usage (443616K) : Executing rule TM2.a
2026-03-12 19:15:15 +0100: Memory Usage (443616K) : Executing rule TM2.b
2026-03-12 19:15:15 +0100: Memory Usage (443616K) : Executing rule TM2.bR
2026-03-12 19:15:15 +0100: Memory Usage (443616K) : Starting 5.26 TopMetal2:filler table
2026-03-12 19:15:15 +0100: Memory Usage (443616K) : Executing rule TM2Fil.c
2026-03-12 19:15:15 +0100: Memory Usage (443616K) : Executing rule TM2Fil.a1
2026-03-12 19:15:15 +0100: Memory Usage (443616K) : Starting 5.27. Passiv table
2026-03-12 19:15:15 +0100: Memory Usage (443616K) : Executing rule Pas.a
2026-03-12 19:15:15 +0100: Memory Usage (443616K) : Executing rule Pas.b
2026-03-12 19:15:15 +0100: Memory Usage (443616K) : Executing rule Pas.c
2026-03-12 19:15:15 +0100: Memory Usage (443616K) : Starting 6.9.2 Copper Pillar table
2026-03-12 19:15:15 +0100: Memory Usage (443616K) : Executing rule Padc.a
2026-03-12 19:15:15 +0100: Memory Usage (443616K) : Executing rule Padc.b
2026-03-12 19:15:15 +0100: Memory Usage (443616K) : Executing rule Padc.c
2026-03-12 19:15:15 +0100: Memory Usage (443616K) : Executing rule Padb.f
2026-03-12 19:15:15 +0100: Memory Usage (443616K) : Starting 6.9 Pad table
2026-03-12 19:15:15 +0100: Memory Usage (443616K) : Executing rule Pad.m
2026-03-12 19:15:15 +0100: Memory Usage (443616K) : Executing rule Pad.fR_M1
2026-03-12 19:15:15 +0100: Memory Usage (443616K) : Executing rule Pad.fR_M2
2026-03-12 19:15:15 +0100: Memory Usage (443616K) : Executing rule Pad.fR_M3
2026-03-12 19:15:15 +0100: Memory Usage (443616K) : Executing rule Pad.fR_M4
2026-03-12 19:15:15 +0100: Memory Usage (443616K) : Executing rule Pad.fR_M5
2026-03-12 19:15:15 +0100: Memory Usage (443744K) : Executing rule Pad.fR_TM1
2026-03-12 19:15:15 +0100: Memory Usage (443744K) : Executing rule Pad.fR_TM2
2026-03-12 19:15:15 +0100: Memory Usage (443744K) : Executing rule Pad.i
2026-03-12 19:15:15 +0100: Memory Usage (443744K) : Starting 6.9.1 Solder Bump
2026-03-12 19:15:15 +0100: Memory Usage (443744K) : Executing rule Padb.a
2026-03-12 19:15:15 +0100: Memory Usage (443744K) : Executing rule Padb.b
2026-03-12 19:15:15 +0100: Memory Usage (443744K) : Executing rule Padb.c
2026-03-12 19:15:15 +0100: Memory Usage (443744K) : Executing rule Padb.f
2026-03-12 19:15:15 +0100: Memory Usage (444896K) : Executing rule Padb.d
2026-03-12 19:15:15 +0100: Memory Usage (445024K) : Starting 6.10 Sealring table
2026-03-12 19:15:15 +0100: Memory Usage (445024K) : Executing rule Seal.l
2026-03-12 19:15:15 +0100: Memory Usage (445024K) : Executing rule Seal.n
2026-03-12 19:15:15 +0100: Memory Usage (445408K) : Executing rule seal.b_metal1
2026-03-12 19:15:15 +0100: Memory Usage (445536K) : Executing rule seal.b_metal2
2026-03-12 19:15:15 +0100: Memory Usage (445792K) : Executing rule seal.b_metal3
2026-03-12 19:15:16 +0100: Memory Usage (445920K) : Executing rule seal.b_metal4
2026-03-12 19:15:16 +0100: Memory Usage (445920K) : Executing rule seal.b_metal5
2026-03-12 19:15:16 +0100: Memory Usage (445920K) : Executing rule seal.b_topmetal1
2026-03-12 19:15:16 +0100: Memory Usage (445920K) : Executing rule seal.b_topmetal2
2026-03-12 19:15:16 +0100: Memory Usage (445920K) : Executing rule seal.b_activ
2026-03-12 19:15:16 +0100: Memory Usage (445920K) : Executing rule seal.b_psd
2026-03-12 19:15:16 +0100: Memory Usage (445920K) : Executing rule Seal.k
2026-03-12 19:15:16 +0100: Memory Usage (445920K) : Executing rule Seal.m
2026-03-12 19:15:16 +0100: Memory Usage (445920K) : Starting 6.11 MIM table
2026-03-12 19:15:16 +0100: Memory Usage (445920K) : Executing rule MIM.c
2026-03-12 19:15:16 +0100: Memory Usage (445920K) : Executing rule MIM.d
2026-03-12 19:15:16 +0100: Memory Usage (445920K) : Executing rule MIM.gR
2026-03-12 19:15:16 +0100: Memory Usage (445920K) : Starting 7.3 Metal Slits table
2026-03-12 19:15:16 +0100: Memory Usage (445920K) : Executing rule Slt.e1_M1
2026-03-12 19:15:16 +0100: Memory Usage (445920K) : Executing rule Slt.e1_M2
2026-03-12 19:15:16 +0100: Memory Usage (445920K) : Executing rule Slt.e1_M3
2026-03-12 19:15:16 +0100: Memory Usage (445920K) : Executing rule Slt.e1_M4
2026-03-12 19:15:16 +0100: Memory Usage (445920K) : Executing rule Slt.e1_M5
2026-03-12 19:15:16 +0100: Memory Usage (445920K) : Executing rule Slt.e1_TM1
2026-03-12 19:15:16 +0100: Memory Usage (445920K) : Executing rule Slt.e1_TM2
2026-03-12 19:15:16 +0100: Memory Usage (445920K) : Starting 9.1. LBE table
2026-03-12 19:15:16 +0100: Memory Usage (445920K) : Executing rule LBE.a
2026-03-12 19:15:16 +0100: Memory Usage (445920K) : Executing rule LBE.b
2026-03-12 19:15:16 +0100: Memory Usage (445920K) : Executing rule LBE.b1
2026-03-12 19:15:16 +0100: Memory Usage (445920K) : Executing rule LBE.c
2026-03-12 19:15:16 +0100: Memory Usage (445920K) : Executing rule LBE.d
2026-03-12 19:15:16 +0100: Memory Usage (445920K) : Executing rule LBE.h
2026-03-12 19:15:16 +0100: Memory Usage (445920K) : Starting 7.4. PIN table
2026-03-12 19:15:16 +0100: Memory Usage (445920K) : Executing rule Pin.a
2026-03-12 19:15:16 +0100: Memory Usage (445920K) : Executing rule Pin.b
2026-03-12 19:15:16 +0100: Memory Usage (445920K) : Executing rule Pin.e
2026-03-12 19:15:16 +0100: Memory Usage (445920K) : Executing rule Pin.f_M2
2026-03-12 19:15:16 +0100: Memory Usage (445920K) : Executing rule Pin.f_M3
2026-03-12 19:15:16 +0100: Memory Usage (445920K) : Executing rule Pin.f_M4
2026-03-12 19:15:16 +0100: Memory Usage (445920K) : Executing rule Pin.f_M5
2026-03-12 19:15:16 +0100: Memory Usage (445920K) : Executing rule Pin.g
2026-03-12 19:15:16 +0100: Memory Usage (445920K) : Executing rule Pin.h
2026-03-12 19:15:16 +0100: Memory Usage (445920K) : Starting 3.2. FORBIDDEN table
2026-03-12 19:15:16 +0100: Memory Usage (445920K) : Executing rule forbidden.biwind
2026-03-12 19:15:16 +0100: Memory Usage (445920K) : Executing rule forbidden.pemwind
2026-03-12 19:15:16 +0100: Memory Usage (445920K) : Executing rule forbidden.baspoly
2026-03-12 19:15:16 +0100: Memory Usage (445920K) : Executing rule forbidden.deepco
2026-03-12 19:15:16 +0100: Memory Usage (445920K) : Executing rule forbidden.pempoly
2026-03-12 19:15:16 +0100: Memory Usage (445920K) : Executing rule forbidden.empoly
2026-03-12 19:15:16 +0100: Memory Usage (445920K) : Executing rule forbidden.ldmos
2026-03-12 19:15:16 +0100: Memory Usage (445920K) : Executing rule forbidden.pbiwind
2026-03-12 19:15:16 +0100: Memory Usage (445920K) : Executing rule forbidden.nodrc
2026-03-12 19:15:16 +0100: Memory Usage (445920K) : Executing rule forbidden.flash
2026-03-12 19:15:16 +0100: Memory Usage (445920K) : Executing rule forbidden.colwind
2026-03-12 19:15:16 +0100: Memory Usage (445920K) : KLayout DRC run for tables 'main' completed in 1.41 seconds
