# Logfile created on 2026-03-01 19:20:41 +0100 by logger.rb/v1.6.0
2026-03-01 19:20:41 +0100: Memory Usage (421728K) : Starting running IHP-SG13G2 KLayout DRC runset on /home/cmaier/EDA/PUDDING/gds/analog_wires.gds
2026-03-01 19:20:41 +0100: Memory Usage (421728K) : Ruby Version for klayout: 3.3.10
2026-03-01 19:20:41 +0100: Memory Usage (422796K) : Loading database to memory is complete.
2026-03-01 19:20:41 +0100: Memory Usage (422796K) : IHP-SG13G2 KLayout DRC runset output at: /home/cmaier/EDA/PUDDING/gds/drc_run_analog_wires/analog_wires_analog_wires_main.lyrdb
2026-03-01 19:20:41 +0100: Memory Usage (422796K) : Evaluate switches.
2026-03-01 19:20:41 +0100: Memory Usage (422796K) : tables selected: main
2026-03-01 19:20:41 +0100: Memory Usage (422796K) : KLayout will use 1 thread(s) in tiling mode.
2026-03-01 19:20:41 +0100: Memory Usage (422796K) : deep mode is enabled.
2026-03-01 19:20:41 +0100: Memory Usage (422796K) : FEOL enabled: true
2026-03-01 19:20:41 +0100: Memory Usage (422796K) : BEOL enabled: true
2026-03-01 19:20:41 +0100: Memory Usage (422796K) : OFFGRID enabled: true
2026-03-01 19:20:41 +0100: Memory Usage (422796K) : PIN enabled: true
2026-03-01 19:20:41 +0100: Memory Usage (422796K) : FORBIDDEN enabled: true
2026-03-01 19:20:41 +0100: Memory Usage (422796K) : RECOMMENDED enabled: true
2026-03-01 19:20:41 +0100: Memory Usage (422796K) : PreCheck DRC enabled: false
2026-03-01 19:20:41 +0100: Memory Usage (422796K) : CONNECTIVITY_RULES enabled: true.
2026-03-01 19:20:41 +0100: Memory Usage (422796K) : Read in polygons from layers.
2026-03-01 19:20:41 +0100: Memory Usage (423860K) : activ_drw has 190 polygons
2026-03-01 19:20:41 +0100: Memory Usage (423860K) : activ_pin has 0 polygons
2026-03-01 19:20:41 +0100: Memory Usage (423860K) : activ_mask has 0 polygons
2026-03-01 19:20:41 +0100: Memory Usage (423860K) : activ_filler has 0 polygons
2026-03-01 19:20:41 +0100: Memory Usage (423860K) : activ_nofill has 0 polygons
2026-03-01 19:20:41 +0100: Memory Usage (423860K) : activ_opc has 0 polygons
2026-03-01 19:20:41 +0100: Memory Usage (423860K) : activ_iopc has 0 polygons
2026-03-01 19:20:41 +0100: Memory Usage (423860K) : activ_noqrc has 0 polygons
2026-03-01 19:20:41 +0100: Memory Usage (423860K) : biwind_drw has 0 polygons
2026-03-01 19:20:41 +0100: Memory Usage (423860K) : biwind_opc has 0 polygons
2026-03-01 19:20:41 +0100: Memory Usage (423860K) : pemwind_drw has 0 polygons
2026-03-01 19:20:41 +0100: Memory Usage (423860K) : gatpoly_drw has 76 polygons
2026-03-01 19:20:41 +0100: Memory Usage (423860K) : gatpoly_pin has 38 polygons
2026-03-01 19:20:41 +0100: Memory Usage (423860K) : gatpoly_filler has 0 polygons
2026-03-01 19:20:41 +0100: Memory Usage (423860K) : gatpoly_nofill has 0 polygons
2026-03-01 19:20:41 +0100: Memory Usage (423860K) : gatpoly_opc has 0 polygons
2026-03-01 19:20:41 +0100: Memory Usage (423860K) : gatpoly_iopc has 0 polygons
2026-03-01 19:20:41 +0100: Memory Usage (423860K) : gatpoly_noqrc has 0 polygons
2026-03-01 19:20:41 +0100: Memory Usage (423860K) : cont_drw has 5244 polygons
2026-03-01 19:20:41 +0100: Memory Usage (423860K) : cont_opc has 0 polygons
2026-03-01 19:20:41 +0100: Memory Usage (423988K) : nsd_drw has 0 polygons
2026-03-01 19:20:41 +0100: Memory Usage (423988K) : nsd_block has 0 polygons
2026-03-01 19:20:41 +0100: Memory Usage (423988K) : metal1_drw has 274 polygons
2026-03-01 19:20:41 +0100: Memory Usage (423988K) : metal1_pin has 76 polygons
2026-03-01 19:20:41 +0100: Memory Usage (423988K) : metal1_mask has 0 polygons
2026-03-01 19:20:41 +0100: Memory Usage (424116K) : metal1_filler has 0 polygons
2026-03-01 19:20:41 +0100: Memory Usage (424116K) : metal1_nofill has 0 polygons
2026-03-01 19:20:41 +0100: Memory Usage (424244K) : metal1_slit has 0 polygons
2026-03-01 19:20:41 +0100: Memory Usage (424244K) : metal1_text has 0 polygons
2026-03-01 19:20:41 +0100: Memory Usage (424372K) : metal1_opc has 0 polygons
2026-03-01 19:20:41 +0100: Memory Usage (424500K) : metal1_noqrc has 0 polygons
2026-03-01 19:20:41 +0100: Memory Usage (424500K) : metal1_res has 0 polygons
2026-03-01 19:20:41 +0100: Memory Usage (424628K) : metal1_iprobe has 0 polygons
2026-03-01 19:20:41 +0100: Memory Usage (424628K) : metal1_diffprb has 0 polygons
2026-03-01 19:20:41 +0100: Memory Usage (424628K) : passiv_drw has 0 polygons
2026-03-01 19:20:41 +0100: Memory Usage (424628K) : passiv_pin has 0 polygons
2026-03-01 19:20:41 +0100: Memory Usage (424628K) : passiv_sbump has 0 polygons
2026-03-01 19:20:41 +0100: Memory Usage (424628K) : passiv_pillar has 0 polygons
2026-03-01 19:20:41 +0100: Memory Usage (424756K) : passiv_pdl has 0 polygons
2026-03-01 19:20:41 +0100: Memory Usage (425072K) : metal2_drw has 18 polygons
2026-03-01 19:20:41 +0100: Memory Usage (425072K) : metal2_pin has 0 polygons
2026-03-01 19:20:41 +0100: Memory Usage (425200K) : metal2_mask has 0 polygons
2026-03-01 19:20:41 +0100: Memory Usage (425200K) : metal2_filler has 0 polygons
2026-03-01 19:20:41 +0100: Memory Usage (425328K) : metal2_nofill has 0 polygons
2026-03-01 19:20:41 +0100: Memory Usage (425328K) : metal2_slit has 0 polygons
2026-03-01 19:20:41 +0100: Memory Usage (425328K) : metal2_text has 0 polygons
2026-03-01 19:20:41 +0100: Memory Usage (425456K) : metal2_opc has 0 polygons
2026-03-01 19:20:41 +0100: Memory Usage (425456K) : metal2_noqrc has 0 polygons
2026-03-01 19:20:41 +0100: Memory Usage (425584K) : metal2_res has 0 polygons
2026-03-01 19:20:41 +0100: Memory Usage (425584K) : metal2_iprobe has 0 polygons
2026-03-01 19:20:41 +0100: Memory Usage (425584K) : metal2_diffprb has 0 polygons
2026-03-01 19:20:41 +0100: Memory Usage (425584K) : baspoly_drw has 0 polygons
2026-03-01 19:20:41 +0100: Memory Usage (425584K) : baspoly_pin has 0 polygons
2026-03-01 19:20:41 +0100: Memory Usage (425584K) : psd_drw has 38 polygons
2026-03-01 19:20:41 +0100: Memory Usage (425584K) : nldb_drw has 0 polygons
2026-03-01 19:20:41 +0100: Memory Usage (425584K) : digibnd_drw has 0 polygons
2026-03-01 19:20:41 +0100: Memory Usage (425584K) : via1_drw has 3216 polygons
2026-03-01 19:20:41 +0100: Memory Usage (425712K) : backmetal1_drw has 0 polygons
2026-03-01 19:20:41 +0100: Memory Usage (425712K) : backmetal1_pin has 0 polygons
2026-03-01 19:20:41 +0100: Memory Usage (425840K) : backmetal1_mask has 0 polygons
2026-03-01 19:20:41 +0100: Memory Usage (425840K) : backmetal1_filler has 0 polygons
2026-03-01 19:20:41 +0100: Memory Usage (425968K) : backmetal1_nofill has 0 polygons
2026-03-01 19:20:41 +0100: Memory Usage (425968K) : backmetal1_slit has 0 polygons
2026-03-01 19:20:41 +0100: Memory Usage (426096K) : backmetal1_text has 0 polygons
2026-03-01 19:20:41 +0100: Memory Usage (426096K) : backmetal1_opc has 0 polygons
2026-03-01 19:20:41 +0100: Memory Usage (426224K) : backmetal1_noqrc has 0 polygons
2026-03-01 19:20:41 +0100: Memory Usage (426224K) : backmetal1_res has 0 polygons
2026-03-01 19:20:41 +0100: Memory Usage (426352K) : backmetal1_iprobe has 0 polygons
2026-03-01 19:20:41 +0100: Memory Usage (426352K) : backmetal1_diffprb has 0 polygons
2026-03-01 19:20:41 +0100: Memory Usage (426480K) : backpassiv_drw has 0 polygons
2026-03-01 19:20:41 +0100: Memory Usage (426480K) : res_drw has 0 polygons
2026-03-01 19:20:41 +0100: Memory Usage (426608K) : sram_drw has 0 polygons
2026-03-01 19:20:41 +0100: Memory Usage (426608K) : trans_drw has 0 polygons
2026-03-01 19:20:41 +0100: Memory Usage (426736K) : ind_drw has 0 polygons
2026-03-01 19:20:41 +0100: Memory Usage (426736K) : ind_pin has 0 polygons
2026-03-01 19:20:41 +0100: Memory Usage (426864K) : ind_text has 0 polygons
2026-03-01 19:20:41 +0100: Memory Usage (426864K) : salblock_drw has 0 polygons
2026-03-01 19:20:41 +0100: Memory Usage (426992K) : via2_drw has 284 polygons
2026-03-01 19:20:41 +0100: Memory Usage (426992K) : metal3_drw has 18 polygons
2026-03-01 19:20:41 +0100: Memory Usage (427120K) : metal3_pin has 11 polygons
2026-03-01 19:20:41 +0100: Memory Usage (427120K) : metal3_mask has 0 polygons
2026-03-01 19:20:41 +0100: Memory Usage (427248K) : metal3_filler has 0 polygons
2026-03-01 19:20:41 +0100: Memory Usage (427248K) : metal3_nofill has 0 polygons
2026-03-01 19:20:41 +0100: Memory Usage (427376K) : metal3_slit has 0 polygons
2026-03-01 19:20:41 +0100: Memory Usage (427516K) : metal3_text has 11 polygons
2026-03-01 19:20:41 +0100: Memory Usage (427516K) : metal3_opc has 0 polygons
2026-03-01 19:20:41 +0100: Memory Usage (427644K) : metal3_noqrc has 0 polygons
2026-03-01 19:20:41 +0100: Memory Usage (427644K) : metal3_res has 0 polygons
2026-03-01 19:20:41 +0100: Memory Usage (427772K) : metal3_iprobe has 0 polygons
2026-03-01 19:20:41 +0100: Memory Usage (427772K) : metal3_diffprb has 0 polygons
2026-03-01 19:20:41 +0100: Memory Usage (428156K) : nwell_drw has 76 polygons
2026-03-01 19:20:41 +0100: Memory Usage (428156K) : nwell_pin has 0 polygons
2026-03-01 19:20:41 +0100: Memory Usage (428284K) : nbulay_drw has 0 polygons
2026-03-01 19:20:41 +0100: Memory Usage (428284K) : nbulay_pin has 0 polygons
2026-03-01 19:20:41 +0100: Memory Usage (428284K) : nbulay_block has 0 polygons
2026-03-01 19:20:41 +0100: Memory Usage (428284K) : emwind_drw has 0 polygons
2026-03-01 19:20:41 +0100: Memory Usage (428284K) : emwind_opc has 0 polygons
2026-03-01 19:20:41 +0100: Memory Usage (428284K) : deepco_drw has 0 polygons
2026-03-01 19:20:41 +0100: Memory Usage (428412K) : deepco_drw has 0 polygons
2026-03-01 19:20:41 +0100: Memory Usage (428412K) : mim_drw has 0 polygons
2026-03-01 19:20:41 +0100: Memory Usage (428540K) : edgeseal_drw has 0 polygons
2026-03-01 19:20:41 +0100: Memory Usage (428540K) : edgeseal_bound has 0 polygons
2026-03-01 19:20:41 +0100: Memory Usage (428668K) : substrate_drw has 38 polygons
2026-03-01 19:20:41 +0100: Memory Usage (428668K) : substrate_text has 0 polygons
2026-03-01 19:20:41 +0100: Memory Usage (428796K) : dfpad_drw has 0 polygons
2026-03-01 19:20:41 +0100: Memory Usage (428796K) : dfpad_pillar has 0 polygons
2026-03-01 19:20:41 +0100: Memory Usage (428924K) : dfpad_sbump has 0 polygons
2026-03-01 19:20:41 +0100: Memory Usage (428924K) : thickgateox_drw has 38 polygons
2026-03-01 19:20:41 +0100: Memory Usage (429052K) : pldb_drw has 0 polygons
2026-03-01 19:20:41 +0100: Memory Usage (429052K) : pwell_drw has 0 polygons
2026-03-01 19:20:41 +0100: Memory Usage (429180K) : pwell_pin has 0 polygons
2026-03-01 19:20:41 +0100: Memory Usage (429180K) : pwell_block has 0 polygons
2026-03-01 19:20:41 +0100: Memory Usage (429308K) : ic_drw has 0 polygons
2026-03-01 19:20:41 +0100: Memory Usage (429308K) : via3_drw has 0 polygons
2026-03-01 19:20:41 +0100: Memory Usage (429436K) : metal4_drw has 0 polygons
2026-03-01 19:20:41 +0100: Memory Usage (429436K) : metal4_pin has 0 polygons
2026-03-01 19:20:41 +0100: Memory Usage (429564K) : metal4_mask has 0 polygons
2026-03-01 19:20:41 +0100: Memory Usage (429564K) : metal4_filler has 0 polygons
2026-03-01 19:20:41 +0100: Memory Usage (429692K) : metal4_nofill has 0 polygons
2026-03-01 19:20:41 +0100: Memory Usage (429692K) : metal4_slit has 0 polygons
2026-03-01 19:20:41 +0100: Memory Usage (429820K) : metal4_text has 0 polygons
2026-03-01 19:20:41 +0100: Memory Usage (429820K) : metal4_opc has 0 polygons
2026-03-01 19:20:41 +0100: Memory Usage (429948K) : metal4_noqrc has 0 polygons
2026-03-01 19:20:41 +0100: Memory Usage (429948K) : metal4_res has 0 polygons
2026-03-01 19:20:41 +0100: Memory Usage (430076K) : metal4_iprobe has 0 polygons
2026-03-01 19:20:41 +0100: Memory Usage (430076K) : metal4_diffprb has 0 polygons
2026-03-01 19:20:41 +0100: Memory Usage (430204K) : heattrans_drw has 38 polygons
2026-03-01 19:20:41 +0100: Memory Usage (430204K) : heatres_drw has 0 polygons
2026-03-01 19:20:41 +0100: Memory Usage (430332K) : pempoly_drw has 0 polygons
2026-03-01 19:20:41 +0100: Memory Usage (430332K) : fbe_drw has 0 polygons
2026-03-01 19:20:41 +0100: Memory Usage (430460K) : empoly_drw has 0 polygons
2026-03-01 19:20:41 +0100: Memory Usage (430460K) : ldmos_drw has 0 polygons
2026-03-01 19:20:41 +0100: Memory Usage (430588K) : pbiwind_drw has 0 polygons
2026-03-01 19:20:41 +0100: Memory Usage (430588K) : digisub_drw has 0 polygons
2026-03-01 19:20:41 +0100: Memory Usage (430716K) : nodrc_drw has 0 polygons
2026-03-01 19:20:41 +0100: Memory Usage (430716K) : text_drw has 38 polygons
2026-03-01 19:20:41 +0100: Memory Usage (430844K) : via4_drw has 0 polygons
2026-03-01 19:20:41 +0100: Memory Usage (430844K) : metal5_drw has 0 polygons
2026-03-01 19:20:41 +0100: Memory Usage (430972K) : metal5_pin has 0 polygons
2026-03-01 19:20:41 +0100: Memory Usage (430972K) : metal5_mask has 0 polygons
2026-03-01 19:20:41 +0100: Memory Usage (431100K) : metal5_filler has 0 polygons
2026-03-01 19:20:41 +0100: Memory Usage (431100K) : metal5_nofill has 0 polygons
2026-03-01 19:20:41 +0100: Memory Usage (431228K) : metal5_slit has 0 polygons
2026-03-01 19:20:41 +0100: Memory Usage (431228K) : metal5_text has 0 polygons
2026-03-01 19:20:41 +0100: Memory Usage (431356K) : metal5_opc has 0 polygons
2026-03-01 19:20:41 +0100: Memory Usage (431356K) : metal5_noqrc has 0 polygons
2026-03-01 19:20:41 +0100: Memory Usage (431484K) : metal5_res has 0 polygons
2026-03-01 19:20:41 +0100: Memory Usage (431484K) : metal5_iprobe has 0 polygons
2026-03-01 19:20:41 +0100: Memory Usage (431612K) : metal5_diffprb has 0 polygons
2026-03-01 19:20:41 +0100: Memory Usage (431612K) : radhard_drw has 0 polygons
2026-03-01 19:20:41 +0100: Memory Usage (431740K) : memcap_drw has 0 polygons
2026-03-01 19:20:41 +0100: Memory Usage (431740K) : varicap_drw has 0 polygons
2026-03-01 19:20:41 +0100: Memory Usage (431868K) : flash_drw has 0 polygons
2026-03-01 19:20:41 +0100: Memory Usage (431996K) : intbondvia_drw has 0 polygons
2026-03-01 19:20:41 +0100: Memory Usage (431996K) : intbondmet_drw has 0 polygons
2026-03-01 19:20:41 +0100: Memory Usage (431996K) : devbondvia_drw has 0 polygons
2026-03-01 19:20:41 +0100: Memory Usage (431996K) : devbondmet_drw has 0 polygons
2026-03-01 19:20:41 +0100: Memory Usage (431996K) : devtrench_drw has 0 polygons
2026-03-01 19:20:41 +0100: Memory Usage (431996K) : redist_drw has 0 polygons
2026-03-01 19:20:41 +0100: Memory Usage (431996K) : graphbot_drw has 0 polygons
2026-03-01 19:20:41 +0100: Memory Usage (431996K) : graphtop_drw has 0 polygons
2026-03-01 19:20:41 +0100: Memory Usage (431996K) : antvia1_drw has 0 polygons
2026-03-01 19:20:41 +0100: Memory Usage (431996K) : antmetal2_drw has 0 polygons
2026-03-01 19:20:41 +0100: Memory Usage (431996K) : graphcont_drw has 0 polygons
2026-03-01 19:20:41 +0100: Memory Usage (431996K) : siwg_drw has 0 polygons
2026-03-01 19:20:41 +0100: Memory Usage (431996K) : siwg_filler has 0 polygons
2026-03-01 19:20:41 +0100: Memory Usage (431996K) : siwg_nofill has 0 polygons
2026-03-01 19:20:41 +0100: Memory Usage (431996K) : sigrating_drw has 0 polygons
2026-03-01 19:20:41 +0100: Memory Usage (431996K) : singrating_drw has 0 polygons
2026-03-01 19:20:41 +0100: Memory Usage (431996K) : graphpas_drw has 0 polygons
2026-03-01 19:20:41 +0100: Memory Usage (431996K) : emwind3_drw has 0 polygons
2026-03-01 19:20:41 +0100: Memory Usage (431996K) : emwihv3_drw has 0 polygons
2026-03-01 19:20:41 +0100: Memory Usage (431996K) : redbulay_drw has 0 polygons
2026-03-01 19:20:41 +0100: Memory Usage (431996K) : smos_drw has 0 polygons
2026-03-01 19:20:41 +0100: Memory Usage (431996K) : graphpad_drw has 0 polygons
2026-03-01 19:20:41 +0100: Memory Usage (431996K) : polimide_drw has 0 polygons
2026-03-01 19:20:41 +0100: Memory Usage (431996K) : polimide_pin has 0 polygons
2026-03-01 19:20:41 +0100: Memory Usage (431996K) : recog_drw has 0 polygons
2026-03-01 19:20:41 +0100: Memory Usage (431996K) : recog_pin has 0 polygons
2026-03-01 19:20:41 +0100: Memory Usage (431996K) : recog_esd has 0 polygons
2026-03-01 19:20:41 +0100: Memory Usage (431996K) : recog_diode has 0 polygons
2026-03-01 19:20:41 +0100: Memory Usage (431996K) : recog_tsv has 0 polygons
2026-03-01 19:20:41 +0100: Memory Usage (431996K) : recog_iprobe has 0 polygons
2026-03-01 19:20:41 +0100: Memory Usage (431996K) : recog_diffprb has 0 polygons
2026-03-01 19:20:41 +0100: Memory Usage (431996K) : recog_pillar has 0 polygons
2026-03-01 19:20:41 +0100: Memory Usage (431996K) : recog_sbump has 0 polygons
2026-03-01 19:20:41 +0100: Memory Usage (431996K) : recog_otp has 0 polygons
2026-03-01 19:20:41 +0100: Memory Usage (431996K) : recog_pdiode has 0 polygons
2026-03-01 19:20:41 +0100: Memory Usage (431996K) : recog_mom has 0 polygons
2026-03-01 19:20:41 +0100: Memory Usage (431996K) : recog_pcm has 0 polygons
2026-03-01 19:20:41 +0100: Memory Usage (431996K) : colopen_drw has 0 polygons
2026-03-01 19:20:41 +0100: Memory Usage (431996K) : graphmetal1_drw has 0 polygons
2026-03-01 19:20:41 +0100: Memory Usage (431996K) : graphmetal1_filler has 0 polygons
2026-03-01 19:20:41 +0100: Memory Usage (431996K) : graphmetal1_nofill has 0 polygons
2026-03-01 19:20:41 +0100: Memory Usage (431996K) : graphmetal1_slit has 0 polygons
2026-03-01 19:20:41 +0100: Memory Usage (431996K) : graphmetal1_opc has 0 polygons
2026-03-01 19:20:41 +0100: Memory Usage (431996K) : graphmet1l_drw has 0 polygons
2026-03-01 19:20:41 +0100: Memory Usage (431996K) : graphmet1l_filler has 0 polygons
2026-03-01 19:20:41 +0100: Memory Usage (431996K) : graphmet1l_nofill has 0 polygons
2026-03-01 19:20:41 +0100: Memory Usage (431996K) : graphmet1l_slit has 0 polygons
2026-03-01 19:20:41 +0100: Memory Usage (431996K) : graphmet1l_opc has 0 polygons
2026-03-01 19:20:41 +0100: Memory Usage (431996K) : extblock_drw has 0 polygons
2026-03-01 19:20:41 +0100: Memory Usage (431996K) : nldd_drw has 0 polygons
2026-03-01 19:20:41 +0100: Memory Usage (431996K) : pldd_drw has 0 polygons
2026-03-01 19:20:41 +0100: Memory Usage (431996K) : next_drw has 0 polygons
2026-03-01 19:20:41 +0100: Memory Usage (431996K) : pext_drw has 0 polygons
2026-03-01 19:20:41 +0100: Memory Usage (431996K) : nexthv_drw has 0 polygons
2026-03-01 19:20:41 +0100: Memory Usage (431996K) : pexthv_drw has 0 polygons
2026-03-01 19:20:41 +0100: Memory Usage (431996K) : graphgate_drw has 0 polygons
2026-03-01 19:20:41 +0100: Memory Usage (432124K) : sinwg_drw has 0 polygons
2026-03-01 19:20:41 +0100: Memory Usage (432124K) : sinwg_filler has 0 polygons
2026-03-01 19:20:41 +0100: Memory Usage (432252K) : sinwg_nofill has 0 polygons
2026-03-01 19:20:41 +0100: Memory Usage (432252K) : mempad_drw has 0 polygons
2026-03-01 19:20:41 +0100: Memory Usage (432380K) : topvia1_drw has 0 polygons
2026-03-01 19:20:41 +0100: Memory Usage (432380K) : topmetal1_drw has 0 polygons
2026-03-01 19:20:41 +0100: Memory Usage (432508K) : topmetal1_pin has 0 polygons
2026-03-01 19:20:41 +0100: Memory Usage (432508K) : topmetal1_mask has 0 polygons
2026-03-01 19:20:41 +0100: Memory Usage (432636K) : topmetal1_filler has 0 polygons
2026-03-01 19:20:41 +0100: Memory Usage (432636K) : topmetal1_nofill has 0 polygons
2026-03-01 19:20:41 +0100: Memory Usage (432764K) : topmetal1_slit has 0 polygons
2026-03-01 19:20:41 +0100: Memory Usage (432764K) : topmetal1_text has 0 polygons
2026-03-01 19:20:41 +0100: Memory Usage (432892K) : topmetal1_noqrc has 0 polygons
2026-03-01 19:20:41 +0100: Memory Usage (432892K) : topmetal1_res has 0 polygons
2026-03-01 19:20:41 +0100: Memory Usage (433020K) : topmetal1_iprobe has 0 polygons
2026-03-01 19:20:41 +0100: Memory Usage (433020K) : topmetal1_diffprb has 0 polygons
2026-03-01 19:20:41 +0100: Memory Usage (433148K) : inldpwl_drw has 0 polygons
2026-03-01 19:20:41 +0100: Memory Usage (433148K) : polyres_drw has 0 polygons
2026-03-01 19:20:41 +0100: Memory Usage (433276K) : polyres_pin has 0 polygons
2026-03-01 19:20:41 +0100: Memory Usage (433276K) : vmim_drw has 0 polygons
2026-03-01 19:20:41 +0100: Memory Usage (433404K) : nbulaycut_drw has 0 polygons
2026-03-01 19:20:41 +0100: Memory Usage (433404K) : antmetal1_drw has 0 polygons
2026-03-01 19:20:41 +0100: Memory Usage (433532K) : topvia2_drw has 0 polygons
2026-03-01 19:20:41 +0100: Memory Usage (433532K) : topmetal2_drw has 0 polygons
2026-03-01 19:20:41 +0100: Memory Usage (433660K) : topmetal2_pin has 0 polygons
2026-03-01 19:20:41 +0100: Memory Usage (433660K) : topmetal2_mask has 0 polygons
2026-03-01 19:20:41 +0100: Memory Usage (433788K) : topmetal2_filler has 0 polygons
2026-03-01 19:20:41 +0100: Memory Usage (433788K) : topmetal2_nofill has 0 polygons
2026-03-01 19:20:41 +0100: Memory Usage (433916K) : topmetal2_slit has 0 polygons
2026-03-01 19:20:41 +0100: Memory Usage (433916K) : topmetal2_text has 0 polygons
2026-03-01 19:20:41 +0100: Memory Usage (434044K) : topmetal2_noqrc has 0 polygons
2026-03-01 19:20:41 +0100: Memory Usage (434044K) : topmetal2_res has 0 polygons
2026-03-01 19:20:41 +0100: Memory Usage (434172K) : topmetal2_iprobe has 0 polygons
2026-03-01 19:20:41 +0100: Memory Usage (434172K) : topmetal2_diffprb has 0 polygons
2026-03-01 19:20:41 +0100: Memory Usage (434300K) : snsring_drw has 0 polygons
2026-03-01 19:20:41 +0100: Memory Usage (434300K) : sensor_drw has 0 polygons
2026-03-01 19:20:41 +0100: Memory Usage (434428K) : snsarms_drw has 0 polygons
2026-03-01 19:20:41 +0100: Memory Usage (434428K) : snscmosvia_drw has 0 polygons
2026-03-01 19:20:41 +0100: Memory Usage (434556K) : colwind_drw has 0 polygons
2026-03-01 19:20:41 +0100: Memory Usage (434556K) : flm_drw has 0 polygons
2026-03-01 19:20:41 +0100: Memory Usage (434684K) : hafniumox_drw has 0 polygons
2026-03-01 19:20:41 +0100: Memory Usage (434684K) : memvia_drw has 0 polygons
2026-03-01 19:20:41 +0100: Memory Usage (434812K) : thinfilmres_drw has 0 polygons
2026-03-01 19:20:41 +0100: Memory Usage (434812K) : rfmem_drw has 0 polygons
2026-03-01 19:20:41 +0100: Memory Usage (434940K) : norcx_drw has 0 polygons
2026-03-01 19:20:41 +0100: Memory Usage (434940K) : norcx_m2m3 has 0 polygons
2026-03-01 19:20:41 +0100: Memory Usage (435068K) : norcx_m2m4 has 0 polygons
2026-03-01 19:20:41 +0100: Memory Usage (435196K) : norcx_m2m5 has 0 polygons
2026-03-01 19:20:41 +0100: Memory Usage (435196K) : norcx_m2tm1 has 0 polygons
2026-03-01 19:20:41 +0100: Memory Usage (435196K) : norcx_m2tm2 has 0 polygons
2026-03-01 19:20:41 +0100: Memory Usage (435196K) : norcx_m3m4 has 0 polygons
2026-03-01 19:20:41 +0100: Memory Usage (435196K) : norcx_m3m5 has 0 polygons
2026-03-01 19:20:41 +0100: Memory Usage (435196K) : norcx_m3tm1 has 0 polygons
2026-03-01 19:20:41 +0100: Memory Usage (435196K) : norcx_m3tm2 has 0 polygons
2026-03-01 19:20:41 +0100: Memory Usage (435196K) : norcx_m4m5 has 0 polygons
2026-03-01 19:20:41 +0100: Memory Usage (435196K) : norcx_m4tm1 has 0 polygons
2026-03-01 19:20:41 +0100: Memory Usage (435196K) : norcx_m4tm2 has 0 polygons
2026-03-01 19:20:41 +0100: Memory Usage (435196K) : norcx_m5tm1 has 0 polygons
2026-03-01 19:20:41 +0100: Memory Usage (435196K) : norcx_m5tm2 has 0 polygons
2026-03-01 19:20:41 +0100: Memory Usage (435196K) : norcx_tm1tm2 has 0 polygons
2026-03-01 19:20:41 +0100: Memory Usage (435196K) : norcx_m1sub has 0 polygons
2026-03-01 19:20:41 +0100: Memory Usage (435196K) : norcx_m2sub has 0 polygons
2026-03-01 19:20:41 +0100: Memory Usage (435196K) : norcx_m3sub has 0 polygons
2026-03-01 19:20:41 +0100: Memory Usage (435196K) : norcx_m4sub has 0 polygons
2026-03-01 19:20:41 +0100: Memory Usage (435196K) : norcx_m5sub has 0 polygons
2026-03-01 19:20:41 +0100: Memory Usage (435196K) : norcx_tm1sub has 0 polygons
2026-03-01 19:20:41 +0100: Memory Usage (435196K) : norcx_tm2sub has 0 polygons
2026-03-01 19:20:41 +0100: Memory Usage (435196K) : snsbotvia_drw has 0 polygons
2026-03-01 19:20:41 +0100: Memory Usage (435196K) : snstopvia_drw has 0 polygons
2026-03-01 19:20:41 +0100: Memory Usage (435196K) : deepvia_drw has 0 polygons
2026-03-01 19:20:41 +0100: Memory Usage (435196K) : fgetch_drw has 0 polygons
2026-03-01 19:20:41 +0100: Memory Usage (435196K) : ctrgat_drw has 0 polygons
2026-03-01 19:20:41 +0100: Memory Usage (435196K) : fgimp_drw has 0 polygons
2026-03-01 19:20:41 +0100: Memory Usage (435196K) : emwihv_drw has 0 polygons
2026-03-01 19:20:41 +0100: Memory Usage (435196K) : lbe_drw has 0 polygons
2026-03-01 19:20:41 +0100: Memory Usage (435196K) : alcustop_drw has 0 polygons
2026-03-01 19:20:41 +0100: Memory Usage (435196K) : nometfiller_drw has 0 polygons
2026-03-01 19:20:41 +0100: Memory Usage (435196K) : prboundary_drw has 0 polygons
2026-03-01 19:20:41 +0100: Memory Usage (435196K) : exchange0_drw has 0 polygons
2026-03-01 19:20:41 +0100: Memory Usage (435196K) : exchange0_pin has 0 polygons
2026-03-01 19:20:41 +0100: Memory Usage (435196K) : exchange0_text has 0 polygons
2026-03-01 19:20:41 +0100: Memory Usage (435196K) : exchange1_drw has 0 polygons
2026-03-01 19:20:41 +0100: Memory Usage (435196K) : exchange1_pin has 0 polygons
2026-03-01 19:20:41 +0100: Memory Usage (435196K) : exchange1_text has 0 polygons
2026-03-01 19:20:41 +0100: Memory Usage (435196K) : exchange2_drw has 0 polygons
2026-03-01 19:20:41 +0100: Memory Usage (435196K) : exchange2_pin has 0 polygons
2026-03-01 19:20:41 +0100: Memory Usage (435196K) : exchange2_text has 0 polygons
2026-03-01 19:20:41 +0100: Memory Usage (435196K) : exchange3_drw has 0 polygons
2026-03-01 19:20:41 +0100: Memory Usage (435196K) : exchange3_pin has 0 polygons
2026-03-01 19:20:41 +0100: Memory Usage (435196K) : exchange3_text has 0 polygons
2026-03-01 19:20:41 +0100: Memory Usage (435196K) : exchange4_drw has 0 polygons
2026-03-01 19:20:41 +0100: Memory Usage (435196K) : exchange4_pin has 0 polygons
2026-03-01 19:20:41 +0100: Memory Usage (435196K) : exchange4_text has 0 polygons
2026-03-01 19:20:41 +0100: Memory Usage (435196K) : isonwell_drw has 0 polygons
2026-03-01 19:20:41 +0100: Memory Usage (435196K) : Total no. of polygons in the design is 9722
2026-03-01 19:20:41 +0100: Memory Usage (435196K) : Loaded TECH DRC rules values from /home/cmaier/.ciel/ciel/ihp-sg13g2/versions/c4b8b4e5e7a05f375cca3815d51b3a37721fbf5c/ihp-sg13g2/libs.tech/klayout/python/sg13g2_pycell_lib/sg13g2_tech_mod.json
2026-03-01 19:20:41 +0100: Memory Usage (435196K) : Loaded default DRC rules values from /home/cmaier/.ciel/ciel/ihp-sg13g2/versions/c4b8b4e5e7a05f375cca3815d51b3a37721fbf5c/ihp-sg13g2/libs.tech/klayout/tech/drc/rule_decks/sg13g2_tech_default.json
2026-03-01 19:20:41 +0100: Memory Usage (435196K) : The following rules values were missing in tech json and default values were used:
2026-03-01 19:20:41 +0100: Memory Usage (435196K) :   - Cnt_c_digibnd
2026-03-01 19:20:41 +0100: Memory Usage (435836K) : Total area of the design is 18724.8 um^2.
2026-03-01 19:20:41 +0100: Memory Usage (435836K) : The design dimensions are 99.60000000000001 µm * 188.0 µm.
2026-03-01 19:20:41 +0100: Memory Usage (435836K) : Starting general IHP-SG13G2 derivations.
2026-03-01 19:20:41 +0100: Memory Usage (435836K) : Starting Pwell derivations
2026-03-01 19:20:41 +0100: Memory Usage (437116K) : Starting n-Activ derivations
2026-03-01 19:20:41 +0100: Memory Usage (437300K) : Starting p-Activ derivations
2026-03-01 19:20:41 +0100: Memory Usage (437300K) : Starting ptap derivations
2026-03-01 19:20:41 +0100: Memory Usage (437428K) : Starting ntap derivations
2026-03-01 19:20:41 +0100: Memory Usage (437428K) : Starting pact FET derivations
2026-03-01 19:20:41 +0100: Memory Usage (437428K) : Starting nact FET derivations
2026-03-01 19:20:41 +0100: Memory Usage (437428K) : Starting Gate derivations
2026-03-01 19:20:41 +0100: Memory Usage (437428K) : Starting cont/contbar general derivations
2026-03-01 19:20:41 +0100: Memory Usage (437428K) : Starting pad general derivations
2026-03-01 19:20:41 +0100: Memory Usage (437428K) : Starting IHP-SG13G2 DRC connectivity related derivations.
2026-03-01 19:20:41 +0100: Memory Usage (438068K) : Starting IHP-SG13G2 DRC connectivity setup
2026-03-01 19:20:41 +0100: Memory Usage (438512K) : Starting IHP-SG13G2 DRC rules.
2026-03-01 19:20:41 +0100: Memory Usage (438512K) : Running all FEOL rules
2026-03-01 19:20:41 +0100: Memory Usage (438512K) : Running all BEOL rules
2026-03-01 19:20:41 +0100: Memory Usage (438512K) : Running all PIN rules
2026-03-01 19:20:41 +0100: Memory Usage (438512K) : Running all FORBIDDEN rules
2026-03-01 19:20:41 +0100: Memory Usage (438512K) : Starting 5.1 NWell table
2026-03-01 19:20:41 +0100: Memory Usage (438512K) : Executing rule NW.b
2026-03-01 19:20:41 +0100: Memory Usage (439208K) : Executing rule NW.b1
2026-03-01 19:20:41 +0100: Memory Usage (439464K) : Starting 5.2 PWell:block
2026-03-01 19:20:41 +0100: Memory Usage (439464K) : Executing rule PWB.e
2026-03-01 19:20:41 +0100: Memory Usage (439720K) : Executing rule PWB.e1
2026-03-01 19:20:41 +0100: Memory Usage (439848K) : Executing rule PWB.f
2026-03-01 19:20:41 +0100: Memory Usage (439976K) : Executing rule PWB.f1
2026-03-01 19:20:41 +0100: Memory Usage (440616K) : Starting 5.3 nBuLay table
2026-03-01 19:20:41 +0100: Memory Usage (440872K) : Executing rule NBL.b
2026-03-01 19:20:41 +0100: Memory Usage (441000K) : Executing rule NBL.c
2026-03-01 19:20:41 +0100: Memory Usage (441256K) : Executing rule NBL.d
2026-03-01 19:20:41 +0100: Memory Usage (441256K) : Executing rule NBL.e
2026-03-01 19:20:41 +0100: Memory Usage (441256K) : Executing rule NBL.f
2026-03-01 19:20:41 +0100: Memory Usage (441256K) : Starting 5.5. Activ table
2026-03-01 19:20:41 +0100: Memory Usage (441256K) : Executing rule Act.a
2026-03-01 19:20:41 +0100: Memory Usage (441256K) : Executing rule Act.b
2026-03-01 19:20:41 +0100: Memory Usage (441392K) : Starting 5.6 Activ:filler table
2026-03-01 19:20:41 +0100: Memory Usage (441392K) : Executing rule AFil.c1
2026-03-01 19:20:41 +0100: Memory Usage (441392K) : Executing rule AFil.c
2026-03-01 19:20:41 +0100: Memory Usage (441392K) : Executing rule AFil.d
2026-03-01 19:20:41 +0100: Memory Usage (441392K) : Executing rule AFil.e
2026-03-01 19:20:41 +0100: Memory Usage (441392K) : Executing rule AFil.j
2026-03-01 19:20:41 +0100: Memory Usage (441392K) : Starting 5.7. ThickGateOx table
2026-03-01 19:20:41 +0100: Memory Usage (441392K) : Executing rule TGO.f
2026-03-01 19:20:41 +0100: Memory Usage (441392K) : Starting 5.8. GatPoly table
2026-03-01 19:20:41 +0100: Memory Usage (441392K) : Executing rule Gat.a
2026-03-01 19:20:41 +0100: Memory Usage (441392K) : Executing rule Gat.b
2026-03-01 19:20:41 +0100: Memory Usage (441392K) : Executing rule Gat.d
2026-03-01 19:20:41 +0100: Memory Usage (441392K) : Executing rule Gat.a1
2026-03-01 19:20:41 +0100: Memory Usage (441560K) : Executing rule Gat.a2
2026-03-01 19:20:41 +0100: Memory Usage (441560K) : Executing rule Gat.g
2026-03-01 19:20:41 +0100: Memory Usage (441728K) : Starting 5.9 GatPoly:filler
2026-03-01 19:20:41 +0100: Memory Usage (441728K) : Executing rule GFil.d
2026-03-01 19:20:41 +0100: Memory Usage (441728K) : Executing rule GFil.e
2026-03-01 19:20:41 +0100: Memory Usage (441728K) : Executing rule GFil.i
2026-03-01 19:20:41 +0100: Memory Usage (441728K) : Starting 5.10 pSD table
2026-03-01 19:20:41 +0100: Memory Usage (441728K) : Executing rule pSD.c1
2026-03-01 19:20:41 +0100: Memory Usage (441728K) : Starting 5.14. Cont table
2026-03-01 19:20:41 +0100: Memory Usage (441728K) : Executing rule Cnt.a
2026-03-01 19:20:41 +0100: Memory Usage (441728K) : Executing rule Cnt.b
2026-03-01 19:20:41 +0100: Memory Usage (441728K) : Executing rule Cnt.c
2026-03-01 19:20:41 +0100: Memory Usage (441728K) : Executing rule Cnt.c
2026-03-01 19:20:41 +0100: Memory Usage (441728K) : Executing rule Cnt.d
2026-03-01 19:20:41 +0100: Memory Usage (441728K) : Executing rule Cnt.e
2026-03-01 19:20:41 +0100: Memory Usage (441728K) : Executing rule Cnt.g1
2026-03-01 19:20:41 +0100: Memory Usage (441728K) : Executing rule Cnt.g2
2026-03-01 19:20:41 +0100: Memory Usage (441728K) : Starting 5.15. ContBar table
2026-03-01 19:20:41 +0100: Memory Usage (441728K) : Executing rule CntB.b1
2026-03-01 19:20:41 +0100: Memory Usage (441728K) : Executing rule CntB.h1
2026-03-01 19:20:42 +0100: Memory Usage (441728K) : Starting 6.1.3 NPN Substrate-Tie table
2026-03-01 19:20:42 +0100: Memory Usage (441728K) : Executing rule npn13G2.bR 
2026-03-01 19:20:42 +0100: Memory Usage (441728K) : Executing rule npn13G2L.cR 
2026-03-01 19:20:42 +0100: Memory Usage (441728K) : Executing rule npn13G2V.cR 
2026-03-01 19:20:42 +0100: Memory Usage (441728K) : Starting 6.7 Schottky diode table
2026-03-01 19:20:42 +0100: Memory Usage (441728K) : Executing rule Sdiod.d
2026-03-01 19:20:42 +0100: Memory Usage (441728K) : Executing rule Sdiod.e
2026-03-01 19:20:42 +0100: Memory Usage (441728K) : Starting 7.2 Latch-up table
2026-03-01 19:20:42 +0100: Memory Usage (441728K) : Executing rule LU.b
2026-03-01 19:20:42 +0100: Memory Usage (441728K) : Starting 5.16. Metal1 table
2026-03-01 19:20:42 +0100: Memory Usage (441728K) : Executing rule M1.a
2026-03-01 19:20:42 +0100: Memory Usage (441728K) : Executing rule M1.b
2026-03-01 19:20:42 +0100: Memory Usage (441728K) : Executing rule M1.e
2026-03-01 19:20:42 +0100: Memory Usage (441728K) : Executing rule M1.f
2026-03-01 19:20:42 +0100: Memory Usage (441728K) : Executing rule M1.g
2026-03-01 19:20:42 +0100: Memory Usage (441728K) : Executing rule M1.i
2026-03-01 19:20:42 +0100: Memory Usage (441856K) : Starting 5.17 Metaln table
2026-03-01 19:20:42 +0100: Memory Usage (441856K) : Executing rule M2.a
2026-03-01 19:20:42 +0100: Memory Usage (441856K) : Executing rule M2.b
2026-03-01 19:20:42 +0100: Memory Usage (441856K) : Executing rule M2.e
2026-03-01 19:20:42 +0100: Memory Usage (441856K) : Executing rule M2.f
2026-03-01 19:20:42 +0100: Memory Usage (441856K) : Executing rule M2.g
2026-03-01 19:20:42 +0100: Memory Usage (441856K) : Executing rule M2.i
2026-03-01 19:20:42 +0100: Memory Usage (441856K) : Executing rule M3.a
2026-03-01 19:20:42 +0100: Memory Usage (441856K) : Executing rule M3.b
2026-03-01 19:20:42 +0100: Memory Usage (441856K) : Executing rule M3.e
2026-03-01 19:20:42 +0100: Memory Usage (441856K) : Executing rule M3.f
2026-03-01 19:20:42 +0100: Memory Usage (441856K) : Executing rule M3.g
2026-03-01 19:20:42 +0100: Memory Usage (441856K) : Executing rule M3.i
2026-03-01 19:20:42 +0100: Memory Usage (441856K) : Executing rule M4.a
2026-03-01 19:20:42 +0100: Memory Usage (441856K) : Executing rule M4.b
2026-03-01 19:20:42 +0100: Memory Usage (441856K) : Executing rule M4.e
2026-03-01 19:20:42 +0100: Memory Usage (441856K) : Executing rule M4.f
2026-03-01 19:20:42 +0100: Memory Usage (441856K) : Executing rule M4.g
2026-03-01 19:20:42 +0100: Memory Usage (441856K) : Executing rule M4.i
2026-03-01 19:20:42 +0100: Memory Usage (441856K) : Executing rule M5.a
2026-03-01 19:20:42 +0100: Memory Usage (441856K) : Executing rule M5.b
2026-03-01 19:20:42 +0100: Memory Usage (441856K) : Executing rule M5.e
2026-03-01 19:20:42 +0100: Memory Usage (442112K) : Executing rule M5.f
2026-03-01 19:20:42 +0100: Memory Usage (442496K) : Executing rule M5.g
2026-03-01 19:20:42 +0100: Memory Usage (442880K) : Executing rule M5.i
2026-03-01 19:20:42 +0100: Memory Usage (443264K) : Starting 5.18 Metaln:filler table
2026-03-01 19:20:42 +0100: Memory Usage (443264K) : Executing rule M1Fil.c
2026-03-01 19:20:42 +0100: Memory Usage (443392K) : Executing rule M1Fil.a2
2026-03-01 19:20:42 +0100: Memory Usage (443392K) : Executing rule M2Fil.c
2026-03-01 19:20:42 +0100: Memory Usage (443392K) : Executing rule M2Fil.a2
2026-03-01 19:20:42 +0100: Memory Usage (443392K) : Executing rule M3Fil.c
2026-03-01 19:20:42 +0100: Memory Usage (443392K) : Executing rule M3Fil.a2
2026-03-01 19:20:42 +0100: Memory Usage (443392K) : Executing rule M4Fil.c
2026-03-01 19:20:42 +0100: Memory Usage (443392K) : Executing rule M4Fil.a2
2026-03-01 19:20:42 +0100: Memory Usage (443392K) : Executing rule M5Fil.c
2026-03-01 19:20:42 +0100: Memory Usage (443392K) : Executing rule M5Fil.a2
2026-03-01 19:20:42 +0100: Memory Usage (443392K) : Starting 5.19. Via1 table
2026-03-01 19:20:42 +0100: Memory Usage (443392K) : Starting 5.19. Via1 table derivations
2026-03-01 19:20:42 +0100: Memory Usage (443392K) : Executing rule V1.a
2026-03-01 19:20:42 +0100: Memory Usage (443392K) : Executing rule V1.b
2026-03-01 19:20:42 +0100: Memory Usage (443392K) : Executing rule V1.c
2026-03-01 19:20:42 +0100: Memory Usage (443392K) : Starting 5.20. Vian table
2026-03-01 19:20:42 +0100: Memory Usage (443392K) : Executing rule V2.a
2026-03-01 19:20:42 +0100: Memory Usage (443392K) : Executing rule V2.b
2026-03-01 19:20:42 +0100: Memory Usage (443392K) : Executing rule V2.c
2026-03-01 19:20:42 +0100: Memory Usage (443392K) : Executing rule V3.a
2026-03-01 19:20:42 +0100: Memory Usage (443392K) : Executing rule V3.b
2026-03-01 19:20:42 +0100: Memory Usage (443392K) : Executing rule V3.c
2026-03-01 19:20:42 +0100: Memory Usage (443392K) : Executing rule V4.a
2026-03-01 19:20:42 +0100: Memory Usage (443392K) : Executing rule V4.b
2026-03-01 19:20:42 +0100: Memory Usage (443392K) : Executing rule V4.c
2026-03-01 19:20:42 +0100: Memory Usage (443392K) : Starting 5.21. TopVia1 table
2026-03-01 19:20:42 +0100: Memory Usage (443392K) : Executing rule TV1.a
2026-03-01 19:20:42 +0100: Memory Usage (443392K) : Executing rule TV1.b
2026-03-01 19:20:42 +0100: Memory Usage (443392K) : Executing rule TV1.c
2026-03-01 19:20:42 +0100: Memory Usage (443392K) : Executing rule TV1.d
2026-03-01 19:20:42 +0100: Memory Usage (443392K) : Starting 5.22. TopMetal1 table
2026-03-01 19:20:42 +0100: Memory Usage (443392K) : Executing rule TM1.a
2026-03-01 19:20:42 +0100: Memory Usage (443392K) : Executing rule TM1.b
2026-03-01 19:20:42 +0100: Memory Usage (443392K) : Starting 5.23 TopMetal1:filler table
2026-03-01 19:20:42 +0100: Memory Usage (443392K) : Executing rule TM1Fil.c
2026-03-01 19:20:42 +0100: Memory Usage (443392K) : Executing rule TM1Fil.a1
2026-03-01 19:20:42 +0100: Memory Usage (443392K) : Starting 5.24. TopVia2 table
2026-03-01 19:20:42 +0100: Memory Usage (443392K) : Executing rule TV2.a
2026-03-01 19:20:42 +0100: Memory Usage (443392K) : Executing rule TV2.b
2026-03-01 19:20:42 +0100: Memory Usage (443392K) : Executing rule TV2.c
2026-03-01 19:20:42 +0100: Memory Usage (443392K) : Executing rule TV2.d
2026-03-01 19:20:42 +0100: Memory Usage (443392K) : Starting 5.25. TopMetal2 table
2026-03-01 19:20:42 +0100: Memory Usage (443392K) : Executing rule TM2.a
2026-03-01 19:20:42 +0100: Memory Usage (443392K) : Executing rule TM2.b
2026-03-01 19:20:42 +0100: Memory Usage (443392K) : Executing rule TM2.bR
2026-03-01 19:20:42 +0100: Memory Usage (443392K) : Starting 5.26 TopMetal2:filler table
2026-03-01 19:20:42 +0100: Memory Usage (443392K) : Executing rule TM2Fil.c
2026-03-01 19:20:42 +0100: Memory Usage (443392K) : Executing rule TM2Fil.a1
2026-03-01 19:20:42 +0100: Memory Usage (443392K) : Starting 5.27. Passiv table
2026-03-01 19:20:42 +0100: Memory Usage (443392K) : Executing rule Pas.a
2026-03-01 19:20:42 +0100: Memory Usage (443392K) : Executing rule Pas.b
2026-03-01 19:20:42 +0100: Memory Usage (443392K) : Executing rule Pas.c
2026-03-01 19:20:42 +0100: Memory Usage (443392K) : Starting 6.9.2 Copper Pillar table
2026-03-01 19:20:42 +0100: Memory Usage (443392K) : Executing rule Padc.a
2026-03-01 19:20:42 +0100: Memory Usage (443392K) : Executing rule Padc.b
2026-03-01 19:20:42 +0100: Memory Usage (443392K) : Executing rule Padc.c
2026-03-01 19:20:42 +0100: Memory Usage (443392K) : Executing rule Padb.f
2026-03-01 19:20:42 +0100: Memory Usage (443392K) : Starting 6.9 Pad table
2026-03-01 19:20:42 +0100: Memory Usage (443392K) : Executing rule Pad.m
2026-03-01 19:20:42 +0100: Memory Usage (443392K) : Executing rule Pad.fR_M1
2026-03-01 19:20:42 +0100: Memory Usage (443392K) : Executing rule Pad.fR_M2
2026-03-01 19:20:42 +0100: Memory Usage (443392K) : Executing rule Pad.fR_M3
2026-03-01 19:20:42 +0100: Memory Usage (443392K) : Executing rule Pad.fR_M4
2026-03-01 19:20:42 +0100: Memory Usage (443392K) : Executing rule Pad.fR_M5
2026-03-01 19:20:42 +0100: Memory Usage (443392K) : Executing rule Pad.fR_TM1
2026-03-01 19:20:42 +0100: Memory Usage (443392K) : Executing rule Pad.fR_TM2
2026-03-01 19:20:42 +0100: Memory Usage (443392K) : Executing rule Pad.i
2026-03-01 19:20:42 +0100: Memory Usage (443392K) : Starting 6.9.1 Solder Bump
2026-03-01 19:20:42 +0100: Memory Usage (443392K) : Executing rule Padb.a
2026-03-01 19:20:42 +0100: Memory Usage (443392K) : Executing rule Padb.b
2026-03-01 19:20:42 +0100: Memory Usage (443392K) : Executing rule Padb.c
2026-03-01 19:20:42 +0100: Memory Usage (443392K) : Executing rule Padb.f
2026-03-01 19:20:42 +0100: Memory Usage (443392K) : Executing rule Padb.d
2026-03-01 19:20:42 +0100: Memory Usage (443392K) : Starting 6.10 Sealring table
2026-03-01 19:20:42 +0100: Memory Usage (443392K) : Executing rule Seal.l
2026-03-01 19:20:42 +0100: Memory Usage (443392K) : Executing rule Seal.n
2026-03-01 19:20:42 +0100: Memory Usage (443392K) : Executing rule seal.b_metal1
2026-03-01 19:20:42 +0100: Memory Usage (443392K) : Executing rule seal.b_metal2
2026-03-01 19:20:42 +0100: Memory Usage (443392K) : Executing rule seal.b_metal3
2026-03-01 19:20:42 +0100: Memory Usage (443392K) : Executing rule seal.b_metal4
2026-03-01 19:20:42 +0100: Memory Usage (443392K) : Executing rule seal.b_metal5
2026-03-01 19:20:42 +0100: Memory Usage (443392K) : Executing rule seal.b_topmetal1
2026-03-01 19:20:42 +0100: Memory Usage (443392K) : Executing rule seal.b_topmetal2
2026-03-01 19:20:42 +0100: Memory Usage (443392K) : Executing rule seal.b_activ
2026-03-01 19:20:42 +0100: Memory Usage (443392K) : Executing rule seal.b_psd
2026-03-01 19:20:42 +0100: Memory Usage (443392K) : Executing rule Seal.k
2026-03-01 19:20:42 +0100: Memory Usage (443392K) : Executing rule Seal.m
2026-03-01 19:20:42 +0100: Memory Usage (443392K) : Starting 6.11 MIM table
2026-03-01 19:20:42 +0100: Memory Usage (443392K) : Executing rule MIM.c
2026-03-01 19:20:42 +0100: Memory Usage (443392K) : Executing rule MIM.d
2026-03-01 19:20:42 +0100: Memory Usage (443392K) : Executing rule MIM.gR
2026-03-01 19:20:42 +0100: Memory Usage (443392K) : Starting 7.3 Metal Slits table
2026-03-01 19:20:42 +0100: Memory Usage (443392K) : Executing rule Slt.e1_M1
2026-03-01 19:20:42 +0100: Memory Usage (443392K) : Executing rule Slt.e1_M2
2026-03-01 19:20:42 +0100: Memory Usage (443392K) : Executing rule Slt.e1_M3
2026-03-01 19:20:42 +0100: Memory Usage (443392K) : Executing rule Slt.e1_M4
2026-03-01 19:20:42 +0100: Memory Usage (443392K) : Executing rule Slt.e1_M5
2026-03-01 19:20:42 +0100: Memory Usage (443392K) : Executing rule Slt.e1_TM1
2026-03-01 19:20:42 +0100: Memory Usage (443392K) : Executing rule Slt.e1_TM2
2026-03-01 19:20:42 +0100: Memory Usage (443392K) : Starting 9.1. LBE table
2026-03-01 19:20:42 +0100: Memory Usage (443392K) : Executing rule LBE.a
2026-03-01 19:20:42 +0100: Memory Usage (443520K) : Executing rule LBE.b
2026-03-01 19:20:42 +0100: Memory Usage (443520K) : Executing rule LBE.b1
2026-03-01 19:20:42 +0100: Memory Usage (443520K) : Executing rule LBE.c
2026-03-01 19:20:42 +0100: Memory Usage (443520K) : Executing rule LBE.d
2026-03-01 19:20:42 +0100: Memory Usage (443520K) : Executing rule LBE.h
2026-03-01 19:20:42 +0100: Memory Usage (443520K) : Starting 7.4. PIN table
2026-03-01 19:20:42 +0100: Memory Usage (443520K) : Executing rule Pin.a
2026-03-01 19:20:42 +0100: Memory Usage (443520K) : Executing rule Pin.b
2026-03-01 19:20:42 +0100: Memory Usage (443520K) : Executing rule Pin.e
2026-03-01 19:20:42 +0100: Memory Usage (443648K) : Executing rule Pin.f_M2
2026-03-01 19:20:42 +0100: Memory Usage (443648K) : Executing rule Pin.f_M3
2026-03-01 19:20:42 +0100: Memory Usage (443648K) : Executing rule Pin.f_M4
2026-03-01 19:20:42 +0100: Memory Usage (443648K) : Executing rule Pin.f_M5
2026-03-01 19:20:42 +0100: Memory Usage (443648K) : Executing rule Pin.g
2026-03-01 19:20:42 +0100: Memory Usage (443648K) : Executing rule Pin.h
2026-03-01 19:20:42 +0100: Memory Usage (443648K) : Starting 3.2. FORBIDDEN table
2026-03-01 19:20:42 +0100: Memory Usage (443648K) : Executing rule forbidden.biwind
2026-03-01 19:20:42 +0100: Memory Usage (443648K) : Executing rule forbidden.pemwind
2026-03-01 19:20:42 +0100: Memory Usage (443776K) : Executing rule forbidden.baspoly
2026-03-01 19:20:42 +0100: Memory Usage (443776K) : Executing rule forbidden.deepco
2026-03-01 19:20:42 +0100: Memory Usage (443776K) : Executing rule forbidden.pempoly
2026-03-01 19:20:42 +0100: Memory Usage (443776K) : Executing rule forbidden.empoly
2026-03-01 19:20:42 +0100: Memory Usage (443776K) : Executing rule forbidden.ldmos
2026-03-01 19:20:42 +0100: Memory Usage (443776K) : Executing rule forbidden.pbiwind
2026-03-01 19:20:42 +0100: Memory Usage (443776K) : Executing rule forbidden.nodrc
2026-03-01 19:20:42 +0100: Memory Usage (443776K) : Executing rule forbidden.flash
2026-03-01 19:20:42 +0100: Memory Usage (443776K) : Executing rule forbidden.colwind
2026-03-01 19:20:42 +0100: Memory Usage (443904K) : KLayout DRC run for tables 'main' completed in 1.22 seconds
