# Logfile created on 2026-03-15 15:39:50 +0100 by logger.rb/v1.6.0
2026-03-15 15:39:50 +0100: Memory Usage (421568K) : Starting running IHP-SG13G2 KLayout DRC runset on /home/cmaier/EDA/PUDDING/gds/dacbuffer.gds
2026-03-15 15:39:50 +0100: Memory Usage (421568K) : Ruby Version for klayout: 3.3.10
2026-03-15 15:39:50 +0100: Memory Usage (422524K) : Loading database to memory is complete.
2026-03-15 15:39:50 +0100: Memory Usage (422524K) : IHP-SG13G2 KLayout DRC runset output at: /home/cmaier/EDA/PUDDING/gds/drc_run_dacbuffer/dacbuffer_dacbuffer_main.lyrdb
2026-03-15 15:39:50 +0100: Memory Usage (422704K) : Evaluate switches.
2026-03-15 15:39:50 +0100: Memory Usage (422704K) : tables selected: main
2026-03-15 15:39:50 +0100: Memory Usage (422704K) : KLayout will use 1 thread(s) in tiling mode.
2026-03-15 15:39:50 +0100: Memory Usage (422704K) : deep mode is enabled.
2026-03-15 15:39:50 +0100: Memory Usage (422704K) : FEOL enabled: true
2026-03-15 15:39:50 +0100: Memory Usage (422704K) : BEOL enabled: true
2026-03-15 15:39:50 +0100: Memory Usage (422704K) : OFFGRID enabled: true
2026-03-15 15:39:50 +0100: Memory Usage (422704K) : PIN enabled: true
2026-03-15 15:39:50 +0100: Memory Usage (422704K) : FORBIDDEN enabled: true
2026-03-15 15:39:50 +0100: Memory Usage (422704K) : RECOMMENDED enabled: true
2026-03-15 15:39:50 +0100: Memory Usage (422704K) : PreCheck DRC enabled: false
2026-03-15 15:39:50 +0100: Memory Usage (422704K) : CONNECTIVITY_RULES enabled: true.
2026-03-15 15:39:50 +0100: Memory Usage (422704K) : Read in polygons from layers.
2026-03-15 15:39:50 +0100: Memory Usage (423608K) : activ_drw has 5 polygons
2026-03-15 15:39:50 +0100: Memory Usage (423608K) : activ_pin has 0 polygons
2026-03-15 15:39:50 +0100: Memory Usage (423608K) : activ_mask has 0 polygons
2026-03-15 15:39:50 +0100: Memory Usage (423608K) : activ_filler has 0 polygons
2026-03-15 15:39:50 +0100: Memory Usage (423608K) : activ_nofill has 0 polygons
2026-03-15 15:39:50 +0100: Memory Usage (423608K) : activ_opc has 0 polygons
2026-03-15 15:39:50 +0100: Memory Usage (423608K) : activ_iopc has 0 polygons
2026-03-15 15:39:50 +0100: Memory Usage (423608K) : activ_noqrc has 0 polygons
2026-03-15 15:39:50 +0100: Memory Usage (423608K) : biwind_drw has 0 polygons
2026-03-15 15:39:50 +0100: Memory Usage (423608K) : biwind_opc has 0 polygons
2026-03-15 15:39:50 +0100: Memory Usage (423864K) : pemwind_drw has 0 polygons
2026-03-15 15:39:50 +0100: Memory Usage (423864K) : gatpoly_drw has 2 polygons
2026-03-15 15:39:50 +0100: Memory Usage (423864K) : gatpoly_pin has 1 polygons
2026-03-15 15:39:50 +0100: Memory Usage (423864K) : gatpoly_filler has 0 polygons
2026-03-15 15:39:50 +0100: Memory Usage (423864K) : gatpoly_nofill has 0 polygons
2026-03-15 15:39:50 +0100: Memory Usage (423864K) : gatpoly_opc has 0 polygons
2026-03-15 15:39:50 +0100: Memory Usage (423864K) : gatpoly_iopc has 0 polygons
2026-03-15 15:39:50 +0100: Memory Usage (423864K) : gatpoly_noqrc has 0 polygons
2026-03-15 15:39:50 +0100: Memory Usage (423864K) : cont_drw has 138 polygons
2026-03-15 15:39:50 +0100: Memory Usage (423864K) : cont_opc has 0 polygons
2026-03-15 15:39:50 +0100: Memory Usage (423864K) : nsd_drw has 0 polygons
2026-03-15 15:39:50 +0100: Memory Usage (423864K) : nsd_block has 0 polygons
2026-03-15 15:39:50 +0100: Memory Usage (424036K) : metal1_drw has 10 polygons
2026-03-15 15:39:50 +0100: Memory Usage (424036K) : metal1_pin has 3 polygons
2026-03-15 15:39:50 +0100: Memory Usage (424164K) : metal1_mask has 0 polygons
2026-03-15 15:39:50 +0100: Memory Usage (424164K) : metal1_filler has 0 polygons
2026-03-15 15:39:50 +0100: Memory Usage (424292K) : metal1_nofill has 0 polygons
2026-03-15 15:39:50 +0100: Memory Usage (424420K) : metal1_slit has 0 polygons
2026-03-15 15:39:50 +0100: Memory Usage (424592K) : metal1_text has 1 polygons
2026-03-15 15:39:50 +0100: Memory Usage (424592K) : metal1_opc has 0 polygons
2026-03-15 15:39:50 +0100: Memory Usage (424720K) : metal1_noqrc has 0 polygons
2026-03-15 15:39:50 +0100: Memory Usage (424848K) : metal1_res has 0 polygons
2026-03-15 15:39:50 +0100: Memory Usage (424848K) : metal1_iprobe has 0 polygons
2026-03-15 15:39:50 +0100: Memory Usage (424976K) : metal1_diffprb has 0 polygons
2026-03-15 15:39:50 +0100: Memory Usage (424976K) : passiv_drw has 0 polygons
2026-03-15 15:39:50 +0100: Memory Usage (424976K) : passiv_pin has 0 polygons
2026-03-15 15:39:50 +0100: Memory Usage (424976K) : passiv_sbump has 0 polygons
2026-03-15 15:39:50 +0100: Memory Usage (424976K) : passiv_pillar has 0 polygons
2026-03-15 15:39:50 +0100: Memory Usage (424976K) : passiv_pdl has 0 polygons
2026-03-15 15:39:50 +0100: Memory Usage (425104K) : metal2_drw has 0 polygons
2026-03-15 15:39:50 +0100: Memory Usage (425104K) : metal2_pin has 0 polygons
2026-03-15 15:39:50 +0100: Memory Usage (425104K) : metal2_mask has 0 polygons
2026-03-15 15:39:50 +0100: Memory Usage (425104K) : metal2_filler has 0 polygons
2026-03-15 15:39:50 +0100: Memory Usage (425232K) : metal2_nofill has 0 polygons
2026-03-15 15:39:50 +0100: Memory Usage (425232K) : metal2_slit has 0 polygons
2026-03-15 15:39:50 +0100: Memory Usage (425232K) : metal2_text has 0 polygons
2026-03-15 15:39:50 +0100: Memory Usage (425360K) : metal2_opc has 0 polygons
2026-03-15 15:39:50 +0100: Memory Usage (425360K) : metal2_noqrc has 0 polygons
2026-03-15 15:39:50 +0100: Memory Usage (425488K) : metal2_res has 0 polygons
2026-03-15 15:39:50 +0100: Memory Usage (425488K) : metal2_iprobe has 0 polygons
2026-03-15 15:39:50 +0100: Memory Usage (425488K) : metal2_diffprb has 0 polygons
2026-03-15 15:39:50 +0100: Memory Usage (425488K) : baspoly_drw has 0 polygons
2026-03-15 15:39:50 +0100: Memory Usage (425616K) : baspoly_pin has 0 polygons
2026-03-15 15:39:50 +0100: Memory Usage (425616K) : psd_drw has 1 polygons
2026-03-15 15:39:50 +0100: Memory Usage (425616K) : nldb_drw has 0 polygons
2026-03-15 15:39:50 +0100: Memory Usage (425616K) : digibnd_drw has 0 polygons
2026-03-15 15:39:50 +0100: Memory Usage (425616K) : via1_drw has 0 polygons
2026-03-15 15:39:50 +0100: Memory Usage (425616K) : backmetal1_drw has 0 polygons
2026-03-15 15:39:50 +0100: Memory Usage (425616K) : backmetal1_pin has 0 polygons
2026-03-15 15:39:50 +0100: Memory Usage (425744K) : backmetal1_mask has 0 polygons
2026-03-15 15:39:50 +0100: Memory Usage (425744K) : backmetal1_filler has 0 polygons
2026-03-15 15:39:50 +0100: Memory Usage (425872K) : backmetal1_nofill has 0 polygons
2026-03-15 15:39:50 +0100: Memory Usage (425872K) : backmetal1_slit has 0 polygons
2026-03-15 15:39:50 +0100: Memory Usage (426000K) : backmetal1_text has 0 polygons
2026-03-15 15:39:50 +0100: Memory Usage (426000K) : backmetal1_opc has 0 polygons
2026-03-15 15:39:50 +0100: Memory Usage (426128K) : backmetal1_noqrc has 0 polygons
2026-03-15 15:39:50 +0100: Memory Usage (426128K) : backmetal1_res has 0 polygons
2026-03-15 15:39:50 +0100: Memory Usage (426256K) : backmetal1_iprobe has 0 polygons
2026-03-15 15:39:50 +0100: Memory Usage (426256K) : backmetal1_diffprb has 0 polygons
2026-03-15 15:39:50 +0100: Memory Usage (426384K) : backpassiv_drw has 0 polygons
2026-03-15 15:39:50 +0100: Memory Usage (426384K) : res_drw has 0 polygons
2026-03-15 15:39:50 +0100: Memory Usage (426512K) : sram_drw has 0 polygons
2026-03-15 15:39:50 +0100: Memory Usage (426512K) : trans_drw has 0 polygons
2026-03-15 15:39:50 +0100: Memory Usage (426640K) : ind_drw has 0 polygons
2026-03-15 15:39:50 +0100: Memory Usage (426640K) : ind_pin has 0 polygons
2026-03-15 15:39:50 +0100: Memory Usage (426768K) : ind_text has 0 polygons
2026-03-15 15:39:50 +0100: Memory Usage (426768K) : salblock_drw has 0 polygons
2026-03-15 15:39:50 +0100: Memory Usage (426896K) : via2_drw has 0 polygons
2026-03-15 15:39:50 +0100: Memory Usage (426896K) : metal3_drw has 6 polygons
2026-03-15 15:39:50 +0100: Memory Usage (427024K) : metal3_pin has 6 polygons
2026-03-15 15:39:50 +0100: Memory Usage (427024K) : metal3_mask has 0 polygons
2026-03-15 15:39:50 +0100: Memory Usage (427152K) : metal3_filler has 0 polygons
2026-03-15 15:39:50 +0100: Memory Usage (427152K) : metal3_nofill has 0 polygons
2026-03-15 15:39:50 +0100: Memory Usage (427280K) : metal3_slit has 0 polygons
2026-03-15 15:39:50 +0100: Memory Usage (427280K) : metal3_text has 6 polygons
2026-03-15 15:39:50 +0100: Memory Usage (427408K) : metal3_opc has 0 polygons
2026-03-15 15:39:50 +0100: Memory Usage (427408K) : metal3_noqrc has 0 polygons
2026-03-15 15:39:50 +0100: Memory Usage (427536K) : metal3_res has 0 polygons
2026-03-15 15:39:50 +0100: Memory Usage (427536K) : metal3_iprobe has 0 polygons
2026-03-15 15:39:50 +0100: Memory Usage (427664K) : metal3_diffprb has 0 polygons
2026-03-15 15:39:50 +0100: Memory Usage (427664K) : nwell_drw has 1 polygons
2026-03-15 15:39:50 +0100: Memory Usage (428048K) : nwell_pin has 0 polygons
2026-03-15 15:39:50 +0100: Memory Usage (428048K) : nbulay_drw has 0 polygons
2026-03-15 15:39:50 +0100: Memory Usage (428048K) : nbulay_pin has 0 polygons
2026-03-15 15:39:50 +0100: Memory Usage (428048K) : nbulay_block has 0 polygons
2026-03-15 15:39:50 +0100: Memory Usage (428048K) : emwind_drw has 0 polygons
2026-03-15 15:39:50 +0100: Memory Usage (428048K) : emwind_opc has 0 polygons
2026-03-15 15:39:50 +0100: Memory Usage (428048K) : deepco_drw has 0 polygons
2026-03-15 15:39:50 +0100: Memory Usage (428176K) : deepco_drw has 0 polygons
2026-03-15 15:39:50 +0100: Memory Usage (428176K) : mim_drw has 0 polygons
2026-03-15 15:39:50 +0100: Memory Usage (428304K) : edgeseal_drw has 0 polygons
2026-03-15 15:39:50 +0100: Memory Usage (428304K) : edgeseal_bound has 0 polygons
2026-03-15 15:39:50 +0100: Memory Usage (428432K) : substrate_drw has 1 polygons
2026-03-15 15:39:50 +0100: Memory Usage (428432K) : substrate_text has 0 polygons
2026-03-15 15:39:50 +0100: Memory Usage (428560K) : dfpad_drw has 0 polygons
2026-03-15 15:39:50 +0100: Memory Usage (428560K) : dfpad_pillar has 0 polygons
2026-03-15 15:39:50 +0100: Memory Usage (428688K) : dfpad_sbump has 0 polygons
2026-03-15 15:39:50 +0100: Memory Usage (428688K) : thickgateox_drw has 1 polygons
2026-03-15 15:39:50 +0100: Memory Usage (428816K) : pldb_drw has 0 polygons
2026-03-15 15:39:50 +0100: Memory Usage (428816K) : pwell_drw has 0 polygons
2026-03-15 15:39:50 +0100: Memory Usage (428944K) : pwell_pin has 0 polygons
2026-03-15 15:39:50 +0100: Memory Usage (428944K) : pwell_block has 0 polygons
2026-03-15 15:39:50 +0100: Memory Usage (429072K) : ic_drw has 0 polygons
2026-03-15 15:39:50 +0100: Memory Usage (429072K) : via3_drw has 0 polygons
2026-03-15 15:39:50 +0100: Memory Usage (429200K) : metal4_drw has 0 polygons
2026-03-15 15:39:50 +0100: Memory Usage (429200K) : metal4_pin has 0 polygons
2026-03-15 15:39:50 +0100: Memory Usage (429328K) : metal4_mask has 0 polygons
2026-03-15 15:39:50 +0100: Memory Usage (429328K) : metal4_filler has 0 polygons
2026-03-15 15:39:50 +0100: Memory Usage (429456K) : metal4_nofill has 0 polygons
2026-03-15 15:39:50 +0100: Memory Usage (429456K) : metal4_slit has 0 polygons
2026-03-15 15:39:50 +0100: Memory Usage (429584K) : metal4_text has 0 polygons
2026-03-15 15:39:50 +0100: Memory Usage (429584K) : metal4_opc has 0 polygons
2026-03-15 15:39:50 +0100: Memory Usage (429712K) : metal4_noqrc has 0 polygons
2026-03-15 15:39:50 +0100: Memory Usage (429712K) : metal4_res has 0 polygons
2026-03-15 15:39:50 +0100: Memory Usage (429840K) : metal4_iprobe has 0 polygons
2026-03-15 15:39:50 +0100: Memory Usage (429840K) : metal4_diffprb has 0 polygons
2026-03-15 15:39:50 +0100: Memory Usage (429968K) : heattrans_drw has 1 polygons
2026-03-15 15:39:50 +0100: Memory Usage (429968K) : heatres_drw has 0 polygons
2026-03-15 15:39:50 +0100: Memory Usage (430096K) : pempoly_drw has 0 polygons
2026-03-15 15:39:50 +0100: Memory Usage (430096K) : fbe_drw has 0 polygons
2026-03-15 15:39:50 +0100: Memory Usage (430224K) : empoly_drw has 0 polygons
2026-03-15 15:39:50 +0100: Memory Usage (430224K) : ldmos_drw has 0 polygons
2026-03-15 15:39:50 +0100: Memory Usage (430352K) : pbiwind_drw has 0 polygons
2026-03-15 15:39:50 +0100: Memory Usage (430352K) : digisub_drw has 0 polygons
2026-03-15 15:39:50 +0100: Memory Usage (430480K) : nodrc_drw has 0 polygons
2026-03-15 15:39:50 +0100: Memory Usage (430480K) : text_drw has 1 polygons
2026-03-15 15:39:50 +0100: Memory Usage (430608K) : via4_drw has 0 polygons
2026-03-15 15:39:50 +0100: Memory Usage (430608K) : metal5_drw has 0 polygons
2026-03-15 15:39:50 +0100: Memory Usage (430736K) : metal5_pin has 0 polygons
2026-03-15 15:39:50 +0100: Memory Usage (430736K) : metal5_mask has 0 polygons
2026-03-15 15:39:50 +0100: Memory Usage (430864K) : metal5_filler has 0 polygons
2026-03-15 15:39:50 +0100: Memory Usage (430864K) : metal5_nofill has 0 polygons
2026-03-15 15:39:50 +0100: Memory Usage (430992K) : metal5_slit has 0 polygons
2026-03-15 15:39:50 +0100: Memory Usage (430992K) : metal5_text has 0 polygons
2026-03-15 15:39:50 +0100: Memory Usage (431120K) : metal5_opc has 0 polygons
2026-03-15 15:39:50 +0100: Memory Usage (431120K) : metal5_noqrc has 0 polygons
2026-03-15 15:39:50 +0100: Memory Usage (431248K) : metal5_res has 0 polygons
2026-03-15 15:39:50 +0100: Memory Usage (431248K) : metal5_iprobe has 0 polygons
2026-03-15 15:39:50 +0100: Memory Usage (431376K) : metal5_diffprb has 0 polygons
2026-03-15 15:39:50 +0100: Memory Usage (431376K) : radhard_drw has 0 polygons
2026-03-15 15:39:50 +0100: Memory Usage (431504K) : memcap_drw has 0 polygons
2026-03-15 15:39:50 +0100: Memory Usage (431504K) : varicap_drw has 0 polygons
2026-03-15 15:39:50 +0100: Memory Usage (431632K) : flash_drw has 0 polygons
2026-03-15 15:39:50 +0100: Memory Usage (431632K) : intbondvia_drw has 0 polygons
2026-03-15 15:39:50 +0100: Memory Usage (431760K) : intbondmet_drw has 0 polygons
2026-03-15 15:39:50 +0100: Memory Usage (431760K) : devbondvia_drw has 0 polygons
2026-03-15 15:39:50 +0100: Memory Usage (431760K) : devbondmet_drw has 0 polygons
2026-03-15 15:39:50 +0100: Memory Usage (431760K) : devtrench_drw has 0 polygons
2026-03-15 15:39:50 +0100: Memory Usage (431760K) : redist_drw has 0 polygons
2026-03-15 15:39:50 +0100: Memory Usage (431760K) : graphbot_drw has 0 polygons
2026-03-15 15:39:50 +0100: Memory Usage (431760K) : graphtop_drw has 0 polygons
2026-03-15 15:39:50 +0100: Memory Usage (431760K) : antvia1_drw has 0 polygons
2026-03-15 15:39:50 +0100: Memory Usage (431760K) : antmetal2_drw has 0 polygons
2026-03-15 15:39:50 +0100: Memory Usage (431760K) : graphcont_drw has 0 polygons
2026-03-15 15:39:50 +0100: Memory Usage (431760K) : siwg_drw has 0 polygons
2026-03-15 15:39:50 +0100: Memory Usage (431760K) : siwg_filler has 0 polygons
2026-03-15 15:39:50 +0100: Memory Usage (431760K) : siwg_nofill has 0 polygons
2026-03-15 15:39:50 +0100: Memory Usage (431760K) : sigrating_drw has 0 polygons
2026-03-15 15:39:50 +0100: Memory Usage (431760K) : singrating_drw has 0 polygons
2026-03-15 15:39:50 +0100: Memory Usage (431760K) : graphpas_drw has 0 polygons
2026-03-15 15:39:50 +0100: Memory Usage (431760K) : emwind3_drw has 0 polygons
2026-03-15 15:39:50 +0100: Memory Usage (431760K) : emwihv3_drw has 0 polygons
2026-03-15 15:39:50 +0100: Memory Usage (431760K) : redbulay_drw has 0 polygons
2026-03-15 15:39:50 +0100: Memory Usage (431760K) : smos_drw has 0 polygons
2026-03-15 15:39:50 +0100: Memory Usage (431760K) : graphpad_drw has 0 polygons
2026-03-15 15:39:50 +0100: Memory Usage (431760K) : polimide_drw has 0 polygons
2026-03-15 15:39:50 +0100: Memory Usage (431760K) : polimide_pin has 0 polygons
2026-03-15 15:39:50 +0100: Memory Usage (431760K) : recog_drw has 0 polygons
2026-03-15 15:39:50 +0100: Memory Usage (431760K) : recog_pin has 0 polygons
2026-03-15 15:39:50 +0100: Memory Usage (431760K) : recog_esd has 0 polygons
2026-03-15 15:39:50 +0100: Memory Usage (431760K) : recog_diode has 0 polygons
2026-03-15 15:39:50 +0100: Memory Usage (431760K) : recog_tsv has 0 polygons
2026-03-15 15:39:50 +0100: Memory Usage (431760K) : recog_iprobe has 0 polygons
2026-03-15 15:39:50 +0100: Memory Usage (431760K) : recog_diffprb has 0 polygons
2026-03-15 15:39:50 +0100: Memory Usage (431760K) : recog_pillar has 0 polygons
2026-03-15 15:39:50 +0100: Memory Usage (431760K) : recog_sbump has 0 polygons
2026-03-15 15:39:50 +0100: Memory Usage (431760K) : recog_otp has 0 polygons
2026-03-15 15:39:50 +0100: Memory Usage (431760K) : recog_pdiode has 0 polygons
2026-03-15 15:39:50 +0100: Memory Usage (431760K) : recog_mom has 0 polygons
2026-03-15 15:39:50 +0100: Memory Usage (431760K) : recog_pcm has 0 polygons
2026-03-15 15:39:50 +0100: Memory Usage (431760K) : colopen_drw has 0 polygons
2026-03-15 15:39:50 +0100: Memory Usage (431760K) : graphmetal1_drw has 0 polygons
2026-03-15 15:39:50 +0100: Memory Usage (431760K) : graphmetal1_filler has 0 polygons
2026-03-15 15:39:50 +0100: Memory Usage (431760K) : graphmetal1_nofill has 0 polygons
2026-03-15 15:39:50 +0100: Memory Usage (431760K) : graphmetal1_slit has 0 polygons
2026-03-15 15:39:50 +0100: Memory Usage (431760K) : graphmetal1_opc has 0 polygons
2026-03-15 15:39:50 +0100: Memory Usage (431760K) : graphmet1l_drw has 0 polygons
2026-03-15 15:39:50 +0100: Memory Usage (431760K) : graphmet1l_filler has 0 polygons
2026-03-15 15:39:50 +0100: Memory Usage (431760K) : graphmet1l_nofill has 0 polygons
2026-03-15 15:39:50 +0100: Memory Usage (431760K) : graphmet1l_slit has 0 polygons
2026-03-15 15:39:50 +0100: Memory Usage (431760K) : graphmet1l_opc has 0 polygons
2026-03-15 15:39:50 +0100: Memory Usage (431760K) : extblock_drw has 0 polygons
2026-03-15 15:39:50 +0100: Memory Usage (431760K) : nldd_drw has 0 polygons
2026-03-15 15:39:50 +0100: Memory Usage (431760K) : pldd_drw has 0 polygons
2026-03-15 15:39:50 +0100: Memory Usage (431760K) : next_drw has 0 polygons
2026-03-15 15:39:50 +0100: Memory Usage (431760K) : pext_drw has 0 polygons
2026-03-15 15:39:50 +0100: Memory Usage (431760K) : nexthv_drw has 0 polygons
2026-03-15 15:39:50 +0100: Memory Usage (431760K) : pexthv_drw has 0 polygons
2026-03-15 15:39:50 +0100: Memory Usage (431760K) : graphgate_drw has 0 polygons
2026-03-15 15:39:50 +0100: Memory Usage (431760K) : sinwg_drw has 0 polygons
2026-03-15 15:39:50 +0100: Memory Usage (431888K) : sinwg_filler has 0 polygons
2026-03-15 15:39:50 +0100: Memory Usage (431888K) : sinwg_nofill has 0 polygons
2026-03-15 15:39:50 +0100: Memory Usage (432016K) : mempad_drw has 0 polygons
2026-03-15 15:39:50 +0100: Memory Usage (432016K) : topvia1_drw has 0 polygons
2026-03-15 15:39:50 +0100: Memory Usage (432144K) : topmetal1_drw has 0 polygons
2026-03-15 15:39:50 +0100: Memory Usage (432144K) : topmetal1_pin has 0 polygons
2026-03-15 15:39:50 +0100: Memory Usage (432272K) : topmetal1_mask has 0 polygons
2026-03-15 15:39:50 +0100: Memory Usage (432272K) : topmetal1_filler has 0 polygons
2026-03-15 15:39:50 +0100: Memory Usage (432400K) : topmetal1_nofill has 0 polygons
2026-03-15 15:39:50 +0100: Memory Usage (432400K) : topmetal1_slit has 0 polygons
2026-03-15 15:39:50 +0100: Memory Usage (432528K) : topmetal1_text has 0 polygons
2026-03-15 15:39:50 +0100: Memory Usage (432528K) : topmetal1_noqrc has 0 polygons
2026-03-15 15:39:50 +0100: Memory Usage (432656K) : topmetal1_res has 0 polygons
2026-03-15 15:39:50 +0100: Memory Usage (432656K) : topmetal1_iprobe has 0 polygons
2026-03-15 15:39:50 +0100: Memory Usage (432784K) : topmetal1_diffprb has 0 polygons
2026-03-15 15:39:50 +0100: Memory Usage (432784K) : inldpwl_drw has 0 polygons
2026-03-15 15:39:50 +0100: Memory Usage (432912K) : polyres_drw has 0 polygons
2026-03-15 15:39:50 +0100: Memory Usage (432912K) : polyres_pin has 0 polygons
2026-03-15 15:39:50 +0100: Memory Usage (433040K) : vmim_drw has 0 polygons
2026-03-15 15:39:50 +0100: Memory Usage (433040K) : nbulaycut_drw has 0 polygons
2026-03-15 15:39:50 +0100: Memory Usage (433168K) : antmetal1_drw has 0 polygons
2026-03-15 15:39:50 +0100: Memory Usage (433168K) : topvia2_drw has 0 polygons
2026-03-15 15:39:50 +0100: Memory Usage (433296K) : topmetal2_drw has 0 polygons
2026-03-15 15:39:50 +0100: Memory Usage (433296K) : topmetal2_pin has 0 polygons
2026-03-15 15:39:50 +0100: Memory Usage (433424K) : topmetal2_mask has 0 polygons
2026-03-15 15:39:50 +0100: Memory Usage (433424K) : topmetal2_filler has 0 polygons
2026-03-15 15:39:50 +0100: Memory Usage (433552K) : topmetal2_nofill has 0 polygons
2026-03-15 15:39:50 +0100: Memory Usage (433552K) : topmetal2_slit has 0 polygons
2026-03-15 15:39:50 +0100: Memory Usage (433680K) : topmetal2_text has 0 polygons
2026-03-15 15:39:50 +0100: Memory Usage (433680K) : topmetal2_noqrc has 0 polygons
2026-03-15 15:39:50 +0100: Memory Usage (433808K) : topmetal2_res has 0 polygons
2026-03-15 15:39:50 +0100: Memory Usage (433808K) : topmetal2_iprobe has 0 polygons
2026-03-15 15:39:50 +0100: Memory Usage (433936K) : topmetal2_diffprb has 0 polygons
2026-03-15 15:39:50 +0100: Memory Usage (433936K) : snsring_drw has 0 polygons
2026-03-15 15:39:50 +0100: Memory Usage (434064K) : sensor_drw has 0 polygons
2026-03-15 15:39:50 +0100: Memory Usage (434064K) : snsarms_drw has 0 polygons
2026-03-15 15:39:50 +0100: Memory Usage (434192K) : snscmosvia_drw has 0 polygons
2026-03-15 15:39:50 +0100: Memory Usage (434192K) : colwind_drw has 0 polygons
2026-03-15 15:39:50 +0100: Memory Usage (434320K) : flm_drw has 0 polygons
2026-03-15 15:39:50 +0100: Memory Usage (434320K) : hafniumox_drw has 0 polygons
2026-03-15 15:39:50 +0100: Memory Usage (434448K) : memvia_drw has 0 polygons
2026-03-15 15:39:50 +0100: Memory Usage (434448K) : thinfilmres_drw has 0 polygons
2026-03-15 15:39:50 +0100: Memory Usage (434576K) : rfmem_drw has 0 polygons
2026-03-15 15:39:50 +0100: Memory Usage (434576K) : norcx_drw has 0 polygons
2026-03-15 15:39:50 +0100: Memory Usage (434704K) : norcx_m2m3 has 0 polygons
2026-03-15 15:39:50 +0100: Memory Usage (434704K) : norcx_m2m4 has 0 polygons
2026-03-15 15:39:50 +0100: Memory Usage (434960K) : norcx_m2m5 has 0 polygons
2026-03-15 15:39:50 +0100: Memory Usage (434960K) : norcx_m2tm1 has 0 polygons
2026-03-15 15:39:50 +0100: Memory Usage (434960K) : norcx_m2tm2 has 0 polygons
2026-03-15 15:39:50 +0100: Memory Usage (434960K) : norcx_m3m4 has 0 polygons
2026-03-15 15:39:50 +0100: Memory Usage (434960K) : norcx_m3m5 has 0 polygons
2026-03-15 15:39:50 +0100: Memory Usage (434960K) : norcx_m3tm1 has 0 polygons
2026-03-15 15:39:50 +0100: Memory Usage (434960K) : norcx_m3tm2 has 0 polygons
2026-03-15 15:39:50 +0100: Memory Usage (434960K) : norcx_m4m5 has 0 polygons
2026-03-15 15:39:50 +0100: Memory Usage (434960K) : norcx_m4tm1 has 0 polygons
2026-03-15 15:39:50 +0100: Memory Usage (434960K) : norcx_m4tm2 has 0 polygons
2026-03-15 15:39:50 +0100: Memory Usage (434960K) : norcx_m5tm1 has 0 polygons
2026-03-15 15:39:50 +0100: Memory Usage (434960K) : norcx_m5tm2 has 0 polygons
2026-03-15 15:39:50 +0100: Memory Usage (434960K) : norcx_tm1tm2 has 0 polygons
2026-03-15 15:39:50 +0100: Memory Usage (434960K) : norcx_m1sub has 0 polygons
2026-03-15 15:39:50 +0100: Memory Usage (434960K) : norcx_m2sub has 0 polygons
2026-03-15 15:39:50 +0100: Memory Usage (434960K) : norcx_m3sub has 0 polygons
2026-03-15 15:39:50 +0100: Memory Usage (434960K) : norcx_m4sub has 0 polygons
2026-03-15 15:39:50 +0100: Memory Usage (434960K) : norcx_m5sub has 0 polygons
2026-03-15 15:39:50 +0100: Memory Usage (434960K) : norcx_tm1sub has 0 polygons
2026-03-15 15:39:50 +0100: Memory Usage (434960K) : norcx_tm2sub has 0 polygons
2026-03-15 15:39:50 +0100: Memory Usage (434960K) : snsbotvia_drw has 0 polygons
2026-03-15 15:39:50 +0100: Memory Usage (434960K) : snstopvia_drw has 0 polygons
2026-03-15 15:39:50 +0100: Memory Usage (434960K) : deepvia_drw has 0 polygons
2026-03-15 15:39:50 +0100: Memory Usage (434960K) : fgetch_drw has 0 polygons
2026-03-15 15:39:50 +0100: Memory Usage (434960K) : ctrgat_drw has 0 polygons
2026-03-15 15:39:50 +0100: Memory Usage (434960K) : fgimp_drw has 0 polygons
2026-03-15 15:39:50 +0100: Memory Usage (434960K) : emwihv_drw has 0 polygons
2026-03-15 15:39:50 +0100: Memory Usage (434960K) : lbe_drw has 0 polygons
2026-03-15 15:39:50 +0100: Memory Usage (434960K) : alcustop_drw has 0 polygons
2026-03-15 15:39:50 +0100: Memory Usage (434960K) : nometfiller_drw has 0 polygons
2026-03-15 15:39:50 +0100: Memory Usage (434960K) : prboundary_drw has 0 polygons
2026-03-15 15:39:50 +0100: Memory Usage (434960K) : exchange0_drw has 0 polygons
2026-03-15 15:39:50 +0100: Memory Usage (434960K) : exchange0_pin has 0 polygons
2026-03-15 15:39:50 +0100: Memory Usage (434960K) : exchange0_text has 0 polygons
2026-03-15 15:39:50 +0100: Memory Usage (434960K) : exchange1_drw has 0 polygons
2026-03-15 15:39:50 +0100: Memory Usage (434960K) : exchange1_pin has 0 polygons
2026-03-15 15:39:50 +0100: Memory Usage (434960K) : exchange1_text has 0 polygons
2026-03-15 15:39:50 +0100: Memory Usage (434960K) : exchange2_drw has 0 polygons
2026-03-15 15:39:50 +0100: Memory Usage (434960K) : exchange2_pin has 0 polygons
2026-03-15 15:39:50 +0100: Memory Usage (434960K) : exchange2_text has 0 polygons
2026-03-15 15:39:50 +0100: Memory Usage (434960K) : exchange3_drw has 0 polygons
2026-03-15 15:39:50 +0100: Memory Usage (434960K) : exchange3_pin has 0 polygons
2026-03-15 15:39:50 +0100: Memory Usage (434960K) : exchange3_text has 0 polygons
2026-03-15 15:39:50 +0100: Memory Usage (434960K) : exchange4_drw has 0 polygons
2026-03-15 15:39:50 +0100: Memory Usage (434960K) : exchange4_pin has 0 polygons
2026-03-15 15:39:50 +0100: Memory Usage (434960K) : exchange4_text has 0 polygons
2026-03-15 15:39:50 +0100: Memory Usage (434960K) : isonwell_drw has 0 polygons
2026-03-15 15:39:50 +0100: Memory Usage (434960K) : Total no. of polygons in the design is 184
2026-03-15 15:39:50 +0100: Memory Usage (434960K) : Loaded TECH DRC rules values from /home/cmaier/.ciel/ciel/ihp-sg13g2/versions/c4b8b4e5e7a05f375cca3815d51b3a37721fbf5c/ihp-sg13g2/libs.tech/klayout/python/sg13g2_pycell_lib/sg13g2_tech_mod.json
2026-03-15 15:39:50 +0100: Memory Usage (434960K) : Loaded default DRC rules values from /home/cmaier/.ciel/ciel/ihp-sg13g2/versions/c4b8b4e5e7a05f375cca3815d51b3a37721fbf5c/ihp-sg13g2/libs.tech/klayout/tech/drc/rule_decks/sg13g2_tech_default.json
2026-03-15 15:39:50 +0100: Memory Usage (434960K) : The following rules values were missing in tech json and default values were used:
2026-03-15 15:39:50 +0100: Memory Usage (434960K) :   - Cnt_c_digibnd
2026-03-15 15:39:50 +0100: Memory Usage (435740K) : Total area of the design is 995.274 um^2.
2026-03-15 15:39:50 +0100: Memory Usage (435740K) : The design dimensions are 37.800000000000004 µm * 26.330000000000002 µm.
2026-03-15 15:39:50 +0100: Memory Usage (435740K) : Starting general IHP-SG13G2 derivations.
2026-03-15 15:39:50 +0100: Memory Usage (435740K) : Starting Pwell derivations
2026-03-15 15:39:50 +0100: Memory Usage (436884K) : Starting n-Activ derivations
2026-03-15 15:39:50 +0100: Memory Usage (436884K) : Starting p-Activ derivations
2026-03-15 15:39:50 +0100: Memory Usage (436884K) : Starting ptap derivations
2026-03-15 15:39:50 +0100: Memory Usage (437012K) : Starting ntap derivations
2026-03-15 15:39:50 +0100: Memory Usage (437012K) : Starting pact FET derivations
2026-03-15 15:39:50 +0100: Memory Usage (437012K) : Starting nact FET derivations
2026-03-15 15:39:50 +0100: Memory Usage (437012K) : Starting Gate derivations
2026-03-15 15:39:50 +0100: Memory Usage (437012K) : Starting cont/contbar general derivations
2026-03-15 15:39:50 +0100: Memory Usage (437012K) : Starting pad general derivations
2026-03-15 15:39:50 +0100: Memory Usage (437012K) : Starting IHP-SG13G2 DRC connectivity related derivations.
2026-03-15 15:39:50 +0100: Memory Usage (437652K) : Starting IHP-SG13G2 DRC connectivity setup
2026-03-15 15:39:50 +0100: Memory Usage (438080K) : Starting IHP-SG13G2 DRC rules.
2026-03-15 15:39:50 +0100: Memory Usage (438080K) : Running all FEOL rules
2026-03-15 15:39:50 +0100: Memory Usage (438080K) : Running all BEOL rules
2026-03-15 15:39:50 +0100: Memory Usage (438080K) : Running all PIN rules
2026-03-15 15:39:50 +0100: Memory Usage (438080K) : Running all FORBIDDEN rules
2026-03-15 15:39:50 +0100: Memory Usage (438080K) : Starting 5.1 NWell table
2026-03-15 15:39:50 +0100: Memory Usage (438080K) : Executing rule NW.b
2026-03-15 15:39:50 +0100: Memory Usage (439000K) : Executing rule NW.b1
2026-03-15 15:39:50 +0100: Memory Usage (439256K) : Starting 5.2 PWell:block
2026-03-15 15:39:50 +0100: Memory Usage (439256K) : Executing rule PWB.e
2026-03-15 15:39:50 +0100: Memory Usage (439384K) : Executing rule PWB.e1
2026-03-15 15:39:50 +0100: Memory Usage (439640K) : Executing rule PWB.f
2026-03-15 15:39:50 +0100: Memory Usage (439768K) : Executing rule PWB.f1
2026-03-15 15:39:50 +0100: Memory Usage (440408K) : Starting 5.3 nBuLay table
2026-03-15 15:39:50 +0100: Memory Usage (440664K) : Executing rule NBL.b
2026-03-15 15:39:50 +0100: Memory Usage (440792K) : Executing rule NBL.c
2026-03-15 15:39:50 +0100: Memory Usage (441048K) : Executing rule NBL.d
2026-03-15 15:39:50 +0100: Memory Usage (441048K) : Executing rule NBL.e
2026-03-15 15:39:50 +0100: Memory Usage (441048K) : Executing rule NBL.f
2026-03-15 15:39:50 +0100: Memory Usage (441048K) : Starting 5.5. Activ table
2026-03-15 15:39:50 +0100: Memory Usage (441048K) : Executing rule Act.a
2026-03-15 15:39:50 +0100: Memory Usage (441048K) : Executing rule Act.b
2026-03-15 15:39:50 +0100: Memory Usage (441184K) : Starting 5.6 Activ:filler table
2026-03-15 15:39:50 +0100: Memory Usage (441184K) : Executing rule AFil.c1
2026-03-15 15:39:50 +0100: Memory Usage (441184K) : Executing rule AFil.c
2026-03-15 15:39:50 +0100: Memory Usage (441184K) : Executing rule AFil.d
2026-03-15 15:39:50 +0100: Memory Usage (441184K) : Executing rule AFil.e
2026-03-15 15:39:50 +0100: Memory Usage (441184K) : Executing rule AFil.j
2026-03-15 15:39:50 +0100: Memory Usage (441184K) : Starting 5.7. ThickGateOx table
2026-03-15 15:39:50 +0100: Memory Usage (441184K) : Executing rule TGO.f
2026-03-15 15:39:50 +0100: Memory Usage (441184K) : Starting 5.8. GatPoly table
2026-03-15 15:39:50 +0100: Memory Usage (441184K) : Executing rule Gat.a
2026-03-15 15:39:50 +0100: Memory Usage (441184K) : Executing rule Gat.b
2026-03-15 15:39:50 +0100: Memory Usage (441184K) : Executing rule Gat.d
2026-03-15 15:39:50 +0100: Memory Usage (441184K) : Executing rule Gat.a1
2026-03-15 15:39:50 +0100: Memory Usage (441184K) : Executing rule Gat.a2
2026-03-15 15:39:50 +0100: Memory Usage (441184K) : Executing rule Gat.g
2026-03-15 15:39:50 +0100: Memory Usage (441356K) : Starting 5.9 GatPoly:filler
2026-03-15 15:39:50 +0100: Memory Usage (441356K) : Executing rule GFil.d
2026-03-15 15:39:50 +0100: Memory Usage (441356K) : Executing rule GFil.e
2026-03-15 15:39:50 +0100: Memory Usage (441356K) : Executing rule GFil.i
2026-03-15 15:39:50 +0100: Memory Usage (441356K) : Starting 5.10 pSD table
2026-03-15 15:39:50 +0100: Memory Usage (441356K) : Executing rule pSD.c1
2026-03-15 15:39:50 +0100: Memory Usage (441356K) : Starting 5.14. Cont table
2026-03-15 15:39:50 +0100: Memory Usage (441356K) : Executing rule Cnt.a
2026-03-15 15:39:50 +0100: Memory Usage (441356K) : Executing rule Cnt.b
2026-03-15 15:39:50 +0100: Memory Usage (441356K) : Executing rule Cnt.c
2026-03-15 15:39:50 +0100: Memory Usage (441356K) : Executing rule Cnt.c
2026-03-15 15:39:50 +0100: Memory Usage (441356K) : Executing rule Cnt.d
2026-03-15 15:39:50 +0100: Memory Usage (441356K) : Executing rule Cnt.e
2026-03-15 15:39:50 +0100: Memory Usage (441356K) : Executing rule Cnt.g1
2026-03-15 15:39:50 +0100: Memory Usage (441356K) : Executing rule Cnt.g2
2026-03-15 15:39:50 +0100: Memory Usage (441356K) : Starting 5.15. ContBar table
2026-03-15 15:39:50 +0100: Memory Usage (441356K) : Executing rule CntB.b1
2026-03-15 15:39:50 +0100: Memory Usage (441356K) : Executing rule CntB.h1
2026-03-15 15:39:50 +0100: Memory Usage (441356K) : Starting 6.1.3 NPN Substrate-Tie table
2026-03-15 15:39:50 +0100: Memory Usage (441356K) : Executing rule npn13G2.bR 
2026-03-15 15:39:50 +0100: Memory Usage (441356K) : Executing rule npn13G2L.cR 
2026-03-15 15:39:50 +0100: Memory Usage (441356K) : Executing rule npn13G2V.cR 
2026-03-15 15:39:50 +0100: Memory Usage (441356K) : Starting 6.7 Schottky diode table
2026-03-15 15:39:50 +0100: Memory Usage (441356K) : Executing rule Sdiod.d
2026-03-15 15:39:50 +0100: Memory Usage (441356K) : Executing rule Sdiod.e
2026-03-15 15:39:51 +0100: Memory Usage (441356K) : Starting 7.2 Latch-up table
2026-03-15 15:39:51 +0100: Memory Usage (441356K) : Executing rule LU.b
2026-03-15 15:39:51 +0100: Memory Usage (441356K) : Starting 5.16. Metal1 table
2026-03-15 15:39:51 +0100: Memory Usage (441356K) : Executing rule M1.a
2026-03-15 15:39:51 +0100: Memory Usage (441356K) : Executing rule M1.b
2026-03-15 15:39:51 +0100: Memory Usage (441356K) : Executing rule M1.e
2026-03-15 15:39:51 +0100: Memory Usage (441356K) : Executing rule M1.f
2026-03-15 15:39:51 +0100: Memory Usage (441356K) : Executing rule M1.g
2026-03-15 15:39:51 +0100: Memory Usage (441356K) : Executing rule M1.i
2026-03-15 15:39:51 +0100: Memory Usage (441484K) : Starting 5.17 Metaln table
2026-03-15 15:39:51 +0100: Memory Usage (441484K) : Executing rule M2.a
2026-03-15 15:39:51 +0100: Memory Usage (441484K) : Executing rule M2.b
2026-03-15 15:39:51 +0100: Memory Usage (441484K) : Executing rule M2.e
2026-03-15 15:39:51 +0100: Memory Usage (441484K) : Executing rule M2.f
2026-03-15 15:39:51 +0100: Memory Usage (441484K) : Executing rule M2.g
2026-03-15 15:39:51 +0100: Memory Usage (441484K) : Executing rule M2.i
2026-03-15 15:39:51 +0100: Memory Usage (441484K) : Executing rule M3.a
2026-03-15 15:39:51 +0100: Memory Usage (441484K) : Executing rule M3.b
2026-03-15 15:39:51 +0100: Memory Usage (441484K) : Executing rule M3.e
2026-03-15 15:39:51 +0100: Memory Usage (441484K) : Executing rule M3.f
2026-03-15 15:39:51 +0100: Memory Usage (441484K) : Executing rule M3.g
2026-03-15 15:39:51 +0100: Memory Usage (441484K) : Executing rule M3.i
2026-03-15 15:39:51 +0100: Memory Usage (441484K) : Executing rule M4.a
2026-03-15 15:39:51 +0100: Memory Usage (441484K) : Executing rule M4.b
2026-03-15 15:39:51 +0100: Memory Usage (441484K) : Executing rule M4.e
2026-03-15 15:39:51 +0100: Memory Usage (441484K) : Executing rule M4.f
2026-03-15 15:39:51 +0100: Memory Usage (441484K) : Executing rule M4.g
2026-03-15 15:39:51 +0100: Memory Usage (441484K) : Executing rule M4.i
2026-03-15 15:39:51 +0100: Memory Usage (441484K) : Executing rule M5.a
2026-03-15 15:39:51 +0100: Memory Usage (441484K) : Executing rule M5.b
2026-03-15 15:39:51 +0100: Memory Usage (441484K) : Executing rule M5.e
2026-03-15 15:39:51 +0100: Memory Usage (441484K) : Executing rule M5.f
2026-03-15 15:39:51 +0100: Memory Usage (441484K) : Executing rule M5.g
2026-03-15 15:39:51 +0100: Memory Usage (441740K) : Executing rule M5.i
2026-03-15 15:39:51 +0100: Memory Usage (442124K) : Starting 5.18 Metaln:filler table
2026-03-15 15:39:51 +0100: Memory Usage (442124K) : Executing rule M1Fil.c
2026-03-15 15:39:51 +0100: Memory Usage (442252K) : Executing rule M1Fil.a2
2026-03-15 15:39:51 +0100: Memory Usage (442380K) : Executing rule M2Fil.c
2026-03-15 15:39:51 +0100: Memory Usage (442508K) : Executing rule M2Fil.a2
2026-03-15 15:39:51 +0100: Memory Usage (442764K) : Executing rule M3Fil.c
2026-03-15 15:39:51 +0100: Memory Usage (442892K) : Executing rule M3Fil.a2
2026-03-15 15:39:51 +0100: Memory Usage (443020K) : Executing rule M4Fil.c
2026-03-15 15:39:51 +0100: Memory Usage (443020K) : Executing rule M4Fil.a2
2026-03-15 15:39:51 +0100: Memory Usage (443020K) : Executing rule M5Fil.c
2026-03-15 15:39:51 +0100: Memory Usage (443020K) : Executing rule M5Fil.a2
2026-03-15 15:39:51 +0100: Memory Usage (443020K) : Starting 5.19. Via1 table
2026-03-15 15:39:51 +0100: Memory Usage (443020K) : Starting 5.19. Via1 table derivations
2026-03-15 15:39:51 +0100: Memory Usage (443020K) : Executing rule V1.a
2026-03-15 15:39:51 +0100: Memory Usage (443020K) : Executing rule V1.b
2026-03-15 15:39:51 +0100: Memory Usage (443020K) : Executing rule V1.c
2026-03-15 15:39:51 +0100: Memory Usage (443020K) : Starting 5.20. Vian table
2026-03-15 15:39:51 +0100: Memory Usage (443020K) : Executing rule V2.a
2026-03-15 15:39:51 +0100: Memory Usage (443020K) : Executing rule V2.b
2026-03-15 15:39:51 +0100: Memory Usage (443020K) : Executing rule V2.c
2026-03-15 15:39:51 +0100: Memory Usage (443020K) : Executing rule V3.a
2026-03-15 15:39:51 +0100: Memory Usage (443020K) : Executing rule V3.b
2026-03-15 15:39:51 +0100: Memory Usage (443020K) : Executing rule V3.c
2026-03-15 15:39:51 +0100: Memory Usage (443020K) : Executing rule V4.a
2026-03-15 15:39:51 +0100: Memory Usage (443020K) : Executing rule V4.b
2026-03-15 15:39:51 +0100: Memory Usage (443020K) : Executing rule V4.c
2026-03-15 15:39:51 +0100: Memory Usage (443020K) : Starting 5.21. TopVia1 table
2026-03-15 15:39:51 +0100: Memory Usage (443020K) : Executing rule TV1.a
2026-03-15 15:39:51 +0100: Memory Usage (443020K) : Executing rule TV1.b
2026-03-15 15:39:51 +0100: Memory Usage (443020K) : Executing rule TV1.c
2026-03-15 15:39:51 +0100: Memory Usage (443020K) : Executing rule TV1.d
2026-03-15 15:39:51 +0100: Memory Usage (443020K) : Starting 5.22. TopMetal1 table
2026-03-15 15:39:51 +0100: Memory Usage (443020K) : Executing rule TM1.a
2026-03-15 15:39:51 +0100: Memory Usage (443020K) : Executing rule TM1.b
2026-03-15 15:39:51 +0100: Memory Usage (443020K) : Starting 5.23 TopMetal1:filler table
2026-03-15 15:39:51 +0100: Memory Usage (443020K) : Executing rule TM1Fil.c
2026-03-15 15:39:51 +0100: Memory Usage (443020K) : Executing rule TM1Fil.a1
2026-03-15 15:39:51 +0100: Memory Usage (443020K) : Starting 5.24. TopVia2 table
2026-03-15 15:39:51 +0100: Memory Usage (443020K) : Executing rule TV2.a
2026-03-15 15:39:51 +0100: Memory Usage (443020K) : Executing rule TV2.b
2026-03-15 15:39:51 +0100: Memory Usage (443020K) : Executing rule TV2.c
2026-03-15 15:39:51 +0100: Memory Usage (443020K) : Executing rule TV2.d
2026-03-15 15:39:51 +0100: Memory Usage (443020K) : Starting 5.25. TopMetal2 table
2026-03-15 15:39:51 +0100: Memory Usage (443020K) : Executing rule TM2.a
2026-03-15 15:39:51 +0100: Memory Usage (443020K) : Executing rule TM2.b
2026-03-15 15:39:51 +0100: Memory Usage (443020K) : Executing rule TM2.bR
2026-03-15 15:39:51 +0100: Memory Usage (443020K) : Starting 5.26 TopMetal2:filler table
2026-03-15 15:39:51 +0100: Memory Usage (443020K) : Executing rule TM2Fil.c
2026-03-15 15:39:51 +0100: Memory Usage (443020K) : Executing rule TM2Fil.a1
2026-03-15 15:39:51 +0100: Memory Usage (443020K) : Starting 5.27. Passiv table
2026-03-15 15:39:51 +0100: Memory Usage (443020K) : Executing rule Pas.a
2026-03-15 15:39:51 +0100: Memory Usage (443020K) : Executing rule Pas.b
2026-03-15 15:39:51 +0100: Memory Usage (443020K) : Executing rule Pas.c
2026-03-15 15:39:51 +0100: Memory Usage (443020K) : Starting 6.9.2 Copper Pillar table
2026-03-15 15:39:51 +0100: Memory Usage (443020K) : Executing rule Padc.a
2026-03-15 15:39:51 +0100: Memory Usage (443020K) : Executing rule Padc.b
2026-03-15 15:39:51 +0100: Memory Usage (443020K) : Executing rule Padc.c
2026-03-15 15:39:51 +0100: Memory Usage (443020K) : Executing rule Padb.f
2026-03-15 15:39:51 +0100: Memory Usage (443020K) : Starting 6.9 Pad table
2026-03-15 15:39:51 +0100: Memory Usage (443020K) : Executing rule Pad.m
2026-03-15 15:39:51 +0100: Memory Usage (443020K) : Executing rule Pad.fR_M1
2026-03-15 15:39:51 +0100: Memory Usage (443020K) : Executing rule Pad.fR_M2
2026-03-15 15:39:51 +0100: Memory Usage (443020K) : Executing rule Pad.fR_M3
2026-03-15 15:39:51 +0100: Memory Usage (443020K) : Executing rule Pad.fR_M4
2026-03-15 15:39:51 +0100: Memory Usage (443020K) : Executing rule Pad.fR_M5
2026-03-15 15:39:51 +0100: Memory Usage (443020K) : Executing rule Pad.fR_TM1
2026-03-15 15:39:51 +0100: Memory Usage (443020K) : Executing rule Pad.fR_TM2
2026-03-15 15:39:51 +0100: Memory Usage (443020K) : Executing rule Pad.i
2026-03-15 15:39:51 +0100: Memory Usage (443020K) : Starting 6.9.1 Solder Bump
2026-03-15 15:39:51 +0100: Memory Usage (443020K) : Executing rule Padb.a
2026-03-15 15:39:51 +0100: Memory Usage (443020K) : Executing rule Padb.b
2026-03-15 15:39:51 +0100: Memory Usage (443148K) : Executing rule Padb.c
2026-03-15 15:39:51 +0100: Memory Usage (443148K) : Executing rule Padb.f
2026-03-15 15:39:51 +0100: Memory Usage (443148K) : Executing rule Padb.d
2026-03-15 15:39:51 +0100: Memory Usage (443148K) : Starting 6.10 Sealring table
2026-03-15 15:39:51 +0100: Memory Usage (443148K) : Executing rule Seal.l
2026-03-15 15:39:51 +0100: Memory Usage (443148K) : Executing rule Seal.n
2026-03-15 15:39:51 +0100: Memory Usage (443148K) : Executing rule seal.b_metal1
2026-03-15 15:39:51 +0100: Memory Usage (443148K) : Executing rule seal.b_metal2
2026-03-15 15:39:51 +0100: Memory Usage (443148K) : Executing rule seal.b_metal3
2026-03-15 15:39:51 +0100: Memory Usage (443148K) : Executing rule seal.b_metal4
2026-03-15 15:39:51 +0100: Memory Usage (443148K) : Executing rule seal.b_metal5
2026-03-15 15:39:51 +0100: Memory Usage (443148K) : Executing rule seal.b_topmetal1
2026-03-15 15:39:51 +0100: Memory Usage (443148K) : Executing rule seal.b_topmetal2
2026-03-15 15:39:51 +0100: Memory Usage (443148K) : Executing rule seal.b_activ
2026-03-15 15:39:51 +0100: Memory Usage (443148K) : Executing rule seal.b_psd
2026-03-15 15:39:51 +0100: Memory Usage (443148K) : Executing rule Seal.k
2026-03-15 15:39:51 +0100: Memory Usage (443148K) : Executing rule Seal.m
2026-03-15 15:39:51 +0100: Memory Usage (443148K) : Starting 6.11 MIM table
2026-03-15 15:39:51 +0100: Memory Usage (443148K) : Executing rule MIM.c
2026-03-15 15:39:51 +0100: Memory Usage (443148K) : Executing rule MIM.d
2026-03-15 15:39:51 +0100: Memory Usage (443148K) : Executing rule MIM.gR
2026-03-15 15:39:51 +0100: Memory Usage (443148K) : Starting 7.3 Metal Slits table
2026-03-15 15:39:51 +0100: Memory Usage (443148K) : Executing rule Slt.e1_M1
2026-03-15 15:39:51 +0100: Memory Usage (443148K) : Executing rule Slt.e1_M2
2026-03-15 15:39:51 +0100: Memory Usage (443148K) : Executing rule Slt.e1_M3
2026-03-15 15:39:51 +0100: Memory Usage (443148K) : Executing rule Slt.e1_M4
2026-03-15 15:39:51 +0100: Memory Usage (443148K) : Executing rule Slt.e1_M5
2026-03-15 15:39:51 +0100: Memory Usage (443148K) : Executing rule Slt.e1_TM1
2026-03-15 15:39:51 +0100: Memory Usage (443148K) : Executing rule Slt.e1_TM2
2026-03-15 15:39:51 +0100: Memory Usage (443148K) : Starting 9.1. LBE table
2026-03-15 15:39:51 +0100: Memory Usage (443148K) : Executing rule LBE.a
2026-03-15 15:39:51 +0100: Memory Usage (443148K) : Executing rule LBE.b
2026-03-15 15:39:51 +0100: Memory Usage (443148K) : Executing rule LBE.b1
2026-03-15 15:39:51 +0100: Memory Usage (443148K) : Executing rule LBE.c
2026-03-15 15:39:51 +0100: Memory Usage (443148K) : Executing rule LBE.d
2026-03-15 15:39:51 +0100: Memory Usage (443148K) : Executing rule LBE.h
2026-03-15 15:39:51 +0100: Memory Usage (443148K) : Starting 7.4. PIN table
2026-03-15 15:39:51 +0100: Memory Usage (443148K) : Executing rule Pin.a
2026-03-15 15:39:51 +0100: Memory Usage (443148K) : Executing rule Pin.b
2026-03-15 15:39:51 +0100: Memory Usage (443148K) : Executing rule Pin.e
2026-03-15 15:39:51 +0100: Memory Usage (443148K) : Executing rule Pin.f_M2
2026-03-15 15:39:51 +0100: Memory Usage (443148K) : Executing rule Pin.f_M3
2026-03-15 15:39:51 +0100: Memory Usage (443148K) : Executing rule Pin.f_M4
2026-03-15 15:39:51 +0100: Memory Usage (443148K) : Executing rule Pin.f_M5
2026-03-15 15:39:51 +0100: Memory Usage (443148K) : Executing rule Pin.g
2026-03-15 15:39:51 +0100: Memory Usage (443148K) : Executing rule Pin.h
2026-03-15 15:39:51 +0100: Memory Usage (443148K) : Starting 3.2. FORBIDDEN table
2026-03-15 15:39:51 +0100: Memory Usage (443148K) : Executing rule forbidden.biwind
2026-03-15 15:39:51 +0100: Memory Usage (443148K) : Executing rule forbidden.pemwind
2026-03-15 15:39:51 +0100: Memory Usage (443148K) : Executing rule forbidden.baspoly
2026-03-15 15:39:51 +0100: Memory Usage (443148K) : Executing rule forbidden.deepco
2026-03-15 15:39:51 +0100: Memory Usage (443148K) : Executing rule forbidden.pempoly
2026-03-15 15:39:51 +0100: Memory Usage (443148K) : Executing rule forbidden.empoly
2026-03-15 15:39:51 +0100: Memory Usage (443148K) : Executing rule forbidden.ldmos
2026-03-15 15:39:51 +0100: Memory Usage (443148K) : Executing rule forbidden.pbiwind
2026-03-15 15:39:51 +0100: Memory Usage (443148K) : Executing rule forbidden.nodrc
2026-03-15 15:39:51 +0100: Memory Usage (443148K) : Executing rule forbidden.flash
2026-03-15 15:39:51 +0100: Memory Usage (443148K) : Executing rule forbidden.colwind
2026-03-15 15:39:51 +0100: Memory Usage (443148K) : KLayout DRC run for tables 'main' completed in 1.14 seconds
