# Logfile created on 2026-03-16 02:19:21 +0100 by logger.rb/v1.6.0
2026-03-16 02:19:21 +0100: Memory Usage (421676K) : Starting running IHP-SG13G2 KLayout DRC runset on /home/cmaier/EDA/PUDDING/gds/dacendbuffer.gds
2026-03-16 02:19:21 +0100: Memory Usage (421676K) : Ruby Version for klayout: 3.3.10
2026-03-16 02:19:21 +0100: Memory Usage (422828K) : Loading database to memory is complete.
2026-03-16 02:19:21 +0100: Memory Usage (422828K) : IHP-SG13G2 KLayout DRC runset output at: /home/cmaier/EDA/PUDDING/gds/drc_run_dacendbuffer/dacendbuffer_dacendbuffer_main.lyrdb
2026-03-16 02:19:21 +0100: Memory Usage (422828K) : Evaluate switches.
2026-03-16 02:19:21 +0100: Memory Usage (422828K) : tables selected: main
2026-03-16 02:19:21 +0100: Memory Usage (422828K) : KLayout will use 1 thread(s) in tiling mode.
2026-03-16 02:19:21 +0100: Memory Usage (422828K) : deep mode is enabled.
2026-03-16 02:19:21 +0100: Memory Usage (422828K) : FEOL enabled: true
2026-03-16 02:19:21 +0100: Memory Usage (422828K) : BEOL enabled: true
2026-03-16 02:19:21 +0100: Memory Usage (422828K) : OFFGRID enabled: true
2026-03-16 02:19:21 +0100: Memory Usage (422828K) : PIN enabled: true
2026-03-16 02:19:21 +0100: Memory Usage (422828K) : FORBIDDEN enabled: true
2026-03-16 02:19:21 +0100: Memory Usage (422828K) : RECOMMENDED enabled: true
2026-03-16 02:19:21 +0100: Memory Usage (422828K) : PreCheck DRC enabled: false
2026-03-16 02:19:21 +0100: Memory Usage (422828K) : CONNECTIVITY_RULES enabled: true.
2026-03-16 02:19:21 +0100: Memory Usage (422828K) : Read in polygons from layers.
2026-03-16 02:19:21 +0100: Memory Usage (424248K) : activ_drw has 20 polygons
2026-03-16 02:19:21 +0100: Memory Usage (424248K) : activ_pin has 0 polygons
2026-03-16 02:19:21 +0100: Memory Usage (424248K) : activ_mask has 0 polygons
2026-03-16 02:19:21 +0100: Memory Usage (424248K) : activ_filler has 0 polygons
2026-03-16 02:19:21 +0100: Memory Usage (424248K) : activ_nofill has 0 polygons
2026-03-16 02:19:21 +0100: Memory Usage (424248K) : activ_opc has 0 polygons
2026-03-16 02:19:21 +0100: Memory Usage (424248K) : activ_iopc has 0 polygons
2026-03-16 02:19:21 +0100: Memory Usage (424248K) : activ_noqrc has 0 polygons
2026-03-16 02:19:21 +0100: Memory Usage (424248K) : biwind_drw has 0 polygons
2026-03-16 02:19:21 +0100: Memory Usage (424248K) : biwind_opc has 0 polygons
2026-03-16 02:19:21 +0100: Memory Usage (424248K) : pemwind_drw has 0 polygons
2026-03-16 02:19:21 +0100: Memory Usage (424248K) : gatpoly_drw has 8 polygons
2026-03-16 02:19:21 +0100: Memory Usage (424248K) : gatpoly_pin has 4 polygons
2026-03-16 02:19:21 +0100: Memory Usage (424248K) : gatpoly_filler has 0 polygons
2026-03-16 02:19:21 +0100: Memory Usage (424248K) : gatpoly_nofill has 0 polygons
2026-03-16 02:19:21 +0100: Memory Usage (424248K) : gatpoly_opc has 0 polygons
2026-03-16 02:19:21 +0100: Memory Usage (424248K) : gatpoly_iopc has 0 polygons
2026-03-16 02:19:21 +0100: Memory Usage (424248K) : gatpoly_noqrc has 0 polygons
2026-03-16 02:19:21 +0100: Memory Usage (424248K) : cont_drw has 784 polygons
2026-03-16 02:19:21 +0100: Memory Usage (424248K) : cont_opc has 0 polygons
2026-03-16 02:19:21 +0100: Memory Usage (424248K) : nsd_drw has 0 polygons
2026-03-16 02:19:21 +0100: Memory Usage (424248K) : nsd_block has 0 polygons
2026-03-16 02:19:21 +0100: Memory Usage (424380K) : metal1_drw has 23 polygons
2026-03-16 02:19:21 +0100: Memory Usage (424380K) : metal1_pin has 9 polygons
2026-03-16 02:19:21 +0100: Memory Usage (424380K) : metal1_mask has 0 polygons
2026-03-16 02:19:21 +0100: Memory Usage (424380K) : metal1_filler has 0 polygons
2026-03-16 02:19:21 +0100: Memory Usage (424508K) : metal1_nofill has 0 polygons
2026-03-16 02:19:21 +0100: Memory Usage (424508K) : metal1_slit has 0 polygons
2026-03-16 02:19:21 +0100: Memory Usage (424636K) : metal1_text has 1 polygons
2026-03-16 02:19:21 +0100: Memory Usage (424764K) : metal1_opc has 0 polygons
2026-03-16 02:19:21 +0100: Memory Usage (425020K) : metal1_noqrc has 0 polygons
2026-03-16 02:19:21 +0100: Memory Usage (425020K) : metal1_res has 0 polygons
2026-03-16 02:19:21 +0100: Memory Usage (425020K) : metal1_iprobe has 0 polygons
2026-03-16 02:19:21 +0100: Memory Usage (425020K) : metal1_diffprb has 0 polygons
2026-03-16 02:19:21 +0100: Memory Usage (425148K) : passiv_drw has 0 polygons
2026-03-16 02:19:21 +0100: Memory Usage (425148K) : passiv_pin has 0 polygons
2026-03-16 02:19:21 +0100: Memory Usage (425148K) : passiv_sbump has 0 polygons
2026-03-16 02:19:21 +0100: Memory Usage (425148K) : passiv_pillar has 0 polygons
2026-03-16 02:19:21 +0100: Memory Usage (425148K) : passiv_pdl has 0 polygons
2026-03-16 02:19:21 +0100: Memory Usage (425276K) : metal2_drw has 10 polygons
2026-03-16 02:19:21 +0100: Memory Usage (425276K) : metal2_pin has 0 polygons
2026-03-16 02:19:21 +0100: Memory Usage (425404K) : metal2_mask has 0 polygons
2026-03-16 02:19:21 +0100: Memory Usage (425404K) : metal2_filler has 0 polygons
2026-03-16 02:19:21 +0100: Memory Usage (425532K) : metal2_nofill has 0 polygons
2026-03-16 02:19:21 +0100: Memory Usage (425532K) : metal2_slit has 0 polygons
2026-03-16 02:19:21 +0100: Memory Usage (425660K) : metal2_text has 0 polygons
2026-03-16 02:19:21 +0100: Memory Usage (425660K) : metal2_opc has 0 polygons
2026-03-16 02:19:21 +0100: Memory Usage (425788K) : metal2_noqrc has 0 polygons
2026-03-16 02:19:21 +0100: Memory Usage (425788K) : metal2_res has 0 polygons
2026-03-16 02:19:21 +0100: Memory Usage (425788K) : metal2_iprobe has 0 polygons
2026-03-16 02:19:21 +0100: Memory Usage (425916K) : metal2_diffprb has 0 polygons
2026-03-16 02:19:21 +0100: Memory Usage (425916K) : baspoly_drw has 0 polygons
2026-03-16 02:19:21 +0100: Memory Usage (425916K) : baspoly_pin has 0 polygons
2026-03-16 02:19:21 +0100: Memory Usage (425916K) : psd_drw has 4 polygons
2026-03-16 02:19:21 +0100: Memory Usage (425916K) : nldb_drw has 0 polygons
2026-03-16 02:19:21 +0100: Memory Usage (425916K) : digibnd_drw has 0 polygons
2026-03-16 02:19:21 +0100: Memory Usage (425916K) : via1_drw has 128 polygons
2026-03-16 02:19:21 +0100: Memory Usage (426044K) : backmetal1_drw has 0 polygons
2026-03-16 02:19:21 +0100: Memory Usage (426044K) : backmetal1_pin has 0 polygons
2026-03-16 02:19:21 +0100: Memory Usage (426172K) : backmetal1_mask has 0 polygons
2026-03-16 02:19:21 +0100: Memory Usage (426172K) : backmetal1_filler has 0 polygons
2026-03-16 02:19:21 +0100: Memory Usage (426300K) : backmetal1_nofill has 0 polygons
2026-03-16 02:19:21 +0100: Memory Usage (426300K) : backmetal1_slit has 0 polygons
2026-03-16 02:19:21 +0100: Memory Usage (426428K) : backmetal1_text has 0 polygons
2026-03-16 02:19:21 +0100: Memory Usage (426428K) : backmetal1_opc has 0 polygons
2026-03-16 02:19:21 +0100: Memory Usage (426556K) : backmetal1_noqrc has 0 polygons
2026-03-16 02:19:21 +0100: Memory Usage (426556K) : backmetal1_res has 0 polygons
2026-03-16 02:19:21 +0100: Memory Usage (426684K) : backmetal1_iprobe has 0 polygons
2026-03-16 02:19:21 +0100: Memory Usage (426684K) : backmetal1_diffprb has 0 polygons
2026-03-16 02:19:21 +0100: Memory Usage (426812K) : backpassiv_drw has 0 polygons
2026-03-16 02:19:21 +0100: Memory Usage (426812K) : res_drw has 0 polygons
2026-03-16 02:19:21 +0100: Memory Usage (426940K) : sram_drw has 0 polygons
2026-03-16 02:19:21 +0100: Memory Usage (426940K) : trans_drw has 0 polygons
2026-03-16 02:19:21 +0100: Memory Usage (427068K) : ind_drw has 0 polygons
2026-03-16 02:19:21 +0100: Memory Usage (427068K) : ind_pin has 0 polygons
2026-03-16 02:19:21 +0100: Memory Usage (427196K) : ind_text has 0 polygons
2026-03-16 02:19:21 +0100: Memory Usage (427196K) : salblock_drw has 0 polygons
2026-03-16 02:19:21 +0100: Memory Usage (427324K) : via2_drw has 128 polygons
2026-03-16 02:19:21 +0100: Memory Usage (427324K) : metal3_drw has 14 polygons
2026-03-16 02:19:21 +0100: Memory Usage (427452K) : metal3_pin has 6 polygons
2026-03-16 02:19:21 +0100: Memory Usage (427452K) : metal3_mask has 0 polygons
2026-03-16 02:19:21 +0100: Memory Usage (427580K) : metal3_filler has 0 polygons
2026-03-16 02:19:21 +0100: Memory Usage (427580K) : metal3_nofill has 0 polygons
2026-03-16 02:19:21 +0100: Memory Usage (427708K) : metal3_slit has 0 polygons
2026-03-16 02:19:21 +0100: Memory Usage (427708K) : metal3_text has 6 polygons
2026-03-16 02:19:21 +0100: Memory Usage (427708K) : metal3_opc has 0 polygons
2026-03-16 02:19:21 +0100: Memory Usage (427836K) : metal3_noqrc has 0 polygons
2026-03-16 02:19:21 +0100: Memory Usage (427836K) : metal3_res has 0 polygons
2026-03-16 02:19:21 +0100: Memory Usage (427964K) : metal3_iprobe has 0 polygons
2026-03-16 02:19:21 +0100: Memory Usage (427964K) : metal3_diffprb has 0 polygons
2026-03-16 02:19:21 +0100: Memory Usage (428348K) : nwell_drw has 5 polygons
2026-03-16 02:19:21 +0100: Memory Usage (428348K) : nwell_pin has 0 polygons
2026-03-16 02:19:21 +0100: Memory Usage (428476K) : nbulay_drw has 0 polygons
2026-03-16 02:19:21 +0100: Memory Usage (428476K) : nbulay_pin has 0 polygons
2026-03-16 02:19:21 +0100: Memory Usage (428476K) : nbulay_block has 0 polygons
2026-03-16 02:19:21 +0100: Memory Usage (428476K) : emwind_drw has 0 polygons
2026-03-16 02:19:21 +0100: Memory Usage (428476K) : emwind_opc has 0 polygons
2026-03-16 02:19:21 +0100: Memory Usage (428476K) : deepco_drw has 0 polygons
2026-03-16 02:19:21 +0100: Memory Usage (428476K) : deepco_drw has 0 polygons
2026-03-16 02:19:21 +0100: Memory Usage (428604K) : mim_drw has 0 polygons
2026-03-16 02:19:21 +0100: Memory Usage (428604K) : edgeseal_drw has 0 polygons
2026-03-16 02:19:21 +0100: Memory Usage (428732K) : edgeseal_bound has 0 polygons
2026-03-16 02:19:21 +0100: Memory Usage (428732K) : substrate_drw has 4 polygons
2026-03-16 02:19:21 +0100: Memory Usage (428860K) : substrate_text has 0 polygons
2026-03-16 02:19:21 +0100: Memory Usage (428860K) : dfpad_drw has 0 polygons
2026-03-16 02:19:21 +0100: Memory Usage (428988K) : dfpad_pillar has 0 polygons
2026-03-16 02:19:21 +0100: Memory Usage (428988K) : dfpad_sbump has 0 polygons
2026-03-16 02:19:21 +0100: Memory Usage (429116K) : thickgateox_drw has 5 polygons
2026-03-16 02:19:21 +0100: Memory Usage (429116K) : pldb_drw has 0 polygons
2026-03-16 02:19:21 +0100: Memory Usage (429244K) : pwell_drw has 0 polygons
2026-03-16 02:19:21 +0100: Memory Usage (429244K) : pwell_pin has 0 polygons
2026-03-16 02:19:21 +0100: Memory Usage (429372K) : pwell_block has 0 polygons
2026-03-16 02:19:21 +0100: Memory Usage (429372K) : ic_drw has 0 polygons
2026-03-16 02:19:21 +0100: Memory Usage (429500K) : via3_drw has 0 polygons
2026-03-16 02:19:21 +0100: Memory Usage (429500K) : metal4_drw has 0 polygons
2026-03-16 02:19:21 +0100: Memory Usage (429628K) : metal4_pin has 0 polygons
2026-03-16 02:19:21 +0100: Memory Usage (429628K) : metal4_mask has 0 polygons
2026-03-16 02:19:21 +0100: Memory Usage (429756K) : metal4_filler has 0 polygons
2026-03-16 02:19:21 +0100: Memory Usage (429756K) : metal4_nofill has 0 polygons
2026-03-16 02:19:21 +0100: Memory Usage (429884K) : metal4_slit has 0 polygons
2026-03-16 02:19:21 +0100: Memory Usage (429884K) : metal4_text has 0 polygons
2026-03-16 02:19:21 +0100: Memory Usage (430012K) : metal4_opc has 0 polygons
2026-03-16 02:19:21 +0100: Memory Usage (430012K) : metal4_noqrc has 0 polygons
2026-03-16 02:19:21 +0100: Memory Usage (430140K) : metal4_res has 0 polygons
2026-03-16 02:19:21 +0100: Memory Usage (430140K) : metal4_iprobe has 0 polygons
2026-03-16 02:19:21 +0100: Memory Usage (430268K) : metal4_diffprb has 0 polygons
2026-03-16 02:19:21 +0100: Memory Usage (430268K) : heattrans_drw has 4 polygons
2026-03-16 02:19:21 +0100: Memory Usage (430396K) : heatres_drw has 0 polygons
2026-03-16 02:19:21 +0100: Memory Usage (430396K) : pempoly_drw has 0 polygons
2026-03-16 02:19:21 +0100: Memory Usage (430524K) : fbe_drw has 0 polygons
2026-03-16 02:19:21 +0100: Memory Usage (430524K) : empoly_drw has 0 polygons
2026-03-16 02:19:21 +0100: Memory Usage (430652K) : ldmos_drw has 0 polygons
2026-03-16 02:19:21 +0100: Memory Usage (430652K) : pbiwind_drw has 0 polygons
2026-03-16 02:19:21 +0100: Memory Usage (430780K) : digisub_drw has 0 polygons
2026-03-16 02:19:21 +0100: Memory Usage (430780K) : nodrc_drw has 0 polygons
2026-03-16 02:19:21 +0100: Memory Usage (430908K) : text_drw has 0 polygons
2026-03-16 02:19:21 +0100: Memory Usage (430908K) : via4_drw has 0 polygons
2026-03-16 02:19:21 +0100: Memory Usage (431036K) : metal5_drw has 0 polygons
2026-03-16 02:19:21 +0100: Memory Usage (431036K) : metal5_pin has 0 polygons
2026-03-16 02:19:21 +0100: Memory Usage (431164K) : metal5_mask has 0 polygons
2026-03-16 02:19:21 +0100: Memory Usage (431164K) : metal5_filler has 0 polygons
2026-03-16 02:19:21 +0100: Memory Usage (431292K) : metal5_nofill has 0 polygons
2026-03-16 02:19:21 +0100: Memory Usage (431292K) : metal5_slit has 0 polygons
2026-03-16 02:19:21 +0100: Memory Usage (431420K) : metal5_text has 0 polygons
2026-03-16 02:19:21 +0100: Memory Usage (431420K) : metal5_opc has 0 polygons
2026-03-16 02:19:21 +0100: Memory Usage (431548K) : metal5_noqrc has 0 polygons
2026-03-16 02:19:21 +0100: Memory Usage (431548K) : metal5_res has 0 polygons
2026-03-16 02:19:21 +0100: Memory Usage (431676K) : metal5_iprobe has 0 polygons
2026-03-16 02:19:21 +0100: Memory Usage (431676K) : metal5_diffprb has 0 polygons
2026-03-16 02:19:21 +0100: Memory Usage (431804K) : radhard_drw has 0 polygons
2026-03-16 02:19:21 +0100: Memory Usage (431804K) : memcap_drw has 0 polygons
2026-03-16 02:19:21 +0100: Memory Usage (431932K) : varicap_drw has 0 polygons
2026-03-16 02:19:21 +0100: Memory Usage (431932K) : flash_drw has 0 polygons
2026-03-16 02:19:21 +0100: Memory Usage (432060K) : intbondvia_drw has 0 polygons
2026-03-16 02:19:21 +0100: Memory Usage (432188K) : intbondmet_drw has 0 polygons
2026-03-16 02:19:21 +0100: Memory Usage (432188K) : devbondvia_drw has 0 polygons
2026-03-16 02:19:21 +0100: Memory Usage (432188K) : devbondmet_drw has 0 polygons
2026-03-16 02:19:21 +0100: Memory Usage (432188K) : devtrench_drw has 0 polygons
2026-03-16 02:19:21 +0100: Memory Usage (432188K) : redist_drw has 0 polygons
2026-03-16 02:19:21 +0100: Memory Usage (432188K) : graphbot_drw has 0 polygons
2026-03-16 02:19:21 +0100: Memory Usage (432188K) : graphtop_drw has 0 polygons
2026-03-16 02:19:21 +0100: Memory Usage (432188K) : antvia1_drw has 0 polygons
2026-03-16 02:19:21 +0100: Memory Usage (432188K) : antmetal2_drw has 0 polygons
2026-03-16 02:19:21 +0100: Memory Usage (432188K) : graphcont_drw has 0 polygons
2026-03-16 02:19:21 +0100: Memory Usage (432188K) : siwg_drw has 0 polygons
2026-03-16 02:19:21 +0100: Memory Usage (432188K) : siwg_filler has 0 polygons
2026-03-16 02:19:21 +0100: Memory Usage (432188K) : siwg_nofill has 0 polygons
2026-03-16 02:19:21 +0100: Memory Usage (432188K) : sigrating_drw has 0 polygons
2026-03-16 02:19:21 +0100: Memory Usage (432188K) : singrating_drw has 0 polygons
2026-03-16 02:19:21 +0100: Memory Usage (432188K) : graphpas_drw has 0 polygons
2026-03-16 02:19:21 +0100: Memory Usage (432188K) : emwind3_drw has 0 polygons
2026-03-16 02:19:21 +0100: Memory Usage (432188K) : emwihv3_drw has 0 polygons
2026-03-16 02:19:21 +0100: Memory Usage (432188K) : redbulay_drw has 0 polygons
2026-03-16 02:19:21 +0100: Memory Usage (432188K) : smos_drw has 0 polygons
2026-03-16 02:19:21 +0100: Memory Usage (432188K) : graphpad_drw has 0 polygons
2026-03-16 02:19:21 +0100: Memory Usage (432188K) : polimide_drw has 0 polygons
2026-03-16 02:19:21 +0100: Memory Usage (432188K) : polimide_pin has 0 polygons
2026-03-16 02:19:21 +0100: Memory Usage (432188K) : recog_drw has 0 polygons
2026-03-16 02:19:21 +0100: Memory Usage (432188K) : recog_pin has 0 polygons
2026-03-16 02:19:21 +0100: Memory Usage (432188K) : recog_esd has 0 polygons
2026-03-16 02:19:21 +0100: Memory Usage (432188K) : recog_diode has 0 polygons
2026-03-16 02:19:21 +0100: Memory Usage (432188K) : recog_tsv has 0 polygons
2026-03-16 02:19:21 +0100: Memory Usage (432188K) : recog_iprobe has 0 polygons
2026-03-16 02:19:21 +0100: Memory Usage (432188K) : recog_diffprb has 0 polygons
2026-03-16 02:19:21 +0100: Memory Usage (432188K) : recog_pillar has 0 polygons
2026-03-16 02:19:21 +0100: Memory Usage (432188K) : recog_sbump has 0 polygons
2026-03-16 02:19:21 +0100: Memory Usage (432188K) : recog_otp has 0 polygons
2026-03-16 02:19:21 +0100: Memory Usage (432188K) : recog_pdiode has 0 polygons
2026-03-16 02:19:21 +0100: Memory Usage (432188K) : recog_mom has 0 polygons
2026-03-16 02:19:21 +0100: Memory Usage (432188K) : recog_pcm has 0 polygons
2026-03-16 02:19:21 +0100: Memory Usage (432188K) : colopen_drw has 0 polygons
2026-03-16 02:19:21 +0100: Memory Usage (432188K) : graphmetal1_drw has 0 polygons
2026-03-16 02:19:21 +0100: Memory Usage (432188K) : graphmetal1_filler has 0 polygons
2026-03-16 02:19:21 +0100: Memory Usage (432188K) : graphmetal1_nofill has 0 polygons
2026-03-16 02:19:21 +0100: Memory Usage (432188K) : graphmetal1_slit has 0 polygons
2026-03-16 02:19:21 +0100: Memory Usage (432188K) : graphmetal1_opc has 0 polygons
2026-03-16 02:19:21 +0100: Memory Usage (432188K) : graphmet1l_drw has 0 polygons
2026-03-16 02:19:21 +0100: Memory Usage (432188K) : graphmet1l_filler has 0 polygons
2026-03-16 02:19:21 +0100: Memory Usage (432188K) : graphmet1l_nofill has 0 polygons
2026-03-16 02:19:21 +0100: Memory Usage (432188K) : graphmet1l_slit has 0 polygons
2026-03-16 02:19:21 +0100: Memory Usage (432188K) : graphmet1l_opc has 0 polygons
2026-03-16 02:19:21 +0100: Memory Usage (432188K) : extblock_drw has 0 polygons
2026-03-16 02:19:21 +0100: Memory Usage (432188K) : nldd_drw has 0 polygons
2026-03-16 02:19:21 +0100: Memory Usage (432188K) : pldd_drw has 0 polygons
2026-03-16 02:19:21 +0100: Memory Usage (432188K) : next_drw has 0 polygons
2026-03-16 02:19:21 +0100: Memory Usage (432188K) : pext_drw has 0 polygons
2026-03-16 02:19:21 +0100: Memory Usage (432188K) : nexthv_drw has 0 polygons
2026-03-16 02:19:21 +0100: Memory Usage (432188K) : pexthv_drw has 0 polygons
2026-03-16 02:19:21 +0100: Memory Usage (432188K) : graphgate_drw has 0 polygons
2026-03-16 02:19:21 +0100: Memory Usage (432188K) : sinwg_drw has 0 polygons
2026-03-16 02:19:21 +0100: Memory Usage (432188K) : sinwg_filler has 0 polygons
2026-03-16 02:19:21 +0100: Memory Usage (432188K) : sinwg_nofill has 0 polygons
2026-03-16 02:19:21 +0100: Memory Usage (432316K) : mempad_drw has 0 polygons
2026-03-16 02:19:21 +0100: Memory Usage (432316K) : topvia1_drw has 0 polygons
2026-03-16 02:19:21 +0100: Memory Usage (432444K) : topmetal1_drw has 0 polygons
2026-03-16 02:19:21 +0100: Memory Usage (432444K) : topmetal1_pin has 0 polygons
2026-03-16 02:19:21 +0100: Memory Usage (432572K) : topmetal1_mask has 0 polygons
2026-03-16 02:19:21 +0100: Memory Usage (432572K) : topmetal1_filler has 0 polygons
2026-03-16 02:19:21 +0100: Memory Usage (432700K) : topmetal1_nofill has 0 polygons
2026-03-16 02:19:21 +0100: Memory Usage (432700K) : topmetal1_slit has 0 polygons
2026-03-16 02:19:21 +0100: Memory Usage (432828K) : topmetal1_text has 0 polygons
2026-03-16 02:19:21 +0100: Memory Usage (432828K) : topmetal1_noqrc has 0 polygons
2026-03-16 02:19:21 +0100: Memory Usage (432956K) : topmetal1_res has 0 polygons
2026-03-16 02:19:21 +0100: Memory Usage (432956K) : topmetal1_iprobe has 0 polygons
2026-03-16 02:19:21 +0100: Memory Usage (433084K) : topmetal1_diffprb has 0 polygons
2026-03-16 02:19:21 +0100: Memory Usage (433084K) : inldpwl_drw has 0 polygons
2026-03-16 02:19:21 +0100: Memory Usage (433212K) : polyres_drw has 0 polygons
2026-03-16 02:19:21 +0100: Memory Usage (433212K) : polyres_pin has 0 polygons
2026-03-16 02:19:21 +0100: Memory Usage (433340K) : vmim_drw has 0 polygons
2026-03-16 02:19:21 +0100: Memory Usage (433340K) : nbulaycut_drw has 0 polygons
2026-03-16 02:19:21 +0100: Memory Usage (433468K) : antmetal1_drw has 0 polygons
2026-03-16 02:19:21 +0100: Memory Usage (433468K) : topvia2_drw has 0 polygons
2026-03-16 02:19:21 +0100: Memory Usage (433596K) : topmetal2_drw has 0 polygons
2026-03-16 02:19:21 +0100: Memory Usage (433596K) : topmetal2_pin has 0 polygons
2026-03-16 02:19:21 +0100: Memory Usage (433724K) : topmetal2_mask has 0 polygons
2026-03-16 02:19:21 +0100: Memory Usage (433852K) : topmetal2_filler has 0 polygons
2026-03-16 02:19:21 +0100: Memory Usage (433852K) : topmetal2_nofill has 0 polygons
2026-03-16 02:19:21 +0100: Memory Usage (433980K) : topmetal2_slit has 0 polygons
2026-03-16 02:19:21 +0100: Memory Usage (433980K) : topmetal2_text has 0 polygons
2026-03-16 02:19:21 +0100: Memory Usage (433980K) : topmetal2_noqrc has 0 polygons
2026-03-16 02:19:21 +0100: Memory Usage (434108K) : topmetal2_res has 0 polygons
2026-03-16 02:19:21 +0100: Memory Usage (434236K) : topmetal2_iprobe has 0 polygons
2026-03-16 02:19:21 +0100: Memory Usage (434236K) : topmetal2_diffprb has 0 polygons
2026-03-16 02:19:21 +0100: Memory Usage (434236K) : snsring_drw has 0 polygons
2026-03-16 02:19:21 +0100: Memory Usage (434364K) : sensor_drw has 0 polygons
2026-03-16 02:19:21 +0100: Memory Usage (434364K) : snsarms_drw has 0 polygons
2026-03-16 02:19:21 +0100: Memory Usage (434492K) : snscmosvia_drw has 0 polygons
2026-03-16 02:19:21 +0100: Memory Usage (434620K) : colwind_drw has 0 polygons
2026-03-16 02:19:21 +0100: Memory Usage (434620K) : flm_drw has 0 polygons
2026-03-16 02:19:21 +0100: Memory Usage (434748K) : hafniumox_drw has 0 polygons
2026-03-16 02:19:21 +0100: Memory Usage (434748K) : memvia_drw has 0 polygons
2026-03-16 02:19:21 +0100: Memory Usage (434876K) : thinfilmres_drw has 0 polygons
2026-03-16 02:19:21 +0100: Memory Usage (434876K) : rfmem_drw has 0 polygons
2026-03-16 02:19:21 +0100: Memory Usage (435004K) : norcx_drw has 0 polygons
2026-03-16 02:19:21 +0100: Memory Usage (435004K) : norcx_m2m3 has 0 polygons
2026-03-16 02:19:21 +0100: Memory Usage (435132K) : norcx_m2m4 has 0 polygons
2026-03-16 02:19:21 +0100: Memory Usage (435260K) : norcx_m2m5 has 0 polygons
2026-03-16 02:19:21 +0100: Memory Usage (435260K) : norcx_m2tm1 has 0 polygons
2026-03-16 02:19:21 +0100: Memory Usage (435260K) : norcx_m2tm2 has 0 polygons
2026-03-16 02:19:21 +0100: Memory Usage (435260K) : norcx_m3m4 has 0 polygons
2026-03-16 02:19:21 +0100: Memory Usage (435260K) : norcx_m3m5 has 0 polygons
2026-03-16 02:19:21 +0100: Memory Usage (435260K) : norcx_m3tm1 has 0 polygons
2026-03-16 02:19:21 +0100: Memory Usage (435260K) : norcx_m3tm2 has 0 polygons
2026-03-16 02:19:21 +0100: Memory Usage (435260K) : norcx_m4m5 has 0 polygons
2026-03-16 02:19:21 +0100: Memory Usage (435260K) : norcx_m4tm1 has 0 polygons
2026-03-16 02:19:21 +0100: Memory Usage (435260K) : norcx_m4tm2 has 0 polygons
2026-03-16 02:19:21 +0100: Memory Usage (435260K) : norcx_m5tm1 has 0 polygons
2026-03-16 02:19:21 +0100: Memory Usage (435260K) : norcx_m5tm2 has 0 polygons
2026-03-16 02:19:21 +0100: Memory Usage (435260K) : norcx_tm1tm2 has 0 polygons
2026-03-16 02:19:21 +0100: Memory Usage (435260K) : norcx_m1sub has 0 polygons
2026-03-16 02:19:21 +0100: Memory Usage (435260K) : norcx_m2sub has 0 polygons
2026-03-16 02:19:21 +0100: Memory Usage (435260K) : norcx_m3sub has 0 polygons
2026-03-16 02:19:21 +0100: Memory Usage (435260K) : norcx_m4sub has 0 polygons
2026-03-16 02:19:21 +0100: Memory Usage (435260K) : norcx_m5sub has 0 polygons
2026-03-16 02:19:21 +0100: Memory Usage (435260K) : norcx_tm1sub has 0 polygons
2026-03-16 02:19:21 +0100: Memory Usage (435260K) : norcx_tm2sub has 0 polygons
2026-03-16 02:19:21 +0100: Memory Usage (435260K) : snsbotvia_drw has 0 polygons
2026-03-16 02:19:21 +0100: Memory Usage (435260K) : snstopvia_drw has 0 polygons
2026-03-16 02:19:21 +0100: Memory Usage (435260K) : deepvia_drw has 0 polygons
2026-03-16 02:19:21 +0100: Memory Usage (435260K) : fgetch_drw has 0 polygons
2026-03-16 02:19:21 +0100: Memory Usage (435260K) : ctrgat_drw has 0 polygons
2026-03-16 02:19:21 +0100: Memory Usage (435260K) : fgimp_drw has 0 polygons
2026-03-16 02:19:21 +0100: Memory Usage (435260K) : emwihv_drw has 0 polygons
2026-03-16 02:19:21 +0100: Memory Usage (435260K) : lbe_drw has 0 polygons
2026-03-16 02:19:21 +0100: Memory Usage (435260K) : alcustop_drw has 0 polygons
2026-03-16 02:19:21 +0100: Memory Usage (435260K) : nometfiller_drw has 0 polygons
2026-03-16 02:19:21 +0100: Memory Usage (435260K) : prboundary_drw has 0 polygons
2026-03-16 02:19:21 +0100: Memory Usage (435260K) : exchange0_drw has 0 polygons
2026-03-16 02:19:21 +0100: Memory Usage (435260K) : exchange0_pin has 0 polygons
2026-03-16 02:19:21 +0100: Memory Usage (435260K) : exchange0_text has 0 polygons
2026-03-16 02:19:21 +0100: Memory Usage (435260K) : exchange1_drw has 0 polygons
2026-03-16 02:19:21 +0100: Memory Usage (435260K) : exchange1_pin has 0 polygons
2026-03-16 02:19:21 +0100: Memory Usage (435260K) : exchange1_text has 0 polygons
2026-03-16 02:19:21 +0100: Memory Usage (435260K) : exchange2_drw has 0 polygons
2026-03-16 02:19:21 +0100: Memory Usage (435260K) : exchange2_pin has 0 polygons
2026-03-16 02:19:21 +0100: Memory Usage (435260K) : exchange2_text has 0 polygons
2026-03-16 02:19:21 +0100: Memory Usage (435260K) : exchange3_drw has 0 polygons
2026-03-16 02:19:21 +0100: Memory Usage (435260K) : exchange3_pin has 0 polygons
2026-03-16 02:19:21 +0100: Memory Usage (435260K) : exchange3_text has 0 polygons
2026-03-16 02:19:21 +0100: Memory Usage (435260K) : exchange4_drw has 0 polygons
2026-03-16 02:19:21 +0100: Memory Usage (435260K) : exchange4_pin has 0 polygons
2026-03-16 02:19:21 +0100: Memory Usage (435260K) : exchange4_text has 0 polygons
2026-03-16 02:19:21 +0100: Memory Usage (435260K) : isonwell_drw has 0 polygons
2026-03-16 02:19:21 +0100: Memory Usage (435260K) : Total no. of polygons in the design is 1163
2026-03-16 02:19:21 +0100: Memory Usage (435260K) : Loaded TECH DRC rules values from /home/cmaier/.ciel/ciel/ihp-sg13g2/versions/c4b8b4e5e7a05f375cca3815d51b3a37721fbf5c/ihp-sg13g2/libs.tech/klayout/python/sg13g2_pycell_lib/sg13g2_tech_mod.json
2026-03-16 02:19:21 +0100: Memory Usage (435260K) : Loaded default DRC rules values from /home/cmaier/.ciel/ciel/ihp-sg13g2/versions/c4b8b4e5e7a05f375cca3815d51b3a37721fbf5c/ihp-sg13g2/libs.tech/klayout/tech/drc/rule_decks/sg13g2_tech_default.json
2026-03-16 02:19:21 +0100: Memory Usage (435260K) : The following rules values were missing in tech json and default values were used:
2026-03-16 02:19:21 +0100: Memory Usage (435260K) :   - Cnt_c_digibnd
2026-03-16 02:19:21 +0100: Memory Usage (436040K) : Total area of the design is 580.5765 um^2.
2026-03-16 02:19:21 +0100: Memory Usage (436040K) : The design dimensions are 22.05 µm * 26.330000000000002 µm.
2026-03-16 02:19:21 +0100: Memory Usage (436040K) : Starting general IHP-SG13G2 derivations.
2026-03-16 02:19:21 +0100: Memory Usage (436040K) : Starting Pwell derivations
2026-03-16 02:19:21 +0100: Memory Usage (437496K) : Starting n-Activ derivations
2026-03-16 02:19:21 +0100: Memory Usage (437496K) : Starting p-Activ derivations
2026-03-16 02:19:21 +0100: Memory Usage (437496K) : Starting ptap derivations
2026-03-16 02:19:21 +0100: Memory Usage (437496K) : Starting ntap derivations
2026-03-16 02:19:21 +0100: Memory Usage (437496K) : Starting pact FET derivations
2026-03-16 02:19:21 +0100: Memory Usage (437496K) : Starting nact FET derivations
2026-03-16 02:19:21 +0100: Memory Usage (437496K) : Starting Gate derivations
2026-03-16 02:19:21 +0100: Memory Usage (437496K) : Starting cont/contbar general derivations
2026-03-16 02:19:21 +0100: Memory Usage (437496K) : Starting pad general derivations
2026-03-16 02:19:21 +0100: Memory Usage (437496K) : Starting IHP-SG13G2 DRC connectivity related derivations.
2026-03-16 02:19:21 +0100: Memory Usage (438136K) : Starting IHP-SG13G2 DRC connectivity setup
2026-03-16 02:19:21 +0100: Memory Usage (438536K) : Starting IHP-SG13G2 DRC rules.
2026-03-16 02:19:21 +0100: Memory Usage (438536K) : Running all FEOL rules
2026-03-16 02:19:21 +0100: Memory Usage (438536K) : Running all BEOL rules
2026-03-16 02:19:21 +0100: Memory Usage (438536K) : Running all PIN rules
2026-03-16 02:19:21 +0100: Memory Usage (438536K) : Running all FORBIDDEN rules
2026-03-16 02:19:21 +0100: Memory Usage (438536K) : Starting 5.1 NWell table
2026-03-16 02:19:21 +0100: Memory Usage (438536K) : Executing rule NW.b
2026-03-16 02:19:21 +0100: Memory Usage (439528K) : Executing rule NW.b1
2026-03-16 02:19:21 +0100: Memory Usage (439784K) : Starting 5.2 PWell:block
2026-03-16 02:19:21 +0100: Memory Usage (439784K) : Executing rule PWB.e
2026-03-16 02:19:21 +0100: Memory Usage (440040K) : Executing rule PWB.e1
2026-03-16 02:19:21 +0100: Memory Usage (440168K) : Executing rule PWB.f
2026-03-16 02:19:21 +0100: Memory Usage (440424K) : Executing rule PWB.f1
2026-03-16 02:19:21 +0100: Memory Usage (441064K) : Starting 5.3 nBuLay table
2026-03-16 02:19:21 +0100: Memory Usage (441192K) : Executing rule NBL.b
2026-03-16 02:19:21 +0100: Memory Usage (441320K) : Executing rule NBL.c
2026-03-16 02:19:21 +0100: Memory Usage (441704K) : Executing rule NBL.d
2026-03-16 02:19:21 +0100: Memory Usage (441704K) : Executing rule NBL.e
2026-03-16 02:19:21 +0100: Memory Usage (441704K) : Executing rule NBL.f
2026-03-16 02:19:21 +0100: Memory Usage (441704K) : Starting 5.5. Activ table
2026-03-16 02:19:21 +0100: Memory Usage (441704K) : Executing rule Act.a
2026-03-16 02:19:21 +0100: Memory Usage (441704K) : Executing rule Act.b
2026-03-16 02:19:21 +0100: Memory Usage (441840K) : Starting 5.6 Activ:filler table
2026-03-16 02:19:21 +0100: Memory Usage (441840K) : Executing rule AFil.c1
2026-03-16 02:19:21 +0100: Memory Usage (441840K) : Executing rule AFil.c
2026-03-16 02:19:21 +0100: Memory Usage (441840K) : Executing rule AFil.d
2026-03-16 02:19:22 +0100: Memory Usage (441840K) : Executing rule AFil.e
2026-03-16 02:19:22 +0100: Memory Usage (441840K) : Executing rule AFil.j
2026-03-16 02:19:22 +0100: Memory Usage (441840K) : Starting 5.7. ThickGateOx table
2026-03-16 02:19:22 +0100: Memory Usage (441840K) : Executing rule TGO.f
2026-03-16 02:19:22 +0100: Memory Usage (441840K) : Starting 5.8. GatPoly table
2026-03-16 02:19:22 +0100: Memory Usage (441840K) : Executing rule Gat.a
2026-03-16 02:19:22 +0100: Memory Usage (441840K) : Executing rule Gat.b
2026-03-16 02:19:22 +0100: Memory Usage (441840K) : Executing rule Gat.d
2026-03-16 02:19:22 +0100: Memory Usage (441840K) : Executing rule Gat.a1
2026-03-16 02:19:22 +0100: Memory Usage (442008K) : Executing rule Gat.a2
2026-03-16 02:19:22 +0100: Memory Usage (442008K) : Executing rule Gat.g
2026-03-16 02:19:22 +0100: Memory Usage (442176K) : Starting 5.9 GatPoly:filler
2026-03-16 02:19:22 +0100: Memory Usage (442176K) : Executing rule GFil.d
2026-03-16 02:19:22 +0100: Memory Usage (442176K) : Executing rule GFil.e
2026-03-16 02:19:22 +0100: Memory Usage (442176K) : Executing rule GFil.i
2026-03-16 02:19:22 +0100: Memory Usage (442176K) : Starting 5.10 pSD table
2026-03-16 02:19:22 +0100: Memory Usage (442176K) : Executing rule pSD.c1
2026-03-16 02:19:22 +0100: Memory Usage (442176K) : Starting 5.14. Cont table
2026-03-16 02:19:22 +0100: Memory Usage (442176K) : Executing rule Cnt.a
2026-03-16 02:19:22 +0100: Memory Usage (442176K) : Executing rule Cnt.b
2026-03-16 02:19:22 +0100: Memory Usage (442176K) : Executing rule Cnt.c
2026-03-16 02:19:22 +0100: Memory Usage (442176K) : Executing rule Cnt.c
2026-03-16 02:19:22 +0100: Memory Usage (442176K) : Executing rule Cnt.d
2026-03-16 02:19:22 +0100: Memory Usage (442176K) : Executing rule Cnt.e
2026-03-16 02:19:22 +0100: Memory Usage (442176K) : Executing rule Cnt.g1
2026-03-16 02:19:22 +0100: Memory Usage (442176K) : Executing rule Cnt.g2
2026-03-16 02:19:22 +0100: Memory Usage (442176K) : Starting 5.15. ContBar table
2026-03-16 02:19:22 +0100: Memory Usage (442176K) : Executing rule CntB.b1
2026-03-16 02:19:22 +0100: Memory Usage (442176K) : Executing rule CntB.h1
2026-03-16 02:19:22 +0100: Memory Usage (442176K) : Starting 6.1.3 NPN Substrate-Tie table
2026-03-16 02:19:22 +0100: Memory Usage (442176K) : Executing rule npn13G2.bR 
2026-03-16 02:19:22 +0100: Memory Usage (442176K) : Executing rule npn13G2L.cR 
2026-03-16 02:19:22 +0100: Memory Usage (442176K) : Executing rule npn13G2V.cR 
2026-03-16 02:19:22 +0100: Memory Usage (442176K) : Starting 6.7 Schottky diode table
2026-03-16 02:19:22 +0100: Memory Usage (442176K) : Executing rule Sdiod.d
2026-03-16 02:19:22 +0100: Memory Usage (442176K) : Executing rule Sdiod.e
2026-03-16 02:19:22 +0100: Memory Usage (442176K) : Starting 7.2 Latch-up table
2026-03-16 02:19:22 +0100: Memory Usage (442176K) : Executing rule LU.b
2026-03-16 02:19:22 +0100: Memory Usage (442176K) : Starting 5.16. Metal1 table
2026-03-16 02:19:22 +0100: Memory Usage (442176K) : Executing rule M1.a
2026-03-16 02:19:22 +0100: Memory Usage (442176K) : Executing rule M1.b
2026-03-16 02:19:22 +0100: Memory Usage (442176K) : Executing rule M1.e
2026-03-16 02:19:22 +0100: Memory Usage (442176K) : Executing rule M1.f
2026-03-16 02:19:22 +0100: Memory Usage (442176K) : Executing rule M1.g
2026-03-16 02:19:22 +0100: Memory Usage (442176K) : Executing rule M1.i
2026-03-16 02:19:22 +0100: Memory Usage (442304K) : Starting 5.17 Metaln table
2026-03-16 02:19:22 +0100: Memory Usage (442304K) : Executing rule M2.a
2026-03-16 02:19:22 +0100: Memory Usage (442304K) : Executing rule M2.b
2026-03-16 02:19:22 +0100: Memory Usage (442304K) : Executing rule M2.e
2026-03-16 02:19:22 +0100: Memory Usage (442304K) : Executing rule M2.f
2026-03-16 02:19:22 +0100: Memory Usage (442304K) : Executing rule M2.g
2026-03-16 02:19:22 +0100: Memory Usage (442304K) : Executing rule M2.i
2026-03-16 02:19:22 +0100: Memory Usage (442304K) : Executing rule M3.a
2026-03-16 02:19:22 +0100: Memory Usage (442304K) : Executing rule M3.b
2026-03-16 02:19:22 +0100: Memory Usage (442304K) : Executing rule M3.e
2026-03-16 02:19:22 +0100: Memory Usage (442304K) : Executing rule M3.f
2026-03-16 02:19:22 +0100: Memory Usage (442304K) : Executing rule M3.g
2026-03-16 02:19:22 +0100: Memory Usage (442304K) : Executing rule M3.i
2026-03-16 02:19:22 +0100: Memory Usage (442304K) : Executing rule M4.a
2026-03-16 02:19:22 +0100: Memory Usage (442304K) : Executing rule M4.b
2026-03-16 02:19:22 +0100: Memory Usage (442304K) : Executing rule M4.e
2026-03-16 02:19:22 +0100: Memory Usage (442304K) : Executing rule M4.f
2026-03-16 02:19:22 +0100: Memory Usage (442304K) : Executing rule M4.g
2026-03-16 02:19:22 +0100: Memory Usage (442304K) : Executing rule M4.i
2026-03-16 02:19:22 +0100: Memory Usage (442304K) : Executing rule M5.a
2026-03-16 02:19:22 +0100: Memory Usage (442304K) : Executing rule M5.b
2026-03-16 02:19:22 +0100: Memory Usage (442432K) : Executing rule M5.e
2026-03-16 02:19:22 +0100: Memory Usage (442688K) : Executing rule M5.f
2026-03-16 02:19:22 +0100: Memory Usage (442944K) : Executing rule M5.g
2026-03-16 02:19:22 +0100: Memory Usage (443328K) : Executing rule M5.i
2026-03-16 02:19:22 +0100: Memory Usage (443712K) : Starting 5.18 Metaln:filler table
2026-03-16 02:19:22 +0100: Memory Usage (443712K) : Executing rule M1Fil.c
2026-03-16 02:19:22 +0100: Memory Usage (443712K) : Executing rule M1Fil.a2
2026-03-16 02:19:22 +0100: Memory Usage (443712K) : Executing rule M2Fil.c
2026-03-16 02:19:22 +0100: Memory Usage (443712K) : Executing rule M2Fil.a2
2026-03-16 02:19:22 +0100: Memory Usage (443712K) : Executing rule M3Fil.c
2026-03-16 02:19:22 +0100: Memory Usage (443712K) : Executing rule M3Fil.a2
2026-03-16 02:19:22 +0100: Memory Usage (443712K) : Executing rule M4Fil.c
2026-03-16 02:19:22 +0100: Memory Usage (443712K) : Executing rule M4Fil.a2
2026-03-16 02:19:22 +0100: Memory Usage (443712K) : Executing rule M5Fil.c
2026-03-16 02:19:22 +0100: Memory Usage (443712K) : Executing rule M5Fil.a2
2026-03-16 02:19:22 +0100: Memory Usage (443712K) : Starting 5.19. Via1 table
2026-03-16 02:19:22 +0100: Memory Usage (443712K) : Starting 5.19. Via1 table derivations
2026-03-16 02:19:22 +0100: Memory Usage (443712K) : Executing rule V1.a
2026-03-16 02:19:22 +0100: Memory Usage (443712K) : Executing rule V1.b
2026-03-16 02:19:22 +0100: Memory Usage (443712K) : Executing rule V1.c
2026-03-16 02:19:22 +0100: Memory Usage (443712K) : Starting 5.20. Vian table
2026-03-16 02:19:22 +0100: Memory Usage (443712K) : Executing rule V2.a
2026-03-16 02:19:22 +0100: Memory Usage (443712K) : Executing rule V2.b
2026-03-16 02:19:22 +0100: Memory Usage (443712K) : Executing rule V2.c
2026-03-16 02:19:22 +0100: Memory Usage (443712K) : Executing rule V3.a
2026-03-16 02:19:22 +0100: Memory Usage (443712K) : Executing rule V3.b
2026-03-16 02:19:22 +0100: Memory Usage (443712K) : Executing rule V3.c
2026-03-16 02:19:22 +0100: Memory Usage (443712K) : Executing rule V4.a
2026-03-16 02:19:22 +0100: Memory Usage (443712K) : Executing rule V4.b
2026-03-16 02:19:22 +0100: Memory Usage (443712K) : Executing rule V4.c
2026-03-16 02:19:22 +0100: Memory Usage (443712K) : Starting 5.21. TopVia1 table
2026-03-16 02:19:22 +0100: Memory Usage (443712K) : Executing rule TV1.a
2026-03-16 02:19:22 +0100: Memory Usage (443712K) : Executing rule TV1.b
2026-03-16 02:19:22 +0100: Memory Usage (443712K) : Executing rule TV1.c
2026-03-16 02:19:22 +0100: Memory Usage (443712K) : Executing rule TV1.d
2026-03-16 02:19:22 +0100: Memory Usage (443712K) : Starting 5.22. TopMetal1 table
2026-03-16 02:19:22 +0100: Memory Usage (443712K) : Executing rule TM1.a
2026-03-16 02:19:22 +0100: Memory Usage (443712K) : Executing rule TM1.b
2026-03-16 02:19:22 +0100: Memory Usage (443712K) : Starting 5.23 TopMetal1:filler table
2026-03-16 02:19:22 +0100: Memory Usage (443712K) : Executing rule TM1Fil.c
2026-03-16 02:19:22 +0100: Memory Usage (443712K) : Executing rule TM1Fil.a1
2026-03-16 02:19:22 +0100: Memory Usage (443712K) : Starting 5.24. TopVia2 table
2026-03-16 02:19:22 +0100: Memory Usage (443712K) : Executing rule TV2.a
2026-03-16 02:19:22 +0100: Memory Usage (443712K) : Executing rule TV2.b
2026-03-16 02:19:22 +0100: Memory Usage (443712K) : Executing rule TV2.c
2026-03-16 02:19:22 +0100: Memory Usage (443712K) : Executing rule TV2.d
2026-03-16 02:19:22 +0100: Memory Usage (443712K) : Starting 5.25. TopMetal2 table
2026-03-16 02:19:22 +0100: Memory Usage (443712K) : Executing rule TM2.a
2026-03-16 02:19:22 +0100: Memory Usage (443712K) : Executing rule TM2.b
2026-03-16 02:19:22 +0100: Memory Usage (443712K) : Executing rule TM2.bR
2026-03-16 02:19:22 +0100: Memory Usage (443712K) : Starting 5.26 TopMetal2:filler table
2026-03-16 02:19:22 +0100: Memory Usage (443712K) : Executing rule TM2Fil.c
2026-03-16 02:19:22 +0100: Memory Usage (443712K) : Executing rule TM2Fil.a1
2026-03-16 02:19:22 +0100: Memory Usage (443712K) : Starting 5.27. Passiv table
2026-03-16 02:19:22 +0100: Memory Usage (443712K) : Executing rule Pas.a
2026-03-16 02:19:22 +0100: Memory Usage (443712K) : Executing rule Pas.b
2026-03-16 02:19:22 +0100: Memory Usage (443712K) : Executing rule Pas.c
2026-03-16 02:19:22 +0100: Memory Usage (443712K) : Starting 6.9.2 Copper Pillar table
2026-03-16 02:19:22 +0100: Memory Usage (443712K) : Executing rule Padc.a
2026-03-16 02:19:22 +0100: Memory Usage (443712K) : Executing rule Padc.b
2026-03-16 02:19:22 +0100: Memory Usage (443712K) : Executing rule Padc.c
2026-03-16 02:19:22 +0100: Memory Usage (443712K) : Executing rule Padb.f
2026-03-16 02:19:22 +0100: Memory Usage (443712K) : Starting 6.9 Pad table
2026-03-16 02:19:22 +0100: Memory Usage (443712K) : Executing rule Pad.m
2026-03-16 02:19:22 +0100: Memory Usage (443712K) : Executing rule Pad.fR_M1
2026-03-16 02:19:22 +0100: Memory Usage (443712K) : Executing rule Pad.fR_M2
2026-03-16 02:19:22 +0100: Memory Usage (443712K) : Executing rule Pad.fR_M3
2026-03-16 02:19:22 +0100: Memory Usage (443712K) : Executing rule Pad.fR_M4
2026-03-16 02:19:22 +0100: Memory Usage (443712K) : Executing rule Pad.fR_M5
2026-03-16 02:19:22 +0100: Memory Usage (443712K) : Executing rule Pad.fR_TM1
2026-03-16 02:19:22 +0100: Memory Usage (443712K) : Executing rule Pad.fR_TM2
2026-03-16 02:19:22 +0100: Memory Usage (443712K) : Executing rule Pad.i
2026-03-16 02:19:22 +0100: Memory Usage (443712K) : Starting 6.9.1 Solder Bump
2026-03-16 02:19:22 +0100: Memory Usage (443712K) : Executing rule Padb.a
2026-03-16 02:19:22 +0100: Memory Usage (443712K) : Executing rule Padb.b
2026-03-16 02:19:22 +0100: Memory Usage (443712K) : Executing rule Padb.c
2026-03-16 02:19:22 +0100: Memory Usage (443712K) : Executing rule Padb.f
2026-03-16 02:19:22 +0100: Memory Usage (443712K) : Executing rule Padb.d
2026-03-16 02:19:22 +0100: Memory Usage (443712K) : Starting 6.10 Sealring table
2026-03-16 02:19:22 +0100: Memory Usage (443712K) : Executing rule Seal.l
2026-03-16 02:19:22 +0100: Memory Usage (443712K) : Executing rule Seal.n
2026-03-16 02:19:22 +0100: Memory Usage (443712K) : Executing rule seal.b_metal1
2026-03-16 02:19:22 +0100: Memory Usage (443712K) : Executing rule seal.b_metal2
2026-03-16 02:19:22 +0100: Memory Usage (443712K) : Executing rule seal.b_metal3
2026-03-16 02:19:22 +0100: Memory Usage (443712K) : Executing rule seal.b_metal4
2026-03-16 02:19:22 +0100: Memory Usage (443712K) : Executing rule seal.b_metal5
2026-03-16 02:19:22 +0100: Memory Usage (443712K) : Executing rule seal.b_topmetal1
2026-03-16 02:19:22 +0100: Memory Usage (443712K) : Executing rule seal.b_topmetal2
2026-03-16 02:19:22 +0100: Memory Usage (443712K) : Executing rule seal.b_activ
2026-03-16 02:19:22 +0100: Memory Usage (443712K) : Executing rule seal.b_psd
2026-03-16 02:19:22 +0100: Memory Usage (443712K) : Executing rule Seal.k
2026-03-16 02:19:22 +0100: Memory Usage (443712K) : Executing rule Seal.m
2026-03-16 02:19:22 +0100: Memory Usage (443712K) : Starting 6.11 MIM table
2026-03-16 02:19:22 +0100: Memory Usage (443712K) : Executing rule MIM.c
2026-03-16 02:19:22 +0100: Memory Usage (443712K) : Executing rule MIM.d
2026-03-16 02:19:22 +0100: Memory Usage (443712K) : Executing rule MIM.gR
2026-03-16 02:19:22 +0100: Memory Usage (443712K) : Starting 7.3 Metal Slits table
2026-03-16 02:19:22 +0100: Memory Usage (443712K) : Executing rule Slt.e1_M1
2026-03-16 02:19:22 +0100: Memory Usage (443712K) : Executing rule Slt.e1_M2
2026-03-16 02:19:22 +0100: Memory Usage (443712K) : Executing rule Slt.e1_M3
2026-03-16 02:19:22 +0100: Memory Usage (443712K) : Executing rule Slt.e1_M4
2026-03-16 02:19:22 +0100: Memory Usage (443712K) : Executing rule Slt.e1_M5
2026-03-16 02:19:22 +0100: Memory Usage (443712K) : Executing rule Slt.e1_TM1
2026-03-16 02:19:22 +0100: Memory Usage (443712K) : Executing rule Slt.e1_TM2
2026-03-16 02:19:22 +0100: Memory Usage (443712K) : Starting 9.1. LBE table
2026-03-16 02:19:22 +0100: Memory Usage (443712K) : Executing rule LBE.a
2026-03-16 02:19:22 +0100: Memory Usage (443712K) : Executing rule LBE.b
2026-03-16 02:19:22 +0100: Memory Usage (443840K) : Executing rule LBE.b1
2026-03-16 02:19:22 +0100: Memory Usage (443840K) : Executing rule LBE.c
2026-03-16 02:19:22 +0100: Memory Usage (443840K) : Executing rule LBE.d
2026-03-16 02:19:22 +0100: Memory Usage (443840K) : Executing rule LBE.h
2026-03-16 02:19:22 +0100: Memory Usage (443840K) : Starting 7.4. PIN table
2026-03-16 02:19:22 +0100: Memory Usage (443840K) : Executing rule Pin.a
2026-03-16 02:19:22 +0100: Memory Usage (443840K) : Executing rule Pin.b
2026-03-16 02:19:22 +0100: Memory Usage (443840K) : Executing rule Pin.e
2026-03-16 02:19:22 +0100: Memory Usage (443840K) : Executing rule Pin.f_M2
2026-03-16 02:19:22 +0100: Memory Usage (443968K) : Executing rule Pin.f_M3
2026-03-16 02:19:22 +0100: Memory Usage (443968K) : Executing rule Pin.f_M4
2026-03-16 02:19:22 +0100: Memory Usage (443968K) : Executing rule Pin.f_M5
2026-03-16 02:19:22 +0100: Memory Usage (443968K) : Executing rule Pin.g
2026-03-16 02:19:22 +0100: Memory Usage (443968K) : Executing rule Pin.h
2026-03-16 02:19:22 +0100: Memory Usage (443968K) : Starting 3.2. FORBIDDEN table
2026-03-16 02:19:22 +0100: Memory Usage (443968K) : Executing rule forbidden.biwind
2026-03-16 02:19:22 +0100: Memory Usage (443968K) : Executing rule forbidden.pemwind
2026-03-16 02:19:22 +0100: Memory Usage (443968K) : Executing rule forbidden.baspoly
2026-03-16 02:19:22 +0100: Memory Usage (444096K) : Executing rule forbidden.deepco
2026-03-16 02:19:22 +0100: Memory Usage (444096K) : Executing rule forbidden.pempoly
2026-03-16 02:19:22 +0100: Memory Usage (444096K) : Executing rule forbidden.empoly
2026-03-16 02:19:22 +0100: Memory Usage (444096K) : Executing rule forbidden.ldmos
2026-03-16 02:19:22 +0100: Memory Usage (444096K) : Executing rule forbidden.pbiwind
2026-03-16 02:19:22 +0100: Memory Usage (444096K) : Executing rule forbidden.nodrc
2026-03-16 02:19:22 +0100: Memory Usage (444096K) : Executing rule forbidden.flash
2026-03-16 02:19:22 +0100: Memory Usage (444096K) : Executing rule forbidden.colwind
2026-03-16 02:19:22 +0100: Memory Usage (444224K) : KLayout DRC run for tables 'main' completed in 1.22 seconds
