# Logfile created on 2026-03-24 22:36:47 +0100 by logger.rb/v1.6.0
2026-03-24 22:36:47 +0100: Memory Usage (421780K) : Starting running IHP-SG13G2 KLayout DRC runset on /home/cmaier/EDA/PUDDING/gds/hvnmirror.gds
2026-03-24 22:36:47 +0100: Memory Usage (421780K) : Ruby Version for klayout: 3.3.10
2026-03-24 22:36:47 +0100: Memory Usage (422972K) : Loading database to memory is complete.
2026-03-24 22:36:47 +0100: Memory Usage (422972K) : IHP-SG13G2 KLayout DRC runset output at: /home/cmaier/EDA/PUDDING/gds/drc_run_hvnmirror/hvnmirror_hvnmirror_main.lyrdb
2026-03-24 22:36:47 +0100: Memory Usage (422972K) : Evaluate switches.
2026-03-24 22:36:47 +0100: Memory Usage (422972K) : tables selected: main
2026-03-24 22:36:47 +0100: Memory Usage (422972K) : KLayout will use 1 thread(s) in tiling mode.
2026-03-24 22:36:47 +0100: Memory Usage (422972K) : deep mode is enabled.
2026-03-24 22:36:47 +0100: Memory Usage (422972K) : FEOL enabled: true
2026-03-24 22:36:47 +0100: Memory Usage (422972K) : BEOL enabled: true
2026-03-24 22:36:47 +0100: Memory Usage (422972K) : OFFGRID enabled: true
2026-03-24 22:36:47 +0100: Memory Usage (422972K) : PIN enabled: true
2026-03-24 22:36:47 +0100: Memory Usage (422972K) : FORBIDDEN enabled: true
2026-03-24 22:36:47 +0100: Memory Usage (422972K) : RECOMMENDED enabled: true
2026-03-24 22:36:47 +0100: Memory Usage (422972K) : PreCheck DRC enabled: false
2026-03-24 22:36:47 +0100: Memory Usage (422972K) : CONNECTIVITY_RULES enabled: true.
2026-03-24 22:36:47 +0100: Memory Usage (422972K) : Read in polygons from layers.
2026-03-24 22:36:47 +0100: Memory Usage (424552K) : activ_drw has 99 polygons
2026-03-24 22:36:47 +0100: Memory Usage (424552K) : activ_pin has 0 polygons
2026-03-24 22:36:47 +0100: Memory Usage (424552K) : activ_mask has 0 polygons
2026-03-24 22:36:47 +0100: Memory Usage (424552K) : activ_filler has 0 polygons
2026-03-24 22:36:47 +0100: Memory Usage (424552K) : activ_nofill has 0 polygons
2026-03-24 22:36:47 +0100: Memory Usage (424552K) : activ_opc has 0 polygons
2026-03-24 22:36:47 +0100: Memory Usage (424552K) : activ_iopc has 0 polygons
2026-03-24 22:36:47 +0100: Memory Usage (424552K) : activ_noqrc has 0 polygons
2026-03-24 22:36:47 +0100: Memory Usage (424552K) : biwind_drw has 0 polygons
2026-03-24 22:36:47 +0100: Memory Usage (424552K) : biwind_opc has 0 polygons
2026-03-24 22:36:47 +0100: Memory Usage (424552K) : pemwind_drw has 0 polygons
2026-03-24 22:36:47 +0100: Memory Usage (424552K) : gatpoly_drw has 34 polygons
2026-03-24 22:36:47 +0100: Memory Usage (424552K) : gatpoly_pin has 32 polygons
2026-03-24 22:36:47 +0100: Memory Usage (424552K) : gatpoly_filler has 0 polygons
2026-03-24 22:36:47 +0100: Memory Usage (424552K) : gatpoly_nofill has 0 polygons
2026-03-24 22:36:47 +0100: Memory Usage (424552K) : gatpoly_opc has 0 polygons
2026-03-24 22:36:47 +0100: Memory Usage (424552K) : gatpoly_iopc has 0 polygons
2026-03-24 22:36:47 +0100: Memory Usage (424552K) : gatpoly_noqrc has 0 polygons
2026-03-24 22:36:47 +0100: Memory Usage (424552K) : cont_drw has 846 polygons
2026-03-24 22:36:47 +0100: Memory Usage (424552K) : cont_opc has 0 polygons
2026-03-24 22:36:47 +0100: Memory Usage (424552K) : nsd_drw has 0 polygons
2026-03-24 22:36:47 +0100: Memory Usage (424552K) : nsd_block has 0 polygons
2026-03-24 22:36:47 +0100: Memory Usage (424552K) : metal1_drw has 83 polygons
2026-03-24 22:36:47 +0100: Memory Usage (424680K) : metal1_pin has 74 polygons
2026-03-24 22:36:47 +0100: Memory Usage (424680K) : metal1_mask has 0 polygons
2026-03-24 22:36:47 +0100: Memory Usage (424680K) : metal1_filler has 0 polygons
2026-03-24 22:36:47 +0100: Memory Usage (424808K) : metal1_nofill has 0 polygons
2026-03-24 22:36:47 +0100: Memory Usage (424808K) : metal1_slit has 0 polygons
2026-03-24 22:36:47 +0100: Memory Usage (425064K) : metal1_text has 10 polygons
2026-03-24 22:36:47 +0100: Memory Usage (425064K) : metal1_opc has 0 polygons
2026-03-24 22:36:47 +0100: Memory Usage (425320K) : metal1_noqrc has 0 polygons
2026-03-24 22:36:47 +0100: Memory Usage (425320K) : metal1_res has 0 polygons
2026-03-24 22:36:47 +0100: Memory Usage (425320K) : metal1_iprobe has 0 polygons
2026-03-24 22:36:47 +0100: Memory Usage (425320K) : metal1_diffprb has 0 polygons
2026-03-24 22:36:47 +0100: Memory Usage (425320K) : passiv_drw has 0 polygons
2026-03-24 22:36:47 +0100: Memory Usage (425320K) : passiv_pin has 0 polygons
2026-03-24 22:36:47 +0100: Memory Usage (425448K) : passiv_sbump has 0 polygons
2026-03-24 22:36:47 +0100: Memory Usage (425448K) : passiv_pillar has 0 polygons
2026-03-24 22:36:47 +0100: Memory Usage (425448K) : passiv_pdl has 0 polygons
2026-03-24 22:36:47 +0100: Memory Usage (425576K) : metal2_drw has 0 polygons
2026-03-24 22:36:47 +0100: Memory Usage (425576K) : metal2_pin has 0 polygons
2026-03-24 22:36:47 +0100: Memory Usage (425704K) : metal2_mask has 0 polygons
2026-03-24 22:36:47 +0100: Memory Usage (425704K) : metal2_filler has 0 polygons
2026-03-24 22:36:47 +0100: Memory Usage (425832K) : metal2_nofill has 0 polygons
2026-03-24 22:36:47 +0100: Memory Usage (425832K) : metal2_slit has 0 polygons
2026-03-24 22:36:47 +0100: Memory Usage (425960K) : metal2_text has 0 polygons
2026-03-24 22:36:47 +0100: Memory Usage (425960K) : metal2_opc has 0 polygons
2026-03-24 22:36:47 +0100: Memory Usage (426088K) : metal2_noqrc has 0 polygons
2026-03-24 22:36:47 +0100: Memory Usage (426088K) : metal2_res has 0 polygons
2026-03-24 22:36:47 +0100: Memory Usage (426216K) : metal2_iprobe has 0 polygons
2026-03-24 22:36:47 +0100: Memory Usage (426216K) : metal2_diffprb has 0 polygons
2026-03-24 22:36:47 +0100: Memory Usage (426216K) : baspoly_drw has 0 polygons
2026-03-24 22:36:47 +0100: Memory Usage (426216K) : baspoly_pin has 0 polygons
2026-03-24 22:36:47 +0100: Memory Usage (426216K) : psd_drw has 3 polygons
2026-03-24 22:36:47 +0100: Memory Usage (426216K) : nldb_drw has 0 polygons
2026-03-24 22:36:47 +0100: Memory Usage (426216K) : digibnd_drw has 0 polygons
2026-03-24 22:36:47 +0100: Memory Usage (426216K) : via1_drw has 0 polygons
2026-03-24 22:36:47 +0100: Memory Usage (426344K) : backmetal1_drw has 0 polygons
2026-03-24 22:36:47 +0100: Memory Usage (426344K) : backmetal1_pin has 0 polygons
2026-03-24 22:36:47 +0100: Memory Usage (426472K) : backmetal1_mask has 0 polygons
2026-03-24 22:36:47 +0100: Memory Usage (426472K) : backmetal1_filler has 0 polygons
2026-03-24 22:36:47 +0100: Memory Usage (426600K) : backmetal1_nofill has 0 polygons
2026-03-24 22:36:47 +0100: Memory Usage (426600K) : backmetal1_slit has 0 polygons
2026-03-24 22:36:47 +0100: Memory Usage (426728K) : backmetal1_text has 0 polygons
2026-03-24 22:36:47 +0100: Memory Usage (426728K) : backmetal1_opc has 0 polygons
2026-03-24 22:36:47 +0100: Memory Usage (426856K) : backmetal1_noqrc has 0 polygons
2026-03-24 22:36:47 +0100: Memory Usage (426856K) : backmetal1_res has 0 polygons
2026-03-24 22:36:47 +0100: Memory Usage (426984K) : backmetal1_iprobe has 0 polygons
2026-03-24 22:36:47 +0100: Memory Usage (426984K) : backmetal1_diffprb has 0 polygons
2026-03-24 22:36:47 +0100: Memory Usage (427112K) : backpassiv_drw has 0 polygons
2026-03-24 22:36:47 +0100: Memory Usage (427112K) : res_drw has 0 polygons
2026-03-24 22:36:47 +0100: Memory Usage (427240K) : sram_drw has 0 polygons
2026-03-24 22:36:47 +0100: Memory Usage (427240K) : trans_drw has 0 polygons
2026-03-24 22:36:47 +0100: Memory Usage (427368K) : ind_drw has 0 polygons
2026-03-24 22:36:47 +0100: Memory Usage (427368K) : ind_pin has 0 polygons
2026-03-24 22:36:47 +0100: Memory Usage (427496K) : ind_text has 0 polygons
2026-03-24 22:36:47 +0100: Memory Usage (427496K) : salblock_drw has 0 polygons
2026-03-24 22:36:47 +0100: Memory Usage (427624K) : via2_drw has 0 polygons
2026-03-24 22:36:47 +0100: Memory Usage (427624K) : metal3_drw has 0 polygons
2026-03-24 22:36:47 +0100: Memory Usage (427752K) : metal3_pin has 0 polygons
2026-03-24 22:36:47 +0100: Memory Usage (427752K) : metal3_mask has 0 polygons
2026-03-24 22:36:47 +0100: Memory Usage (427880K) : metal3_filler has 0 polygons
2026-03-24 22:36:47 +0100: Memory Usage (427880K) : metal3_nofill has 0 polygons
2026-03-24 22:36:47 +0100: Memory Usage (428008K) : metal3_slit has 0 polygons
2026-03-24 22:36:47 +0100: Memory Usage (428008K) : metal3_text has 0 polygons
2026-03-24 22:36:47 +0100: Memory Usage (428008K) : metal3_opc has 0 polygons
2026-03-24 22:36:47 +0100: Memory Usage (428136K) : metal3_noqrc has 0 polygons
2026-03-24 22:36:47 +0100: Memory Usage (428136K) : metal3_res has 0 polygons
2026-03-24 22:36:47 +0100: Memory Usage (428264K) : metal3_iprobe has 0 polygons
2026-03-24 22:36:47 +0100: Memory Usage (428264K) : metal3_diffprb has 0 polygons
2026-03-24 22:36:47 +0100: Memory Usage (428648K) : nwell_drw has 0 polygons
2026-03-24 22:36:47 +0100: Memory Usage (428648K) : nwell_pin has 0 polygons
2026-03-24 22:36:47 +0100: Memory Usage (428776K) : nbulay_drw has 0 polygons
2026-03-24 22:36:47 +0100: Memory Usage (428776K) : nbulay_pin has 0 polygons
2026-03-24 22:36:47 +0100: Memory Usage (428776K) : nbulay_block has 0 polygons
2026-03-24 22:36:47 +0100: Memory Usage (428776K) : emwind_drw has 0 polygons
2026-03-24 22:36:47 +0100: Memory Usage (428776K) : emwind_opc has 0 polygons
2026-03-24 22:36:47 +0100: Memory Usage (428776K) : deepco_drw has 0 polygons
2026-03-24 22:36:47 +0100: Memory Usage (428776K) : deepco_drw has 0 polygons
2026-03-24 22:36:47 +0100: Memory Usage (428904K) : mim_drw has 0 polygons
2026-03-24 22:36:47 +0100: Memory Usage (428904K) : edgeseal_drw has 0 polygons
2026-03-24 22:36:47 +0100: Memory Usage (429032K) : edgeseal_bound has 0 polygons
2026-03-24 22:36:47 +0100: Memory Usage (429032K) : substrate_drw has 0 polygons
2026-03-24 22:36:47 +0100: Memory Usage (429160K) : substrate_text has 0 polygons
2026-03-24 22:36:47 +0100: Memory Usage (429160K) : dfpad_drw has 0 polygons
2026-03-24 22:36:47 +0100: Memory Usage (429288K) : dfpad_pillar has 0 polygons
2026-03-24 22:36:47 +0100: Memory Usage (429288K) : dfpad_sbump has 0 polygons
2026-03-24 22:36:47 +0100: Memory Usage (429416K) : thickgateox_drw has 32 polygons
2026-03-24 22:36:47 +0100: Memory Usage (429416K) : pldb_drw has 0 polygons
2026-03-24 22:36:47 +0100: Memory Usage (429544K) : pwell_drw has 0 polygons
2026-03-24 22:36:47 +0100: Memory Usage (429544K) : pwell_pin has 0 polygons
2026-03-24 22:36:47 +0100: Memory Usage (429672K) : pwell_block has 0 polygons
2026-03-24 22:36:47 +0100: Memory Usage (429672K) : ic_drw has 0 polygons
2026-03-24 22:36:47 +0100: Memory Usage (429800K) : via3_drw has 0 polygons
2026-03-24 22:36:47 +0100: Memory Usage (429800K) : metal4_drw has 0 polygons
2026-03-24 22:36:47 +0100: Memory Usage (429928K) : metal4_pin has 0 polygons
2026-03-24 22:36:47 +0100: Memory Usage (429928K) : metal4_mask has 0 polygons
2026-03-24 22:36:47 +0100: Memory Usage (430056K) : metal4_filler has 0 polygons
2026-03-24 22:36:47 +0100: Memory Usage (430056K) : metal4_nofill has 0 polygons
2026-03-24 22:36:47 +0100: Memory Usage (430184K) : metal4_slit has 0 polygons
2026-03-24 22:36:47 +0100: Memory Usage (430184K) : metal4_text has 0 polygons
2026-03-24 22:36:47 +0100: Memory Usage (430312K) : metal4_opc has 0 polygons
2026-03-24 22:36:47 +0100: Memory Usage (430312K) : metal4_noqrc has 0 polygons
2026-03-24 22:36:47 +0100: Memory Usage (430440K) : metal4_res has 0 polygons
2026-03-24 22:36:47 +0100: Memory Usage (430440K) : metal4_iprobe has 0 polygons
2026-03-24 22:36:47 +0100: Memory Usage (430568K) : metal4_diffprb has 0 polygons
2026-03-24 22:36:47 +0100: Memory Usage (430568K) : heattrans_drw has 32 polygons
2026-03-24 22:36:47 +0100: Memory Usage (430696K) : heatres_drw has 0 polygons
2026-03-24 22:36:47 +0100: Memory Usage (430696K) : pempoly_drw has 0 polygons
2026-03-24 22:36:47 +0100: Memory Usage (430824K) : fbe_drw has 0 polygons
2026-03-24 22:36:47 +0100: Memory Usage (430824K) : empoly_drw has 0 polygons
2026-03-24 22:36:47 +0100: Memory Usage (430952K) : ldmos_drw has 0 polygons
2026-03-24 22:36:47 +0100: Memory Usage (430952K) : pbiwind_drw has 0 polygons
2026-03-24 22:36:47 +0100: Memory Usage (431080K) : digisub_drw has 0 polygons
2026-03-24 22:36:47 +0100: Memory Usage (431080K) : nodrc_drw has 0 polygons
2026-03-24 22:36:47 +0100: Memory Usage (431208K) : text_drw has 32 polygons
2026-03-24 22:36:47 +0100: Memory Usage (431208K) : via4_drw has 0 polygons
2026-03-24 22:36:47 +0100: Memory Usage (431336K) : metal5_drw has 0 polygons
2026-03-24 22:36:47 +0100: Memory Usage (431336K) : metal5_pin has 0 polygons
2026-03-24 22:36:47 +0100: Memory Usage (431464K) : metal5_mask has 0 polygons
2026-03-24 22:36:47 +0100: Memory Usage (431464K) : metal5_filler has 0 polygons
2026-03-24 22:36:47 +0100: Memory Usage (431592K) : metal5_nofill has 0 polygons
2026-03-24 22:36:47 +0100: Memory Usage (431592K) : metal5_slit has 0 polygons
2026-03-24 22:36:47 +0100: Memory Usage (431720K) : metal5_text has 0 polygons
2026-03-24 22:36:47 +0100: Memory Usage (431720K) : metal5_opc has 0 polygons
2026-03-24 22:36:47 +0100: Memory Usage (431848K) : metal5_noqrc has 0 polygons
2026-03-24 22:36:47 +0100: Memory Usage (431848K) : metal5_res has 0 polygons
2026-03-24 22:36:47 +0100: Memory Usage (431976K) : metal5_iprobe has 0 polygons
2026-03-24 22:36:47 +0100: Memory Usage (431976K) : metal5_diffprb has 0 polygons
2026-03-24 22:36:47 +0100: Memory Usage (432104K) : radhard_drw has 0 polygons
2026-03-24 22:36:47 +0100: Memory Usage (432104K) : memcap_drw has 0 polygons
2026-03-24 22:36:47 +0100: Memory Usage (432232K) : varicap_drw has 0 polygons
2026-03-24 22:36:47 +0100: Memory Usage (432232K) : flash_drw has 0 polygons
2026-03-24 22:36:47 +0100: Memory Usage (432360K) : intbondvia_drw has 0 polygons
2026-03-24 22:36:47 +0100: Memory Usage (432488K) : intbondmet_drw has 0 polygons
2026-03-24 22:36:47 +0100: Memory Usage (432488K) : devbondvia_drw has 0 polygons
2026-03-24 22:36:47 +0100: Memory Usage (432488K) : devbondmet_drw has 0 polygons
2026-03-24 22:36:47 +0100: Memory Usage (432488K) : devtrench_drw has 0 polygons
2026-03-24 22:36:47 +0100: Memory Usage (432488K) : redist_drw has 0 polygons
2026-03-24 22:36:47 +0100: Memory Usage (432488K) : graphbot_drw has 0 polygons
2026-03-24 22:36:47 +0100: Memory Usage (432488K) : graphtop_drw has 0 polygons
2026-03-24 22:36:47 +0100: Memory Usage (432488K) : antvia1_drw has 0 polygons
2026-03-24 22:36:47 +0100: Memory Usage (432488K) : antmetal2_drw has 0 polygons
2026-03-24 22:36:47 +0100: Memory Usage (432488K) : graphcont_drw has 0 polygons
2026-03-24 22:36:47 +0100: Memory Usage (432488K) : siwg_drw has 0 polygons
2026-03-24 22:36:47 +0100: Memory Usage (432488K) : siwg_filler has 0 polygons
2026-03-24 22:36:47 +0100: Memory Usage (432488K) : siwg_nofill has 0 polygons
2026-03-24 22:36:47 +0100: Memory Usage (432488K) : sigrating_drw has 0 polygons
2026-03-24 22:36:47 +0100: Memory Usage (432488K) : singrating_drw has 0 polygons
2026-03-24 22:36:47 +0100: Memory Usage (432488K) : graphpas_drw has 0 polygons
2026-03-24 22:36:47 +0100: Memory Usage (432488K) : emwind3_drw has 0 polygons
2026-03-24 22:36:47 +0100: Memory Usage (432488K) : emwihv3_drw has 0 polygons
2026-03-24 22:36:47 +0100: Memory Usage (432488K) : redbulay_drw has 0 polygons
2026-03-24 22:36:47 +0100: Memory Usage (432488K) : smos_drw has 0 polygons
2026-03-24 22:36:47 +0100: Memory Usage (432488K) : graphpad_drw has 0 polygons
2026-03-24 22:36:47 +0100: Memory Usage (432488K) : polimide_drw has 0 polygons
2026-03-24 22:36:47 +0100: Memory Usage (432488K) : polimide_pin has 0 polygons
2026-03-24 22:36:47 +0100: Memory Usage (432488K) : recog_drw has 0 polygons
2026-03-24 22:36:47 +0100: Memory Usage (432488K) : recog_pin has 0 polygons
2026-03-24 22:36:47 +0100: Memory Usage (432488K) : recog_esd has 0 polygons
2026-03-24 22:36:47 +0100: Memory Usage (432488K) : recog_diode has 0 polygons
2026-03-24 22:36:47 +0100: Memory Usage (432488K) : recog_tsv has 0 polygons
2026-03-24 22:36:47 +0100: Memory Usage (432488K) : recog_iprobe has 0 polygons
2026-03-24 22:36:47 +0100: Memory Usage (432488K) : recog_diffprb has 0 polygons
2026-03-24 22:36:47 +0100: Memory Usage (432488K) : recog_pillar has 0 polygons
2026-03-24 22:36:47 +0100: Memory Usage (432488K) : recog_sbump has 0 polygons
2026-03-24 22:36:47 +0100: Memory Usage (432488K) : recog_otp has 0 polygons
2026-03-24 22:36:47 +0100: Memory Usage (432488K) : recog_pdiode has 0 polygons
2026-03-24 22:36:47 +0100: Memory Usage (432488K) : recog_mom has 0 polygons
2026-03-24 22:36:47 +0100: Memory Usage (432488K) : recog_pcm has 0 polygons
2026-03-24 22:36:47 +0100: Memory Usage (432488K) : colopen_drw has 0 polygons
2026-03-24 22:36:47 +0100: Memory Usage (432488K) : graphmetal1_drw has 0 polygons
2026-03-24 22:36:47 +0100: Memory Usage (432488K) : graphmetal1_filler has 0 polygons
2026-03-24 22:36:47 +0100: Memory Usage (432488K) : graphmetal1_nofill has 0 polygons
2026-03-24 22:36:47 +0100: Memory Usage (432488K) : graphmetal1_slit has 0 polygons
2026-03-24 22:36:47 +0100: Memory Usage (432488K) : graphmetal1_opc has 0 polygons
2026-03-24 22:36:47 +0100: Memory Usage (432488K) : graphmet1l_drw has 0 polygons
2026-03-24 22:36:47 +0100: Memory Usage (432488K) : graphmet1l_filler has 0 polygons
2026-03-24 22:36:47 +0100: Memory Usage (432488K) : graphmet1l_nofill has 0 polygons
2026-03-24 22:36:47 +0100: Memory Usage (432488K) : graphmet1l_slit has 0 polygons
2026-03-24 22:36:47 +0100: Memory Usage (432488K) : graphmet1l_opc has 0 polygons
2026-03-24 22:36:47 +0100: Memory Usage (432488K) : extblock_drw has 0 polygons
2026-03-24 22:36:47 +0100: Memory Usage (432488K) : nldd_drw has 0 polygons
2026-03-24 22:36:47 +0100: Memory Usage (432488K) : pldd_drw has 0 polygons
2026-03-24 22:36:47 +0100: Memory Usage (432488K) : next_drw has 0 polygons
2026-03-24 22:36:47 +0100: Memory Usage (432488K) : pext_drw has 0 polygons
2026-03-24 22:36:47 +0100: Memory Usage (432488K) : nexthv_drw has 0 polygons
2026-03-24 22:36:47 +0100: Memory Usage (432488K) : pexthv_drw has 0 polygons
2026-03-24 22:36:47 +0100: Memory Usage (432488K) : graphgate_drw has 0 polygons
2026-03-24 22:36:47 +0100: Memory Usage (432488K) : sinwg_drw has 0 polygons
2026-03-24 22:36:47 +0100: Memory Usage (432488K) : sinwg_filler has 0 polygons
2026-03-24 22:36:47 +0100: Memory Usage (432488K) : sinwg_nofill has 0 polygons
2026-03-24 22:36:47 +0100: Memory Usage (432616K) : mempad_drw has 0 polygons
2026-03-24 22:36:47 +0100: Memory Usage (432616K) : topvia1_drw has 0 polygons
2026-03-24 22:36:47 +0100: Memory Usage (432744K) : topmetal1_drw has 0 polygons
2026-03-24 22:36:47 +0100: Memory Usage (432744K) : topmetal1_pin has 0 polygons
2026-03-24 22:36:47 +0100: Memory Usage (432872K) : topmetal1_mask has 0 polygons
2026-03-24 22:36:47 +0100: Memory Usage (432872K) : topmetal1_filler has 0 polygons
2026-03-24 22:36:48 +0100: Memory Usage (433000K) : topmetal1_nofill has 0 polygons
2026-03-24 22:36:48 +0100: Memory Usage (433000K) : topmetal1_slit has 0 polygons
2026-03-24 22:36:48 +0100: Memory Usage (433128K) : topmetal1_text has 0 polygons
2026-03-24 22:36:48 +0100: Memory Usage (433128K) : topmetal1_noqrc has 0 polygons
2026-03-24 22:36:48 +0100: Memory Usage (433256K) : topmetal1_res has 0 polygons
2026-03-24 22:36:48 +0100: Memory Usage (433256K) : topmetal1_iprobe has 0 polygons
2026-03-24 22:36:48 +0100: Memory Usage (433384K) : topmetal1_diffprb has 0 polygons
2026-03-24 22:36:48 +0100: Memory Usage (433384K) : inldpwl_drw has 0 polygons
2026-03-24 22:36:48 +0100: Memory Usage (433512K) : polyres_drw has 0 polygons
2026-03-24 22:36:48 +0100: Memory Usage (433512K) : polyres_pin has 0 polygons
2026-03-24 22:36:48 +0100: Memory Usage (433640K) : vmim_drw has 0 polygons
2026-03-24 22:36:48 +0100: Memory Usage (433640K) : nbulaycut_drw has 0 polygons
2026-03-24 22:36:48 +0100: Memory Usage (433768K) : antmetal1_drw has 0 polygons
2026-03-24 22:36:48 +0100: Memory Usage (433768K) : topvia2_drw has 0 polygons
2026-03-24 22:36:48 +0100: Memory Usage (433896K) : topmetal2_drw has 0 polygons
2026-03-24 22:36:48 +0100: Memory Usage (433896K) : topmetal2_pin has 0 polygons
2026-03-24 22:36:48 +0100: Memory Usage (434024K) : topmetal2_mask has 0 polygons
2026-03-24 22:36:48 +0100: Memory Usage (434024K) : topmetal2_filler has 0 polygons
2026-03-24 22:36:48 +0100: Memory Usage (434152K) : topmetal2_nofill has 0 polygons
2026-03-24 22:36:48 +0100: Memory Usage (434152K) : topmetal2_slit has 0 polygons
2026-03-24 22:36:48 +0100: Memory Usage (434280K) : topmetal2_text has 0 polygons
2026-03-24 22:36:48 +0100: Memory Usage (434280K) : topmetal2_noqrc has 0 polygons
2026-03-24 22:36:48 +0100: Memory Usage (434408K) : topmetal2_res has 0 polygons
2026-03-24 22:36:48 +0100: Memory Usage (434408K) : topmetal2_iprobe has 0 polygons
2026-03-24 22:36:48 +0100: Memory Usage (434536K) : topmetal2_diffprb has 0 polygons
2026-03-24 22:36:48 +0100: Memory Usage (434536K) : snsring_drw has 0 polygons
2026-03-24 22:36:48 +0100: Memory Usage (434664K) : sensor_drw has 0 polygons
2026-03-24 22:36:48 +0100: Memory Usage (434664K) : snsarms_drw has 0 polygons
2026-03-24 22:36:48 +0100: Memory Usage (434792K) : snscmosvia_drw has 0 polygons
2026-03-24 22:36:48 +0100: Memory Usage (434792K) : colwind_drw has 0 polygons
2026-03-24 22:36:48 +0100: Memory Usage (434920K) : flm_drw has 0 polygons
2026-03-24 22:36:48 +0100: Memory Usage (434920K) : hafniumox_drw has 0 polygons
2026-03-24 22:36:48 +0100: Memory Usage (435048K) : memvia_drw has 0 polygons
2026-03-24 22:36:48 +0100: Memory Usage (435048K) : thinfilmres_drw has 0 polygons
2026-03-24 22:36:48 +0100: Memory Usage (435176K) : rfmem_drw has 0 polygons
2026-03-24 22:36:48 +0100: Memory Usage (435176K) : norcx_drw has 0 polygons
2026-03-24 22:36:48 +0100: Memory Usage (435304K) : norcx_m2m3 has 0 polygons
2026-03-24 22:36:48 +0100: Memory Usage (435304K) : norcx_m2m4 has 0 polygons
2026-03-24 22:36:48 +0100: Memory Usage (435432K) : norcx_m2m5 has 0 polygons
2026-03-24 22:36:48 +0100: Memory Usage (435560K) : norcx_m2tm1 has 0 polygons
2026-03-24 22:36:48 +0100: Memory Usage (435560K) : norcx_m2tm2 has 0 polygons
2026-03-24 22:36:48 +0100: Memory Usage (435560K) : norcx_m3m4 has 0 polygons
2026-03-24 22:36:48 +0100: Memory Usage (435560K) : norcx_m3m5 has 0 polygons
2026-03-24 22:36:48 +0100: Memory Usage (435560K) : norcx_m3tm1 has 0 polygons
2026-03-24 22:36:48 +0100: Memory Usage (435560K) : norcx_m3tm2 has 0 polygons
2026-03-24 22:36:48 +0100: Memory Usage (435560K) : norcx_m4m5 has 0 polygons
2026-03-24 22:36:48 +0100: Memory Usage (435560K) : norcx_m4tm1 has 0 polygons
2026-03-24 22:36:48 +0100: Memory Usage (435560K) : norcx_m4tm2 has 0 polygons
2026-03-24 22:36:48 +0100: Memory Usage (435560K) : norcx_m5tm1 has 0 polygons
2026-03-24 22:36:48 +0100: Memory Usage (435560K) : norcx_m5tm2 has 0 polygons
2026-03-24 22:36:48 +0100: Memory Usage (435560K) : norcx_tm1tm2 has 0 polygons
2026-03-24 22:36:48 +0100: Memory Usage (435560K) : norcx_m1sub has 0 polygons
2026-03-24 22:36:48 +0100: Memory Usage (435560K) : norcx_m2sub has 0 polygons
2026-03-24 22:36:48 +0100: Memory Usage (435560K) : norcx_m3sub has 0 polygons
2026-03-24 22:36:48 +0100: Memory Usage (435560K) : norcx_m4sub has 0 polygons
2026-03-24 22:36:48 +0100: Memory Usage (435560K) : norcx_m5sub has 0 polygons
2026-03-24 22:36:48 +0100: Memory Usage (435560K) : norcx_tm1sub has 0 polygons
2026-03-24 22:36:48 +0100: Memory Usage (435560K) : norcx_tm2sub has 0 polygons
2026-03-24 22:36:48 +0100: Memory Usage (435560K) : snsbotvia_drw has 0 polygons
2026-03-24 22:36:48 +0100: Memory Usage (435560K) : snstopvia_drw has 0 polygons
2026-03-24 22:36:48 +0100: Memory Usage (435560K) : deepvia_drw has 0 polygons
2026-03-24 22:36:48 +0100: Memory Usage (435560K) : fgetch_drw has 0 polygons
2026-03-24 22:36:48 +0100: Memory Usage (435560K) : ctrgat_drw has 0 polygons
2026-03-24 22:36:48 +0100: Memory Usage (435560K) : fgimp_drw has 0 polygons
2026-03-24 22:36:48 +0100: Memory Usage (435560K) : emwihv_drw has 0 polygons
2026-03-24 22:36:48 +0100: Memory Usage (435560K) : lbe_drw has 0 polygons
2026-03-24 22:36:48 +0100: Memory Usage (435560K) : alcustop_drw has 0 polygons
2026-03-24 22:36:48 +0100: Memory Usage (435560K) : nometfiller_drw has 0 polygons
2026-03-24 22:36:48 +0100: Memory Usage (435560K) : prboundary_drw has 0 polygons
2026-03-24 22:36:48 +0100: Memory Usage (435560K) : exchange0_drw has 0 polygons
2026-03-24 22:36:48 +0100: Memory Usage (435560K) : exchange0_pin has 0 polygons
2026-03-24 22:36:48 +0100: Memory Usage (435560K) : exchange0_text has 0 polygons
2026-03-24 22:36:48 +0100: Memory Usage (435560K) : exchange1_drw has 0 polygons
2026-03-24 22:36:48 +0100: Memory Usage (435560K) : exchange1_pin has 0 polygons
2026-03-24 22:36:48 +0100: Memory Usage (435560K) : exchange1_text has 0 polygons
2026-03-24 22:36:48 +0100: Memory Usage (435560K) : exchange2_drw has 0 polygons
2026-03-24 22:36:48 +0100: Memory Usage (435560K) : exchange2_pin has 0 polygons
2026-03-24 22:36:48 +0100: Memory Usage (435560K) : exchange2_text has 0 polygons
2026-03-24 22:36:48 +0100: Memory Usage (435560K) : exchange3_drw has 0 polygons
2026-03-24 22:36:48 +0100: Memory Usage (435560K) : exchange3_pin has 0 polygons
2026-03-24 22:36:48 +0100: Memory Usage (435560K) : exchange3_text has 0 polygons
2026-03-24 22:36:48 +0100: Memory Usage (435560K) : exchange4_drw has 0 polygons
2026-03-24 22:36:48 +0100: Memory Usage (435560K) : exchange4_pin has 0 polygons
2026-03-24 22:36:48 +0100: Memory Usage (435560K) : exchange4_text has 0 polygons
2026-03-24 22:36:48 +0100: Memory Usage (435560K) : isonwell_drw has 0 polygons
2026-03-24 22:36:48 +0100: Memory Usage (435560K) : Total no. of polygons in the design is 1277
2026-03-24 22:36:48 +0100: Memory Usage (435560K) : Loaded TECH DRC rules values from /home/cmaier/.ciel/ciel/ihp-sg13g2/versions/c4b8b4e5e7a05f375cca3815d51b3a37721fbf5c/ihp-sg13g2/libs.tech/klayout/python/sg13g2_pycell_lib/sg13g2_tech_mod.json
2026-03-24 22:36:48 +0100: Memory Usage (435560K) : Loaded default DRC rules values from /home/cmaier/.ciel/ciel/ihp-sg13g2/versions/c4b8b4e5e7a05f375cca3815d51b3a37721fbf5c/ihp-sg13g2/libs.tech/klayout/tech/drc/rule_decks/sg13g2_tech_default.json
2026-03-24 22:36:48 +0100: Memory Usage (435560K) : The following rules values were missing in tech json and default values were used:
2026-03-24 22:36:48 +0100: Memory Usage (435560K) :   - Cnt_c_digibnd
2026-03-24 22:36:48 +0100: Memory Usage (436376K) : Total area of the design is 718.408 um^2.
2026-03-24 22:36:48 +0100: Memory Usage (436376K) : The design dimensions are 40.36 µm * 17.8 µm.
2026-03-24 22:36:48 +0100: Memory Usage (436376K) : Starting general IHP-SG13G2 derivations.
2026-03-24 22:36:48 +0100: Memory Usage (436376K) : Starting Pwell derivations
2026-03-24 22:36:48 +0100: Memory Usage (436376K) : Starting n-Activ derivations
2026-03-24 22:36:48 +0100: Memory Usage (437504K) : Starting p-Activ derivations
2026-03-24 22:36:48 +0100: Memory Usage (437504K) : Starting ptap derivations
2026-03-24 22:36:48 +0100: Memory Usage (437504K) : Starting ntap derivations
2026-03-24 22:36:48 +0100: Memory Usage (437504K) : Starting pact FET derivations
2026-03-24 22:36:48 +0100: Memory Usage (437504K) : Starting nact FET derivations
2026-03-24 22:36:48 +0100: Memory Usage (437504K) : Starting Gate derivations
2026-03-24 22:36:48 +0100: Memory Usage (437504K) : Starting cont/contbar general derivations
2026-03-24 22:36:48 +0100: Memory Usage (437504K) : Starting pad general derivations
2026-03-24 22:36:48 +0100: Memory Usage (437504K) : Starting IHP-SG13G2 DRC connectivity related derivations.
2026-03-24 22:36:48 +0100: Memory Usage (438144K) : Starting IHP-SG13G2 DRC connectivity setup
2026-03-24 22:36:48 +0100: Memory Usage (438528K) : Starting IHP-SG13G2 DRC rules.
2026-03-24 22:36:48 +0100: Memory Usage (438528K) : Running all FEOL rules
2026-03-24 22:36:48 +0100: Memory Usage (438528K) : Running all BEOL rules
2026-03-24 22:36:48 +0100: Memory Usage (438528K) : Running all PIN rules
2026-03-24 22:36:48 +0100: Memory Usage (438528K) : Running all FORBIDDEN rules
2026-03-24 22:36:48 +0100: Memory Usage (438528K) : Starting 5.1 NWell table
2026-03-24 22:36:48 +0100: Memory Usage (438528K) : Executing rule NW.b
2026-03-24 22:36:48 +0100: Memory Usage (438664K) : Executing rule NW.b1
2026-03-24 22:36:48 +0100: Memory Usage (439048K) : Starting 5.2 PWell:block
2026-03-24 22:36:48 +0100: Memory Usage (439048K) : Executing rule PWB.e
2026-03-24 22:36:48 +0100: Memory Usage (439320K) : Executing rule PWB.e1
2026-03-24 22:36:48 +0100: Memory Usage (439448K) : Executing rule PWB.f
2026-03-24 22:36:48 +0100: Memory Usage (439704K) : Executing rule PWB.f1
2026-03-24 22:36:48 +0100: Memory Usage (440344K) : Starting 5.3 nBuLay table
2026-03-24 22:36:48 +0100: Memory Usage (440600K) : Executing rule NBL.b
2026-03-24 22:36:48 +0100: Memory Usage (440600K) : Executing rule NBL.c
2026-03-24 22:36:48 +0100: Memory Usage (440984K) : Executing rule NBL.d
2026-03-24 22:36:48 +0100: Memory Usage (440984K) : Executing rule NBL.e
2026-03-24 22:36:48 +0100: Memory Usage (440984K) : Executing rule NBL.f
2026-03-24 22:36:48 +0100: Memory Usage (440984K) : Starting 5.5. Activ table
2026-03-24 22:36:48 +0100: Memory Usage (440984K) : Executing rule Act.a
2026-03-24 22:36:48 +0100: Memory Usage (440984K) : Executing rule Act.b
2026-03-24 22:36:48 +0100: Memory Usage (441348K) : Starting 5.6 Activ:filler table
2026-03-24 22:36:48 +0100: Memory Usage (441348K) : Executing rule AFil.c1
2026-03-24 22:36:48 +0100: Memory Usage (441348K) : Executing rule AFil.c
2026-03-24 22:36:48 +0100: Memory Usage (441348K) : Executing rule AFil.d
2026-03-24 22:36:48 +0100: Memory Usage (441348K) : Executing rule AFil.e
2026-03-24 22:36:48 +0100: Memory Usage (441348K) : Executing rule AFil.j
2026-03-24 22:36:48 +0100: Memory Usage (441348K) : Starting 5.7. ThickGateOx table
2026-03-24 22:36:48 +0100: Memory Usage (441348K) : Executing rule TGO.f
2026-03-24 22:36:48 +0100: Memory Usage (441348K) : Starting 5.8. GatPoly table
2026-03-24 22:36:48 +0100: Memory Usage (441348K) : Executing rule Gat.a
2026-03-24 22:36:48 +0100: Memory Usage (441348K) : Executing rule Gat.b
2026-03-24 22:36:48 +0100: Memory Usage (441348K) : Executing rule Gat.d
2026-03-24 22:36:48 +0100: Memory Usage (441476K) : Executing rule Gat.a1
2026-03-24 22:36:48 +0100: Memory Usage (441644K) : Executing rule Gat.a2
2026-03-24 22:36:48 +0100: Memory Usage (441644K) : Executing rule Gat.g
2026-03-24 22:36:48 +0100: Memory Usage (441812K) : Starting 5.9 GatPoly:filler
2026-03-24 22:36:48 +0100: Memory Usage (441812K) : Executing rule GFil.d
2026-03-24 22:36:48 +0100: Memory Usage (441812K) : Executing rule GFil.e
2026-03-24 22:36:48 +0100: Memory Usage (441812K) : Executing rule GFil.i
2026-03-24 22:36:48 +0100: Memory Usage (441812K) : Starting 5.10 pSD table
2026-03-24 22:36:48 +0100: Memory Usage (441812K) : Executing rule pSD.c1
2026-03-24 22:36:48 +0100: Memory Usage (441812K) : Starting 5.14. Cont table
2026-03-24 22:36:48 +0100: Memory Usage (441812K) : Executing rule Cnt.a
2026-03-24 22:36:48 +0100: Memory Usage (441812K) : Executing rule Cnt.b
2026-03-24 22:36:48 +0100: Memory Usage (441812K) : Executing rule Cnt.c
2026-03-24 22:36:48 +0100: Memory Usage (441812K) : Executing rule Cnt.c
2026-03-24 22:36:48 +0100: Memory Usage (441812K) : Executing rule Cnt.d
2026-03-24 22:36:48 +0100: Memory Usage (441812K) : Executing rule Cnt.e
2026-03-24 22:36:48 +0100: Memory Usage (441812K) : Executing rule Cnt.g1
2026-03-24 22:36:48 +0100: Memory Usage (441812K) : Executing rule Cnt.g2
2026-03-24 22:36:48 +0100: Memory Usage (441812K) : Starting 5.15. ContBar table
2026-03-24 22:36:48 +0100: Memory Usage (441812K) : Executing rule CntB.b1
2026-03-24 22:36:48 +0100: Memory Usage (441812K) : Executing rule CntB.h1
2026-03-24 22:36:48 +0100: Memory Usage (441812K) : Starting 6.1.3 NPN Substrate-Tie table
2026-03-24 22:36:48 +0100: Memory Usage (441812K) : Executing rule npn13G2.bR 
2026-03-24 22:36:48 +0100: Memory Usage (441812K) : Executing rule npn13G2L.cR 
2026-03-24 22:36:48 +0100: Memory Usage (441812K) : Executing rule npn13G2V.cR 
2026-03-24 22:36:48 +0100: Memory Usage (441812K) : Starting 6.7 Schottky diode table
2026-03-24 22:36:48 +0100: Memory Usage (441812K) : Executing rule Sdiod.d
2026-03-24 22:36:48 +0100: Memory Usage (441812K) : Executing rule Sdiod.e
2026-03-24 22:36:48 +0100: Memory Usage (441812K) : Starting 7.2 Latch-up table
2026-03-24 22:36:48 +0100: Memory Usage (441812K) : Executing rule LU.b
2026-03-24 22:36:48 +0100: Memory Usage (441812K) : Starting 5.16. Metal1 table
2026-03-24 22:36:48 +0100: Memory Usage (441812K) : Executing rule M1.a
2026-03-24 22:36:48 +0100: Memory Usage (441812K) : Executing rule M1.b
2026-03-24 22:36:48 +0100: Memory Usage (441812K) : Executing rule M1.e
2026-03-24 22:36:48 +0100: Memory Usage (441812K) : Executing rule M1.f
2026-03-24 22:36:48 +0100: Memory Usage (441812K) : Executing rule M1.g
2026-03-24 22:36:48 +0100: Memory Usage (441812K) : Executing rule M1.i
2026-03-24 22:36:48 +0100: Memory Usage (441956K) : Starting 5.17 Metaln table
2026-03-24 22:36:48 +0100: Memory Usage (441956K) : Executing rule M2.a
2026-03-24 22:36:48 +0100: Memory Usage (441956K) : Executing rule M2.b
2026-03-24 22:36:48 +0100: Memory Usage (441956K) : Executing rule M2.e
2026-03-24 22:36:48 +0100: Memory Usage (441956K) : Executing rule M2.f
2026-03-24 22:36:48 +0100: Memory Usage (441956K) : Executing rule M2.g
2026-03-24 22:36:48 +0100: Memory Usage (441956K) : Executing rule M2.i
2026-03-24 22:36:48 +0100: Memory Usage (441956K) : Executing rule M3.a
2026-03-24 22:36:48 +0100: Memory Usage (441956K) : Executing rule M3.b
2026-03-24 22:36:48 +0100: Memory Usage (441956K) : Executing rule M3.e
2026-03-24 22:36:48 +0100: Memory Usage (441956K) : Executing rule M3.f
2026-03-24 22:36:48 +0100: Memory Usage (441956K) : Executing rule M3.g
2026-03-24 22:36:48 +0100: Memory Usage (441956K) : Executing rule M3.i
2026-03-24 22:36:48 +0100: Memory Usage (441956K) : Executing rule M4.a
2026-03-24 22:36:48 +0100: Memory Usage (441956K) : Executing rule M4.b
2026-03-24 22:36:48 +0100: Memory Usage (441956K) : Executing rule M4.e
2026-03-24 22:36:48 +0100: Memory Usage (441956K) : Executing rule M4.f
2026-03-24 22:36:48 +0100: Memory Usage (441956K) : Executing rule M4.g
2026-03-24 22:36:48 +0100: Memory Usage (441956K) : Executing rule M4.i
2026-03-24 22:36:48 +0100: Memory Usage (441956K) : Executing rule M5.a
2026-03-24 22:36:48 +0100: Memory Usage (442084K) : Executing rule M5.b
2026-03-24 22:36:48 +0100: Memory Usage (442212K) : Executing rule M5.e
2026-03-24 22:36:48 +0100: Memory Usage (442468K) : Executing rule M5.f
2026-03-24 22:36:48 +0100: Memory Usage (442852K) : Executing rule M5.g
2026-03-24 22:36:48 +0100: Memory Usage (443236K) : Executing rule M5.i
2026-03-24 22:36:48 +0100: Memory Usage (443364K) : Starting 5.18 Metaln:filler table
2026-03-24 22:36:48 +0100: Memory Usage (443364K) : Executing rule M1Fil.c
2026-03-24 22:36:48 +0100: Memory Usage (443364K) : Executing rule M1Fil.a2
2026-03-24 22:36:48 +0100: Memory Usage (443364K) : Executing rule M2Fil.c
2026-03-24 22:36:48 +0100: Memory Usage (443364K) : Executing rule M2Fil.a2
2026-03-24 22:36:48 +0100: Memory Usage (443364K) : Executing rule M3Fil.c
2026-03-24 22:36:48 +0100: Memory Usage (443364K) : Executing rule M3Fil.a2
2026-03-24 22:36:48 +0100: Memory Usage (443364K) : Executing rule M4Fil.c
2026-03-24 22:36:48 +0100: Memory Usage (443364K) : Executing rule M4Fil.a2
2026-03-24 22:36:48 +0100: Memory Usage (443364K) : Executing rule M5Fil.c
2026-03-24 22:36:48 +0100: Memory Usage (443364K) : Executing rule M5Fil.a2
2026-03-24 22:36:48 +0100: Memory Usage (443364K) : Starting 5.19. Via1 table
2026-03-24 22:36:48 +0100: Memory Usage (443364K) : Starting 5.19. Via1 table derivations
2026-03-24 22:36:48 +0100: Memory Usage (443364K) : Executing rule V1.a
2026-03-24 22:36:48 +0100: Memory Usage (443364K) : Executing rule V1.b
2026-03-24 22:36:48 +0100: Memory Usage (443364K) : Executing rule V1.c
2026-03-24 22:36:48 +0100: Memory Usage (443364K) : Starting 5.20. Vian table
2026-03-24 22:36:48 +0100: Memory Usage (443364K) : Executing rule V2.a
2026-03-24 22:36:48 +0100: Memory Usage (443364K) : Executing rule V2.b
2026-03-24 22:36:48 +0100: Memory Usage (443364K) : Executing rule V2.c
2026-03-24 22:36:48 +0100: Memory Usage (443364K) : Executing rule V3.a
2026-03-24 22:36:48 +0100: Memory Usage (443364K) : Executing rule V3.b
2026-03-24 22:36:48 +0100: Memory Usage (443364K) : Executing rule V3.c
2026-03-24 22:36:48 +0100: Memory Usage (443364K) : Executing rule V4.a
2026-03-24 22:36:48 +0100: Memory Usage (443364K) : Executing rule V4.b
2026-03-24 22:36:48 +0100: Memory Usage (443364K) : Executing rule V4.c
2026-03-24 22:36:48 +0100: Memory Usage (443364K) : Starting 5.21. TopVia1 table
2026-03-24 22:36:48 +0100: Memory Usage (443364K) : Executing rule TV1.a
2026-03-24 22:36:48 +0100: Memory Usage (443364K) : Executing rule TV1.b
2026-03-24 22:36:48 +0100: Memory Usage (443364K) : Executing rule TV1.c
2026-03-24 22:36:48 +0100: Memory Usage (443364K) : Executing rule TV1.d
2026-03-24 22:36:48 +0100: Memory Usage (443364K) : Starting 5.22. TopMetal1 table
2026-03-24 22:36:48 +0100: Memory Usage (443364K) : Executing rule TM1.a
2026-03-24 22:36:48 +0100: Memory Usage (443364K) : Executing rule TM1.b
2026-03-24 22:36:48 +0100: Memory Usage (443364K) : Starting 5.23 TopMetal1:filler table
2026-03-24 22:36:48 +0100: Memory Usage (443364K) : Executing rule TM1Fil.c
2026-03-24 22:36:48 +0100: Memory Usage (443364K) : Executing rule TM1Fil.a1
2026-03-24 22:36:48 +0100: Memory Usage (443364K) : Starting 5.24. TopVia2 table
2026-03-24 22:36:48 +0100: Memory Usage (443364K) : Executing rule TV2.a
2026-03-24 22:36:48 +0100: Memory Usage (443364K) : Executing rule TV2.b
2026-03-24 22:36:48 +0100: Memory Usage (443364K) : Executing rule TV2.c
2026-03-24 22:36:48 +0100: Memory Usage (443364K) : Executing rule TV2.d
2026-03-24 22:36:48 +0100: Memory Usage (443364K) : Starting 5.25. TopMetal2 table
2026-03-24 22:36:48 +0100: Memory Usage (443364K) : Executing rule TM2.a
2026-03-24 22:36:48 +0100: Memory Usage (443364K) : Executing rule TM2.b
2026-03-24 22:36:48 +0100: Memory Usage (443364K) : Executing rule TM2.bR
2026-03-24 22:36:48 +0100: Memory Usage (443364K) : Starting 5.26 TopMetal2:filler table
2026-03-24 22:36:48 +0100: Memory Usage (443364K) : Executing rule TM2Fil.c
2026-03-24 22:36:48 +0100: Memory Usage (443364K) : Executing rule TM2Fil.a1
2026-03-24 22:36:48 +0100: Memory Usage (443364K) : Starting 5.27. Passiv table
2026-03-24 22:36:48 +0100: Memory Usage (443364K) : Executing rule Pas.a
2026-03-24 22:36:48 +0100: Memory Usage (443364K) : Executing rule Pas.b
2026-03-24 22:36:48 +0100: Memory Usage (443364K) : Executing rule Pas.c
2026-03-24 22:36:48 +0100: Memory Usage (443364K) : Starting 6.9.2 Copper Pillar table
2026-03-24 22:36:48 +0100: Memory Usage (443364K) : Executing rule Padc.a
2026-03-24 22:36:48 +0100: Memory Usage (443364K) : Executing rule Padc.b
2026-03-24 22:36:48 +0100: Memory Usage (443364K) : Executing rule Padc.c
2026-03-24 22:36:48 +0100: Memory Usage (443364K) : Executing rule Padb.f
2026-03-24 22:36:48 +0100: Memory Usage (443364K) : Starting 6.9 Pad table
2026-03-24 22:36:48 +0100: Memory Usage (443364K) : Executing rule Pad.m
2026-03-24 22:36:48 +0100: Memory Usage (443364K) : Executing rule Pad.fR_M1
2026-03-24 22:36:48 +0100: Memory Usage (443364K) : Executing rule Pad.fR_M2
2026-03-24 22:36:48 +0100: Memory Usage (443364K) : Executing rule Pad.fR_M3
2026-03-24 22:36:48 +0100: Memory Usage (443364K) : Executing rule Pad.fR_M4
2026-03-24 22:36:48 +0100: Memory Usage (443364K) : Executing rule Pad.fR_M5
2026-03-24 22:36:48 +0100: Memory Usage (443364K) : Executing rule Pad.fR_TM1
2026-03-24 22:36:48 +0100: Memory Usage (443364K) : Executing rule Pad.fR_TM2
2026-03-24 22:36:48 +0100: Memory Usage (443364K) : Executing rule Pad.i
2026-03-24 22:36:48 +0100: Memory Usage (443364K) : Starting 6.9.1 Solder Bump
2026-03-24 22:36:48 +0100: Memory Usage (443364K) : Executing rule Padb.a
2026-03-24 22:36:48 +0100: Memory Usage (443364K) : Executing rule Padb.b
2026-03-24 22:36:48 +0100: Memory Usage (443364K) : Executing rule Padb.c
2026-03-24 22:36:48 +0100: Memory Usage (443364K) : Executing rule Padb.f
2026-03-24 22:36:48 +0100: Memory Usage (443364K) : Executing rule Padb.d
2026-03-24 22:36:48 +0100: Memory Usage (443364K) : Starting 6.10 Sealring table
2026-03-24 22:36:48 +0100: Memory Usage (443364K) : Executing rule Seal.l
2026-03-24 22:36:48 +0100: Memory Usage (443364K) : Executing rule Seal.n
2026-03-24 22:36:48 +0100: Memory Usage (443364K) : Executing rule seal.b_metal1
2026-03-24 22:36:48 +0100: Memory Usage (443364K) : Executing rule seal.b_metal2
2026-03-24 22:36:48 +0100: Memory Usage (443364K) : Executing rule seal.b_metal3
2026-03-24 22:36:48 +0100: Memory Usage (443364K) : Executing rule seal.b_metal4
2026-03-24 22:36:48 +0100: Memory Usage (443364K) : Executing rule seal.b_metal5
2026-03-24 22:36:48 +0100: Memory Usage (443364K) : Executing rule seal.b_topmetal1
2026-03-24 22:36:48 +0100: Memory Usage (443364K) : Executing rule seal.b_topmetal2
2026-03-24 22:36:48 +0100: Memory Usage (443364K) : Executing rule seal.b_activ
2026-03-24 22:36:48 +0100: Memory Usage (443364K) : Executing rule seal.b_psd
2026-03-24 22:36:48 +0100: Memory Usage (443492K) : Executing rule Seal.k
2026-03-24 22:36:48 +0100: Memory Usage (443492K) : Executing rule Seal.m
2026-03-24 22:36:48 +0100: Memory Usage (443492K) : Starting 6.11 MIM table
2026-03-24 22:36:48 +0100: Memory Usage (443492K) : Executing rule MIM.c
2026-03-24 22:36:48 +0100: Memory Usage (443492K) : Executing rule MIM.d
2026-03-24 22:36:48 +0100: Memory Usage (443492K) : Executing rule MIM.gR
2026-03-24 22:36:48 +0100: Memory Usage (443492K) : Starting 7.3 Metal Slits table
2026-03-24 22:36:48 +0100: Memory Usage (443492K) : Executing rule Slt.e1_M1
2026-03-24 22:36:48 +0100: Memory Usage (443492K) : Executing rule Slt.e1_M2
2026-03-24 22:36:48 +0100: Memory Usage (443492K) : Executing rule Slt.e1_M3
2026-03-24 22:36:48 +0100: Memory Usage (443620K) : Executing rule Slt.e1_M4
2026-03-24 22:36:48 +0100: Memory Usage (443620K) : Executing rule Slt.e1_M5
2026-03-24 22:36:48 +0100: Memory Usage (443620K) : Executing rule Slt.e1_TM1
2026-03-24 22:36:48 +0100: Memory Usage (443620K) : Executing rule Slt.e1_TM2
2026-03-24 22:36:48 +0100: Memory Usage (443620K) : Starting 9.1. LBE table
2026-03-24 22:36:48 +0100: Memory Usage (443620K) : Executing rule LBE.a
2026-03-24 22:36:48 +0100: Memory Usage (443620K) : Executing rule LBE.b
2026-03-24 22:36:48 +0100: Memory Usage (443620K) : Executing rule LBE.b1
2026-03-24 22:36:48 +0100: Memory Usage (443620K) : Executing rule LBE.c
2026-03-24 22:36:49 +0100: Memory Usage (443748K) : Executing rule LBE.d
2026-03-24 22:36:49 +0100: Memory Usage (443748K) : Executing rule LBE.h
2026-03-24 22:36:49 +0100: Memory Usage (443748K) : Starting 7.4. PIN table
2026-03-24 22:36:49 +0100: Memory Usage (443748K) : Executing rule Pin.a
2026-03-24 22:36:49 +0100: Memory Usage (443748K) : Executing rule Pin.b
2026-03-24 22:36:49 +0100: Memory Usage (443748K) : Executing rule Pin.e
2026-03-24 22:36:49 +0100: Memory Usage (443748K) : Executing rule Pin.f_M2
2026-03-24 22:36:49 +0100: Memory Usage (443748K) : Executing rule Pin.f_M3
2026-03-24 22:36:49 +0100: Memory Usage (443748K) : Executing rule Pin.f_M4
2026-03-24 22:36:49 +0100: Memory Usage (443876K) : Executing rule Pin.f_M5
2026-03-24 22:36:49 +0100: Memory Usage (443876K) : Executing rule Pin.g
2026-03-24 22:36:49 +0100: Memory Usage (443876K) : Executing rule Pin.h
2026-03-24 22:36:49 +0100: Memory Usage (443876K) : Starting 3.2. FORBIDDEN table
2026-03-24 22:36:49 +0100: Memory Usage (443876K) : Executing rule forbidden.biwind
2026-03-24 22:36:49 +0100: Memory Usage (443876K) : Executing rule forbidden.pemwind
2026-03-24 22:36:49 +0100: Memory Usage (443876K) : Executing rule forbidden.baspoly
2026-03-24 22:36:49 +0100: Memory Usage (443876K) : Executing rule forbidden.deepco
2026-03-24 22:36:49 +0100: Memory Usage (443876K) : Executing rule forbidden.pempoly
2026-03-24 22:36:49 +0100: Memory Usage (444004K) : Executing rule forbidden.empoly
2026-03-24 22:36:49 +0100: Memory Usage (444004K) : Executing rule forbidden.ldmos
2026-03-24 22:36:49 +0100: Memory Usage (444004K) : Executing rule forbidden.pbiwind
2026-03-24 22:36:49 +0100: Memory Usage (444132K) : Executing rule forbidden.nodrc
2026-03-24 22:36:49 +0100: Memory Usage (444260K) : Executing rule forbidden.flash
2026-03-24 22:36:49 +0100: Memory Usage (444260K) : Executing rule forbidden.colwind
2026-03-24 22:36:49 +0100: Memory Usage (444388K) : KLayout DRC run for tables 'main' completed in 1.28 seconds
