# Logfile created on 2026-03-16 08:34:12 +0100 by logger.rb/v1.6.0
2026-03-16 08:34:12 +0100: Memory Usage (421580K) : Starting running IHP-SG13G2 KLayout DRC runset on /home/cmaier/EDA/PUDDING/gds/dac4x32module.gds
2026-03-16 08:34:12 +0100: Memory Usage (421580K) : Ruby Version for klayout: 3.3.10
2026-03-16 08:34:12 +0100: Memory Usage (422752K) : Loading database to memory is complete.
2026-03-16 08:34:12 +0100: Memory Usage (422752K) : IHP-SG13G2 KLayout DRC runset output at: /home/cmaier/EDA/PUDDING/gds/drc_run_dac4x32module/dac4x32module_dac4x32module_main.lyrdb
2026-03-16 08:34:12 +0100: Memory Usage (422880K) : Evaluate switches.
2026-03-16 08:34:12 +0100: Memory Usage (422880K) : tables selected: main
2026-03-16 08:34:12 +0100: Memory Usage (422880K) : KLayout will use 1 thread(s) in tiling mode.
2026-03-16 08:34:12 +0100: Memory Usage (422880K) : deep mode is enabled.
2026-03-16 08:34:12 +0100: Memory Usage (422880K) : FEOL enabled: true
2026-03-16 08:34:12 +0100: Memory Usage (422880K) : BEOL enabled: true
2026-03-16 08:34:12 +0100: Memory Usage (422880K) : OFFGRID enabled: true
2026-03-16 08:34:12 +0100: Memory Usage (422880K) : PIN enabled: true
2026-03-16 08:34:12 +0100: Memory Usage (422880K) : FORBIDDEN enabled: true
2026-03-16 08:34:12 +0100: Memory Usage (422880K) : RECOMMENDED enabled: true
2026-03-16 08:34:12 +0100: Memory Usage (422880K) : PreCheck DRC enabled: false
2026-03-16 08:34:12 +0100: Memory Usage (422880K) : CONNECTIVITY_RULES enabled: true.
2026-03-16 08:34:12 +0100: Memory Usage (422880K) : Read in polygons from layers.
2026-03-16 08:34:12 +0100: Memory Usage (424288K) : activ_drw has 2192 polygons
2026-03-16 08:34:12 +0100: Memory Usage (424288K) : activ_pin has 0 polygons
2026-03-16 08:34:12 +0100: Memory Usage (424288K) : activ_mask has 0 polygons
2026-03-16 08:34:12 +0100: Memory Usage (424288K) : activ_filler has 0 polygons
2026-03-16 08:34:12 +0100: Memory Usage (424288K) : activ_nofill has 0 polygons
2026-03-16 08:34:12 +0100: Memory Usage (424288K) : activ_opc has 0 polygons
2026-03-16 08:34:12 +0100: Memory Usage (424288K) : activ_iopc has 0 polygons
2026-03-16 08:34:12 +0100: Memory Usage (424288K) : activ_noqrc has 0 polygons
2026-03-16 08:34:12 +0100: Memory Usage (424288K) : biwind_drw has 0 polygons
2026-03-16 08:34:12 +0100: Memory Usage (424288K) : biwind_opc has 0 polygons
2026-03-16 08:34:12 +0100: Memory Usage (424288K) : pemwind_drw has 0 polygons
2026-03-16 08:34:12 +0100: Memory Usage (424288K) : gatpoly_drw has 2256 polygons
2026-03-16 08:34:12 +0100: Memory Usage (424288K) : gatpoly_pin has 32 polygons
2026-03-16 08:34:12 +0100: Memory Usage (424288K) : gatpoly_filler has 0 polygons
2026-03-16 08:34:12 +0100: Memory Usage (424288K) : gatpoly_nofill has 0 polygons
2026-03-16 08:34:12 +0100: Memory Usage (424288K) : gatpoly_opc has 0 polygons
2026-03-16 08:34:12 +0100: Memory Usage (424288K) : gatpoly_iopc has 0 polygons
2026-03-16 08:34:12 +0100: Memory Usage (424288K) : gatpoly_noqrc has 0 polygons
2026-03-16 08:34:12 +0100: Memory Usage (424288K) : cont_drw has 15760 polygons
2026-03-16 08:34:12 +0100: Memory Usage (424288K) : cont_opc has 0 polygons
2026-03-16 08:34:12 +0100: Memory Usage (424288K) : nsd_drw has 0 polygons
2026-03-16 08:34:12 +0100: Memory Usage (424288K) : nsd_block has 0 polygons
2026-03-16 08:34:12 +0100: Memory Usage (424288K) : metal1_drw has 7721 polygons
2026-03-16 08:34:12 +0100: Memory Usage (424416K) : metal1_pin has 1105 polygons
2026-03-16 08:34:12 +0100: Memory Usage (424416K) : metal1_mask has 0 polygons
2026-03-16 08:34:12 +0100: Memory Usage (424544K) : metal1_filler has 0 polygons
2026-03-16 08:34:12 +0100: Memory Usage (424544K) : metal1_nofill has 0 polygons
2026-03-16 08:34:12 +0100: Memory Usage (424544K) : metal1_slit has 0 polygons
2026-03-16 08:34:12 +0100: Memory Usage (424812K) : metal1_text has 1041 polygons
2026-03-16 08:34:12 +0100: Memory Usage (424812K) : metal1_opc has 0 polygons
2026-03-16 08:34:12 +0100: Memory Usage (425068K) : metal1_noqrc has 0 polygons
2026-03-16 08:34:12 +0100: Memory Usage (425068K) : metal1_res has 0 polygons
2026-03-16 08:34:12 +0100: Memory Usage (425068K) : metal1_iprobe has 0 polygons
2026-03-16 08:34:12 +0100: Memory Usage (425068K) : metal1_diffprb has 0 polygons
2026-03-16 08:34:12 +0100: Memory Usage (425068K) : passiv_drw has 0 polygons
2026-03-16 08:34:12 +0100: Memory Usage (425068K) : passiv_pin has 0 polygons
2026-03-16 08:34:12 +0100: Memory Usage (425068K) : passiv_sbump has 0 polygons
2026-03-16 08:34:12 +0100: Memory Usage (425068K) : passiv_pillar has 0 polygons
2026-03-16 08:34:12 +0100: Memory Usage (425196K) : passiv_pdl has 0 polygons
2026-03-16 08:34:12 +0100: Memory Usage (425196K) : metal2_drw has 3220 polygons
2026-03-16 08:34:12 +0100: Memory Usage (425324K) : metal2_pin has 2160 polygons
2026-03-16 08:34:12 +0100: Memory Usage (425324K) : metal2_mask has 0 polygons
2026-03-16 08:34:12 +0100: Memory Usage (425452K) : metal2_filler has 0 polygons
2026-03-16 08:34:12 +0100: Memory Usage (425452K) : metal2_nofill has 0 polygons
2026-03-16 08:34:12 +0100: Memory Usage (425580K) : metal2_slit has 0 polygons
2026-03-16 08:34:12 +0100: Memory Usage (425580K) : metal2_text has 2160 polygons
2026-03-16 08:34:12 +0100: Memory Usage (425708K) : metal2_opc has 0 polygons
2026-03-16 08:34:12 +0100: Memory Usage (425708K) : metal2_noqrc has 0 polygons
2026-03-16 08:34:12 +0100: Memory Usage (425708K) : metal2_res has 0 polygons
2026-03-16 08:34:12 +0100: Memory Usage (425836K) : metal2_iprobe has 0 polygons
2026-03-16 08:34:12 +0100: Memory Usage (425836K) : metal2_diffprb has 0 polygons
2026-03-16 08:34:12 +0100: Memory Usage (425964K) : baspoly_drw has 0 polygons
2026-03-16 08:34:12 +0100: Memory Usage (425964K) : baspoly_pin has 0 polygons
2026-03-16 08:34:12 +0100: Memory Usage (425964K) : psd_drw has 631 polygons
2026-03-16 08:34:12 +0100: Memory Usage (425964K) : nldb_drw has 0 polygons
2026-03-16 08:34:12 +0100: Memory Usage (425964K) : digibnd_drw has 0 polygons
2026-03-16 08:34:12 +0100: Memory Usage (425964K) : via1_drw has 3350 polygons
2026-03-16 08:34:12 +0100: Memory Usage (425964K) : backmetal1_drw has 0 polygons
2026-03-16 08:34:12 +0100: Memory Usage (426092K) : backmetal1_pin has 0 polygons
2026-03-16 08:34:12 +0100: Memory Usage (426092K) : backmetal1_mask has 0 polygons
2026-03-16 08:34:12 +0100: Memory Usage (426220K) : backmetal1_filler has 0 polygons
2026-03-16 08:34:12 +0100: Memory Usage (426220K) : backmetal1_nofill has 0 polygons
2026-03-16 08:34:12 +0100: Memory Usage (426348K) : backmetal1_slit has 0 polygons
2026-03-16 08:34:12 +0100: Memory Usage (426348K) : backmetal1_text has 0 polygons
2026-03-16 08:34:12 +0100: Memory Usage (426476K) : backmetal1_opc has 0 polygons
2026-03-16 08:34:12 +0100: Memory Usage (426476K) : backmetal1_noqrc has 0 polygons
2026-03-16 08:34:12 +0100: Memory Usage (426604K) : backmetal1_res has 0 polygons
2026-03-16 08:34:12 +0100: Memory Usage (426604K) : backmetal1_iprobe has 0 polygons
2026-03-16 08:34:12 +0100: Memory Usage (426732K) : backmetal1_diffprb has 0 polygons
2026-03-16 08:34:12 +0100: Memory Usage (426732K) : backpassiv_drw has 0 polygons
2026-03-16 08:34:12 +0100: Memory Usage (426860K) : res_drw has 0 polygons
2026-03-16 08:34:12 +0100: Memory Usage (426860K) : sram_drw has 0 polygons
2026-03-16 08:34:12 +0100: Memory Usage (426860K) : trans_drw has 0 polygons
2026-03-16 08:34:12 +0100: Memory Usage (426988K) : ind_drw has 0 polygons
2026-03-16 08:34:12 +0100: Memory Usage (426988K) : ind_pin has 0 polygons
2026-03-16 08:34:12 +0100: Memory Usage (426988K) : ind_text has 0 polygons
2026-03-16 08:34:12 +0100: Memory Usage (427116K) : salblock_drw has 0 polygons
2026-03-16 08:34:12 +0100: Memory Usage (427116K) : via2_drw has 1926 polygons
2026-03-16 08:34:12 +0100: Memory Usage (427244K) : metal3_drw has 1456 polygons
2026-03-16 08:34:12 +0100: Memory Usage (427372K) : metal3_pin has 679 polygons
2026-03-16 08:34:12 +0100: Memory Usage (427372K) : metal3_mask has 0 polygons
2026-03-16 08:34:12 +0100: Memory Usage (427372K) : metal3_filler has 0 polygons
2026-03-16 08:34:12 +0100: Memory Usage (427500K) : metal3_nofill has 0 polygons
2026-03-16 08:34:12 +0100: Memory Usage (427500K) : metal3_slit has 0 polygons
2026-03-16 08:34:12 +0100: Memory Usage (427628K) : metal3_text has 535 polygons
2026-03-16 08:34:12 +0100: Memory Usage (427628K) : metal3_opc has 0 polygons
2026-03-16 08:34:12 +0100: Memory Usage (427756K) : metal3_noqrc has 0 polygons
2026-03-16 08:34:12 +0100: Memory Usage (427756K) : metal3_res has 0 polygons
2026-03-16 08:34:12 +0100: Memory Usage (427884K) : metal3_iprobe has 0 polygons
2026-03-16 08:34:12 +0100: Memory Usage (427884K) : metal3_diffprb has 0 polygons
2026-03-16 08:34:12 +0100: Memory Usage (428268K) : nwell_drw has 633 polygons
2026-03-16 08:34:12 +0100: Memory Usage (428268K) : nwell_pin has 0 polygons
2026-03-16 08:34:12 +0100: Memory Usage (428268K) : nbulay_drw has 0 polygons
2026-03-16 08:34:12 +0100: Memory Usage (428396K) : nbulay_pin has 0 polygons
2026-03-16 08:34:12 +0100: Memory Usage (428396K) : nbulay_block has 0 polygons
2026-03-16 08:34:12 +0100: Memory Usage (428396K) : emwind_drw has 0 polygons
2026-03-16 08:34:12 +0100: Memory Usage (428396K) : emwind_opc has 0 polygons
2026-03-16 08:34:12 +0100: Memory Usage (428396K) : deepco_drw has 0 polygons
2026-03-16 08:34:12 +0100: Memory Usage (428396K) : deepco_drw has 0 polygons
2026-03-16 08:34:12 +0100: Memory Usage (428524K) : mim_drw has 0 polygons
2026-03-16 08:34:12 +0100: Memory Usage (428524K) : edgeseal_drw has 0 polygons
2026-03-16 08:34:12 +0100: Memory Usage (428652K) : edgeseal_bound has 0 polygons
2026-03-16 08:34:12 +0100: Memory Usage (428652K) : substrate_drw has 32 polygons
2026-03-16 08:34:12 +0100: Memory Usage (428780K) : substrate_text has 0 polygons
2026-03-16 08:34:12 +0100: Memory Usage (428780K) : dfpad_drw has 0 polygons
2026-03-16 08:34:12 +0100: Memory Usage (428908K) : dfpad_pillar has 0 polygons
2026-03-16 08:34:12 +0100: Memory Usage (428908K) : dfpad_sbump has 0 polygons
2026-03-16 08:34:12 +0100: Memory Usage (429036K) : thickgateox_drw has 37 polygons
2026-03-16 08:34:12 +0100: Memory Usage (429036K) : pldb_drw has 0 polygons
2026-03-16 08:34:12 +0100: Memory Usage (429164K) : pwell_drw has 0 polygons
2026-03-16 08:34:12 +0100: Memory Usage (429164K) : pwell_pin has 0 polygons
2026-03-16 08:34:12 +0100: Memory Usage (429292K) : pwell_block has 0 polygons
2026-03-16 08:34:12 +0100: Memory Usage (429292K) : ic_drw has 0 polygons
2026-03-16 08:34:12 +0100: Memory Usage (429420K) : via3_drw has 1728 polygons
2026-03-16 08:34:12 +0100: Memory Usage (429420K) : metal4_drw has 90 polygons
2026-03-16 08:34:12 +0100: Memory Usage (429548K) : metal4_pin has 0 polygons
2026-03-16 08:34:12 +0100: Memory Usage (429548K) : metal4_mask has 0 polygons
2026-03-16 08:34:12 +0100: Memory Usage (429676K) : metal4_filler has 0 polygons
2026-03-16 08:34:12 +0100: Memory Usage (429676K) : metal4_nofill has 0 polygons
2026-03-16 08:34:12 +0100: Memory Usage (429804K) : metal4_slit has 0 polygons
2026-03-16 08:34:12 +0100: Memory Usage (429804K) : metal4_text has 0 polygons
2026-03-16 08:34:12 +0100: Memory Usage (429932K) : metal4_opc has 0 polygons
2026-03-16 08:34:12 +0100: Memory Usage (429932K) : metal4_noqrc has 0 polygons
2026-03-16 08:34:12 +0100: Memory Usage (430060K) : metal4_res has 0 polygons
2026-03-16 08:34:12 +0100: Memory Usage (430060K) : metal4_iprobe has 0 polygons
2026-03-16 08:34:12 +0100: Memory Usage (430188K) : metal4_diffprb has 0 polygons
2026-03-16 08:34:12 +0100: Memory Usage (430188K) : heattrans_drw has 32 polygons
2026-03-16 08:34:12 +0100: Memory Usage (430316K) : heatres_drw has 0 polygons
2026-03-16 08:34:12 +0100: Memory Usage (430316K) : pempoly_drw has 0 polygons
2026-03-16 08:34:12 +0100: Memory Usage (430444K) : fbe_drw has 0 polygons
2026-03-16 08:34:12 +0100: Memory Usage (430444K) : empoly_drw has 0 polygons
2026-03-16 08:34:12 +0100: Memory Usage (430572K) : ldmos_drw has 0 polygons
2026-03-16 08:34:12 +0100: Memory Usage (430572K) : pbiwind_drw has 0 polygons
2026-03-16 08:34:12 +0100: Memory Usage (430700K) : digisub_drw has 0 polygons
2026-03-16 08:34:12 +0100: Memory Usage (430700K) : nodrc_drw has 0 polygons
2026-03-16 08:34:12 +0100: Memory Usage (430828K) : text_drw has 0 polygons
2026-03-16 08:34:12 +0100: Memory Usage (430828K) : via4_drw has 3600 polygons
2026-03-16 08:34:12 +0100: Memory Usage (430956K) : metal5_drw has 20 polygons
2026-03-16 08:34:12 +0100: Memory Usage (430956K) : metal5_pin has 2 polygons
2026-03-16 08:34:12 +0100: Memory Usage (431084K) : metal5_mask has 0 polygons
2026-03-16 08:34:12 +0100: Memory Usage (431084K) : metal5_filler has 0 polygons
2026-03-16 08:34:12 +0100: Memory Usage (431212K) : metal5_nofill has 0 polygons
2026-03-16 08:34:12 +0100: Memory Usage (431212K) : metal5_slit has 0 polygons
2026-03-16 08:34:12 +0100: Memory Usage (431340K) : metal5_text has 2 polygons
2026-03-16 08:34:12 +0100: Memory Usage (431340K) : metal5_opc has 0 polygons
2026-03-16 08:34:12 +0100: Memory Usage (431468K) : metal5_noqrc has 0 polygons
2026-03-16 08:34:12 +0100: Memory Usage (431468K) : metal5_res has 0 polygons
2026-03-16 08:34:12 +0100: Memory Usage (431596K) : metal5_iprobe has 0 polygons
2026-03-16 08:34:12 +0100: Memory Usage (431596K) : metal5_diffprb has 0 polygons
2026-03-16 08:34:12 +0100: Memory Usage (431724K) : radhard_drw has 0 polygons
2026-03-16 08:34:12 +0100: Memory Usage (431724K) : memcap_drw has 0 polygons
2026-03-16 08:34:12 +0100: Memory Usage (431852K) : varicap_drw has 0 polygons
2026-03-16 08:34:12 +0100: Memory Usage (431852K) : flash_drw has 0 polygons
2026-03-16 08:34:12 +0100: Memory Usage (431980K) : intbondvia_drw has 0 polygons
2026-03-16 08:34:12 +0100: Memory Usage (432108K) : intbondmet_drw has 0 polygons
2026-03-16 08:34:12 +0100: Memory Usage (432108K) : devbondvia_drw has 0 polygons
2026-03-16 08:34:12 +0100: Memory Usage (432108K) : devbondmet_drw has 0 polygons
2026-03-16 08:34:12 +0100: Memory Usage (432108K) : devtrench_drw has 0 polygons
2026-03-16 08:34:12 +0100: Memory Usage (432108K) : redist_drw has 0 polygons
2026-03-16 08:34:12 +0100: Memory Usage (432108K) : graphbot_drw has 0 polygons
2026-03-16 08:34:12 +0100: Memory Usage (432108K) : graphtop_drw has 0 polygons
2026-03-16 08:34:12 +0100: Memory Usage (432108K) : antvia1_drw has 0 polygons
2026-03-16 08:34:12 +0100: Memory Usage (432108K) : antmetal2_drw has 0 polygons
2026-03-16 08:34:12 +0100: Memory Usage (432108K) : graphcont_drw has 0 polygons
2026-03-16 08:34:12 +0100: Memory Usage (432108K) : siwg_drw has 0 polygons
2026-03-16 08:34:12 +0100: Memory Usage (432108K) : siwg_filler has 0 polygons
2026-03-16 08:34:12 +0100: Memory Usage (432108K) : siwg_nofill has 0 polygons
2026-03-16 08:34:12 +0100: Memory Usage (432108K) : sigrating_drw has 0 polygons
2026-03-16 08:34:12 +0100: Memory Usage (432108K) : singrating_drw has 0 polygons
2026-03-16 08:34:12 +0100: Memory Usage (432108K) : graphpas_drw has 0 polygons
2026-03-16 08:34:12 +0100: Memory Usage (432108K) : emwind3_drw has 0 polygons
2026-03-16 08:34:12 +0100: Memory Usage (432108K) : emwihv3_drw has 0 polygons
2026-03-16 08:34:12 +0100: Memory Usage (432108K) : redbulay_drw has 0 polygons
2026-03-16 08:34:12 +0100: Memory Usage (432108K) : smos_drw has 0 polygons
2026-03-16 08:34:12 +0100: Memory Usage (432108K) : graphpad_drw has 0 polygons
2026-03-16 08:34:12 +0100: Memory Usage (432108K) : polimide_drw has 0 polygons
2026-03-16 08:34:12 +0100: Memory Usage (432108K) : polimide_pin has 0 polygons
2026-03-16 08:34:12 +0100: Memory Usage (432108K) : recog_drw has 0 polygons
2026-03-16 08:34:12 +0100: Memory Usage (432108K) : recog_pin has 0 polygons
2026-03-16 08:34:12 +0100: Memory Usage (432108K) : recog_esd has 0 polygons
2026-03-16 08:34:12 +0100: Memory Usage (432108K) : recog_diode has 0 polygons
2026-03-16 08:34:12 +0100: Memory Usage (432108K) : recog_tsv has 0 polygons
2026-03-16 08:34:12 +0100: Memory Usage (432108K) : recog_iprobe has 0 polygons
2026-03-16 08:34:12 +0100: Memory Usage (432108K) : recog_diffprb has 0 polygons
2026-03-16 08:34:12 +0100: Memory Usage (432108K) : recog_pillar has 0 polygons
2026-03-16 08:34:12 +0100: Memory Usage (432108K) : recog_sbump has 0 polygons
2026-03-16 08:34:12 +0100: Memory Usage (432108K) : recog_otp has 0 polygons
2026-03-16 08:34:12 +0100: Memory Usage (432108K) : recog_pdiode has 0 polygons
2026-03-16 08:34:12 +0100: Memory Usage (432108K) : recog_mom has 0 polygons
2026-03-16 08:34:12 +0100: Memory Usage (432108K) : recog_pcm has 0 polygons
2026-03-16 08:34:12 +0100: Memory Usage (432108K) : colopen_drw has 0 polygons
2026-03-16 08:34:12 +0100: Memory Usage (432108K) : graphmetal1_drw has 0 polygons
2026-03-16 08:34:12 +0100: Memory Usage (432108K) : graphmetal1_filler has 0 polygons
2026-03-16 08:34:12 +0100: Memory Usage (432108K) : graphmetal1_nofill has 0 polygons
2026-03-16 08:34:12 +0100: Memory Usage (432108K) : graphmetal1_slit has 0 polygons
2026-03-16 08:34:12 +0100: Memory Usage (432108K) : graphmetal1_opc has 0 polygons
2026-03-16 08:34:12 +0100: Memory Usage (432108K) : graphmet1l_drw has 0 polygons
2026-03-16 08:34:12 +0100: Memory Usage (432108K) : graphmet1l_filler has 0 polygons
2026-03-16 08:34:12 +0100: Memory Usage (432108K) : graphmet1l_nofill has 0 polygons
2026-03-16 08:34:12 +0100: Memory Usage (432108K) : graphmet1l_slit has 0 polygons
2026-03-16 08:34:12 +0100: Memory Usage (432108K) : graphmet1l_opc has 0 polygons
2026-03-16 08:34:12 +0100: Memory Usage (432108K) : extblock_drw has 0 polygons
2026-03-16 08:34:12 +0100: Memory Usage (432108K) : nldd_drw has 0 polygons
2026-03-16 08:34:12 +0100: Memory Usage (432108K) : pldd_drw has 0 polygons
2026-03-16 08:34:12 +0100: Memory Usage (432108K) : next_drw has 0 polygons
2026-03-16 08:34:12 +0100: Memory Usage (432108K) : pext_drw has 0 polygons
2026-03-16 08:34:12 +0100: Memory Usage (432108K) : nexthv_drw has 0 polygons
2026-03-16 08:34:12 +0100: Memory Usage (432108K) : pexthv_drw has 0 polygons
2026-03-16 08:34:12 +0100: Memory Usage (432108K) : graphgate_drw has 0 polygons
2026-03-16 08:34:12 +0100: Memory Usage (432108K) : sinwg_drw has 0 polygons
2026-03-16 08:34:12 +0100: Memory Usage (432236K) : sinwg_filler has 0 polygons
2026-03-16 08:34:12 +0100: Memory Usage (432236K) : sinwg_nofill has 0 polygons
2026-03-16 08:34:12 +0100: Memory Usage (432364K) : mempad_drw has 0 polygons
2026-03-16 08:34:12 +0100: Memory Usage (432364K) : topvia1_drw has 0 polygons
2026-03-16 08:34:12 +0100: Memory Usage (432492K) : topmetal1_drw has 0 polygons
2026-03-16 08:34:12 +0100: Memory Usage (432492K) : topmetal1_pin has 0 polygons
2026-03-16 08:34:12 +0100: Memory Usage (432620K) : topmetal1_mask has 0 polygons
2026-03-16 08:34:12 +0100: Memory Usage (432620K) : topmetal1_filler has 0 polygons
2026-03-16 08:34:12 +0100: Memory Usage (432748K) : topmetal1_nofill has 0 polygons
2026-03-16 08:34:12 +0100: Memory Usage (432748K) : topmetal1_slit has 0 polygons
2026-03-16 08:34:12 +0100: Memory Usage (432876K) : topmetal1_text has 0 polygons
2026-03-16 08:34:12 +0100: Memory Usage (432876K) : topmetal1_noqrc has 0 polygons
2026-03-16 08:34:12 +0100: Memory Usage (433004K) : topmetal1_res has 0 polygons
2026-03-16 08:34:12 +0100: Memory Usage (433004K) : topmetal1_iprobe has 0 polygons
2026-03-16 08:34:12 +0100: Memory Usage (433132K) : topmetal1_diffprb has 0 polygons
2026-03-16 08:34:12 +0100: Memory Usage (433132K) : inldpwl_drw has 0 polygons
2026-03-16 08:34:12 +0100: Memory Usage (433260K) : polyres_drw has 0 polygons
2026-03-16 08:34:12 +0100: Memory Usage (433260K) : polyres_pin has 0 polygons
2026-03-16 08:34:12 +0100: Memory Usage (433388K) : vmim_drw has 0 polygons
2026-03-16 08:34:12 +0100: Memory Usage (433388K) : nbulaycut_drw has 0 polygons
2026-03-16 08:34:12 +0100: Memory Usage (433516K) : antmetal1_drw has 0 polygons
2026-03-16 08:34:12 +0100: Memory Usage (433516K) : topvia2_drw has 0 polygons
2026-03-16 08:34:12 +0100: Memory Usage (433644K) : topmetal2_drw has 0 polygons
2026-03-16 08:34:12 +0100: Memory Usage (433644K) : topmetal2_pin has 0 polygons
2026-03-16 08:34:12 +0100: Memory Usage (433772K) : topmetal2_mask has 0 polygons
2026-03-16 08:34:12 +0100: Memory Usage (433772K) : topmetal2_filler has 0 polygons
2026-03-16 08:34:12 +0100: Memory Usage (433900K) : topmetal2_nofill has 0 polygons
2026-03-16 08:34:12 +0100: Memory Usage (433900K) : topmetal2_slit has 0 polygons
2026-03-16 08:34:12 +0100: Memory Usage (434028K) : topmetal2_text has 0 polygons
2026-03-16 08:34:12 +0100: Memory Usage (434028K) : topmetal2_noqrc has 0 polygons
2026-03-16 08:34:12 +0100: Memory Usage (434156K) : topmetal2_res has 0 polygons
2026-03-16 08:34:12 +0100: Memory Usage (434156K) : topmetal2_iprobe has 0 polygons
2026-03-16 08:34:12 +0100: Memory Usage (434284K) : topmetal2_diffprb has 0 polygons
2026-03-16 08:34:12 +0100: Memory Usage (434284K) : snsring_drw has 0 polygons
2026-03-16 08:34:12 +0100: Memory Usage (434412K) : sensor_drw has 0 polygons
2026-03-16 08:34:12 +0100: Memory Usage (434412K) : snsarms_drw has 0 polygons
2026-03-16 08:34:12 +0100: Memory Usage (434540K) : snscmosvia_drw has 0 polygons
2026-03-16 08:34:12 +0100: Memory Usage (434540K) : colwind_drw has 0 polygons
2026-03-16 08:34:12 +0100: Memory Usage (434668K) : flm_drw has 0 polygons
2026-03-16 08:34:12 +0100: Memory Usage (434668K) : hafniumox_drw has 0 polygons
2026-03-16 08:34:12 +0100: Memory Usage (434796K) : memvia_drw has 0 polygons
2026-03-16 08:34:12 +0100: Memory Usage (434924K) : thinfilmres_drw has 0 polygons
2026-03-16 08:34:12 +0100: Memory Usage (434924K) : rfmem_drw has 0 polygons
2026-03-16 08:34:12 +0100: Memory Usage (434924K) : norcx_drw has 0 polygons
2026-03-16 08:34:12 +0100: Memory Usage (435052K) : norcx_m2m3 has 0 polygons
2026-03-16 08:34:12 +0100: Memory Usage (435180K) : norcx_m2m4 has 0 polygons
2026-03-16 08:34:12 +0100: Memory Usage (435308K) : norcx_m2m5 has 0 polygons
2026-03-16 08:34:12 +0100: Memory Usage (435308K) : norcx_m2tm1 has 0 polygons
2026-03-16 08:34:12 +0100: Memory Usage (435308K) : norcx_m2tm2 has 0 polygons
2026-03-16 08:34:12 +0100: Memory Usage (435308K) : norcx_m3m4 has 0 polygons
2026-03-16 08:34:12 +0100: Memory Usage (435308K) : norcx_m3m5 has 0 polygons
2026-03-16 08:34:12 +0100: Memory Usage (435308K) : norcx_m3tm1 has 0 polygons
2026-03-16 08:34:12 +0100: Memory Usage (435308K) : norcx_m3tm2 has 0 polygons
2026-03-16 08:34:12 +0100: Memory Usage (435308K) : norcx_m4m5 has 0 polygons
2026-03-16 08:34:12 +0100: Memory Usage (435308K) : norcx_m4tm1 has 0 polygons
2026-03-16 08:34:12 +0100: Memory Usage (435308K) : norcx_m4tm2 has 0 polygons
2026-03-16 08:34:12 +0100: Memory Usage (435308K) : norcx_m5tm1 has 0 polygons
2026-03-16 08:34:12 +0100: Memory Usage (435308K) : norcx_m5tm2 has 0 polygons
2026-03-16 08:34:12 +0100: Memory Usage (435308K) : norcx_tm1tm2 has 0 polygons
2026-03-16 08:34:12 +0100: Memory Usage (435308K) : norcx_m1sub has 0 polygons
2026-03-16 08:34:12 +0100: Memory Usage (435308K) : norcx_m2sub has 0 polygons
2026-03-16 08:34:12 +0100: Memory Usage (435308K) : norcx_m3sub has 0 polygons
2026-03-16 08:34:12 +0100: Memory Usage (435308K) : norcx_m4sub has 0 polygons
2026-03-16 08:34:12 +0100: Memory Usage (435308K) : norcx_m5sub has 0 polygons
2026-03-16 08:34:12 +0100: Memory Usage (435308K) : norcx_tm1sub has 0 polygons
2026-03-16 08:34:12 +0100: Memory Usage (435308K) : norcx_tm2sub has 0 polygons
2026-03-16 08:34:12 +0100: Memory Usage (435308K) : snsbotvia_drw has 0 polygons
2026-03-16 08:34:12 +0100: Memory Usage (435308K) : snstopvia_drw has 0 polygons
2026-03-16 08:34:12 +0100: Memory Usage (435308K) : deepvia_drw has 0 polygons
2026-03-16 08:34:12 +0100: Memory Usage (435308K) : fgetch_drw has 0 polygons
2026-03-16 08:34:12 +0100: Memory Usage (435308K) : ctrgat_drw has 0 polygons
2026-03-16 08:34:12 +0100: Memory Usage (435308K) : fgimp_drw has 0 polygons
2026-03-16 08:34:12 +0100: Memory Usage (435308K) : emwihv_drw has 0 polygons
2026-03-16 08:34:12 +0100: Memory Usage (435308K) : lbe_drw has 0 polygons
2026-03-16 08:34:12 +0100: Memory Usage (435308K) : alcustop_drw has 0 polygons
2026-03-16 08:34:12 +0100: Memory Usage (435308K) : nometfiller_drw has 0 polygons
2026-03-16 08:34:12 +0100: Memory Usage (435308K) : prboundary_drw has 0 polygons
2026-03-16 08:34:12 +0100: Memory Usage (435308K) : exchange0_drw has 0 polygons
2026-03-16 08:34:12 +0100: Memory Usage (435308K) : exchange0_pin has 0 polygons
2026-03-16 08:34:12 +0100: Memory Usage (435308K) : exchange0_text has 0 polygons
2026-03-16 08:34:12 +0100: Memory Usage (435308K) : exchange1_drw has 0 polygons
2026-03-16 08:34:12 +0100: Memory Usage (435308K) : exchange1_pin has 0 polygons
2026-03-16 08:34:12 +0100: Memory Usage (435308K) : exchange1_text has 0 polygons
2026-03-16 08:34:12 +0100: Memory Usage (435308K) : exchange2_drw has 0 polygons
2026-03-16 08:34:12 +0100: Memory Usage (435308K) : exchange2_pin has 0 polygons
2026-03-16 08:34:12 +0100: Memory Usage (435308K) : exchange2_text has 0 polygons
2026-03-16 08:34:12 +0100: Memory Usage (435308K) : exchange3_drw has 0 polygons
2026-03-16 08:34:12 +0100: Memory Usage (435308K) : exchange3_pin has 0 polygons
2026-03-16 08:34:12 +0100: Memory Usage (435308K) : exchange3_text has 0 polygons
2026-03-16 08:34:12 +0100: Memory Usage (435308K) : exchange4_drw has 0 polygons
2026-03-16 08:34:12 +0100: Memory Usage (435308K) : exchange4_pin has 0 polygons
2026-03-16 08:34:12 +0100: Memory Usage (435308K) : exchange4_text has 0 polygons
2026-03-16 08:34:12 +0100: Memory Usage (435308K) : isonwell_drw has 0 polygons
2026-03-16 08:34:12 +0100: Memory Usage (435308K) : Total no. of polygons in the design is 52400
2026-03-16 08:34:12 +0100: Memory Usage (435308K) : Loaded TECH DRC rules values from /home/cmaier/.ciel/ciel/ihp-sg13g2/versions/c4b8b4e5e7a05f375cca3815d51b3a37721fbf5c/ihp-sg13g2/libs.tech/klayout/python/sg13g2_pycell_lib/sg13g2_tech_mod.json
2026-03-16 08:34:12 +0100: Memory Usage (435308K) : Loaded default DRC rules values from /home/cmaier/.ciel/ciel/ihp-sg13g2/versions/c4b8b4e5e7a05f375cca3815d51b3a37721fbf5c/ihp-sg13g2/libs.tech/klayout/tech/drc/rule_decks/sg13g2_tech_default.json
2026-03-16 08:34:12 +0100: Memory Usage (435308K) : The following rules values were missing in tech json and default values were used:
2026-03-16 08:34:12 +0100: Memory Usage (435308K) :   - Cnt_c_digibnd
2026-03-16 08:34:12 +0100: Memory Usage (435948K) : Total area of the design is 8146.593 um^2.
2026-03-16 08:34:12 +0100: Memory Usage (435948K) : The design dimensions are 308.7 µm * 26.39 µm.
2026-03-16 08:34:12 +0100: Memory Usage (435948K) : Starting general IHP-SG13G2 derivations.
2026-03-16 08:34:12 +0100: Memory Usage (435948K) : Starting Pwell derivations
2026-03-16 08:34:12 +0100: Memory Usage (437552K) : Starting n-Activ derivations
2026-03-16 08:34:12 +0100: Memory Usage (437736K) : Starting p-Activ derivations
2026-03-16 08:34:12 +0100: Memory Usage (437736K) : Starting ptap derivations
2026-03-16 08:34:13 +0100: Memory Usage (437864K) : Starting ntap derivations
2026-03-16 08:34:13 +0100: Memory Usage (437864K) : Starting pact FET derivations
2026-03-16 08:34:13 +0100: Memory Usage (437864K) : Starting nact FET derivations
2026-03-16 08:34:13 +0100: Memory Usage (437864K) : Starting Gate derivations
2026-03-16 08:34:13 +0100: Memory Usage (437864K) : Starting cont/contbar general derivations
2026-03-16 08:34:13 +0100: Memory Usage (437864K) : Starting pad general derivations
2026-03-16 08:34:13 +0100: Memory Usage (437864K) : Starting IHP-SG13G2 DRC connectivity related derivations.
2026-03-16 08:34:13 +0100: Memory Usage (437864K) : Starting IHP-SG13G2 DRC connectivity setup
2026-03-16 08:34:13 +0100: Memory Usage (438120K) : Starting IHP-SG13G2 DRC rules.
2026-03-16 08:34:13 +0100: Memory Usage (438120K) : Running all FEOL rules
2026-03-16 08:34:13 +0100: Memory Usage (438120K) : Running all BEOL rules
2026-03-16 08:34:13 +0100: Memory Usage (438120K) : Running all PIN rules
2026-03-16 08:34:13 +0100: Memory Usage (438120K) : Running all FORBIDDEN rules
2026-03-16 08:34:13 +0100: Memory Usage (438120K) : Starting 5.1 NWell table
2026-03-16 08:34:13 +0100: Memory Usage (438120K) : Executing rule NW.b
2026-03-16 08:34:13 +0100: Memory Usage (439712K) : Executing rule NW.b1
2026-03-16 08:34:13 +0100: Memory Usage (439712K) : Starting 5.2 PWell:block
2026-03-16 08:34:13 +0100: Memory Usage (439712K) : Executing rule PWB.e
2026-03-16 08:34:13 +0100: Memory Usage (439712K) : Executing rule PWB.e1
2026-03-16 08:34:13 +0100: Memory Usage (439712K) : Executing rule PWB.f
2026-03-16 08:34:13 +0100: Memory Usage (439712K) : Executing rule PWB.f1
2026-03-16 08:34:13 +0100: Memory Usage (439712K) : Starting 5.3 nBuLay table
2026-03-16 08:34:13 +0100: Memory Usage (439712K) : Executing rule NBL.b
2026-03-16 08:34:13 +0100: Memory Usage (439712K) : Executing rule NBL.c
2026-03-16 08:34:13 +0100: Memory Usage (439712K) : Executing rule NBL.d
2026-03-16 08:34:13 +0100: Memory Usage (439712K) : Executing rule NBL.e
2026-03-16 08:34:13 +0100: Memory Usage (439712K) : Executing rule NBL.f
2026-03-16 08:34:13 +0100: Memory Usage (439712K) : Starting 5.5. Activ table
2026-03-16 08:34:13 +0100: Memory Usage (439712K) : Executing rule Act.a
2026-03-16 08:34:13 +0100: Memory Usage (439712K) : Executing rule Act.b
2026-03-16 08:34:13 +0100: Memory Usage (439848K) : Starting 5.6 Activ:filler table
2026-03-16 08:34:13 +0100: Memory Usage (439848K) : Executing rule AFil.c1
2026-03-16 08:34:13 +0100: Memory Usage (439848K) : Executing rule AFil.c
2026-03-16 08:34:13 +0100: Memory Usage (439848K) : Executing rule AFil.d
2026-03-16 08:34:13 +0100: Memory Usage (439848K) : Executing rule AFil.e
2026-03-16 08:34:13 +0100: Memory Usage (439848K) : Executing rule AFil.j
2026-03-16 08:34:13 +0100: Memory Usage (439848K) : Starting 5.7. ThickGateOx table
2026-03-16 08:34:13 +0100: Memory Usage (439848K) : Executing rule TGO.f
2026-03-16 08:34:13 +0100: Memory Usage (439848K) : Starting 5.8. GatPoly table
2026-03-16 08:34:13 +0100: Memory Usage (439848K) : Executing rule Gat.a
2026-03-16 08:34:13 +0100: Memory Usage (439848K) : Executing rule Gat.b
2026-03-16 08:34:13 +0100: Memory Usage (439848K) : Executing rule Gat.d
2026-03-16 08:34:13 +0100: Memory Usage (439848K) : Executing rule Gat.a1
2026-03-16 08:34:13 +0100: Memory Usage (440632K) : Executing rule Gat.a2
2026-03-16 08:34:13 +0100: Memory Usage (440632K) : Executing rule Gat.g
2026-03-16 08:34:13 +0100: Memory Usage (440632K) : Starting 5.9 GatPoly:filler
2026-03-16 08:34:13 +0100: Memory Usage (440632K) : Executing rule GFil.d
2026-03-16 08:34:13 +0100: Memory Usage (440632K) : Executing rule GFil.e
2026-03-16 08:34:13 +0100: Memory Usage (440632K) : Executing rule GFil.i
2026-03-16 08:34:13 +0100: Memory Usage (440632K) : Starting 5.10 pSD table
2026-03-16 08:34:13 +0100: Memory Usage (440632K) : Executing rule pSD.c1
2026-03-16 08:34:13 +0100: Memory Usage (440632K) : Starting 5.14. Cont table
2026-03-16 08:34:13 +0100: Memory Usage (440632K) : Executing rule Cnt.a
2026-03-16 08:34:13 +0100: Memory Usage (440632K) : Executing rule Cnt.b
2026-03-16 08:34:13 +0100: Memory Usage (440632K) : Executing rule Cnt.c
2026-03-16 08:34:13 +0100: Memory Usage (440632K) : Executing rule Cnt.c
2026-03-16 08:34:13 +0100: Memory Usage (440632K) : Executing rule Cnt.d
2026-03-16 08:34:13 +0100: Memory Usage (440632K) : Executing rule Cnt.e
2026-03-16 08:34:13 +0100: Memory Usage (440632K) : Executing rule Cnt.g1
2026-03-16 08:34:13 +0100: Memory Usage (440632K) : Executing rule Cnt.g2
2026-03-16 08:34:13 +0100: Memory Usage (440632K) : Starting 5.15. ContBar table
2026-03-16 08:34:13 +0100: Memory Usage (440632K) : Executing rule CntB.b1
2026-03-16 08:34:13 +0100: Memory Usage (440632K) : Executing rule CntB.h1
2026-03-16 08:34:13 +0100: Memory Usage (440632K) : Starting 6.1.3 NPN Substrate-Tie table
2026-03-16 08:34:13 +0100: Memory Usage (440632K) : Executing rule npn13G2.bR 
2026-03-16 08:34:13 +0100: Memory Usage (440632K) : Executing rule npn13G2L.cR 
2026-03-16 08:34:13 +0100: Memory Usage (440632K) : Executing rule npn13G2V.cR 
2026-03-16 08:34:13 +0100: Memory Usage (440632K) : Starting 6.7 Schottky diode table
2026-03-16 08:34:13 +0100: Memory Usage (440632K) : Executing rule Sdiod.d
2026-03-16 08:34:13 +0100: Memory Usage (440632K) : Executing rule Sdiod.e
2026-03-16 08:34:13 +0100: Memory Usage (440632K) : Starting 7.2 Latch-up table
2026-03-16 08:34:13 +0100: Memory Usage (440632K) : Executing rule LU.b
2026-03-16 08:34:13 +0100: Memory Usage (440632K) : Starting 5.16. Metal1 table
2026-03-16 08:34:13 +0100: Memory Usage (440632K) : Executing rule M1.a
2026-03-16 08:34:13 +0100: Memory Usage (440632K) : Executing rule M1.b
2026-03-16 08:34:14 +0100: Memory Usage (440760K) : Executing rule M1.e
2026-03-16 08:34:14 +0100: Memory Usage (440760K) : Executing rule M1.f
2026-03-16 08:34:14 +0100: Memory Usage (440760K) : Executing rule M1.g
2026-03-16 08:34:14 +0100: Memory Usage (440760K) : Executing rule M1.i
2026-03-16 08:34:14 +0100: Memory Usage (440760K) : Starting 5.17 Metaln table
2026-03-16 08:34:14 +0100: Memory Usage (440760K) : Executing rule M2.a
2026-03-16 08:34:14 +0100: Memory Usage (440760K) : Executing rule M2.b
2026-03-16 08:34:14 +0100: Memory Usage (440760K) : Executing rule M2.e
2026-03-16 08:34:14 +0100: Memory Usage (440760K) : Executing rule M2.f
2026-03-16 08:34:14 +0100: Memory Usage (440760K) : Executing rule M2.g
2026-03-16 08:34:14 +0100: Memory Usage (440760K) : Executing rule M2.i
2026-03-16 08:34:14 +0100: Memory Usage (440760K) : Executing rule M3.a
2026-03-16 08:34:14 +0100: Memory Usage (440760K) : Executing rule M3.b
2026-03-16 08:34:14 +0100: Memory Usage (440760K) : Executing rule M3.e
2026-03-16 08:34:14 +0100: Memory Usage (440760K) : Executing rule M3.f
2026-03-16 08:34:14 +0100: Memory Usage (440760K) : Executing rule M3.g
2026-03-16 08:34:14 +0100: Memory Usage (440760K) : Executing rule M3.i
2026-03-16 08:34:14 +0100: Memory Usage (440760K) : Executing rule M4.a
2026-03-16 08:34:14 +0100: Memory Usage (440760K) : Executing rule M4.b
2026-03-16 08:34:14 +0100: Memory Usage (440760K) : Executing rule M4.e
2026-03-16 08:34:14 +0100: Memory Usage (440760K) : Executing rule M4.f
2026-03-16 08:34:14 +0100: Memory Usage (440760K) : Executing rule M4.g
2026-03-16 08:34:14 +0100: Memory Usage (440760K) : Executing rule M4.i
2026-03-16 08:34:14 +0100: Memory Usage (440760K) : Executing rule M5.a
2026-03-16 08:34:14 +0100: Memory Usage (440760K) : Executing rule M5.b
2026-03-16 08:34:14 +0100: Memory Usage (440760K) : Executing rule M5.e
2026-03-16 08:34:14 +0100: Memory Usage (440760K) : Executing rule M5.f
2026-03-16 08:34:14 +0100: Memory Usage (440760K) : Executing rule M5.g
2026-03-16 08:34:14 +0100: Memory Usage (440760K) : Executing rule M5.i
2026-03-16 08:34:14 +0100: Memory Usage (440760K) : Starting 5.18 Metaln:filler table
2026-03-16 08:34:14 +0100: Memory Usage (440760K) : Executing rule M1Fil.c
2026-03-16 08:34:14 +0100: Memory Usage (440760K) : Executing rule M1Fil.a2
2026-03-16 08:34:14 +0100: Memory Usage (440760K) : Executing rule M2Fil.c
2026-03-16 08:34:14 +0100: Memory Usage (440760K) : Executing rule M2Fil.a2
2026-03-16 08:34:14 +0100: Memory Usage (440760K) : Executing rule M3Fil.c
2026-03-16 08:34:14 +0100: Memory Usage (440760K) : Executing rule M3Fil.a2
2026-03-16 08:34:14 +0100: Memory Usage (440760K) : Executing rule M4Fil.c
2026-03-16 08:34:14 +0100: Memory Usage (440760K) : Executing rule M4Fil.a2
2026-03-16 08:34:14 +0100: Memory Usage (440760K) : Executing rule M5Fil.c
2026-03-16 08:34:14 +0100: Memory Usage (440888K) : Executing rule M5Fil.a2
2026-03-16 08:34:14 +0100: Memory Usage (441144K) : Starting 5.19. Via1 table
2026-03-16 08:34:14 +0100: Memory Usage (441144K) : Starting 5.19. Via1 table derivations
2026-03-16 08:34:14 +0100: Memory Usage (441144K) : Executing rule V1.a
2026-03-16 08:34:14 +0100: Memory Usage (441400K) : Executing rule V1.b
2026-03-16 08:34:14 +0100: Memory Usage (441528K) : Executing rule V1.c
2026-03-16 08:34:14 +0100: Memory Usage (441656K) : Starting 5.20. Vian table
2026-03-16 08:34:14 +0100: Memory Usage (441656K) : Executing rule V2.a
2026-03-16 08:34:14 +0100: Memory Usage (442040K) : Executing rule V2.b
2026-03-16 08:34:14 +0100: Memory Usage (442168K) : Executing rule V2.c
2026-03-16 08:34:14 +0100: Memory Usage (442296K) : Executing rule V3.a
2026-03-16 08:34:14 +0100: Memory Usage (442296K) : Executing rule V3.b
2026-03-16 08:34:14 +0100: Memory Usage (442296K) : Executing rule V3.c
2026-03-16 08:34:14 +0100: Memory Usage (442296K) : Executing rule V4.a
2026-03-16 08:34:14 +0100: Memory Usage (442296K) : Executing rule V4.b
2026-03-16 08:34:14 +0100: Memory Usage (442296K) : Executing rule V4.c
2026-03-16 08:34:14 +0100: Memory Usage (442296K) : Starting 5.21. TopVia1 table
2026-03-16 08:34:14 +0100: Memory Usage (442296K) : Executing rule TV1.a
2026-03-16 08:34:14 +0100: Memory Usage (442296K) : Executing rule TV1.b
2026-03-16 08:34:14 +0100: Memory Usage (442296K) : Executing rule TV1.c
2026-03-16 08:34:14 +0100: Memory Usage (442296K) : Executing rule TV1.d
2026-03-16 08:34:14 +0100: Memory Usage (442296K) : Starting 5.22. TopMetal1 table
2026-03-16 08:34:14 +0100: Memory Usage (442296K) : Executing rule TM1.a
2026-03-16 08:34:14 +0100: Memory Usage (442296K) : Executing rule TM1.b
2026-03-16 08:34:14 +0100: Memory Usage (442296K) : Starting 5.23 TopMetal1:filler table
2026-03-16 08:34:14 +0100: Memory Usage (442296K) : Executing rule TM1Fil.c
2026-03-16 08:34:14 +0100: Memory Usage (442296K) : Executing rule TM1Fil.a1
2026-03-16 08:34:14 +0100: Memory Usage (442296K) : Starting 5.24. TopVia2 table
2026-03-16 08:34:14 +0100: Memory Usage (442296K) : Executing rule TV2.a
2026-03-16 08:34:14 +0100: Memory Usage (442296K) : Executing rule TV2.b
2026-03-16 08:34:14 +0100: Memory Usage (442296K) : Executing rule TV2.c
2026-03-16 08:34:14 +0100: Memory Usage (442296K) : Executing rule TV2.d
2026-03-16 08:34:14 +0100: Memory Usage (442296K) : Starting 5.25. TopMetal2 table
2026-03-16 08:34:14 +0100: Memory Usage (442296K) : Executing rule TM2.a
2026-03-16 08:34:14 +0100: Memory Usage (442296K) : Executing rule TM2.b
2026-03-16 08:34:14 +0100: Memory Usage (442296K) : Executing rule TM2.bR
2026-03-16 08:34:14 +0100: Memory Usage (442296K) : Starting 5.26 TopMetal2:filler table
2026-03-16 08:34:14 +0100: Memory Usage (442296K) : Executing rule TM2Fil.c
2026-03-16 08:34:14 +0100: Memory Usage (442296K) : Executing rule TM2Fil.a1
2026-03-16 08:34:14 +0100: Memory Usage (442296K) : Starting 5.27. Passiv table
2026-03-16 08:34:14 +0100: Memory Usage (442296K) : Executing rule Pas.a
2026-03-16 08:34:14 +0100: Memory Usage (442296K) : Executing rule Pas.b
2026-03-16 08:34:14 +0100: Memory Usage (442296K) : Executing rule Pas.c
2026-03-16 08:34:14 +0100: Memory Usage (442296K) : Starting 6.9.2 Copper Pillar table
2026-03-16 08:34:14 +0100: Memory Usage (442296K) : Executing rule Padc.a
2026-03-16 08:34:14 +0100: Memory Usage (442296K) : Executing rule Padc.b
2026-03-16 08:34:14 +0100: Memory Usage (442296K) : Executing rule Padc.c
2026-03-16 08:34:14 +0100: Memory Usage (442296K) : Executing rule Padb.f
2026-03-16 08:34:14 +0100: Memory Usage (442296K) : Starting 6.9 Pad table
2026-03-16 08:34:14 +0100: Memory Usage (442296K) : Executing rule Pad.m
2026-03-16 08:34:14 +0100: Memory Usage (442296K) : Executing rule Pad.fR_M1
2026-03-16 08:34:14 +0100: Memory Usage (442296K) : Executing rule Pad.fR_M2
2026-03-16 08:34:14 +0100: Memory Usage (442296K) : Executing rule Pad.fR_M3
2026-03-16 08:34:14 +0100: Memory Usage (442296K) : Executing rule Pad.fR_M4
2026-03-16 08:34:14 +0100: Memory Usage (442296K) : Executing rule Pad.fR_M5
2026-03-16 08:34:14 +0100: Memory Usage (442296K) : Executing rule Pad.fR_TM1
2026-03-16 08:34:14 +0100: Memory Usage (442296K) : Executing rule Pad.fR_TM2
2026-03-16 08:34:14 +0100: Memory Usage (442296K) : Executing rule Pad.i
2026-03-16 08:34:14 +0100: Memory Usage (442296K) : Starting 6.9.1 Solder Bump
2026-03-16 08:34:14 +0100: Memory Usage (442296K) : Executing rule Padb.a
2026-03-16 08:34:14 +0100: Memory Usage (442424K) : Executing rule Padb.b
2026-03-16 08:34:14 +0100: Memory Usage (442424K) : Executing rule Padb.c
2026-03-16 08:34:14 +0100: Memory Usage (442552K) : Executing rule Padb.f
2026-03-16 08:34:14 +0100: Memory Usage (443704K) : Executing rule Padb.d
2026-03-16 08:34:14 +0100: Memory Usage (443832K) : Starting 6.10 Sealring table
2026-03-16 08:34:14 +0100: Memory Usage (443832K) : Executing rule Seal.l
2026-03-16 08:34:14 +0100: Memory Usage (443832K) : Executing rule Seal.n
2026-03-16 08:34:14 +0100: Memory Usage (444088K) : Executing rule seal.b_metal1
2026-03-16 08:34:14 +0100: Memory Usage (444344K) : Executing rule seal.b_metal2
2026-03-16 08:34:14 +0100: Memory Usage (444600K) : Executing rule seal.b_metal3
2026-03-16 08:34:15 +0100: Memory Usage (444856K) : Executing rule seal.b_metal4
2026-03-16 08:34:15 +0100: Memory Usage (444984K) : Executing rule seal.b_metal5
2026-03-16 08:34:15 +0100: Memory Usage (445240K) : Executing rule seal.b_topmetal1
2026-03-16 08:34:15 +0100: Memory Usage (445496K) : Executing rule seal.b_topmetal2
2026-03-16 08:34:15 +0100: Memory Usage (445752K) : Executing rule seal.b_activ
2026-03-16 08:34:15 +0100: Memory Usage (446008K) : Executing rule seal.b_psd
2026-03-16 08:34:15 +0100: Memory Usage (446136K) : Executing rule Seal.k
2026-03-16 08:34:15 +0100: Memory Usage (446392K) : Executing rule Seal.m
2026-03-16 08:34:15 +0100: Memory Usage (446648K) : Starting 6.11 MIM table
2026-03-16 08:34:15 +0100: Memory Usage (446648K) : Executing rule MIM.c
2026-03-16 08:34:15 +0100: Memory Usage (446904K) : Executing rule MIM.d
2026-03-16 08:34:15 +0100: Memory Usage (447032K) : Executing rule MIM.gR
2026-03-16 08:34:15 +0100: Memory Usage (447160K) : Starting 7.3 Metal Slits table
2026-03-16 08:34:15 +0100: Memory Usage (447160K) : Executing rule Slt.e1_M1
2026-03-16 08:34:15 +0100: Memory Usage (447288K) : Executing rule Slt.e1_M2
2026-03-16 08:34:15 +0100: Memory Usage (447416K) : Executing rule Slt.e1_M3
2026-03-16 08:34:15 +0100: Memory Usage (447544K) : Executing rule Slt.e1_M4
2026-03-16 08:34:15 +0100: Memory Usage (447800K) : Executing rule Slt.e1_M5
2026-03-16 08:34:15 +0100: Memory Usage (447928K) : Executing rule Slt.e1_TM1
2026-03-16 08:34:15 +0100: Memory Usage (448056K) : Executing rule Slt.e1_TM2
2026-03-16 08:34:15 +0100: Memory Usage (448184K) : Starting 9.1. LBE table
2026-03-16 08:34:15 +0100: Memory Usage (448312K) : Executing rule LBE.a
2026-03-16 08:34:15 +0100: Memory Usage (448440K) : Executing rule LBE.b
2026-03-16 08:34:15 +0100: Memory Usage (448568K) : Executing rule LBE.b1
2026-03-16 08:34:15 +0100: Memory Usage (448696K) : Executing rule LBE.c
2026-03-16 08:34:15 +0100: Memory Usage (448824K) : Executing rule LBE.d
2026-03-16 08:34:15 +0100: Memory Usage (448952K) : Executing rule LBE.h
2026-03-16 08:34:15 +0100: Memory Usage (449208K) : Starting 7.4. PIN table
2026-03-16 08:34:15 +0100: Memory Usage (449208K) : Executing rule Pin.a
2026-03-16 08:34:15 +0100: Memory Usage (449336K) : Executing rule Pin.b
2026-03-16 08:34:15 +0100: Memory Usage (449592K) : Executing rule Pin.e
2026-03-16 08:34:15 +0100: Memory Usage (449592K) : Executing rule Pin.f_M2
2026-03-16 08:34:15 +0100: Memory Usage (449592K) : Executing rule Pin.f_M3
2026-03-16 08:34:15 +0100: Memory Usage (449592K) : Executing rule Pin.f_M4
2026-03-16 08:34:15 +0100: Memory Usage (449592K) : Executing rule Pin.f_M5
2026-03-16 08:34:15 +0100: Memory Usage (449592K) : Executing rule Pin.g
2026-03-16 08:34:15 +0100: Memory Usage (449592K) : Executing rule Pin.h
2026-03-16 08:34:15 +0100: Memory Usage (449592K) : Starting 3.2. FORBIDDEN table
2026-03-16 08:34:15 +0100: Memory Usage (449592K) : Executing rule forbidden.biwind
2026-03-16 08:34:15 +0100: Memory Usage (449592K) : Executing rule forbidden.pemwind
2026-03-16 08:34:15 +0100: Memory Usage (449592K) : Executing rule forbidden.baspoly
2026-03-16 08:34:15 +0100: Memory Usage (449592K) : Executing rule forbidden.deepco
2026-03-16 08:34:15 +0100: Memory Usage (449592K) : Executing rule forbidden.pempoly
2026-03-16 08:34:15 +0100: Memory Usage (449592K) : Executing rule forbidden.empoly
2026-03-16 08:34:15 +0100: Memory Usage (449592K) : Executing rule forbidden.ldmos
2026-03-16 08:34:15 +0100: Memory Usage (449592K) : Executing rule forbidden.pbiwind
2026-03-16 08:34:15 +0100: Memory Usage (449592K) : Executing rule forbidden.nodrc
2026-03-16 08:34:15 +0100: Memory Usage (449592K) : Executing rule forbidden.flash
2026-03-16 08:34:15 +0100: Memory Usage (449592K) : Executing rule forbidden.colwind
2026-03-16 08:34:15 +0100: Memory Usage (449592K) : KLayout DRC run for tables 'main' completed in 2.55 seconds
